[2025-09-04 17:30:22] [SUCCESS] Invoice WT 25-09-0009 sent to rms_admin@tanholdings.com
[2025-09-04 17:30:17] [SENDING] Invoice WT 25-09-0009 to rms_admin@tanholdings.com
[2025-09-04 17:30:17] [SUCCESS] Invoice WT 25-09-0001 sent to rms_admin@tanholdings.com
[2025-09-04 17:30:12] [SENDING] Invoice WT 25-09-0001 to rms_admin@tanholdings.com
[2025-09-04 17:30:12] [SUCCESS] Invoice SVT 25-09-0022 sent to rms_admin@tanholdings.com
[2025-09-04 17:30:08] [SENDING] Invoice SVT 25-09-0022 to rms_admin@tanholdings.com
[2025-09-04 17:30:08] [SUCCESS] Invoice SVT 25-09-0018 sent to rms_admin@tanholdings.com
[2025-09-04 17:30:04] [SENDING] Invoice SVT 25-09-0018 to rms_admin@tanholdings.com
[2025-09-04 17:30:04] [SUCCESS] Invoice OVT 25-09-0004 sent to rms_admin@tanholdings.com
[2025-09-04 17:30:00] [SENDING] Invoice OVT 25-09-0004 to rms_admin@tanholdings.com
[2025-09-04 17:29:59] [SUCCESS] Invoice LNH 25-09-0013 sent to rms_admin@tanholdings.com
[2025-09-04 17:29:55] [SENDING] Invoice LNH 25-09-0013 to rms_admin@tanholdings.com
[2025-09-04 17:29:55] [SUCCESS] Invoice LNH 25-09-0008 sent to rms_admin@tanholdings.com
[2025-09-04 17:29:51] [SENDING] Invoice LNH 25-09-0008 to rms_admin@tanholdings.com
[2025-09-04 17:29:51] [SUCCESS] Invoice LNH 25-09-0003 sent to rms_admin@tanholdings.com
[2025-09-04 17:29:46] [SENDING] Invoice LNH 25-09-0003 to rms_admin@tanholdings.com
[2025-09-04 17:29:46] [SUCCESS] Invoice JPC 25-09-0009 sent to rms_admin@tanholdings.com
[2025-09-04 17:29:42] [SENDING] Invoice JPC 25-09-0009 to rms_admin@tanholdings.com
[2025-09-04 17:29:42] [SUCCESS] Invoice GC B 25-09-0015 sent to rms_admin@tanholdings.com
[2025-09-04 17:29:37] [SENDING] Invoice GC B 25-09-0015 to rms_admin@tanholdings.com
[2025-09-04 17:29:36] [SUCCESS] Invoice GC B 25-09-0014 sent to rms_admin@tanholdings.com
[2025-09-04 17:29:32] [SENDING] Invoice GC B 25-09-0014 to rms_admin@tanholdings.com
[2025-09-04 17:29:32] [SUCCESS] Invoice GC B 25-09-0013 sent to rms_admin@tanholdings.com
[2025-09-04 17:29:28] [SENDING] Invoice GC B 25-09-0013 to rms_admin@tanholdings.com
[2025-09-04 17:29:28] [SUCCESS] Invoice GC B 25-09-0010 sent to rms_admin@tanholdings.com
[2025-09-04 17:29:24] [SENDING] Invoice GC B 25-09-0010 to rms_admin@tanholdings.com
[2025-09-04 17:29:24] [SUCCESS] Invoice GC B 25-09-0008 sent to rms_admin@tanholdings.com
[2025-09-04 17:29:19] [SENDING] Invoice GC B 25-09-0008 to rms_admin@tanholdings.com
[2025-09-04 17:29:19] [SUCCESS] Invoice GC B 25-09-0006 sent to rms_admin@tanholdings.com
[2025-09-04 17:29:14] [SENDING] Invoice GC B 25-09-0006 to rms_admin@tanholdings.com
[2025-09-04 17:29:13] [SUCCESS] Invoice GC A 25-09-0015 sent to rms_admin@tanholdings.com
[2025-09-04 17:29:09] [SENDING] Invoice GC A 25-09-0015 to rms_admin@tanholdings.com
[2025-09-04 17:29:09] [SUCCESS] Invoice GC A 25-09-0013 sent to rms_admin@tanholdings.com
[2025-09-04 17:29:05] [SENDING] Invoice GC A 25-09-0013 to rms_admin@tanholdings.com
[2025-09-04 17:29:05] [SUCCESS] Invoice GC A 25-09-0007 sent to rms_admin@tanholdings.com
[2025-09-04 17:29:01] [SENDING] Invoice GC A 25-09-0007 to rms_admin@tanholdings.com
[2025-09-04 17:29:01] [SUCCESS] Invoice GC A 25-09-0001 sent to rms_admin@tanholdings.com
[2025-09-04 17:28:57] [SENDING] Invoice GC A 25-09-0001 to rms_admin@tanholdings.com
[2025-09-04 17:28:57] [SUCCESS] Invoice FT D 25-09-0016 sent to rms_admin@tanholdings.com
[2025-09-04 17:28:53] [SENDING] Invoice FT D 25-09-0016 to rms_admin@tanholdings.com
[2025-09-04 17:28:52] [SUCCESS] Invoice FT D 25-09-0007 sent to rms_admin@tanholdings.com
[2025-09-04 17:28:49] [SENDING] Invoice FT D 25-09-0007 to rms_admin@tanholdings.com
[2025-09-04 17:28:49] [SUCCESS] Invoice FT D 25-09-0004 sent to rms_admin@tanholdings.com
[2025-09-04 17:28:45] [SENDING] Invoice FT D 25-09-0004 to rms_admin@tanholdings.com
[2025-09-04 17:28:45] [SUCCESS] Invoice FT D 25-09-0002 sent to rms_admin@tanholdings.com
[2025-09-04 17:28:41] [SENDING] Invoice FT D 25-09-0002 to rms_admin@tanholdings.com
[2025-09-04 17:28:41] [SUCCESS] Invoice FT D 25-09-0001 sent to rms_admin@tanholdings.com
[2025-09-04 17:28:37] [SENDING] Invoice FT D 25-09-0001 to rms_admin@tanholdings.com
[2025-09-04 17:28:37] [SUCCESS] Invoice FT C 25-09-0032 sent to rms_admin@tanholdings.com
[2025-09-04 17:28:32] [SENDING] Invoice FT C 25-09-0032 to rms_admin@tanholdings.com
[2025-09-04 17:28:31] [SUCCESS] Invoice FT C 25-09-0029 sent to rms_admin@tanholdings.com
[2025-09-04 17:28:27] [SENDING] Invoice FT C 25-09-0029 to rms_admin@tanholdings.com
[2025-09-04 17:28:27] [SUCCESS] Invoice FT C 25-09-0001 sent to rms_admin@tanholdings.com
[2025-09-04 17:28:23] [SENDING] Invoice FT C 25-09-0001 to rms_admin@tanholdings.com
[2025-09-04 17:28:23] [SUCCESS] Invoice FT B 25-09-0020 sent to exqdingle@gmail.com
[2025-09-04 17:28:19] [SENDING] Invoice FT B 25-09-0020 to exqdingle@gmail.com
[2025-09-04 17:28:19] [SUCCESS] Invoice FT B 25-09-0019 sent to jeremiahf92300@gmail.com
[2025-09-04 17:28:14] [SENDING] Invoice FT B 25-09-0019 to jeremiahf92300@gmail.com
[2025-09-04 17:28:14] [SUCCESS] Invoice FT B 25-09-0018 sent to marie_borlongan@yahoo.com
[2025-09-04 17:28:09] [SENDING] Invoice FT B 25-09-0018 to marie_borlongan@yahoo.com
[2025-09-04 17:28:09] [SUCCESS] Invoice FT B 25-09-0017 sent to ensureta2@gmail.com
[2025-09-04 17:28:04] [SENDING] Invoice FT B 25-09-0017 to ensureta2@gmail.com
[2025-09-04 17:28:04] [SUCCESS] Invoice FT B 25-09-0016 sent to rms_admin@tanholdings.com
[2025-09-04 17:28:01] [SENDING] Invoice FT B 25-09-0016 to rms_admin@tanholdings.com
[2025-09-04 17:28:01] [SUCCESS] Invoice FT B 25-09-0007 sent to rms_admin@tanholdings.com
[2025-09-04 17:27:56] [SENDING] Invoice FT B 25-09-0007 to rms_admin@tanholdings.com
[2025-09-04 17:27:56] [SUCCESS] Invoice FT B 25-09-0006 sent to rms_admin@tanholdings.com
[2025-09-04 17:27:52] [SENDING] Invoice FT B 25-09-0006 to rms_admin@tanholdings.com
[2025-09-04 17:27:52] [SUCCESS] Invoice FT B 25-09-0001 sent to rms_admin@tanholdings.com
[2025-09-04 17:27:48] [SENDING] Invoice FT B 25-09-0001 to rms_admin@tanholdings.com
[2025-09-04 17:27:47] [SUCCESS] Invoice FT A 25-09-0023 sent to rms_admin@tanholdings.com
[2025-09-04 17:27:43] [SENDING] Invoice FT A 25-09-0023 to rms_admin@tanholdings.com
[2025-09-04 17:27:43] [SUCCESS] Invoice FT A 25-09-0019 sent to anabetinan@gmail.com
[2025-09-04 17:27:39] [SENDING] Invoice FT A 25-09-0019 to anabetinan@gmail.com
[2025-09-04 17:27:39] [SUCCESS] Invoice FT A 25-09-0018 sent to ekpalacios24@gmail.com
[2025-09-04 17:27:35] [SENDING] Invoice FT A 25-09-0018 to ekpalacios24@gmail.com
[2025-09-04 17:27:35] [SUCCESS] Invoice FT A 25-09-0017 sent to sevrenec@gmail.com
[2025-09-04 17:27:30] [SENDING] Invoice FT A 25-09-0017 to sevrenec@gmail.com
[2025-09-04 17:27:30] [SUCCESS] Invoice FT A 25-09-0016 sent to rms_admin@tanholdings.com
[2025-09-04 17:27:26] [SENDING] Invoice FT A 25-09-0016 to rms_admin@tanholdings.com
[2025-09-04 17:27:25] [SUCCESS] Invoice FT A 25-09-0015 sent to teresita_blas@yahoo.com
[2025-09-04 17:27:21] [SENDING] Invoice FT A 25-09-0015 to teresita_blas@yahoo.com
[2025-09-04 17:27:21] [SUCCESS] Invoice FT A 25-09-0014 sent to oding970@gmail.com
[2025-09-04 17:27:17] [SENDING] Invoice FT A 25-09-0014 to oding970@gmail.com
[2025-09-04 17:27:17] [SUCCESS] Invoice FT A 25-09-0013 sent to sirrobs69@gmail.com
[2025-09-04 17:27:13] [SENDING] Invoice FT A 25-09-0013 to sirrobs69@gmail.com
[2025-09-04 17:27:13] [SUCCESS] Invoice FT A 25-09-0012 sent to kikabasan@gmail.com
[2025-09-04 17:27:09] [SENDING] Invoice FT A 25-09-0012 to kikabasan@gmail.com
[2025-09-04 17:27:09] [SUCCESS] Invoice FT A 25-09-0011 sent to rms_admin@tanholdings.com
[2025-09-04 17:27:04] [SENDING] Invoice FT A 25-09-0011 to rms_admin@tanholdings.com
[2025-09-04 17:27:04] [SUCCESS] Invoice FT A 25-09-0010 sent to rms_admin@tanholdings.com
[2025-09-04 17:27:00] [SENDING] Invoice FT A 25-09-0010 to rms_admin@tanholdings.com
[2025-09-04 17:27:00] [SUCCESS] Invoice FT A 25-09-0009 sent to jenniemoria@gmail.com
[2025-09-04 17:26:56] [SENDING] Invoice FT A 25-09-0009 to jenniemoria@gmail.com
[2025-09-04 17:26:56] [SUCCESS] Invoice FT A 25-09-0008 sent to saddambatua@gmail.com
[2025-09-04 17:26:51] [SENDING] Invoice FT A 25-09-0008 to saddambatua@gmail.com
[2025-09-04 17:26:51] [SUCCESS] Invoice FT A 25-09-0007 sent to rms_admin@tanholdings.com
[2025-09-04 17:26:48] [SENDING] Invoice FT A 25-09-0007 to rms_admin@tanholdings.com
[2025-09-04 17:26:48] [SUCCESS] Invoice FT A 25-09-0006 sent to markivansapio@gmail.com
[2025-09-04 17:26:43] [SENDING] Invoice FT A 25-09-0006 to markivansapio@gmail.com
[2025-09-04 17:25:38] [SUCCESS] Invoice FT A 25-09-0005 sent to aira.abreu23@gmail.com
[2025-09-04 17:25:33] [SENDING] Invoice FT A 25-09-0005 to aira.abreu23@gmail.com
[2025-09-04 17:25:33] [SUCCESS] Invoice FT A 25-09-0004 sent to evelynalibio68@gmail.com
[2025-09-04 17:25:29] [SENDING] Invoice FT A 25-09-0004 to evelynalibio68@gmail.com
[2025-09-04 17:25:29] [SUCCESS] Invoice FT A 25-09-0002 sent to lietodai@gmail.com
[2025-09-04 17:25:25] [SENDING] Invoice FT A 25-09-0002 to lietodai@gmail.com
[2025-09-04 17:25:25] [SUCCESS] Invoice FT A 25-09-0001 sent to songcoelaiza05@gmail.com
[2025-09-04 17:25:21] [SENDING] Invoice FT A 25-09-0001 to songcoelaiza05@gmail.com
[2025-09-04 17:25:21] [SUCCESS] Invoice CTOWN 25-09-0001 sent to christy_villaflor@saipansoccerschool.org
[2025-09-04 17:25:17] [SENDING] Invoice CTOWN 25-09-0001 to christy_villaflor@saipansoccerschool.org
[2025-09-04 10:49:29] [SUCCESS] Invoice WT 25-09-0023 sent to pzne1@yahoo.com
[2025-09-04 10:49:25] [SENDING] Invoice WT 25-09-0023 to pzne1@yahoo.com
[2025-09-04 10:49:25] [NOTICE] Invoice WT 25-09-0023 Raw email partially sanitized. Original [topzne1@yahoo.com]  Sanitized [pzne1@yahoo.com]
[2025-09-04 10:49:25] [SUCCESS] Invoice WT 25-09-0022 sent to david.baker@united.com
[2025-09-04 10:49:20] [SENDING] Invoice WT 25-09-0022 to david.baker@united.com
[2025-09-04 10:49:20] [SUCCESS] Invoice WT 25-09-0021 sent to mvargas@nmifa.com
[2025-09-04 10:49:16] [SENDING] Invoice WT 25-09-0021 to mvargas@nmifa.com
[2025-09-04 10:49:16] [SUCCESS] Invoice WT 25-09-0020 sent to waki711@gmail.com
[2025-09-04 10:49:11] [SENDING] Invoice WT 25-09-0020 to waki711@gmail.com
[2025-09-04 10:49:09] [SUCCESS] Invoice WT 25-09-0019 sent to magie_chavez@saipantribune.com
[2025-09-04 10:49:05] [SENDING] Invoice WT 25-09-0019 to magie_chavez@saipantribune.com
[2025-09-04 10:49:05] [SUCCESS] Invoice WT 25-09-0018 sent to 3876@pm.me
[2025-09-04 10:49:01] [SENDING] Invoice WT 25-09-0018 to 3876@pm.me
[2025-09-04 10:49:01] [SUCCESS] Invoice WT 25-09-0017 sent to kkingnabors@gmail.com
[2025-09-04 10:48:56] [SENDING] Invoice WT 25-09-0017 to kkingnabors@gmail.com
[2025-09-04 10:48:56] [SUCCESS] Invoice WT 25-09-0016 sent to rusellezapanta@nmifa.com;ruselle.zapanta@gmail.com
[2025-09-04 10:48:52] [SENDING] Invoice WT 25-09-0016 to rusellezapanta@nmifa.com, ruselle.zapanta@gmail.com
[2025-09-04 10:48:52] [NOTICE] Invoice WT 25-09-0016 Raw email partially sanitized. Original [rusellezapanta@nmifa.com;ruselle.zapanta@gmail.com]  Sanitized [rusellezapanta@nmifa.com; ruselle.zapanta@gmail.com]
[2025-09-04 10:48:52] [SUCCESS] Invoice WT 25-09-0015 sent to raymond_zapanta@tanholdings.com
[2025-09-04 10:48:48] [SENDING] Invoice WT 25-09-0015 to raymond_zapanta@tanholdings.com
[2025-09-04 10:48:47] [SUCCESS] Invoice WT 25-09-0014 sent to jkkim2@jejuair.net
[2025-09-04 10:48:43] [SENDING] Invoice WT 25-09-0014 to jkkim2@jejuair.net
[2025-09-04 10:48:43] [SUCCESS] Invoice WT 25-09-0013 sent to roselynmonroyo@gmail.com
[2025-09-04 10:48:39] [SENDING] Invoice WT 25-09-0013 to roselynmonroyo@gmail.com
[2025-09-04 10:48:39] [SUCCESS] Invoice WT 25-09-0012 sent to wkppeter@msn.com;wkppeter@pacificgrocers.com
[2025-09-04 10:48:36] [SENDING] Invoice WT 25-09-0012 to wkppeter@msn.com, wkppeter@pacificgrocers.com
[2025-09-04 10:48:36] [SUCCESS] Invoice WT 25-09-0011 sent to mhudkins@pticom.com
[2025-09-04 10:48:31] [SENDING] Invoice WT 25-09-0011 to mhudkins@pticom.com
[2025-09-04 10:48:31] [SUCCESS] Invoice WT 25-09-0010 sent to eabuan1606@gmail.com;elisadp0502@gmail.com
[2025-09-04 10:48:27] [SENDING] Invoice WT 25-09-0010 to eabuan1606@gmail.com, elisadp0502@gmail.com
[2025-09-04 10:48:26] [SUCCESS] Invoice WT 25-09-0009 sent to rms_admin@tanholdings.com
[2025-09-04 10:48:22] [SENDING] Invoice WT 25-09-0009 to rms_admin@tanholdings.com
[2025-09-04 10:48:22] [SUCCESS] Invoice WT 25-09-0008 sent to kevinjahswit@gmail.com
[2025-09-04 10:48:18] [SENDING] Invoice WT 25-09-0008 to kevinjahswit@gmail.com
[2025-09-04 10:48:18] [SUCCESS] Invoice WT 25-09-0007 sent to geri@itecnmi.com
[2025-09-04 10:48:14] [SENDING] Invoice WT 25-09-0007 to geri@itecnmi.com
[2025-09-04 10:48:14] [SUCCESS] Invoice WT 25-09-0006 sent to msablan@triplejguam.com
[2025-09-04 10:48:10] [SENDING] Invoice WT 25-09-0006 to msablan@triplejguam.com
[2025-09-04 10:48:10] [SUCCESS] Invoice WT 25-09-0005 sent to sac4.hi2yoh3.spn@gmail.com
[2025-09-04 10:48:06] [SENDING] Invoice WT 25-09-0005 to sac4.hi2yoh3.spn@gmail.com
[2025-09-04 10:48:05] [SUCCESS] Invoice WT 25-09-0004 sent to senatorfqcruz@gmail.com
[2025-09-04 10:48:00] [SENDING] Invoice WT 25-09-0004 to senatorfqcruz@gmail.com
[2025-09-04 10:48:00] [SUCCESS] Invoice WT 25-09-0003 sent to phsannicolas.sn5@gmail.com
[2025-09-04 10:47:55] [SENDING] Invoice WT 25-09-0003 to phsannicolas.sn5@gmail.com
[2025-09-04 10:47:55] [SUCCESS] Invoice WT 25-09-0002 sent to merlie_tolentino@tanholdings.com
[2025-09-04 10:47:51] [SENDING] Invoice WT 25-09-0002 to merlie_tolentino@tanholdings.com
[2025-09-04 10:47:51] [SUCCESS] Invoice WT 25-09-0001 sent to rms_admin@tanholdings.com
[2025-09-04 10:47:46] [SENDING] Invoice WT 25-09-0001 to rms_admin@tanholdings.com
[2025-09-04 10:47:46] [SUCCESS] Invoice TSL 25-09-0010 sent to ferdinand_santos@tanholdings.com
[2025-09-04 10:47:42] [SENDING] Invoice TSL 25-09-0010 to ferdinand_santos@tanholdings.com
[2025-09-04 10:47:41] [SUCCESS] Invoice TSL 25-09-0009 sent to asm24@sbcglobal.net;nlimbo.dds@gmail.com;accounting@mdcsaipan.com
[2025-09-04 10:47:36] [SENDING] Invoice TSL 25-09-0009 to asm24@sbcglobal.net, nlimbo.dds@gmail.com, accounting@mdcsaipan.com
[2025-09-04 10:47:36] [NOTICE] Invoice TSL 25-09-0009 Raw email partially sanitized. Original [asm24@sbcglobal.net, nlimbo.dds@gmail.comCC  (accounting@mdcsaipan.com)]  Sanitized [asm24@sbcglobal.net; nlimbo.dds@gmail.com; accounting@mdcsaipan.com]
[2025-09-04 10:47:36] [SUCCESS] Invoice TSL 25-09-0008 sent to PAEinbox@am.jll.com;RealEstate@amentum.com
[2025-09-04 10:47:32] [SENDING] Invoice TSL 25-09-0008 to PAEinbox@am.jll.com, RealEstate@amentum.com
[2025-09-04 10:47:32] [SUCCESS] Invoice TSL 25-09-0007 sent to Yvonne.Pangelinan@ASCTrust.com;angelli.garcia@asctrust.com
[2025-09-04 10:47:27] [SENDING] Invoice TSL 25-09-0007 to Yvonne.Pangelinan@ASCTrust.com, angelli.garcia@asctrust.com
[2025-09-04 10:47:27] [SUCCESS] Invoice TSL 25-09-0006 sent to louie@winwinwaycnmi.com
[2025-09-04 10:47:23] [SENDING] Invoice TSL 25-09-0006 to louie@winwinwaycnmi.com
[2025-09-04 10:47:23] [SUCCESS] Invoice TSL 25-09-0005 sent to ferdinand_santos@tanholdings.com
[2025-09-04 10:47:19] [SENDING] Invoice TSL 25-09-0005 to ferdinand_santos@tanholdings.com
[2025-09-04 10:47:18] [SUCCESS] Invoice TSL 25-09-0004 sent to bbanzuela@nortonlilly.com
[2025-09-04 10:47:14] [SENDING] Invoice TSL 25-09-0004 to bbanzuela@nortonlilly.com
[2025-09-04 10:47:14] [SUCCESS] Invoice TSL 25-09-0003 sent to jlimtiaco@dlslab.com
[2025-09-04 10:47:09] [SENDING] Invoice TSL 25-09-0003 to jlimtiaco@dlslab.com
[2025-09-04 10:47:09] [SUCCESS] Invoice SVT 25-09-0023 sent to jm_lacandazo@yahoo.com
[2025-09-04 10:47:05] [SENDING] Invoice SVT 25-09-0023 to jm_lacandazo@yahoo.com
[2025-09-04 10:47:05] [SUCCESS] Invoice SVT 25-09-0022 sent to rms_admin@tanholdings.com
[2025-09-04 10:47:01] [SENDING] Invoice SVT 25-09-0022 to rms_admin@tanholdings.com
[2025-09-04 10:47:01] [SUCCESS] Invoice SVT 25-09-0021 sent to Julie.litulumar@ihg.com;julzlitulumar@gmail.com
[2025-09-04 10:46:57] [SENDING] Invoice SVT 25-09-0021 to Julie.litulumar@ihg.com, julzlitulumar@gmail.com
[2025-09-04 10:46:56] [SUCCESS] Invoice SVT 25-09-0020 sent to sespanillo@yahoo.com;celso_aguijr@yahoo.com
[2025-09-04 10:46:52] [SENDING] Invoice SVT 25-09-0020 to sespanillo@yahoo.com, celso_aguijr@yahoo.com
[2025-09-04 10:46:52] [NOTICE] Invoice SVT 25-09-0020 Raw email partially sanitized. Original [sespanillo@yahoo.com;celso_aguijr@yahoo.com]  Sanitized [sespanillo@yahoo.com; celso_aguijr@yahoo.com]
[2025-09-04 10:46:52] [SUCCESS] Invoice SVT 25-09-0019 sent to portizengi89@hotmail.com
[2025-09-04 10:46:48] [SENDING] Invoice SVT 25-09-0019 to portizengi89@hotmail.com
[2025-09-04 10:46:48] [SUCCESS] Invoice SVT 25-09-0018 sent to rms_admin@tanholdings.com
[2025-09-04 10:46:44] [SENDING] Invoice SVT 25-09-0018 to rms_admin@tanholdings.com
[2025-09-04 10:46:44] [SUCCESS] Invoice SVT 25-09-0017 sent to nites_millo@poiaviation.com
[2025-09-04 10:46:40] [SENDING] Invoice SVT 25-09-0017 to nites_millo@poiaviation.com
[2025-09-04 10:46:40] [SUCCESS] Invoice SVT 25-09-0016 sent to jujolinnea@gmail.com
[2025-09-04 10:46:36] [SENDING] Invoice SVT 25-09-0016 to jujolinnea@gmail.com
[2025-09-04 10:46:35] [SUCCESS] Invoice SVT 25-09-0015 sent to ashleytudela670@gmail.com
[2025-09-04 10:46:31] [SENDING] Invoice SVT 25-09-0015 to ashleytudela670@gmail.com
[2025-09-04 10:46:31] [SUCCESS] Invoice SVT 25-09-0014 sent to annvelasco.rn@gmail.com
[2025-09-04 10:46:27] [SENDING] Invoice SVT 25-09-0014 to annvelasco.rn@gmail.com
[2025-09-04 10:46:27] [SUCCESS] Invoice SVT 25-09-0013 sent to ronald_alcantara@ctsi-logistics.com
[2025-09-04 10:46:23] [SENDING] Invoice SVT 25-09-0013 to ronald_alcantara@ctsi-logistics.com
[2025-09-04 10:46:23] [SUCCESS] Invoice SVT 25-09-0012 sent to reloxlen@yahoo.com
[2025-09-04 10:46:19] [SENDING] Invoice SVT 25-09-0012 to reloxlen@yahoo.com
[2025-09-04 10:46:19] [SUCCESS] Invoice SVT 25-09-0011 sent to acristobalace@gmail.com;angelo_cristobal@tanholdings.com
[2025-09-04 10:46:15] [SENDING] Invoice SVT 25-09-0011 to acristobalace@gmail.com, angelo_cristobal@tanholdings.com
[2025-09-04 10:46:14] [SUCCESS] Invoice SVT 25-09-0010 sent to frozennipple.slg@gmail.com
[2025-09-04 10:46:10] [SENDING] Invoice SVT 25-09-0010 to frozennipple.slg@gmail.com
[2025-09-04 10:46:10] [SUCCESS] Invoice SVT 25-09-0009 sent to spnsza@gmail.com
[2025-09-04 10:46:07] [SENDING] Invoice SVT 25-09-0009 to spnsza@gmail.com
[2025-09-04 10:46:07] [SUCCESS] Invoice SVT 25-09-0008 sent to miles511@gmail.com;nateguerrero93@gmail.com
[2025-09-04 10:46:02] [SENDING] Invoice SVT 25-09-0008 to miles511@gmail.com, nateguerrero93@gmail.com
[2025-09-04 10:46:02] [SUCCESS] Invoice SVT 25-09-0007 sent to ednaruluked@gmail.com
[2025-09-04 10:45:58] [SENDING] Invoice SVT 25-09-0007 to ednaruluked@gmail.com
[2025-09-04 10:45:58] [SUCCESS] Invoice SVT 25-09-0006 sent to mamamoru@gmail.com
[2025-09-04 10:45:54] [SENDING] Invoice SVT 25-09-0006 to mamamoru@gmail.com
[2025-09-04 10:45:53] [SUCCESS] Invoice SVT 25-09-0005 sent to jmatias27@gmail.com
[2025-09-04 10:45:49] [SENDING] Invoice SVT 25-09-0005 to jmatias27@gmail.com
[2025-09-04 10:45:49] [SUCCESS] Invoice SVT 25-09-0004 sent to fpj@startmail.com
[2025-09-04 10:45:45] [SENDING] Invoice SVT 25-09-0004 to fpj@startmail.com
[2025-09-04 10:45:45] [SUCCESS] Invoice SVT 25-09-0003 sent to allsonpaulopepito@ymail.com;angelinevelasco06@yahoo.com
[2025-09-04 10:45:40] [SENDING] Invoice SVT 25-09-0003 to allsonpaulopepito@ymail.com, angelinevelasco06@yahoo.com
[2025-09-04 10:45:40] [SUCCESS] Invoice SVT 25-09-0002 sent to jane.venusnocentelli@yahoo.com
[2025-09-04 10:45:36] [SENDING] Invoice SVT 25-09-0002 to jane.venusnocentelli@yahoo.com
[2025-09-04 10:45:36] [SUCCESS] Invoice SVT 25-09-0001 sent to kevin.calibo94@gmail.com
[2025-09-04 10:45:32] [SENDING] Invoice SVT 25-09-0001 to kevin.calibo94@gmail.com
[2025-09-04 10:45:31] [SUCCESS] Invoice OVT 25-09-0019 sent to villaflor_chris@yahoo.com;christy_villaflor@saipansoccerschool.org
[2025-09-04 10:45:27] [SENDING] Invoice OVT 25-09-0019 to villaflor_chris@yahoo.com, christy_villaflor@saipansoccerschool.org
[2025-09-04 10:45:27] [SUCCESS] Invoice OVT 25-09-0018 sent to elna_curate@tanholdings.com
[2025-09-04 10:45:23] [SENDING] Invoice OVT 25-09-0018 to elna_curate@tanholdings.com
[2025-09-04 10:45:23] [SUCCESS] Invoice OVT 25-09-0017 sent to xinyue725@gmail.com
[2025-09-04 10:45:19] [SENDING] Invoice OVT 25-09-0017 to xinyue725@gmail.com
[2025-09-04 10:45:19] [SUCCESS] Invoice OVT 25-09-0016 sent to waltermacaranas97@gmail.com
[2025-09-04 10:45:15] [SENDING] Invoice OVT 25-09-0016 to waltermacaranas97@gmail.com
[2025-09-04 10:45:15] [SUCCESS] Invoice OVT 25-09-0015 sent to fatimavhizon17@gmail.com
[2025-09-04 10:45:11] [SENDING] Invoice OVT 25-09-0015 to fatimavhizon17@gmail.com
[2025-09-04 10:45:10] [SUCCESS] Invoice OVT 25-09-0014 sent to franco.mendoza@itehq.net
[2025-09-04 10:45:06] [SENDING] Invoice OVT 25-09-0014 to franco.mendoza@itehq.net
[2025-09-04 10:45:06] [SUCCESS] Invoice OVT 25-09-0013 sent to bouchard.brian@gmail.com
[2025-09-04 10:45:02] [SENDING] Invoice OVT 25-09-0013 to bouchard.brian@gmail.com
[2025-09-04 10:45:02] [SUCCESS] Invoice OVT 25-09-0012 sent to 2011824-fin@churchofjesuschrist.org
[2025-09-04 10:44:58] [SENDING] Invoice OVT 25-09-0012 to 2011824-fin@churchofjesuschrist.org
[2025-09-04 10:44:58] [SUCCESS] Invoice OVT 25-09-0011 sent to agila_lax@yahoo.com
[2025-09-04 10:44:54] [SENDING] Invoice OVT 25-09-0011 to agila_lax@yahoo.com
[2025-09-04 10:44:54] [SUCCESS] Invoice OVT 25-09-0010 sent to hannah_santos@tanholdings.com
[2025-09-04 10:44:50] [SENDING] Invoice OVT 25-09-0010 to hannah_santos@tanholdings.com
[2025-09-04 10:44:49] [SUCCESS] Invoice OVT 25-09-0009 sent to hongye27@hotmail.com
[2025-09-04 10:44:44] [SENDING] Invoice OVT 25-09-0009 to hongye27@hotmail.com
[2025-09-04 10:44:44] [SUCCESS] Invoice OVT 25-09-0008 sent to judy_mendieta@tanholdings.com
[2025-09-04 10:44:40] [SENDING] Invoice OVT 25-09-0008 to judy_mendieta@tanholdings.com
[2025-09-04 10:44:40] [SUCCESS] Invoice OVT 25-09-0007 sent to coalsonkodep@gmail.com
[2025-09-04 10:44:36] [SENDING] Invoice OVT 25-09-0007 to coalsonkodep@gmail.com
[2025-09-04 10:44:36] [SUCCESS] Invoice OVT 25-09-0006 sent to jvoacolo@generationrenewableinc.com;apcnmi@micronesiarenewableenergy.com
[2025-09-04 10:44:31] [SENDING] Invoice OVT 25-09-0006 to jvoacolo@generationrenewableinc.com, apcnmi@micronesiarenewableenergy.com
[2025-09-04 10:44:31] [SUCCESS] Invoice OVT 25-09-0005 sent to paulwcamacho@gmail.com
[2025-09-04 10:44:27] [SENDING] Invoice OVT 25-09-0005 to paulwcamacho@gmail.com
[2025-09-04 10:44:26] [SUCCESS] Invoice OVT 25-09-0004 sent to rms_admin@tanholdings.com
[2025-09-04 10:44:22] [SENDING] Invoice OVT 25-09-0004 to rms_admin@tanholdings.com
[2025-09-04 10:44:22] [SUCCESS] Invoice OVT 25-09-0003 sent to r.t.tanzawa@gmail.com;kenryu@pticom.com
[2025-09-04 10:44:17] [SENDING] Invoice OVT 25-09-0003 to r.t.tanzawa@gmail.com, kenryu@pticom.com
[2025-09-04 10:44:17] [SUCCESS] Invoice OVT 25-09-0002 sent to andy.qin@hotmail.com
[2025-09-04 10:44:13] [SENDING] Invoice OVT 25-09-0002 to andy.qin@hotmail.com
[2025-09-04 10:44:13] [SUCCESS] Invoice OVT 25-09-0001 sent to rbiggers@pticom.com
[2025-09-04 10:44:09] [SENDING] Invoice OVT 25-09-0001 to rbiggers@pticom.com
[2025-09-04 10:44:09] [SUCCESS] Invoice OV-GH 25-09-0001 sent to cecil.capacio@ihg.com
[2025-09-04 10:44:05] [SENDING] Invoice OV-GH 25-09-0001 to cecil.capacio@ihg.com
[2025-09-04 10:44:04] [SUCCESS] Invoice LNHSE 25-09-0001 sent to herenuisong@gmail.com
[2025-09-04 10:44:00] [SENDING] Invoice LNHSE 25-09-0001 to herenuisong@gmail.com
[2025-09-04 10:44:00] [SUCCESS] Invoice LNH 25-09-0022 sent to aldrich_delossantos@tanholdings.com
[2025-09-04 10:43:56] [SENDING] Invoice LNH 25-09-0022 to aldrich_delossantos@tanholdings.com
[2025-09-04 10:43:56] [SUCCESS] Invoice LNH 25-09-0021 sent to al_alulod@yahoo.com
[2025-09-04 10:43:52] [SENDING] Invoice LNH 25-09-0021 to al_alulod@yahoo.com
[2025-09-04 10:43:52] [SUCCESS] Invoice LNH 25-09-0020 sent to ebreocleo@gmail.com
[2025-09-04 10:43:49] [SENDING] Invoice LNH 25-09-0020 to ebreocleo@gmail.com
[2025-09-04 10:43:49] [SUCCESS] Invoice LNH 25-09-0019 sent to rinarobles18@gmail.com
[2025-09-04 10:43:45] [SENDING] Invoice LNH 25-09-0019 to rinarobles18@gmail.com
[2025-09-04 10:43:44] [SUCCESS] Invoice LNH 25-09-0018 sent to bernardolen@yahoo.com
[2025-09-04 10:43:41] [SENDING] Invoice LNH 25-09-0018 to bernardolen@yahoo.com
[2025-09-04 10:43:41] [SUCCESS] Invoice LNH 25-09-0017 sent to tinabpalacios@gmail.com
[2025-09-04 10:43:37] [SENDING] Invoice LNH 25-09-0017 to tinabpalacios@gmail.com
[2025-09-04 10:43:37] [SUCCESS] Invoice LNH 25-09-0016 sent to julietagathamendoza@yahoo.com
[2025-09-04 10:43:32] [SENDING] Invoice LNH 25-09-0016 to julietagathamendoza@yahoo.com
[2025-09-04 10:43:32] [SUCCESS] Invoice LNH 25-09-0015 sent to arboleda.arnold1970@gmail.com
[2025-09-04 10:43:28] [SENDING] Invoice LNH 25-09-0015 to arboleda.arnold1970@gmail.com
[2025-09-04 10:43:28] [SUCCESS] Invoice LNH 25-09-0014 sent to rosalie_mangulabnan@saipantribune.com
[2025-09-04 10:43:25] [SENDING] Invoice LNH 25-09-0014 to rosalie_mangulabnan@saipantribune.com
[2025-09-04 10:43:24] [SUCCESS] Invoice LNH 25-09-0013 sent to rms_admin@tanholdings.com
[2025-09-04 10:43:20] [SENDING] Invoice LNH 25-09-0013 to rms_admin@tanholdings.com
[2025-09-04 10:43:20] [SUCCESS] Invoice LNH 25-09-0012 sent to lbautista@mbinmi.com
[2025-09-04 10:43:15] [SENDING] Invoice LNH 25-09-0012 to lbautista@mbinmi.com
[2025-09-04 10:43:15] [SUCCESS] Invoice LNH 25-09-0011 sent to obriosos@aol.com
[2025-09-04 10:43:11] [SENDING] Invoice LNH 25-09-0011 to obriosos@aol.com
[2025-09-04 10:43:11] [SUCCESS] Invoice LNH 25-09-0010 sent to bea_aspe@yahoo.com
[2025-09-04 10:43:06] [SENDING] Invoice LNH 25-09-0010 to bea_aspe@yahoo.com
[2025-09-04 10:43:06] [SUCCESS] Invoice LNH 25-09-0009 sent to phadz23@yahoo.com
[2025-09-04 10:43:02] [SENDING] Invoice LNH 25-09-0009 to phadz23@yahoo.com
[2025-09-04 10:43:00] [SUCCESS] Invoice LNH 25-09-0008 sent to rms_admin@tanholdings.com
[2025-09-04 10:42:56] [SENDING] Invoice LNH 25-09-0008 to rms_admin@tanholdings.com
[2025-09-04 10:42:56] [SUCCESS] Invoice LNH 25-09-0007 sent to dqsadmin2@dandq-international.com
[2025-09-04 10:42:52] [SENDING] Invoice LNH 25-09-0007 to dqsadmin2@dandq-international.com
[2025-09-04 10:42:52] [SUCCESS] Invoice LNH 25-09-0006 sent to Mark_Rabago@saipantribune.com
[2025-09-04 10:42:47] [SENDING] Invoice LNH 25-09-0006 to Mark_Rabago@saipantribune.com
[2025-09-04 10:42:47] [SUCCESS] Invoice LNH 25-09-0005 sent to cora_samson@ctsi-logistics.com
[2025-09-04 10:42:43] [SENDING] Invoice LNH 25-09-0005 to cora_samson@ctsi-logistics.com
[2025-09-04 10:42:43] [SUCCESS] Invoice LNH 25-09-0004 sent to ariesamae@yahoo.com
[2025-09-04 10:42:39] [SENDING] Invoice LNH 25-09-0004 to ariesamae@yahoo.com
[2025-09-04 10:42:38] [SUCCESS] Invoice LNH 25-09-0003 sent to rms_admin@tanholdings.com
[2025-09-04 10:42:34] [SENDING] Invoice LNH 25-09-0003 to rms_admin@tanholdings.com
[2025-09-04 10:42:34] [SUCCESS] Invoice LNH 25-09-0002 sent to mikaaserranoo@gmail.com
[2025-09-04 10:42:29] [SENDING] Invoice LNH 25-09-0002 to mikaaserranoo@gmail.com
[2025-09-04 10:42:29] [SUCCESS] Invoice LNH 25-09-0001 sent to edgar_garcia@ctsi-logistics.com
[2025-09-04 10:42:25] [SENDING] Invoice LNH 25-09-0001 to edgar_garcia@ctsi-logistics.com
[2025-09-04 10:42:25] [SUCCESS] Invoice LB 2 25-09-0002 sent to dqsadmin2@dandq-international.com
[2025-09-04 10:42:21] [SENDING] Invoice LB 2 25-09-0002 to dqsadmin2@dandq-international.com
[2025-09-04 10:42:21] [SUCCESS] Invoice LB 2 25-09-0001 sent to cora_samson@ctsi-logistics.com
[2025-09-04 10:42:17] [SENDING] Invoice LB 2 25-09-0001 to cora_samson@ctsi-logistics.com
[2025-09-04 10:42:16] [SUCCESS] Invoice LB 1 25-09-0006 sent to cecillecamama@gmail.com;luisacdalas@gmail.com
[2025-09-04 10:42:12] [SENDING] Invoice LB 1 25-09-0006 to cecillecamama@gmail.com, luisacdalas@gmail.com
[2025-09-04 10:42:12] [SUCCESS] Invoice LB 1 25-09-0005 sent to jo_anne.hernandez@medpharmusa.net
[2025-09-04 10:42:08] [SENDING] Invoice LB 1 25-09-0005 to jo_anne.hernandez@medpharmusa.net
[2025-09-04 10:42:08] [SUCCESS] Invoice LB 1 25-09-0004 sent to mellany.regaton@saipan.travel;tyrone.villegas@saipan.travel
[2025-09-04 10:42:04] [SENDING] Invoice LB 1 25-09-0004 to mellany.regaton@saipan.travel, tyrone.villegas@saipan.travel
[2025-09-04 10:42:04] [SUCCESS] Invoice LB 1 25-09-0003 sent to dongasaipan@gmail.com
[2025-09-04 10:42:00] [SENDING] Invoice LB 1 25-09-0003 to dongasaipan@gmail.com
[2025-09-04 10:42:00] [SUCCESS] Invoice LB 1 25-09-0002 sent to tvoacolo@generationrenewableinc.com;apcnmi@micronesiarenewableenergy.com
[2025-09-04 10:41:55] [SENDING] Invoice LB 1 25-09-0002 to tvoacolo@generationrenewableinc.com, apcnmi@micronesiarenewableenergy.com
[2025-09-04 10:41:54] [SUCCESS] Invoice LB 1 25-09-0001 sent to AP@hawthornecat.com;mtutanes@hawthornecat.com
[2025-09-04 10:41:50] [SENDING] Invoice LB 1 25-09-0001 to AP@hawthornecat.com, mtutanes@hawthornecat.com
[2025-09-04 10:41:50] [SUCCESS] Invoice JPCOF 25-09-0001 sent to rene_cariazo@centuryinsurancegroup.net
[2025-09-04 10:41:45] [SENDING] Invoice JPCOF 25-09-0001 to rene_cariazo@centuryinsurancegroup.net
[2025-09-04 10:41:45] [SUCCESS] Invoice JPC 25-09-0012 sent to nimfa_tan@tanholdings.com
[2025-09-04 10:41:42] [SENDING] Invoice JPC 25-09-0012 to nimfa_tan@tanholdings.com
[2025-09-04 10:41:42] [SUCCESS] Invoice JPC 25-09-0011 sent to teddy_orbeta@centuryinsurancegroup.net
[2025-09-04 10:41:37] [SENDING] Invoice JPC 25-09-0011 to teddy_orbeta@centuryinsurancegroup.net
[2025-09-04 10:41:37] [SUCCESS] Invoice JPC 25-09-0010 sent to ross_garcia@saipantribune.com
[2025-09-04 10:41:33] [SENDING] Invoice JPC 25-09-0010 to ross_garcia@saipantribune.com
[2025-09-04 10:41:32] [SUCCESS] Invoice JPC 25-09-0009 sent to rms_admin@tanholdings.com
[2025-09-04 10:41:28] [SENDING] Invoice JPC 25-09-0009 to rms_admin@tanholdings.com
[2025-09-04 10:41:28] [SUCCESS] Invoice JPC 25-09-0008 sent to merlie_tolentino@tanholdings.com
[2025-09-04 10:41:24] [SENDING] Invoice JPC 25-09-0008 to merlie_tolentino@tanholdings.com
[2025-09-04 10:41:24] [SUCCESS] Invoice JPC 25-09-0007 sent to obet_aguilar@saipantribune.com
[2025-09-04 10:41:20] [SENDING] Invoice JPC 25-09-0007 to obet_aguilar@saipantribune.com
[2025-09-04 10:41:20] [SUCCESS] Invoice JPC 25-09-0006 sent to teddy_orbeta@centuryinsurancegroup.net
[2025-09-04 10:41:16] [SENDING] Invoice JPC 25-09-0006 to teddy_orbeta@centuryinsurancegroup.net
[2025-09-04 10:41:16] [SUCCESS] Invoice JPC 25-09-0005 sent to ariel_mariano@tanholdings.com
[2025-09-04 10:41:12] [SENDING] Invoice JPC 25-09-0005 to ariel_mariano@tanholdings.com
[2025-09-04 10:41:11] [SUCCESS] Invoice JPC 25-09-0004 sent to csr_0312@yahoo.com
[2025-09-04 10:41:06] [SENDING] Invoice JPC 25-09-0004 to csr_0312@yahoo.com
[2025-09-04 10:41:06] [SUCCESS] Invoice JPC 25-09-0003 sent to gol_corpuz@centuryinsurancegroup.net
[2025-09-04 10:41:02] [SENDING] Invoice JPC 25-09-0003 to gol_corpuz@centuryinsurancegroup.net
[2025-09-04 10:41:02] [SUCCESS] Invoice JPC 25-09-0002 sent to lunie_reliquias@centuryinsurancegroup.net
[2025-09-04 10:40:59] [SENDING] Invoice JPC 25-09-0002 to lunie_reliquias@centuryinsurancegroup.net
[2025-09-04 10:40:59] [SUCCESS] Invoice JPC 25-09-0001 sent to ms.kyraadvincula@gmail.com;just.lexie.xxii@gmail.com
[2025-09-04 10:40:54] [SENDING] Invoice JPC 25-09-0001 to ms.kyraadvincula@gmail.com, just.lexie.xxii@gmail.com
[2025-09-04 10:40:54] [SUCCESS] Invoice GL 1 25-09-0008 sent to christy_villaflor@saipansoccerschool.org
[2025-09-04 10:40:50] [SENDING] Invoice GL 1 25-09-0008 to christy_villaflor@saipansoccerschool.org
[2025-09-04 10:40:49] [SUCCESS] Invoice GL 1 25-09-0007 sent to merlie_tolentino@tanholdings.com
[2025-09-04 10:40:46] [SENDING] Invoice GL 1 25-09-0007 to merlie_tolentino@tanholdings.com
[2025-09-04 10:40:46] [SUCCESS] Invoice GL 1 25-09-0006 sent to abigailnoble21@gmail.com
[2025-09-04 10:40:41] [SENDING] Invoice GL 1 25-09-0006 to abigailnoble21@gmail.com
[2025-09-04 10:40:41] [SUCCESS] Invoice GL 1 25-09-0005 sent to jo_anne.hernandez@medpharmusa.net
[2025-09-04 10:40:37] [SENDING] Invoice GL 1 25-09-0005 to jo_anne.hernandez@medpharmusa.net
[2025-09-04 10:40:37] [SUCCESS] Invoice GL 1 25-09-0004 sent to kim.shirley1958@yahoo.com;christy_villaflor@saipansoccerschool.org
[2025-09-04 10:40:33] [SENDING] Invoice GL 1 25-09-0004 to kim.shirley1958@yahoo.com, christy_villaflor@saipansoccerschool.org
[2025-09-04 10:40:33] [NOTICE] Invoice GL 1 25-09-0004 Raw email partially sanitized. Original [kim.shirley1958@yahoo.com; christy_villaflor@saipansoccerschool.org]  Sanitized [kim.shirley1958@yahoo.com; christy_villaflor@saipansoccerschool.org]
[2025-09-04 10:40:33] [SUCCESS] Invoice GL 1 25-09-0003 sent to kesysp2022@gmail.com
[2025-09-04 10:40:29] [SENDING] Invoice GL 1 25-09-0003 to kesysp2022@gmail.com
[2025-09-04 10:40:28] [SUCCESS] Invoice GL 1 25-09-0002 sent to cg@luenfungspn.com
[2025-09-04 10:40:24] [SENDING] Invoice GL 1 25-09-0002 to cg@luenfungspn.com
[2025-09-04 10:40:24] [SUCCESS] Invoice GL 1 25-09-0001 sent to juancho_salcedo@yaongcorp.com
[2025-09-04 10:40:19] [SENDING] Invoice GL 1 25-09-0001 to juancho_salcedo@yaongcorp.com
[2025-09-04 10:40:19] [SUCCESS] Invoice GC B 25-09-0015 sent to rms_admin@tanholdings.com
[2025-09-04 10:40:16] [SENDING] Invoice GC B 25-09-0015 to rms_admin@tanholdings.com
[2025-09-04 10:40:16] [SUCCESS] Invoice GC B 25-09-0014 sent to rms_admin@tanholdings.com
[2025-09-04 10:40:11] [SENDING] Invoice GC B 25-09-0014 to rms_admin@tanholdings.com
[2025-09-04 10:40:11] [SUCCESS] Invoice GC B 25-09-0013 sent to rms_admin@tanholdings.com
[2025-09-04 10:40:07] [SENDING] Invoice GC B 25-09-0013 to rms_admin@tanholdings.com
[2025-09-04 10:40:06] [SUCCESS] Invoice GC B 25-09-0012 sent to mannycalilap@gmail.com;mannycalilap@yahoo.com
[2025-09-04 10:40:02] [SENDING] Invoice GC B 25-09-0012 to mannycalilap@gmail.com, mannycalilap@yahoo.com
[2025-09-04 10:40:02] [SUCCESS] Invoice GC B 25-09-0011 sent to ynionjeannaclaire@gmail.com
[2025-09-04 10:39:58] [SENDING] Invoice GC B 25-09-0011 to ynionjeannaclaire@gmail.com
[2025-09-04 10:39:58] [SUCCESS] Invoice GC B 25-09-0010 sent to rms_admin@tanholdings.com
[2025-09-04 10:39:54] [SENDING] Invoice GC B 25-09-0010 to rms_admin@tanholdings.com
[2025-09-04 10:39:54] [SUCCESS] Invoice GC B 25-09-0009 sent to JOSHLENE_AERIELLE08@YAHOO.COM;ANTHONYLEE.BORJA@GMAIL.COM
[2025-09-04 10:39:50] [SENDING] Invoice GC B 25-09-0009 to JOSHLENE_AERIELLE08@YAHOO.COM, ANTHONYLEE.BORJA@GMAIL.COM
[2025-09-04 10:39:50] [SUCCESS] Invoice GC B 25-09-0008 sent to rms_admin@tanholdings.com
[2025-09-04 10:39:46] [SENDING] Invoice GC B 25-09-0008 to rms_admin@tanholdings.com
[2025-09-04 10:39:45] [SUCCESS] Invoice GC B 25-09-0007 sent to haida2102@163.com
[2025-09-04 10:39:41] [SENDING] Invoice GC B 25-09-0007 to haida2102@163.com
[2025-09-04 10:39:41] [SUCCESS] Invoice GC B 25-09-0006 sent to rms_admin@tanholdings.com
[2025-09-04 10:39:36] [SENDING] Invoice GC B 25-09-0006 to rms_admin@tanholdings.com
[2025-09-04 10:39:36] [SUCCESS] Invoice GC B 25-09-0005 sent to eefraginal@gmail.com
[2025-09-04 10:39:31] [SENDING] Invoice GC B 25-09-0005 to eefraginal@gmail.com
[2025-09-04 10:39:31] [SUCCESS] Invoice GC B 25-09-0004 sent to marjuntagle@gmail.com
[2025-09-04 10:39:27] [SENDING] Invoice GC B 25-09-0004 to marjuntagle@gmail.com
[2025-09-04 10:39:27] [SUCCESS] Invoice GC B 25-09-0003 sent to cyndeegmt@gmail.com
[2025-09-04 10:39:23] [SENDING] Invoice GC B 25-09-0003 to cyndeegmt@gmail.com
[2025-09-04 10:39:22] [SUCCESS] Invoice GC B 25-09-0002 sent to rosellevanessalorejo@gmail.com
[2025-09-04 10:39:18] [SENDING] Invoice GC B 25-09-0002 to rosellevanessalorejo@gmail.com
[2025-09-04 10:39:18] [SUCCESS] Invoice GC B 25-09-0001 sent to jba_3864@yahoo.com
[2025-09-04 10:39:14] [SENDING] Invoice GC B 25-09-0001 to jba_3864@yahoo.com
[2025-09-04 10:39:14] [SUCCESS] Invoice GC A 25-09-0019 sent to villarosa.joselito1963@gmail.com
[2025-09-04 10:39:09] [SENDING] Invoice GC A 25-09-0019 to villarosa.joselito1963@gmail.com
[2025-09-04 10:39:09] [SUCCESS] Invoice GC A 25-09-0018 sent to KENNETHJBUSCAGAN@GMAIL.COM
[2025-09-04 10:39:05] [SENDING] Invoice GC A 25-09-0018 to KENNETHJBUSCAGAN@GMAIL.COM
[2025-09-04 10:39:05] [SUCCESS] Invoice GC A 25-09-0017 sent to SAYEELAYDA@GMAIL.COM
[2025-09-04 10:39:01] [SENDING] Invoice GC A 25-09-0017 to SAYEELAYDA@GMAIL.COM
[2025-09-04 10:39:00] [SUCCESS] Invoice GC A 25-09-0016 sent to azuela.diego@yahoo.com
[2025-09-04 10:38:56] [SENDING] Invoice GC A 25-09-0016 to azuela.diego@yahoo.com
[2025-09-04 10:38:56] [SUCCESS] Invoice GC A 25-09-0015 sent to rms_admin@tanholdings.com
[2025-09-04 10:38:52] [SENDING] Invoice GC A 25-09-0015 to rms_admin@tanholdings.com
[2025-09-04 10:38:52] [SUCCESS] Invoice GC A 25-09-0014 sent to ydenerazzo@gmail.com;elaydalordenale@gmail.com
[2025-09-04 10:38:48] [SENDING] Invoice GC A 25-09-0014 to ydenerazzo@gmail.com, elaydalordenale@gmail.com
[2025-09-04 10:38:48] [SUCCESS] Invoice GC A 25-09-0013 sent to rms_admin@tanholdings.com
[2025-09-04 10:38:44] [SENDING] Invoice GC A 25-09-0013 to rms_admin@tanholdings.com
[2025-09-04 10:38:44] [SUCCESS] Invoice GC A 25-09-0012 sent to ciaracamillecs@gmail.com
[2025-09-04 10:38:39] [SENDING] Invoice GC A 25-09-0012 to ciaracamillecs@gmail.com
[2025-09-04 10:38:38] [SUCCESS] Invoice GC A 25-09-0011 sent to eduardopabico@gmail.com
[2025-09-04 10:38:34] [SENDING] Invoice GC A 25-09-0011 to eduardopabico@gmail.com
[2025-09-04 10:38:34] [SUCCESS] Invoice GC A 25-09-0010 sent to bethjaneo60@gmail.com
[2025-09-04 10:38:29] [SENDING] Invoice GC A 25-09-0010 to bethjaneo60@gmail.com
[2025-09-04 10:38:29] [SUCCESS] Invoice GC A 25-09-0009 sent to jovyamita@yahoo.com;amitajovy@gmail.com
[2025-09-04 10:38:24] [SENDING] Invoice GC A 25-09-0009 to jovyamita@yahoo.com, amitajovy@gmail.com
[2025-09-04 10:38:24] [SUCCESS] Invoice GC A 25-09-0008 sent to coronejoh@yahoo.com
[2025-09-04 10:38:20] [SENDING] Invoice GC A 25-09-0008 to coronejoh@yahoo.com
[2025-09-04 10:38:20] [SUCCESS] Invoice GC A 25-09-0007 sent to rms_admin@tanholdings.com
[2025-09-04 10:38:16] [SENDING] Invoice GC A 25-09-0007 to rms_admin@tanholdings.com
[2025-09-04 10:38:14] [SUCCESS] Invoice GC A 25-09-0006 sent to tinianapatron627w@gmail.com
[2025-09-04 10:38:10] [SENDING] Invoice GC A 25-09-0006 to tinianapatron627w@gmail.com
[2025-09-04 10:38:10] [SUCCESS] Invoice GC A 25-09-0005 sent to reyeswynna63@gmail.com
[2025-09-04 10:38:06] [SENDING] Invoice GC A 25-09-0005 to reyeswynna63@gmail.com
[2025-09-04 10:38:06] [SUCCESS] Invoice GC A 25-09-0004 sent to andreskeo@hotmail.com
[2025-09-04 10:38:02] [SENDING] Invoice GC A 25-09-0004 to andreskeo@hotmail.com
[2025-09-04 10:38:02] [SUCCESS] Invoice GC A 25-09-0003 sent to tinianapatron627w@gmail.com
[2025-09-04 10:37:58] [SENDING] Invoice GC A 25-09-0003 to tinianapatron627w@gmail.com
[2025-09-04 10:37:58] [SUCCESS] Invoice GC A 25-09-0002 sent to jhoasarmiento@gmail.com
[2025-09-04 10:37:53] [SENDING] Invoice GC A 25-09-0002 to jhoasarmiento@gmail.com
[2025-09-04 10:37:52] [SUCCESS] Invoice GC A 25-09-0001 sent to rms_admin@tanholdings.com
[2025-09-04 10:37:49] [SENDING] Invoice GC A 25-09-0001 to rms_admin@tanholdings.com
[2025-09-04 10:37:49] [SUCCESS] Invoice FT D 25-09-0028 sent to redjewel0329@gmail.com
[2025-09-04 10:37:44] [SENDING] Invoice FT D 25-09-0028 to redjewel0329@gmail.com
[2025-09-04 10:37:44] [SUCCESS] Invoice FT D 25-09-0027 sent to ferdinand_santos@tanholdings.com
[2025-09-04 10:37:39] [SENDING] Invoice FT D 25-09-0027 to ferdinand_santos@tanholdings.com
[2025-09-04 10:37:39] [SUCCESS] Invoice FT D 25-09-0026 sent to paulynn_joyce@tanholdings.com
[2025-09-04 10:37:35] [SENDING] Invoice FT D 25-09-0026 to paulynn_joyce@tanholdings.com
[2025-09-04 10:37:35] [SUCCESS] Invoice FT D 25-09-0025 sent to steph.sablan@gmail.com
[2025-09-04 10:37:30] [SENDING] Invoice FT D 25-09-0025 to steph.sablan@gmail.com
[2025-09-04 10:37:29] [SUCCESS] Invoice FT D 25-09-0024 sent to lent.vergara@gmail.com
[2025-09-04 10:37:24] [SENDING] Invoice FT D 25-09-0024 to lent.vergara@gmail.com
[2025-09-04 10:37:24] [SUCCESS] Invoice FT D 25-09-0023 sent to kglspn@pticom.com
[2025-09-04 10:37:20] [SENDING] Invoice FT D 25-09-0023 to kglspn@pticom.com
[2025-09-04 10:37:20] [SUCCESS] Invoice FT D 25-09-0022 sent to jhun22ocampo@gmail.com
[2025-09-04 10:37:16] [SENDING] Invoice FT D 25-09-0022 to jhun22ocampo@gmail.com
[2025-09-04 10:37:16] [SUCCESS] Invoice FT D 25-09-0021 sent to backinthe.ussr@outlook.com
[2025-09-04 10:37:12] [SENDING] Invoice FT D 25-09-0021 to backinthe.ussr@outlook.com
[2025-09-04 10:37:12] [SUCCESS] Invoice FT D 25-09-0020 sent to Mellany.regaton@saipan.travel
[2025-09-04 10:37:08] [SENDING] Invoice FT D 25-09-0020 to Mellany.regaton@saipan.travel
[2025-09-04 10:37:07] [SUCCESS] Invoice FT D 25-09-0019 sent to saimalitinian@gmail.com;jomarspookyvibes@gmail.com
[2025-09-04 10:37:03] [SENDING] Invoice FT D 25-09-0019 to saimalitinian@gmail.com, jomarspookyvibes@gmail.com
[2025-09-04 10:37:03] [SUCCESS] Invoice FT D 25-09-0018 sent to STEPHANIETUDELA25@GMAIL.COM;ALEXANDERATUDELA@GMAIL.COM
[2025-09-04 10:36:58] [SENDING] Invoice FT D 25-09-0018 to STEPHANIETUDELA25@GMAIL.COM, ALEXANDERATUDELA@GMAIL.COM
[2025-09-04 10:36:58] [SUCCESS] Invoice FT D 25-09-0017 sent to strwbred@gmail.com
[2025-09-04 10:36:54] [SENDING] Invoice FT D 25-09-0017 to strwbred@gmail.com
[2025-09-04 10:36:54] [SUCCESS] Invoice FT D 25-09-0016 sent to rms_admin@tanholdings.com
[2025-09-04 10:36:51] [SENDING] Invoice FT D 25-09-0016 to rms_admin@tanholdings.com
[2025-09-04 10:36:51] [SUCCESS] Invoice FT D 25-09-0015 sent to lord1.go2@gmail.com
[2025-09-04 10:36:46] [SENDING] Invoice FT D 25-09-0015 to lord1.go2@gmail.com
[2025-09-04 10:36:45] [SUCCESS] Invoice FT D 25-09-0014 sent to MSDUENAS91@GMAIL.COM
[2025-09-04 10:36:40] [SENDING] Invoice FT D 25-09-0014 to MSDUENAS91@GMAIL.COM
[2025-09-04 10:36:40] [SUCCESS] Invoice FT D 25-09-0013 sent to malou_fernando@shirleyscoffeeshopsaipan.com
[2025-09-04 10:36:36] [SENDING] Invoice FT D 25-09-0013 to malou_fernando@shirleyscoffeeshopsaipan.com
[2025-09-04 10:36:36] [SUCCESS] Invoice FT D 25-09-0012 sent to garry_1205@yahoo.com
[2025-09-04 10:36:32] [SENDING] Invoice FT D 25-09-0012 to garry_1205@yahoo.com
[2025-09-04 10:36:32] [SUCCESS] Invoice FT D 25-09-0011 sent to john_canape@saipansoccerschool.org
[2025-09-04 10:36:28] [SENDING] Invoice FT D 25-09-0011 to john_canape@saipansoccerschool.org
[2025-09-04 10:36:28] [SUCCESS] Invoice FT D 25-09-0010 sent to ferdinand_santos@tanholdings.com
[2025-09-04 10:36:23] [SENDING] Invoice FT D 25-09-0010 to ferdinand_santos@tanholdings.com
[2025-09-04 10:36:22] [SUCCESS] Invoice FT D 25-09-0009 sent to chelsea.yangirelfil@gmail.com;chelsea.yangirelfil@cnmipss.org
[2025-09-04 10:36:19] [SENDING] Invoice FT D 25-09-0009 to chelsea.yangirelfil@gmail.com, chelsea.yangirelfil@cnmipss.org
[2025-09-04 10:36:19] [SUCCESS] Invoice FT D 25-09-0008 sent to aldanclarinda@gmal.com
[2025-09-04 10:36:15] [SENDING] Invoice FT D 25-09-0008 to aldanclarinda@gmal.com
[2025-09-04 10:36:15] [SUCCESS] Invoice FT D 25-09-0007 sent to rms_admin@tanholdings.com
[2025-09-04 10:36:11] [SENDING] Invoice FT D 25-09-0007 to rms_admin@tanholdings.com
[2025-09-04 10:36:11] [SUCCESS] Invoice FT D 25-09-0006 sent to ryanlizama09@gmail.com
[2025-09-04 10:36:06] [SENDING] Invoice FT D 25-09-0006 to ryanlizama09@gmail.com
[2025-09-04 10:36:06] [SUCCESS] Invoice FT D 25-09-0005 sent to matlhobet0423@yahoo.com
[2025-09-04 10:36:02] [SENDING] Invoice FT D 25-09-0005 to matlhobet0423@yahoo.com
[2025-09-04 10:36:01] [SUCCESS] Invoice FT D 25-09-0004 sent to rms_admin@tanholdings.com
[2025-09-04 10:35:57] [SENDING] Invoice FT D 25-09-0004 to rms_admin@tanholdings.com
[2025-09-04 10:35:57] [SUCCESS] Invoice FT D 25-09-0003 sent to keneth_codog@tanholdings.com
[2025-09-04 10:35:53] [SENDING] Invoice FT D 25-09-0003 to keneth_codog@tanholdings.com
[2025-09-04 10:35:53] [SUCCESS] Invoice FT D 25-09-0002 sent to rms_admin@tanholdings.com
[2025-09-04 10:35:49] [SENDING] Invoice FT D 25-09-0002 to rms_admin@tanholdings.com
[2025-09-04 10:35:49] [SUCCESS] Invoice FT D 25-09-0001 sent to rms_admin@tanholdings.com
[2025-09-04 10:35:45] [SENDING] Invoice FT D 25-09-0001 to rms_admin@tanholdings.com
[2025-09-04 10:35:45] [SUCCESS] Invoice FT C 25-09-0032 sent to rms_admin@tanholdings.com
[2025-09-04 10:35:41] [SENDING] Invoice FT C 25-09-0032 to rms_admin@tanholdings.com
[2025-09-04 10:35:40] [SUCCESS] Invoice FT C 25-09-0031 sent to sherrainespn@gmail.com
[2025-09-04 10:35:36] [SENDING] Invoice FT C 25-09-0031 to sherrainespn@gmail.com
[2025-09-04 10:35:36] [SUCCESS] Invoice FT C 25-09-0030 sent to CHRISTINESOFIAHAYAG23@GMAIL.COM;christine_hayag@saipantribune.com
[2025-09-04 10:35:31] [SENDING] Invoice FT C 25-09-0030 to CHRISTINESOFIAHAYAG23@GMAIL.COM, christine_hayag@saipantribune.com
[2025-09-04 10:35:31] [SUCCESS] Invoice FT C 25-09-0029 sent to rms_admin@tanholdings.com
[2025-09-04 10:35:28] [SENDING] Invoice FT C 25-09-0029 to rms_admin@tanholdings.com
[2025-09-04 10:35:28] [SUCCESS] Invoice FT C 25-09-0028 sent to maritesh98@gmail.com
[2025-09-04 10:35:23] [SENDING] Invoice FT C 25-09-0028 to maritesh98@gmail.com
[2025-09-04 10:35:23] [SUCCESS] Invoice FT C 25-09-0027 sent to donna_paleracio@yahoo.com;johnrizo0104@gmail.com
[2025-09-04 10:35:19] [SENDING] Invoice FT C 25-09-0027 to donna_paleracio@yahoo.com, johnrizo0104@gmail.com
[2025-09-04 10:35:18] [SUCCESS] Invoice FT C 25-09-0026 sent to ong.axl13@gmail.com
[2025-09-04 10:35:13] [SENDING] Invoice FT C 25-09-0026 to ong.axl13@gmail.com
[2025-09-04 10:35:13] [SUCCESS] Invoice FT C 25-09-0025 sent to JOYCESALGADO20@GMAIL.COM;MONETTE.G.RAMOS@GU.EY.COM
[2025-09-04 10:35:09] [SENDING] Invoice FT C 25-09-0025 to JOYCESALGADO20@GMAIL.COM, MONETTE.G.RAMOS@GU.EY.COM
[2025-09-04 10:35:09] [SUCCESS] Invoice FT C 25-09-0024 sent to duncan.laxa@my.marianas.edu
[2025-09-04 10:35:04] [SENDING] Invoice FT C 25-09-0024 to duncan.laxa@my.marianas.edu
[2025-09-04 10:35:04] [SUCCESS] Invoice FT C 25-09-0023 sent to ROSE_GOOGDAD@SAIPANTRIBUNE.COM;ROSEGOOGDAD@GMAIL.COM
[2025-09-04 10:35:00] [SENDING] Invoice FT C 25-09-0023 to ROSE_GOOGDAD@SAIPANTRIBUNE.COM, ROSEGOOGDAD@GMAIL.COM
[2025-09-04 10:35:00] [SUCCESS] Invoice FT C 25-09-0022 sent to leungrafaeltagle@gmail.com
[2025-09-04 10:34:56] [SENDING] Invoice FT C 25-09-0022 to leungrafaeltagle@gmail.com
[2025-09-04 10:34:55] [SUCCESS] Invoice FT C 25-09-0021 sent to rong_queen@yahoo.com
[2025-09-04 10:34:50] [SENDING] Invoice FT C 25-09-0021 to rong_queen@yahoo.com
[2025-09-04 10:34:50] [SUCCESS] Invoice FT C 25-09-0020 sent to bomaratita008@gmail.com
[2025-09-04 10:34:46] [SENDING] Invoice FT C 25-09-0020 to bomaratita008@gmail.com
[2025-09-04 10:34:46] [SUCCESS] Invoice FT C 25-09-0019 sent to yna572@yahoo.com
[2025-09-04 10:34:42] [SENDING] Invoice FT C 25-09-0019 to yna572@yahoo.com
[2025-09-04 10:34:42] [SUCCESS] Invoice FT C 25-09-0018 sent to fguchol@gmail.com
[2025-09-04 10:34:37] [SENDING] Invoice FT C 25-09-0018 to fguchol@gmail.com
[2025-09-04 10:34:37] [SUCCESS] Invoice FT C 25-09-0017 sent to grace.naputi@gmail.com
[2025-09-04 10:34:33] [SENDING] Invoice FT C 25-09-0017 to grace.naputi@gmail.com
[2025-09-04 10:34:32] [SUCCESS] Invoice FT C 25-09-0016 sent to mccord.pearl1296@gmail.com
[2025-09-04 10:34:28] [SENDING] Invoice FT C 25-09-0016 to mccord.pearl1296@gmail.com
[2025-09-04 10:34:28] [SUCCESS] Invoice FT C 25-09-0015 sent to bolivar0061@yahoo.com
[2025-09-04 10:34:23] [SENDING] Invoice FT C 25-09-0015 to bolivar0061@yahoo.com
[2025-09-04 10:34:23] [SUCCESS] Invoice FT C 25-09-0014 sent to cyndie202@yahoo.com
[2025-09-04 10:34:19] [SENDING] Invoice FT C 25-09-0014 to cyndie202@yahoo.com
[2025-09-04 10:34:19] [SUCCESS] Invoice FT C 25-09-0013 sent to annadionisio1994@gmail.com;aldzbrych@gmail.com;maryanna.dionisio@yahoo.com
[2025-09-04 10:34:14] [SENDING] Invoice FT C 25-09-0013 to annadionisio1994@gmail.com, aldzbrych@gmail.com, maryanna.dionisio@yahoo.com
[2025-09-04 10:34:14] [NOTICE] Invoice FT C 25-09-0013 Raw email partially sanitized. Original [annadionisio1994@gmail.com ; aldzbrych@gmail.com;maryanna.dionisio@yahoo.com]  Sanitized [annadionisio1994@gmail.com; aldzbrych@gmail.com; maryanna.dionisio@yahoo.com]
[2025-09-04 10:34:14] [SUCCESS] Invoice FT C 25-09-0012 sent to argie_buensalido@ctsi-logistics.com
[2025-09-04 10:34:10] [SENDING] Invoice FT C 25-09-0012 to argie_buensalido@ctsi-logistics.com
[2025-09-04 10:34:09] [SUCCESS] Invoice FT C 25-09-0001 sent to rms_admin@tanholdings.com
[2025-09-04 10:34:04] [SENDING] Invoice FT C 25-09-0001 to rms_admin@tanholdings.com
[2025-09-04 10:34:04] [SUCCESS] Invoice FT B 25-09-0016 sent to rms_admin@tanholdings.com
[2025-09-04 10:34:00] [SENDING] Invoice FT B 25-09-0016 to rms_admin@tanholdings.com
[2025-09-04 10:34:00] [SUCCESS] Invoice FT B 25-09-0007 sent to rms_admin@tanholdings.com
[2025-09-04 10:33:56] [SENDING] Invoice FT B 25-09-0007 to rms_admin@tanholdings.com
[2025-09-04 10:33:56] [SUCCESS] Invoice FT B 25-09-0006 sent to rms_admin@tanholdings.com
[2025-09-04 10:33:52] [SENDING] Invoice FT B 25-09-0006 to rms_admin@tanholdings.com
[2025-09-04 10:33:52] [SUCCESS] Invoice FT B 25-09-0001 sent to rms_admin@tanholdings.com
[2025-09-04 10:33:48] [SENDING] Invoice FT B 25-09-0001 to rms_admin@tanholdings.com
[2025-09-04 10:33:47] [SUCCESS] Invoice FT A 25-09-0023 sent to rms_admin@tanholdings.com
[2025-09-04 10:33:42] [SENDING] Invoice FT A 25-09-0023 to rms_admin@tanholdings.com
[2025-09-04 10:33:42] [SUCCESS] Invoice FT A 25-09-0016 sent to rms_admin@tanholdings.com
[2025-09-04 10:33:38] [SENDING] Invoice FT A 25-09-0016 to rms_admin@tanholdings.com
[2025-09-04 10:33:38] [SUCCESS] Invoice FT A 25-09-0011 sent to rms_admin@tanholdings.com
[2025-09-04 10:33:34] [SENDING] Invoice FT A 25-09-0011 to rms_admin@tanholdings.com
[2025-09-04 10:33:34] [SUCCESS] Invoice FT A 25-09-0010 sent to rms_admin@tanholdings.com
[2025-09-04 10:33:30] [SENDING] Invoice FT A 25-09-0010 to rms_admin@tanholdings.com
[2025-09-04 10:33:30] [SUCCESS] Invoice FT A 25-09-0007 sent to rms_admin@tanholdings.com
[2025-09-04 10:33:25] [SENDING] Invoice FT A 25-09-0007 to rms_admin@tanholdings.com
[2025-09-04 10:23:31] [SUCCESS] Invoice FT C 25-09-0011 sent to mary.hocog@gmail.com;geraldcrisostomo99@gmail.com
[2025-09-04 10:23:26] [SENDING] Invoice FT C 25-09-0011 to mary.hocog@gmail.com, geraldcrisostomo99@gmail.com
[2025-09-04 10:23:26] [SUCCESS] Invoice FT C 25-09-0010 sent to benrcruz@gmail.com
[2025-09-04 10:23:22] [SENDING] Invoice FT C 25-09-0010 to benrcruz@gmail.com
[2025-09-04 10:23:22] [SUCCESS] Invoice FT C 25-09-0009 sent to ivy.estores@gmail.com
[2025-09-04 10:23:18] [SENDING] Invoice FT C 25-09-0009 to ivy.estores@gmail.com
[2025-09-04 10:23:18] [SUCCESS] Invoice FT C 25-09-0008 sent to collin_apilado@yahoo.com
[2025-09-04 10:23:14] [SENDING] Invoice FT C 25-09-0008 to collin_apilado@yahoo.com
[2025-09-04 10:23:14] [SUCCESS] Invoice FT C 25-09-0007 sent to jhoy01301991@gmail.com
[2025-09-04 10:23:11] [SENDING] Invoice FT C 25-09-0007 to jhoy01301991@gmail.com
[2025-09-04 10:23:10] [SUCCESS] Invoice FT C 25-09-0006 sent to mamauagnida@gmail.com
[2025-09-04 10:23:06] [SENDING] Invoice FT C 25-09-0006 to mamauagnida@gmail.com
[2025-09-04 10:23:06] [SUCCESS] Invoice FT C 25-09-0005 sent to mjeury@yahoo.com
[2025-09-04 10:23:02] [SENDING] Invoice FT C 25-09-0005 to mjeury@yahoo.com
[2025-09-04 10:23:02] [SUCCESS] Invoice FT C 25-09-0004 sent to tenomary.jane@gmail.com;tenoriokorey@gmail.com
[2025-09-04 10:22:58] [SENDING] Invoice FT C 25-09-0004 to tenomary.jane@gmail.com, tenoriokorey@gmail.com
[2025-09-04 10:22:58] [SUCCESS] Invoice FT C 25-09-0003 sent to redjewel0329@gmail.com
[2025-09-04 10:22:53] [SENDING] Invoice FT C 25-09-0003 to redjewel0329@gmail.com
[2025-09-04 10:22:53] [SUCCESS] Invoice FT C 25-09-0002 sent to jmarieflores97@gmail.com
[2025-09-04 10:22:50] [SENDING] Invoice FT C 25-09-0002 to jmarieflores97@gmail.com
[2025-09-04 10:22:49] [SUCCESS] Invoice FT C 25-09-0001 sent to rms_admin@tanholdings.com
[2025-09-04 10:22:45] [SENDING] Invoice FT C 25-09-0001 to rms_admin@tanholdings.com
[2025-09-04 10:22:45] [SUCCESS] Invoice FT B 25-09-0020 sent to exqdingle@gmail.com
[2025-09-04 10:22:40] [SENDING] Invoice FT B 25-09-0020 to exqdingle@gmail.com
[2025-09-04 10:22:40] [SUCCESS] Invoice FT B 25-09-0019 sent to jeremiahf92300@gmail.com
[2025-09-04 10:22:36] [SENDING] Invoice FT B 25-09-0019 to jeremiahf92300@gmail.com
[2025-09-04 10:22:36] [SUCCESS] Invoice FT B 25-09-0018 sent to marie_borlongan@yahoo.com
[2025-09-04 10:22:31] [SENDING] Invoice FT B 25-09-0018 to marie_borlongan@yahoo.com
[2025-09-04 10:22:31] [SUCCESS] Invoice FT B 25-09-0017 sent to ensureta2@gmail.com
[2025-09-04 10:22:28] [SENDING] Invoice FT B 25-09-0017 to ensureta2@gmail.com
[2025-09-04 10:22:27] [SUCCESS] Invoice FT B 25-09-0016 sent to rms_admin@tanholdings.com
[2025-09-04 10:22:23] [SENDING] Invoice FT B 25-09-0016 to rms_admin@tanholdings.com
[2025-09-04 10:22:23] [SUCCESS] Invoice FT B 25-09-0015 sent to brian_magboo@tanholdings.com
[2025-09-04 10:22:19] [SENDING] Invoice FT B 25-09-0015 to brian_magboo@tanholdings.com
[2025-09-04 10:22:19] [SUCCESS] Invoice FT B 25-09-0014 sent to jimmypolk37@gmail.com
[2025-09-04 10:22:14] [SENDING] Invoice FT B 25-09-0014 to jimmypolk37@gmail.com
[2025-09-04 10:22:14] [SUCCESS] Invoice FT B 25-09-0013 sent to AUGUSTOMUSCA@GMAIL.COM
[2025-09-04 10:22:10] [SENDING] Invoice FT B 25-09-0013 to AUGUSTOMUSCA@GMAIL.COM
[2025-09-04 10:22:10] [SUCCESS] Invoice FT B 25-09-0012 sent to thisissaipan@gmail.com
[2025-09-04 10:22:06] [SENDING] Invoice FT B 25-09-0012 to thisissaipan@gmail.com
[2025-09-04 10:22:05] [SUCCESS] Invoice FT B 25-09-0011 sent to rdlagunay@gmail.com;rchiemaelagunay@gmail.com
[2025-09-04 10:22:01] [SENDING] Invoice FT B 25-09-0011 to rdlagunay@gmail.com, rchiemaelagunay@gmail.com
[2025-09-04 10:22:01] [SUCCESS] Invoice FT B 25-09-0010 sent to junjie.lou019@gmail.com;edwardmafnas05@gmail.com
[2025-09-04 10:21:57] [SENDING] Invoice FT B 25-09-0010 to junjie.lou019@gmail.com, edwardmafnas05@gmail.com
[2025-09-04 10:21:57] [SUCCESS] Invoice FT B 25-09-0009 sent to kiefferlagnada@gmail.com
[2025-09-04 10:21:53] [SENDING] Invoice FT B 25-09-0009 to kiefferlagnada@gmail.com
[2025-09-04 10:21:53] [SUCCESS] Invoice FT B 25-09-0008 sent to Elizabeth.Tabora@aloyoga.com;dante.tabora@yahoo.com
[2025-09-04 10:21:49] [SENDING] Invoice FT B 25-09-0008 to Elizabeth.Tabora@aloyoga.com, dante.tabora@yahoo.com
[2025-09-04 10:21:49] [SUCCESS] Invoice FT B 25-09-0007 sent to rms_admin@tanholdings.com
[2025-09-04 10:21:45] [SENDING] Invoice FT B 25-09-0007 to rms_admin@tanholdings.com
[2025-09-04 10:21:44] [SUCCESS] Invoice FT B 25-09-0006 sent to rms_admin@tanholdings.com
[2025-09-04 10:21:40] [SENDING] Invoice FT B 25-09-0006 to rms_admin@tanholdings.com
[2025-09-04 10:21:40] [SUCCESS] Invoice FT B 25-09-0005 sent to SOSEANNEDALIMOCON@YAHOO.COM
[2025-09-04 10:21:36] [SENDING] Invoice FT B 25-09-0005 to SOSEANNEDALIMOCON@YAHOO.COM
[2025-09-04 10:21:36] [SUCCESS] Invoice FT B 25-09-0004 sent to kzmi-fm@pticom.com
[2025-09-04 10:21:32] [SENDING] Invoice FT B 25-09-0004 to kzmi-fm@pticom.com
[2025-09-04 10:21:32] [SUCCESS] Invoice FT B 25-09-0003 sent to tubogmarcosa@gmail.com
[2025-09-04 10:21:27] [SENDING] Invoice FT B 25-09-0003 to tubogmarcosa@gmail.com
[2025-09-04 10:21:27] [SUCCESS] Invoice FT B 25-09-0002 sent to abreu.trishamae.alegre@gmail.com
[2025-09-04 10:21:23] [SENDING] Invoice FT B 25-09-0002 to abreu.trishamae.alegre@gmail.com
[2025-09-04 10:21:23] [SUCCESS] Invoice FT B 25-09-0001 sent to rms_admin@tanholdings.com
[2025-09-04 10:21:19] [SENDING] Invoice FT B 25-09-0001 to rms_admin@tanholdings.com
[2025-09-04 10:21:19] [SUCCESS] Invoice FT A 25-09-0023 sent to rms_admin@tanholdings.com
[2025-09-04 10:21:15] [SENDING] Invoice FT A 25-09-0023 to rms_admin@tanholdings.com
[2025-09-04 10:21:15] [SUCCESS] Invoice FT A 25-09-0022 sent to KARENITO2011@LIVE.COM;jgpabalan@gmail.com
[2025-09-04 10:21:12] [SENDING] Invoice FT A 25-09-0022 to KARENITO2011@LIVE.COM, jgpabalan@gmail.com
[2025-09-04 10:21:12] [NOTICE] Invoice FT A 25-09-0022 Raw email partially sanitized. Original [KARENITO2011@LIVE.COM;jgpabalan@gmail.com]  Sanitized [KARENITO2011@LIVE.COM; jgpabalan@gmail.com]
[2025-09-04 10:21:12] [SUCCESS] Invoice FT A 25-09-0021 sent to MaryAnn.Manglona@aksaipan.com;madleon70@hotmail.com
[2025-09-04 10:21:08] [SENDING] Invoice FT A 25-09-0021 to MaryAnn.Manglona@aksaipan.com, madleon70@hotmail.com
[2025-09-04 10:21:08] [SUCCESS] Invoice FT A 25-09-0020 sent to remel.drilon1971@gmail.com
[2025-09-04 10:21:03] [SENDING] Invoice FT A 25-09-0020 to remel.drilon1971@gmail.com
[2025-09-04 10:21:03] [SUCCESS] Invoice FT A 25-09-0019 sent to anabetinan@gmail.com
[2025-09-04 10:20:59] [SENDING] Invoice FT A 25-09-0019 to anabetinan@gmail.com
[2025-09-04 10:20:59] [SUCCESS] Invoice FT A 25-09-0018 sent to ekpalacios24@gmail.com
[2025-09-04 10:20:54] [SENDING] Invoice FT A 25-09-0018 to ekpalacios24@gmail.com
[2025-09-04 10:20:54] [SUCCESS] Invoice FT A 25-09-0017 sent to sevrenec@gmail.com
[2025-09-04 10:20:50] [SENDING] Invoice FT A 25-09-0017 to sevrenec@gmail.com
[2025-09-04 10:20:50] [SUCCESS] Invoice FT A 25-09-0016 sent to rms_admin@tanholdings.com
[2025-09-04 10:20:46] [SENDING] Invoice FT A 25-09-0016 to rms_admin@tanholdings.com
[2025-09-04 10:20:46] [SUCCESS] Invoice FT A 25-09-0015 sent to teresita_blas@yahoo.com
[2025-09-04 10:20:43] [SENDING] Invoice FT A 25-09-0015 to teresita_blas@yahoo.com
[2025-09-04 10:20:43] [SUCCESS] Invoice FT A 25-09-0014 sent to oding970@gmail.com
[2025-09-04 10:20:39] [SENDING] Invoice FT A 25-09-0014 to oding970@gmail.com
[2025-09-04 10:20:39] [SUCCESS] Invoice FT A 25-09-0013 sent to sirrobs69@gmail.com
[2025-09-04 10:20:35] [SENDING] Invoice FT A 25-09-0013 to sirrobs69@gmail.com
[2025-09-04 10:20:35] [SUCCESS] Invoice FT A 25-09-0012 sent to kikabasan@gmail.com
[2025-09-04 10:20:31] [SENDING] Invoice FT A 25-09-0012 to kikabasan@gmail.com
[2025-09-04 10:20:31] [SUCCESS] Invoice FT A 25-09-0011 sent to rms_admin@tanholdings.com
[2025-09-04 10:20:27] [SENDING] Invoice FT A 25-09-0011 to rms_admin@tanholdings.com
[2025-09-04 10:20:27] [SUCCESS] Invoice FT A 25-09-0010 sent to rms_admin@tanholdings.com
[2025-09-04 10:20:23] [SENDING] Invoice FT A 25-09-0010 to rms_admin@tanholdings.com
[2025-09-04 10:20:22] [SUCCESS] Invoice FT A 25-09-0009 sent to jenniemoria@gmail.com
[2025-09-04 10:20:18] [SENDING] Invoice FT A 25-09-0009 to jenniemoria@gmail.com
[2025-09-04 10:20:18] [SUCCESS] Invoice FT A 25-09-0008 sent to saddambatua@gmail.com
[2025-09-04 10:20:14] [SENDING] Invoice FT A 25-09-0008 to saddambatua@gmail.com
[2025-09-04 10:20:14] [SUCCESS] Invoice FT A 25-09-0007 sent to rms_admin@tanholdings.com
[2025-09-04 10:20:10] [SENDING] Invoice FT A 25-09-0007 to rms_admin@tanholdings.com
[2025-09-04 10:20:10] [SUCCESS] Invoice FT A 25-09-0006 sent to markivansapio@gmail.com
[2025-09-04 10:20:06] [SENDING] Invoice FT A 25-09-0006 to markivansapio@gmail.com
[2025-09-04 10:20:06] [SUCCESS] Invoice FT A 25-09-0005 sent to aira.abreu23@gmail.com
[2025-09-04 10:20:01] [SENDING] Invoice FT A 25-09-0005 to aira.abreu23@gmail.com
[2025-09-04 10:20:01] [SUCCESS] Invoice FT A 25-09-0004 sent to evelynalibio68@gmail.com
[2025-09-04 10:19:55] [SENDING] Invoice FT A 25-09-0004 to evelynalibio68@gmail.com
[2025-09-04 10:19:55] [SUCCESS] Invoice FT A 25-09-0003 sent to malousantosbansil@gmail.com
[2025-09-04 10:19:51] [SENDING] Invoice FT A 25-09-0003 to malousantosbansil@gmail.com
[2025-09-04 10:19:51] [SUCCESS] Invoice FT A 25-09-0002 sent to lietodai@gmail.com
[2025-09-04 10:19:46] [SENDING] Invoice FT A 25-09-0002 to lietodai@gmail.com
[2025-09-04 10:19:46] [SUCCESS] Invoice FT A 25-09-0001 sent to songcoelaiza05@gmail.com
[2025-09-04 10:19:42] [SENDING] Invoice FT A 25-09-0001 to songcoelaiza05@gmail.com
[2025-09-04 10:19:42] [SUCCESS] Invoice CTOWN 25-09-0001 sent to christy_villaflor@saipansoccerschool.org
[2025-09-04 10:19:38] [SENDING] Invoice CTOWN 25-09-0001 to christy_villaflor@saipansoccerschool.org
