[2025-04-01 16:45:35] [SKIPPED] Invoice WT 25-04-0020 - missing or invalid email
[2025-04-01 16:45:35] [READ-ONLY] Simulated send for invoice WT 25-04-0009
[2025-04-01 16:45:34] [READ-ONLY] Simulated send for invoice WT 25-04-0001
[2025-04-01 16:45:34] [SKIPPED] Invoice TSL 25-04-0009 - missing or invalid email
[2025-04-01 16:45:34] [SKIPPED] Invoice TSL 25-04-0001 - file not found CSystemrmspagesutilitiespdfASSURANCE BROKERS INC. DBA AB RISK SOLUTIONS-INVOICE-TSL 25-04-0001.pdf
[2025-04-01 16:45:34] [READ-ONLY] Simulated send for invoice SVT 25-04-0023
[2025-04-01 16:45:34] [READ-ONLY] Simulated send for invoice SVT 25-04-0019
[2025-04-01 16:45:34] [READ-ONLY] Simulated send for invoice OVT 25-04-0005
[2025-04-01 16:45:34] [READ-ONLY] Simulated send for invoice LNH 25-04-0017
[2025-04-01 16:45:34] [READ-ONLY] Simulated send for invoice LNH 25-04-0014
[2025-04-01 16:45:34] [READ-ONLY] Simulated send for invoice LNH 25-04-0009
[2025-04-01 16:45:34] [READ-ONLY] Simulated send for invoice LNH 25-04-0004
[2025-04-01 16:45:33] [READ-ONLY] Simulated send for invoice LNH 25-04-0001
[2025-04-01 16:45:33] [READ-ONLY] Simulated send for invoice JPC 25-04-0009
[2025-04-01 16:45:33] [READ-ONLY] Simulated send for invoice GC B 25-04-0021
[2025-04-01 16:45:33] [READ-ONLY] Simulated send for invoice GC B 25-04-0020
[2025-04-01 16:45:33] [READ-ONLY] Simulated send for invoice GC B 25-04-0019
[2025-04-01 16:45:33] [READ-ONLY] Simulated send for invoice GC B 25-04-0018
[2025-04-01 16:45:33] [READ-ONLY] Simulated send for invoice GC B 25-04-0015
[2025-04-01 16:45:33] [READ-ONLY] Simulated send for invoice GC B 25-04-0007
[2025-04-01 16:45:33] [READ-ONLY] Simulated send for invoice GC A 25-04-0018
[2025-04-01 16:45:33] [READ-ONLY] Simulated send for invoice GC A 25-04-0016
[2025-04-01 16:45:32] [READ-ONLY] Simulated send for invoice GC A 25-04-0010
[2025-04-01 16:45:32] [READ-ONLY] Simulated send for invoice GC A 25-04-0009
[2025-04-01 16:45:32] [READ-ONLY] Simulated send for invoice GC A 25-04-0007
[2025-04-01 16:45:32] [READ-ONLY] Simulated send for invoice GC A 25-04-0002
[2025-04-01 16:45:32] [READ-ONLY] Simulated send for invoice GC A 25-04-0001
[2025-04-01 16:45:32] [READ-ONLY] Simulated send for invoice FT D 25-04-0019
[2025-04-01 16:45:32] [READ-ONLY] Simulated send for invoice FT D 25-04-0016
[2025-04-01 16:45:31] [READ-ONLY] Simulated send for invoice FT D 25-04-0007
[2025-04-01 16:45:31] [READ-ONLY] Simulated send for invoice FT D 25-04-0004
[2025-04-01 16:45:31] [READ-ONLY] Simulated send for invoice FT D 25-04-0002
[2025-04-01 16:45:31] [READ-ONLY] Simulated send for invoice FT D 25-04-0001
[2025-04-01 16:45:31] [READ-ONLY] Simulated send for invoice FT C 25-04-0034
[2025-04-01 16:45:31] [READ-ONLY] Simulated send for invoice FT C 25-04-0031
[2025-04-01 16:45:31] [READ-ONLY] Simulated send for invoice FT C 25-04-0028
[2025-04-01 16:45:31] [READ-ONLY] Simulated send for invoice FT C 25-04-0002
[2025-04-01 16:45:30] [READ-ONLY] Simulated send for invoice FT B 25-04-0018
[2025-04-01 16:45:30] [READ-ONLY] Simulated send for invoice FT B 25-04-0015
[2025-04-01 16:45:30] [READ-ONLY] Simulated send for invoice FT B 25-04-0009
[2025-04-01 16:45:30] [READ-ONLY] Simulated send for invoice FT B 25-04-0001
[2025-04-01 16:45:30] [SKIPPED] Invoice FT A 25-04-0023 - missing or invalid email
[2025-04-01 16:45:30] [SUCCESS] Invoice WT 25-04-0001 sent to rms_admin@tanholdings.com
[2025-04-01 16:45:30] [READ-ONLY] Simulated send for invoice FT A 25-04-0022
[2025-04-01 16:45:30] [READ-ONLY] Simulated send for invoice FT A 25-04-0015
[2025-04-01 16:45:30] [READ-ONLY] Simulated send for invoice FT A 25-04-0010
[2025-04-01 16:45:30] [READ-ONLY] Simulated send for invoice FT A 25-04-0009
[2025-04-01 16:45:30] [READ-ONLY] Simulated send for invoice FT A 25-04-0006
[2025-04-01 16:45:25] [SENDING] Invoice WT 25-04-0001 to rms_admin@tanholdings.com
[2025-04-01 16:45:25] [SKIPPED] Invoice TSL 25-04-0009 - missing or invalid email
[2025-04-01 16:45:25] [SKIPPED] Invoice TSL 25-04-0001 - file not found CSystemrmspagesutilitiespdfASSURANCE BROKERS INC. DBA AB RISK SOLUTIONS-INVOICE-TSL 25-04-0001.pdf
[2025-04-01 16:45:25] [SUCCESS] Invoice SVT 25-04-0023 sent to rms_admin@tanholdings.com
[2025-04-01 16:45:20] [SENDING] Invoice SVT 25-04-0023 to rms_admin@tanholdings.com
[2025-04-01 16:45:20] [SUCCESS] Invoice SVT 25-04-0019 sent to rms_admin@tanholdings.com
[2025-04-01 16:45:15] [SENDING] Invoice SVT 25-04-0019 to rms_admin@tanholdings.com
[2025-04-01 16:45:14] [READ-ONLY] Simulated send for invoice OVT 25-04-0005
[2025-04-01 16:45:14] [READ-ONLY] Simulated send for invoice LNH 25-04-0017
[2025-04-01 16:45:14] [READ-ONLY] Simulated send for invoice LNH 25-04-0014
[2025-04-01 16:45:14] [READ-ONLY] Simulated send for invoice LNH 25-04-0009
[2025-04-01 16:45:14] [READ-ONLY] Simulated send for invoice LNH 25-04-0004
[2025-04-01 16:45:14] [READ-ONLY] Simulated send for invoice LNH 25-04-0001
[2025-04-01 16:45:14] [READ-ONLY] Simulated send for invoice JPC 25-04-0009
[2025-04-01 16:45:14] [READ-ONLY] Simulated send for invoice GC B 25-04-0021
[2025-04-01 16:45:14] [READ-ONLY] Simulated send for invoice GC B 25-04-0020
[2025-04-01 16:45:14] [READ-ONLY] Simulated send for invoice GC B 25-04-0019
[2025-04-01 16:45:13] [READ-ONLY] Simulated send for invoice GC B 25-04-0018
[2025-04-01 16:45:13] [READ-ONLY] Simulated send for invoice GC B 25-04-0015
[2025-04-01 16:45:13] [READ-ONLY] Simulated send for invoice GC B 25-04-0007
[2025-04-01 16:45:13] [READ-ONLY] Simulated send for invoice GC A 25-04-0018
[2025-04-01 16:45:13] [READ-ONLY] Simulated send for invoice GC A 25-04-0016
[2025-04-01 16:45:13] [READ-ONLY] Simulated send for invoice GC A 25-04-0010
[2025-04-01 16:45:13] [READ-ONLY] Simulated send for invoice GC A 25-04-0009
[2025-04-01 16:45:13] [READ-ONLY] Simulated send for invoice GC A 25-04-0007
[2025-04-01 16:45:13] [READ-ONLY] Simulated send for invoice GC A 25-04-0002
[2025-04-01 16:45:13] [READ-ONLY] Simulated send for invoice GC A 25-04-0001
[2025-04-01 16:45:12] [READ-ONLY] Simulated send for invoice FT D 25-04-0019
[2025-04-01 16:45:12] [READ-ONLY] Simulated send for invoice FT D 25-04-0016
[2025-04-01 16:45:12] [READ-ONLY] Simulated send for invoice FT D 25-04-0007
[2025-04-01 16:45:12] [READ-ONLY] Simulated send for invoice FT D 25-04-0004
[2025-04-01 16:45:12] [READ-ONLY] Simulated send for invoice FT D 25-04-0002
[2025-04-01 16:45:12] [READ-ONLY] Simulated send for invoice FT D 25-04-0001
[2025-04-01 16:45:12] [READ-ONLY] Simulated send for invoice FT C 25-04-0034
[2025-04-01 16:45:12] [READ-ONLY] Simulated send for invoice FT C 25-04-0031
[2025-04-01 16:45:12] [READ-ONLY] Simulated send for invoice FT C 25-04-0028
[2025-04-01 16:45:12] [READ-ONLY] Simulated send for invoice FT C 25-04-0002
[2025-04-01 16:45:11] [READ-ONLY] Simulated send for invoice FT B 25-04-0018
[2025-04-01 16:45:11] [READ-ONLY] Simulated send for invoice FT B 25-04-0015
[2025-04-01 16:45:11] [READ-ONLY] Simulated send for invoice FT B 25-04-0009
[2025-04-01 16:45:11] [READ-ONLY] Simulated send for invoice FT B 25-04-0001
[2025-04-01 16:45:11] [SKIPPED] Invoice FT A 25-04-0023 - missing or invalid email
[2025-04-01 16:45:11] [READ-ONLY] Simulated send for invoice FT A 25-04-0022
[2025-04-01 16:45:11] [READ-ONLY] Simulated send for invoice FT A 25-04-0015
[2025-04-01 16:45:11] [READ-ONLY] Simulated send for invoice FT A 25-04-0010
[2025-04-01 16:45:11] [READ-ONLY] Simulated send for invoice FT A 25-04-0009
[2025-04-01 16:45:11] [READ-ONLY] Simulated send for invoice FT A 25-04-0006
[2025-04-01 16:16:02] [SKIPPED] Invoice WT 25-04-0020 - missing or invalid email
[2025-04-01 16:16:02] [READ-ONLY] Simulated send for invoice WT 25-04-0009
[2025-04-01 16:16:01] [READ-ONLY] Simulated send for invoice WT 25-04-0001
[2025-04-01 16:16:01] [SKIPPED] Invoice TSL 25-04-0009 - missing or invalid email
[2025-04-01 16:16:01] [SKIPPED] Invoice TSL 25-04-0001 - file not found CSystemrmspagesutilitiespdfASSURANCE BROKERS INC. DBA AB RISK SOLUTIONS-INVOICE-TSL 25-04-0001.pdf
[2025-04-01 16:16:01] [READ-ONLY] Simulated send for invoice SVT 25-04-0023
[2025-04-01 16:16:01] [READ-ONLY] Simulated send for invoice SVT 25-04-0019
[2025-04-01 16:16:01] [READ-ONLY] Simulated send for invoice OVT 25-04-0005
[2025-04-01 16:16:01] [READ-ONLY] Simulated send for invoice LNH 25-04-0017
[2025-04-01 16:16:01] [READ-ONLY] Simulated send for invoice LNH 25-04-0014
[2025-04-01 16:16:01] [READ-ONLY] Simulated send for invoice LNH 25-04-0009
[2025-04-01 16:16:01] [READ-ONLY] Simulated send for invoice LNH 25-04-0004
[2025-04-01 16:16:00] [READ-ONLY] Simulated send for invoice LNH 25-04-0001
[2025-04-01 16:16:00] [READ-ONLY] Simulated send for invoice JPC 25-04-0009
[2025-04-01 16:16:00] [READ-ONLY] Simulated send for invoice GC B 25-04-0021
[2025-04-01 16:16:00] [READ-ONLY] Simulated send for invoice GC B 25-04-0020
[2025-04-01 16:16:00] [READ-ONLY] Simulated send for invoice GC B 25-04-0019
[2025-04-01 16:16:00] [READ-ONLY] Simulated send for invoice GC B 25-04-0018
[2025-04-01 16:16:00] [READ-ONLY] Simulated send for invoice GC B 25-04-0015
[2025-04-01 16:16:00] [READ-ONLY] Simulated send for invoice GC B 25-04-0007
[2025-04-01 16:16:00] [READ-ONLY] Simulated send for invoice GC A 25-04-0018
[2025-04-01 16:16:00] [READ-ONLY] Simulated send for invoice GC A 25-04-0016
[2025-04-01 16:15:59] [READ-ONLY] Simulated send for invoice GC A 25-04-0010
[2025-04-01 16:15:59] [READ-ONLY] Simulated send for invoice GC A 25-04-0009
[2025-04-01 16:15:59] [READ-ONLY] Simulated send for invoice GC A 25-04-0007
[2025-04-01 16:15:59] [READ-ONLY] Simulated send for invoice GC A 25-04-0002
[2025-04-01 16:15:59] [READ-ONLY] Simulated send for invoice GC A 25-04-0001
[2025-04-01 16:15:59] [READ-ONLY] Simulated send for invoice FT D 25-04-0019
[2025-04-01 16:15:59] [READ-ONLY] Simulated send for invoice FT D 25-04-0016
[2025-04-01 16:15:59] [READ-ONLY] Simulated send for invoice FT D 25-04-0007
[2025-04-01 16:15:59] [READ-ONLY] Simulated send for invoice FT D 25-04-0004
[2025-04-01 16:15:59] [READ-ONLY] Simulated send for invoice FT D 25-04-0002
[2025-04-01 16:15:58] [READ-ONLY] Simulated send for invoice FT D 25-04-0001
[2025-04-01 16:15:58] [READ-ONLY] Simulated send for invoice FT C 25-04-0034
[2025-04-01 16:15:58] [READ-ONLY] Simulated send for invoice FT C 25-04-0031
[2025-04-01 16:15:58] [READ-ONLY] Simulated send for invoice FT C 25-04-0028
[2025-04-01 16:15:58] [READ-ONLY] Simulated send for invoice FT C 25-04-0002
[2025-04-01 16:15:58] [READ-ONLY] Simulated send for invoice FT B 25-04-0018
[2025-04-01 16:15:58] [READ-ONLY] Simulated send for invoice FT B 25-04-0015
[2025-04-01 16:15:58] [READ-ONLY] Simulated send for invoice FT B 25-04-0009
[2025-04-01 16:15:58] [READ-ONLY] Simulated send for invoice FT B 25-04-0001
[2025-04-01 16:15:58] [SKIPPED] Invoice FT A 25-04-0023 - missing or invalid email
[2025-04-01 16:15:57] [READ-ONLY] Simulated send for invoice FT A 25-04-0022
[2025-04-01 16:15:57] [READ-ONLY] Simulated send for invoice FT A 25-04-0015
[2025-04-01 16:15:57] [READ-ONLY] Simulated send for invoice FT A 25-04-0010
[2025-04-01 16:15:57] [READ-ONLY] Simulated send for invoice FT A 25-04-0009
[2025-04-01 16:15:57] [READ-ONLY] Simulated send for invoice FT A 25-04-0006
[2025-04-01 16:04:11] [SUCCESS] Invoice WT 25-04-0024 sent to topzne1@yahoo.com
[2025-04-01 16:04:05] [SENDING] Invoice WT 25-04-0024 to topzne1@yahoo.com
[2025-04-01 16:04:05] [SUCCESS] Invoice WT 25-04-0023 sent to david.baker@united.com
[2025-04-01 16:03:59] [SENDING] Invoice WT 25-04-0023 to david.baker@united.com
[2025-04-01 16:03:59] [SUCCESS] Invoice WT 25-04-0022 sent to mvargas@nmifa.com
[2025-04-01 16:03:54] [SENDING] Invoice WT 25-04-0022 to mvargas@nmifa.com
[2025-04-01 16:03:54] [SUCCESS] Invoice WT 25-04-0021 sent to dbjohnson6464@gmail.com
[2025-04-01 16:03:48] [SENDING] Invoice WT 25-04-0021 to dbjohnson6464@gmail.com
[2025-04-01 16:03:48] [SKIPPED] Invoice WT 25-04-0020 - missing or invalid email
[2025-04-01 16:03:47] [SUCCESS] Invoice WT 25-04-0019 sent to magie_chavez@saipantribune.com
[2025-04-01 16:03:41] [SENDING] Invoice WT 25-04-0019 to magie_chavez@saipantribune.com
[2025-04-01 16:03:41] [SUCCESS] Invoice WT 25-04-0018 sent to 3876@pm.me
[2025-04-01 16:03:36] [SENDING] Invoice WT 25-04-0018 to 3876@pm.me
[2025-04-01 16:03:36] [SUCCESS] Invoice WT 25-04-0017 sent to kkingnabors@gmail.com
[2025-04-01 16:03:31] [SENDING] Invoice WT 25-04-0017 to kkingnabors@gmail.com
[2025-04-01 16:03:31] [SUCCESS] Invoice WT 25-04-0016 sent to rusellezapanta@nmifa.com;ruselle.zapanta@gmail.com
[2025-04-01 16:03:27] [SENDING] Invoice WT 25-04-0016 to rusellezapanta@nmifa.com, ruselle.zapanta@gmail.com
[2025-04-01 16:03:27] [SUCCESS] Invoice WT 25-04-0015 sent to raymond_zapanta@tanholdings.com
[2025-04-01 16:03:21] [SENDING] Invoice WT 25-04-0015 to raymond_zapanta@tanholdings.com
[2025-04-01 16:03:20] [SUCCESS] Invoice WT 25-04-0014 sent to jkkim2@jejuair.net
[2025-04-01 16:03:15] [SENDING] Invoice WT 25-04-0014 to jkkim2@jejuair.net
[2025-04-01 16:03:15] [SUCCESS] Invoice WT 25-04-0013 sent to roselynmonroyo@gmail.com
[2025-04-01 16:03:09] [SENDING] Invoice WT 25-04-0013 to roselynmonroyo@gmail.com
[2025-04-01 16:03:09] [SUCCESS] Invoice WT 25-04-0012 sent to wkppeter@msn.com;wkppeter@pacificgrocers.com
[2025-04-01 16:03:04] [SENDING] Invoice WT 25-04-0012 to wkppeter@msn.com, wkppeter@pacificgrocers.com
[2025-04-01 16:03:04] [SUCCESS] Invoice WT 25-04-0011 sent to mhudkins@pticom.com
[2025-04-01 16:02:59] [SENDING] Invoice WT 25-04-0011 to mhudkins@pticom.com
[2025-04-01 16:02:59] [SUCCESS] Invoice WT 25-04-0010 sent to eabuan1606@gmail.com;elisadp0502@gmail.com
[2025-04-01 16:02:54] [SENDING] Invoice WT 25-04-0010 to eabuan1606@gmail.com, elisadp0502@gmail.com
[2025-04-01 16:02:53] [SUCCESS] Invoice WT 25-04-0009 sent to rms_admin@tanholdings.com
[2025-04-01 16:02:47] [SENDING] Invoice WT 25-04-0009 to rms_admin@tanholdings.com
[2025-04-01 16:02:47] [SUCCESS] Invoice WT 25-04-0008 sent to kevinjahswit@gmail.com
[2025-04-01 16:02:41] [SENDING] Invoice WT 25-04-0008 to kevinjahswit@gmail.com
[2025-04-01 16:02:41] [SUCCESS] Invoice WT 25-04-0007 sent to geri@itecnmi.com
[2025-04-01 16:02:35] [SENDING] Invoice WT 25-04-0007 to geri@itecnmi.com
[2025-04-01 16:02:35] [SUCCESS] Invoice WT 25-04-0006 sent to msablan@triplejguam.com
[2025-04-01 16:02:30] [SENDING] Invoice WT 25-04-0006 to msablan@triplejguam.com
[2025-04-01 16:02:30] [SUCCESS] Invoice WT 25-04-0005 sent to sac4.hi2yoh3.spn@gmail.com
[2025-04-01 16:02:24] [SENDING] Invoice WT 25-04-0005 to sac4.hi2yoh3.spn@gmail.com
[2025-04-01 16:02:23] [SUCCESS] Invoice WT 25-04-0004 sent to senatorfqcruz@gmail.com
[2025-04-01 16:02:17] [SENDING] Invoice WT 25-04-0004 to senatorfqcruz@gmail.com
[2025-04-01 16:02:17] [SUCCESS] Invoice WT 25-04-0003 sent to phsannicolas.sn5@gmail.com
[2025-04-01 16:02:11] [SENDING] Invoice WT 25-04-0003 to phsannicolas.sn5@gmail.com
[2025-04-01 16:02:11] [SUCCESS] Invoice WT 25-04-0002 sent to merlie_tolentino@tanholdings.com
[2025-04-01 16:02:06] [SENDING] Invoice WT 25-04-0002 to merlie_tolentino@tanholdings.com
[2025-04-01 16:02:06] [SUCCESS] Invoice WT 25-04-0001 sent to rms_admin@tanholdings.com
[2025-04-01 16:02:00] [SENDING] Invoice WT 25-04-0001 to rms_admin@tanholdings.com
[2025-04-01 16:02:00] [SUCCESS] Invoice TSL 25-04-0010 sent to ferdinand_santos@tanholdings.com
[2025-04-01 16:01:55] [SENDING] Invoice TSL 25-04-0010 to ferdinand_santos@tanholdings.com
[2025-04-01 16:01:54] [SKIPPED] Invoice TSL 25-04-0009 - missing or invalid email
[2025-04-01 16:01:54] [SUCCESS] Invoice TSL 25-04-0008 sent to PAEinbox@am.jll.com;RealEstate@amentum.com
[2025-04-01 16:01:49] [SENDING] Invoice TSL 25-04-0008 to PAEinbox@am.jll.com, RealEstate@amentum.com
[2025-04-01 16:01:49] [SUCCESS] Invoice TSL 25-04-0007 sent to ferdinand_santos@tanholdings.com
[2025-04-01 16:01:42] [SENDING] Invoice TSL 25-04-0007 to ferdinand_santos@tanholdings.com
[2025-04-01 16:01:42] [SUCCESS] Invoice TSL 25-04-0006 sent to Yvonne.Pangelinan@ASCTrust.com;angelli.garcia@asctrust.com
[2025-04-01 16:01:36] [SENDING] Invoice TSL 25-04-0006 to Yvonne.Pangelinan@ASCTrust.com, angelli.garcia@asctrust.com
[2025-04-01 16:01:36] [SUCCESS] Invoice TSL 25-04-0005 sent to louie@winwinwaycnmi.com
[2025-04-01 16:01:30] [SENDING] Invoice TSL 25-04-0005 to louie@winwinwaycnmi.com
[2025-04-01 16:01:29] [SUCCESS] Invoice TSL 25-04-0004 sent to bbanzuela@nortonlilly.com
[2025-04-01 16:01:24] [SENDING] Invoice TSL 25-04-0004 to bbanzuela@nortonlilly.com
[2025-04-01 16:01:24] [SUCCESS] Invoice TSL 25-04-0003 sent to jlimtiaco@dlslab.com
[2025-04-01 16:01:18] [SENDING] Invoice TSL 25-04-0003 to jlimtiaco@dlslab.com
[2025-04-01 16:01:18] [SUCCESS] Invoice TSL 25-04-0002 sent to melani.santos@takecareasia.com;leilani.pangelinan@takecareasia.com
[2025-04-01 16:01:12] [SENDING] Invoice TSL 25-04-0002 to melani.santos@takecareasia.com, leilani.pangelinan@takecareasia.com
[2025-04-01 16:01:12] [SKIPPED] Invoice TSL 25-04-0001 - file not found CSystemrmspagesutilitiespdfASSURANCE BROKERS INC. DBA AB RISK SOLUTIONS-INVOICE-TSL 25-04-0001.pdf
[2025-04-01 16:01:12] [SUCCESS] Invoice SVT 25-04-0024 sent to jm_lacandazo@yahoo.com
[2025-04-01 16:01:07] [SENDING] Invoice SVT 25-04-0024 to jm_lacandazo@yahoo.com
[2025-04-01 16:01:06] [SUCCESS] Invoice SVT 25-04-0023 sent to rms_admin@tanholdings.com
[2025-04-01 16:01:00] [SENDING] Invoice SVT 25-04-0023 to rms_admin@tanholdings.com
[2025-04-01 16:01:00] [SUCCESS] Invoice SVT 25-04-0022 sent to rinarobles18@gmail.com
[2025-04-01 16:00:56] [SENDING] Invoice SVT 25-04-0022 to rinarobles18@gmail.com
[2025-04-01 16:00:56] [SUCCESS] Invoice SVT 25-04-0021 sent to julie_litulumar@kanoaresort.com
[2025-04-01 16:00:50] [SENDING] Invoice SVT 25-04-0021 to julie_litulumar@kanoaresort.com
[2025-04-01 16:00:50] [SUCCESS] Invoice SVT 25-04-0020 sent to portizengi89@hotmail.com
[2025-04-01 16:00:45] [SENDING] Invoice SVT 25-04-0020 to portizengi89@hotmail.com
[2025-04-01 16:00:45] [SUCCESS] Invoice SVT 25-04-0019 sent to rms_admin@tanholdings.com
[2025-04-01 16:00:40] [SENDING] Invoice SVT 25-04-0019 to rms_admin@tanholdings.com
[2025-04-01 16:00:39] [SUCCESS] Invoice SVT 25-04-0018 sent to nites_millo@poiaviation.com
[2025-04-01 16:00:34] [SENDING] Invoice SVT 25-04-0018 to nites_millo@poiaviation.com
[2025-04-01 16:00:34] [SUCCESS] Invoice SVT 25-04-0017 sent to jujolinnea@gmail.com
[2025-04-01 16:00:29] [SENDING] Invoice SVT 25-04-0017 to jujolinnea@gmail.com
[2025-04-01 16:00:29] [SUCCESS] Invoice SVT 25-04-0016 sent to ashleytudela670@gmail.com
[2025-04-01 16:00:24] [SENDING] Invoice SVT 25-04-0016 to ashleytudela670@gmail.com
[2025-04-01 16:00:24] [SUCCESS] Invoice SVT 25-04-0015 sent to annvelasco.rn@gmail.com
[2025-04-01 16:00:20] [SENDING] Invoice SVT 25-04-0015 to annvelasco.rn@gmail.com
[2025-04-01 16:00:20] [SUCCESS] Invoice SVT 25-04-0014 sent to ronald_alcantara@ctsi-logistics.com
[2025-04-01 16:00:14] [SENDING] Invoice SVT 25-04-0014 to ronald_alcantara@ctsi-logistics.com
[2025-04-01 16:00:13] [SUCCESS] Invoice SVT 25-04-0013 sent to reloxlen@yahoo.com
[2025-04-01 16:00:07] [SENDING] Invoice SVT 25-04-0013 to reloxlen@yahoo.com
[2025-04-01 16:00:07] [SUCCESS] Invoice SVT 25-04-0012 sent to acristobalace@gmail.com;angelo_cristobal@tanholdings.com
[2025-04-01 16:00:02] [SENDING] Invoice SVT 25-04-0012 to acristobalace@gmail.com, angelo_cristobal@tanholdings.com
[2025-04-01 16:00:02] [SUCCESS] Invoice SVT 25-04-0011 sent to frozennipple.slg@gmail.com
[2025-04-01 15:59:56] [SENDING] Invoice SVT 25-04-0011 to frozennipple.slg@gmail.com
[2025-04-01 15:59:56] [SUCCESS] Invoice SVT 25-04-0010 sent to spnsza@gmail.com
[2025-04-01 15:59:51] [SENDING] Invoice SVT 25-04-0010 to spnsza@gmail.com
[2025-04-01 15:59:51] [SUCCESS] Invoice SVT 25-04-0009 sent to miles511@gmail.com;nateguerrero93@gmail.com
[2025-04-01 15:59:46] [SENDING] Invoice SVT 25-04-0009 to miles511@gmail.com, nateguerrero93@gmail.com
[2025-04-01 15:59:45] [SUCCESS] Invoice SVT 25-04-0008 sent to ednaruluked@gmail.com
[2025-04-01 15:59:40] [SENDING] Invoice SVT 25-04-0008 to ednaruluked@gmail.com
[2025-04-01 15:59:40] [SUCCESS] Invoice SVT 25-04-0007 sent to mamamoru@gmail.com
[2025-04-01 15:59:35] [SENDING] Invoice SVT 25-04-0007 to mamamoru@gmail.com
[2025-04-01 15:59:35] [SUCCESS] Invoice SVT 25-04-0006 sent to jmatias27@gmail.com
[2025-04-01 15:59:28] [SENDING] Invoice SVT 25-04-0006 to jmatias27@gmail.com
[2025-04-01 15:59:28] [SUCCESS] Invoice SVT 25-04-0005 sent to fpj@startmail.com
[2025-04-01 15:59:23] [SENDING] Invoice SVT 25-04-0005 to fpj@startmail.com
[2025-04-01 15:59:23] [SUCCESS] Invoice SVT 25-04-0004 sent to allsonpaulopepito@ymail.com;angelinevelasco06@yahoo.com
[2025-04-01 15:59:18] [SENDING] Invoice SVT 25-04-0004 to allsonpaulopepito@ymail.com, angelinevelasco06@yahoo.com
[2025-04-01 15:59:17] [SUCCESS] Invoice SVT 25-04-0003 sent to jane.venusnocentelli@yahoo.com
[2025-04-01 15:59:12] [SENDING] Invoice SVT 25-04-0003 to jane.venusnocentelli@yahoo.com
[2025-04-01 15:59:12] [SUCCESS] Invoice SVT 25-04-0002 sent to gol_corpuz@centuryinsurancegroup.net
[2025-04-01 15:59:06] [SENDING] Invoice SVT 25-04-0002 to gol_corpuz@centuryinsurancegroup.net
[2025-04-01 15:59:06] [SUCCESS] Invoice SVT 25-04-0001 sent to kevin.calibo94@gmail.com
[2025-04-01 15:59:01] [SENDING] Invoice SVT 25-04-0001 to kevin.calibo94@gmail.com
[2025-04-01 15:59:01] [SUCCESS] Invoice OVT 25-04-0020 sent to villaflor_chris@yahoo.com;christy_villaflor@saipansoccerschool.org
[2025-04-01 15:58:56] [SENDING] Invoice OVT 25-04-0020 to villaflor_chris@yahoo.com, christy_villaflor@saipansoccerschool.org
[2025-04-01 15:58:56] [SUCCESS] Invoice OVT 25-04-0019 sent to elna_curate@tanholdings.com
[2025-04-01 15:58:50] [SENDING] Invoice OVT 25-04-0019 to elna_curate@tanholdings.com
[2025-04-01 15:58:49] [SUCCESS] Invoice OVT 25-04-0018 sent to xinyue725@gmail.com
[2025-04-01 15:58:43] [SENDING] Invoice OVT 25-04-0018 to xinyue725@gmail.com
[2025-04-01 15:58:43] [SUCCESS] Invoice OVT 25-04-0017 sent to waltermacaranas97@gmail.com
[2025-04-01 15:58:38] [SENDING] Invoice OVT 25-04-0017 to waltermacaranas97@gmail.com
[2025-04-01 15:58:38] [SUCCESS] Invoice OVT 25-04-0016 sent to fatimavhizon17@gmail.com
[2025-04-01 15:58:32] [SENDING] Invoice OVT 25-04-0016 to fatimavhizon17@gmail.com
[2025-04-01 15:58:32] [SUCCESS] Invoice OVT 25-04-0015 sent to franco.mendoza@itehq.net
[2025-04-01 15:58:26] [SENDING] Invoice OVT 25-04-0015 to franco.mendoza@itehq.net
[2025-04-01 15:58:26] [SUCCESS] Invoice OVT 25-04-0014 sent to bouchard.brian@gmail.com
[2025-04-01 15:58:21] [SENDING] Invoice OVT 25-04-0014 to bouchard.brian@gmail.com
[2025-04-01 15:58:20] [SUCCESS] Invoice OVT 25-04-0013 sent to 2011824-fin@churchofjesuschrist.org
[2025-04-01 15:58:15] [SENDING] Invoice OVT 25-04-0013 to 2011824-fin@churchofjesuschrist.org
[2025-04-01 15:58:15] [SUCCESS] Invoice OVT 25-04-0012 sent to agila_lax@yahoo.com
[2025-04-01 15:58:11] [SENDING] Invoice OVT 25-04-0012 to agila_lax@yahoo.com
[2025-04-01 15:58:11] [SUCCESS] Invoice OVT 25-04-0011 sent to hongye27@hotmail.com
[2025-04-01 15:58:05] [SENDING] Invoice OVT 25-04-0011 to hongye27@hotmail.com
[2025-04-01 15:58:05] [SUCCESS] Invoice OVT 25-04-0010 sent to judy_mendieta@tanholdings.com
[2025-04-01 15:57:59] [SENDING] Invoice OVT 25-04-0010 to judy_mendieta@tanholdings.com
[2025-04-01 15:57:59] [SUCCESS] Invoice OVT 25-04-0009 sent to coalsonkodep@gmail.com
[2025-04-01 15:57:54] [SENDING] Invoice OVT 25-04-0009 to coalsonkodep@gmail.com
[2025-04-01 15:57:53] [SUCCESS] Invoice OVT 25-04-0008 sent to jvoacolo@generationrenewableinc.com;apcnmi@micronesiarenewableenergy.com
[2025-04-01 15:57:48] [SENDING] Invoice OVT 25-04-0008 to jvoacolo@generationrenewableinc.com, apcnmi@micronesiarenewableenergy.com
[2025-04-01 15:57:48] [SUCCESS] Invoice OVT 25-04-0007 sent to paulwcamacho@gmail.com
[2025-04-01 15:57:43] [SENDING] Invoice OVT 25-04-0007 to paulwcamacho@gmail.com
[2025-04-01 15:57:43] [SUCCESS] Invoice OVT 25-04-0006 sent to jrconcepcion615@gmail.com
[2025-04-01 15:57:38] [SENDING] Invoice OVT 25-04-0006 to jrconcepcion615@gmail.com
[2025-04-01 15:57:38] [SUCCESS] Invoice OVT 25-04-0005 sent to rms_admin@tanholdings.com
[2025-04-01 15:57:33] [SENDING] Invoice OVT 25-04-0005 to rms_admin@tanholdings.com
[2025-04-01 15:57:33] [SUCCESS] Invoice OVT 25-04-0004 sent to r.t.tanzawa@gmail.com;kenryu@pticom.com
[2025-04-01 15:57:28] [SENDING] Invoice OVT 25-04-0004 to r.t.tanzawa@gmail.com, kenryu@pticom.com
[2025-04-01 15:57:27] [SUCCESS] Invoice OVT 25-04-0003 sent to skii1123@naver.com
[2025-04-01 15:57:22] [SENDING] Invoice OVT 25-04-0003 to skii1123@naver.com
[2025-04-01 15:57:22] [SUCCESS] Invoice OVT 25-04-0002 sent to andy.qin@hotmail.com
[2025-04-01 15:57:17] [SENDING] Invoice OVT 25-04-0002 to andy.qin@hotmail.com
[2025-04-01 15:57:17] [SUCCESS] Invoice OVT 25-04-0001 sent to rbiggers@pticom.com
[2025-04-01 15:57:12] [SENDING] Invoice OVT 25-04-0001 to rbiggers@pticom.com
[2025-04-01 15:57:12] [SUCCESS] Invoice LNHSE 25-04-0001 sent to herenuisong@gmail.com
[2025-04-01 15:57:07] [SENDING] Invoice LNHSE 25-04-0001 to herenuisong@gmail.com
[2025-04-01 15:57:07] [SUCCESS] Invoice LNH 25-04-0023 sent to kiefferlagnada@gmail.com
[2025-04-01 15:57:02] [SENDING] Invoice LNH 25-04-0023 to kiefferlagnada@gmail.com
[2025-04-01 15:57:01] [SUCCESS] Invoice LNH 25-04-0022 sent to aldrich_delossantos@tanholdings.com
[2025-04-01 15:56:56] [SENDING] Invoice LNH 25-04-0022 to aldrich_delossantos@tanholdings.com
[2025-04-01 15:56:56] [SUCCESS] Invoice LNH 25-04-0021 sent to al_alulod@yahoo.com
[2025-04-01 15:56:51] [SENDING] Invoice LNH 25-04-0021 to al_alulod@yahoo.com
[2025-04-01 15:56:51] [SUCCESS] Invoice LNH 25-04-0020 sent to ebreocleo@gmail.com
[2025-04-01 15:56:46] [SENDING] Invoice LNH 25-04-0020 to ebreocleo@gmail.com
[2025-04-01 15:56:46] [SUCCESS] Invoice LNH 25-04-0019 sent to bernardolen@yahoo.com
[2025-04-01 15:56:41] [SENDING] Invoice LNH 25-04-0019 to bernardolen@yahoo.com
[2025-04-01 15:56:41] [SUCCESS] Invoice LNH 25-04-0018 sent to tinabpalacios@gmail.com
[2025-04-01 15:56:36] [SENDING] Invoice LNH 25-04-0018 to tinabpalacios@gmail.com
[2025-04-01 15:56:35] [SUCCESS] Invoice LNH 25-04-0017 sent to rms_admin@tanholdings.com
[2025-04-01 15:56:30] [SENDING] Invoice LNH 25-04-0017 to rms_admin@tanholdings.com
[2025-04-01 15:56:30] [SUCCESS] Invoice LNH 25-04-0016 sent to arboleda.arnold1970@gmail.com
[2025-04-01 15:56:25] [SENDING] Invoice LNH 25-04-0016 to arboleda.arnold1970@gmail.com
[2025-04-01 15:56:25] [SUCCESS] Invoice LNH 25-04-0015 sent to rosalie_mangulabnan@saipantribune.com
[2025-04-01 15:56:20] [SENDING] Invoice LNH 25-04-0015 to rosalie_mangulabnan@saipantribune.com
[2025-04-01 15:56:20] [SUCCESS] Invoice LNH 25-04-0014 sent to rms_admin@tanholdings.com
[2025-04-01 15:56:14] [SENDING] Invoice LNH 25-04-0014 to rms_admin@tanholdings.com
[2025-04-01 15:56:14] [SUCCESS] Invoice LNH 25-04-0013 sent to lbautista@mbinmi.com
[2025-04-01 15:56:08] [SENDING] Invoice LNH 25-04-0013 to lbautista@mbinmi.com
[2025-04-01 15:56:07] [SUCCESS] Invoice LNH 25-04-0012 sent to obriosos@aol.com
[2025-04-01 15:56:02] [SENDING] Invoice LNH 25-04-0012 to obriosos@aol.com
[2025-04-01 15:56:02] [SUCCESS] Invoice LNH 25-04-0011 sent to bea_aspe@yahoo.com
[2025-04-01 15:55:56] [SENDING] Invoice LNH 25-04-0011 to bea_aspe@yahoo.com
[2025-04-01 15:55:56] [SUCCESS] Invoice LNH 25-04-0010 sent to phadz23@yahoo.com
[2025-04-01 15:55:52] [SENDING] Invoice LNH 25-04-0010 to phadz23@yahoo.com
[2025-04-01 15:55:52] [SUCCESS] Invoice LNH 25-04-0009 sent to rms_admin@tanholdings.com
[2025-04-01 15:55:46] [SENDING] Invoice LNH 25-04-0009 to rms_admin@tanholdings.com
[2025-04-01 15:55:46] [SUCCESS] Invoice LNH 25-04-0008 sent to dqsadmin2@dandq-international.com
[2025-04-01 15:55:40] [SENDING] Invoice LNH 25-04-0008 to dqsadmin2@dandq-international.com
[2025-04-01 15:55:39] [SUCCESS] Invoice LNH 25-04-0007 sent to Mark_Rabago@saipantribune.com
[2025-04-01 15:55:34] [SENDING] Invoice LNH 25-04-0007 to Mark_Rabago@saipantribune.com
[2025-04-01 15:55:34] [SUCCESS] Invoice LNH 25-04-0006 sent to cora_samson@ctsi-logistics.com
[2025-04-01 15:55:29] [SENDING] Invoice LNH 25-04-0006 to cora_samson@ctsi-logistics.com
[2025-04-01 15:55:29] [SUCCESS] Invoice LNH 25-04-0005 sent to ariesamae@yahoo.com
[2025-04-01 15:55:25] [SENDING] Invoice LNH 25-04-0005 to ariesamae@yahoo.com
[2025-04-01 15:55:25] [SUCCESS] Invoice LNH 25-04-0004 sent to rms_admin@tanholdings.com
[2025-04-01 15:55:20] [SENDING] Invoice LNH 25-04-0004 to rms_admin@tanholdings.com
[2025-04-01 15:55:20] [SUCCESS] Invoice LNH 25-04-0003 sent to mikaaserranoo@gmail.com
[2025-04-01 15:55:14] [SENDING] Invoice LNH 25-04-0003 to mikaaserranoo@gmail.com
[2025-04-01 15:55:13] [SUCCESS] Invoice LNH 25-04-0002 sent to edgar_garcia@ctsi-logistics.com
[2025-04-01 15:55:08] [SENDING] Invoice LNH 25-04-0002 to edgar_garcia@ctsi-logistics.com
[2025-04-01 15:55:08] [SUCCESS] Invoice LNH 25-04-0001 sent to rms_admin@tanholdings.com
[2025-04-01 15:55:02] [SENDING] Invoice LNH 25-04-0001 to rms_admin@tanholdings.com
[2025-04-01 15:55:02] [SUCCESS] Invoice LB 2 25-04-0002 sent to dqsadmin2@dandq-international.com
[2025-04-01 15:54:57] [SENDING] Invoice LB 2 25-04-0002 to dqsadmin2@dandq-international.com
[2025-04-01 15:54:57] [SUCCESS] Invoice LB 2 25-04-0001 sent to cora_samson@ctsi-logistics.com
[2025-04-01 15:54:52] [SENDING] Invoice LB 2 25-04-0001 to cora_samson@ctsi-logistics.com
[2025-04-01 15:54:52] [SUCCESS] Invoice LB 1 25-04-0006 sent to cecillecamama@gmail.com;luisacdalas@gmail.com
[2025-04-01 15:54:46] [SENDING] Invoice LB 1 25-04-0006 to cecillecamama@gmail.com, luisacdalas@gmail.com
[2025-04-01 15:54:45] [SUCCESS] Invoice LB 1 25-04-0005 sent to jo_anne.hernandez@medpharmusa.net
[2025-04-01 15:54:41] [SENDING] Invoice LB 1 25-04-0005 to jo_anne.hernandez@medpharmusa.net
[2025-04-01 15:54:41] [SUCCESS] Invoice LB 1 25-04-0004 sent to mellany.regaton@saipan.travel;henie.esmero@saipan.travel
[2025-04-01 15:54:36] [SENDING] Invoice LB 1 25-04-0004 to mellany.regaton@saipan.travel, henie.esmero@saipan.travel
[2025-04-01 15:54:36] [SUCCESS] Invoice LB 1 25-04-0003 sent to dongasaipan@gmail.com
[2025-04-01 15:54:31] [SENDING] Invoice LB 1 25-04-0003 to dongasaipan@gmail.com
[2025-04-01 15:54:31] [SUCCESS] Invoice LB 1 25-04-0002 sent to tvoacolo@generationrenewableinc.com;apcnmi@micronesiarenewableenergy.com
[2025-04-01 15:54:26] [SENDING] Invoice LB 1 25-04-0002 to tvoacolo@generationrenewableinc.com, apcnmi@micronesiarenewableenergy.com
[2025-04-01 15:54:26] [SUCCESS] Invoice LB 1 25-04-0001 sent to AP@hawthornecat.com;mtutanes@hawthornecat.com
[2025-04-01 15:54:21] [SENDING] Invoice LB 1 25-04-0001 to AP@hawthornecat.com, mtutanes@hawthornecat.com
[2025-04-01 15:54:20] [SUCCESS] Invoice JPCOF 25-04-0001 sent to rene_cariazo@centuryinsurancegroup.net
[2025-04-01 15:54:15] [SENDING] Invoice JPCOF 25-04-0001 to rene_cariazo@centuryinsurancegroup.net
[2025-04-01 15:54:15] [SUCCESS] Invoice JPC 25-04-0012 sent to nimfa_tan@tanholdings.com
[2025-04-01 15:54:10] [SENDING] Invoice JPC 25-04-0012 to nimfa_tan@tanholdings.com
[2025-04-01 15:54:10] [SUCCESS] Invoice JPC 25-04-0011 sent to teddy_orbeta@centuryinsurancegroup.net
[2025-04-01 15:54:05] [SENDING] Invoice JPC 25-04-0011 to teddy_orbeta@centuryinsurancegroup.net
[2025-04-01 15:54:05] [SUCCESS] Invoice JPC 25-04-0010 sent to ross_garcia@saipantribune.com
[2025-04-01 15:54:00] [SENDING] Invoice JPC 25-04-0010 to ross_garcia@saipantribune.com
[2025-04-01 15:54:00] [SUCCESS] Invoice JPC 25-04-0009 sent to rms_admin@tanholdings.com
[2025-04-01 15:53:55] [SENDING] Invoice JPC 25-04-0009 to rms_admin@tanholdings.com
[2025-04-01 15:53:54] [SUCCESS] Invoice JPC 25-04-0008 sent to merlie_tolentino@tanholdings.com
[2025-04-01 15:53:49] [SENDING] Invoice JPC 25-04-0008 to merlie_tolentino@tanholdings.com
[2025-04-01 15:53:49] [SUCCESS] Invoice JPC 25-04-0007 sent to obet_aguilar@saipantribune.com
[2025-04-01 15:53:44] [SENDING] Invoice JPC 25-04-0007 to obet_aguilar@saipantribune.com
[2025-04-01 15:53:44] [SUCCESS] Invoice JPC 25-04-0006 sent to teddy_orbeta@centuryinsurancegroup.net
[2025-04-01 15:53:39] [SENDING] Invoice JPC 25-04-0006 to teddy_orbeta@centuryinsurancegroup.net
[2025-04-01 15:53:39] [SUCCESS] Invoice JPC 25-04-0005 sent to ariel_mariano@tanholdings.com
[2025-04-01 15:53:34] [SENDING] Invoice JPC 25-04-0005 to ariel_mariano@tanholdings.com
[2025-04-01 15:53:34] [SUCCESS] Invoice JPC 25-04-0004 sent to csr_0312@yahoo.com
[2025-04-01 15:53:29] [SENDING] Invoice JPC 25-04-0004 to csr_0312@yahoo.com
[2025-04-01 15:53:28] [SUCCESS] Invoice JPC 25-04-0003 sent to edithalomerio4@gmail.com
[2025-04-01 15:53:24] [SENDING] Invoice JPC 25-04-0003 to edithalomerio4@gmail.com
[2025-04-01 15:53:24] [SUCCESS] Invoice JPC 25-04-0002 sent to lunie_reliquias@centuryinsurancegroup.net
[2025-04-01 15:53:18] [SENDING] Invoice JPC 25-04-0002 to lunie_reliquias@centuryinsurancegroup.net
[2025-04-01 15:53:18] [SUCCESS] Invoice JPC 25-04-0001 sent to ms.kyraadvincula@gmail.com;just.lexie.xxii@gmail.com
[2025-04-01 15:53:13] [SENDING] Invoice JPC 25-04-0001 to ms.kyraadvincula@gmail.com, just.lexie.xxii@gmail.com
[2025-04-01 15:53:13] [SUCCESS] Invoice GL 1 25-04-0008 sent to christy_villaflor@saipansoccerschool.org
[2025-04-01 15:53:08] [SENDING] Invoice GL 1 25-04-0008 to christy_villaflor@saipansoccerschool.org
[2025-04-01 15:53:08] [SUCCESS] Invoice GL 1 25-04-0007 sent to merlie_tolentino@tanholdings.com
[2025-04-01 15:53:03] [SENDING] Invoice GL 1 25-04-0007 to merlie_tolentino@tanholdings.com
[2025-04-01 15:53:02] [SUCCESS] Invoice GL 1 25-04-0006 sent to abigailnoble21@gmail.com
[2025-04-01 15:52:57] [SENDING] Invoice GL 1 25-04-0006 to abigailnoble21@gmail.com
[2025-04-01 15:52:57] [SUCCESS] Invoice GL 1 25-04-0005 sent to jo_anne.hernandez@medpharmusa.net
[2025-04-01 15:52:51] [SENDING] Invoice GL 1 25-04-0005 to jo_anne.hernandez@medpharmusa.net
[2025-04-01 15:52:51] [SUCCESS] Invoice GL 1 25-04-0004 sent to kim.shirley1958@yahoo.com;christy_villaflor@saipansoccerschool.org
[2025-04-01 15:52:46] [SENDING] Invoice GL 1 25-04-0004 to kim.shirley1958@yahoo.com, christy_villaflor@saipansoccerschool.org
[2025-04-01 15:52:46] [SUCCESS] Invoice GL 1 25-04-0003 sent to kesysp2022@gmail.com
[2025-04-01 15:52:42] [SENDING] Invoice GL 1 25-04-0003 to kesysp2022@gmail.com
[2025-04-01 15:52:42] [SUCCESS] Invoice GL 1 25-04-0002 sent to cg@luenfungspn.com
[2025-04-01 15:52:37] [SENDING] Invoice GL 1 25-04-0002 to cg@luenfungspn.com
[2025-04-01 15:52:36] [SUCCESS] Invoice GL 1 25-04-0001 sent to juancho_salcedo@yaongcorp.com
[2025-04-01 15:52:31] [SENDING] Invoice GL 1 25-04-0001 to juancho_salcedo@yaongcorp.com
[2025-04-01 15:52:31] [SUCCESS] Invoice GC B 25-04-0021 sent to rms_admin@tanholdings.com
[2025-04-01 15:52:25] [SENDING] Invoice GC B 25-04-0021 to rms_admin@tanholdings.com
[2025-04-01 15:52:25] [SUCCESS] Invoice GC B 25-04-0020 sent to rms_admin@tanholdings.com
[2025-04-01 15:52:20] [SENDING] Invoice GC B 25-04-0020 to rms_admin@tanholdings.com
[2025-04-01 15:52:20] [SUCCESS] Invoice GC B 25-04-0019 sent to rms_admin@tanholdings.com
[2025-04-01 15:52:16] [SENDING] Invoice GC B 25-04-0019 to rms_admin@tanholdings.com
[2025-04-01 15:52:16] [SUCCESS] Invoice GC B 25-04-0018 sent to rms_admin@tanholdings.com
[2025-04-01 15:52:10] [SENDING] Invoice GC B 25-04-0018 to rms_admin@tanholdings.com
[2025-04-01 15:52:09] [SUCCESS] Invoice GC B 25-04-0017 sent to mannycalilap@gmail.com;mannycalilap@yahoo.com
[2025-04-01 15:52:04] [SENDING] Invoice GC B 25-04-0017 to mannycalilap@gmail.com, mannycalilap@yahoo.com
[2025-04-01 15:52:04] [SUCCESS] Invoice GC B 25-04-0016 sent to ynionjeannaclaire@gmail.com
[2025-04-01 15:51:59] [SENDING] Invoice GC B 25-04-0016 to ynionjeannaclaire@gmail.com
[2025-04-01 15:51:59] [SUCCESS] Invoice GC B 25-04-0015 sent to rms_admin@tanholdings.com
[2025-04-01 15:51:55] [SENDING] Invoice GC B 25-04-0015 to rms_admin@tanholdings.com
[2025-04-01 15:51:55] [SUCCESS] Invoice GC B 25-04-0014 sent to JOSHLENE_AERIELLE08@YAHOO.COM;ANTHONYLEE.BORJA@GMAIL.COM
[2025-04-01 15:51:49] [SENDING] Invoice GC B 25-04-0014 to JOSHLENE_AERIELLE08@YAHOO.COM, ANTHONYLEE.BORJA@GMAIL.COM
[2025-04-01 15:51:49] [SUCCESS] Invoice GC B 25-04-0013 sent to branaguigui212@gmail.com
[2025-04-01 15:51:44] [SENDING] Invoice GC B 25-04-0013 to branaguigui212@gmail.com
[2025-04-01 15:51:43] [SUCCESS] Invoice GC B 25-04-0012 sent to suthee.joe@gmail.com
[2025-04-01 15:51:38] [SENDING] Invoice GC B 25-04-0012 to suthee.joe@gmail.com
[2025-04-01 15:51:38] [SUCCESS] Invoice GC B 25-04-0011 sent to angelo_cristobal@tanholdings.com
[2025-04-01 15:51:33] [SENDING] Invoice GC B 25-04-0011 to angelo_cristobal@tanholdings.com
[2025-04-01 15:51:33] [SUCCESS] Invoice GC B 25-04-0010 sent to haida2102@163.com
[2025-04-01 15:51:27] [SENDING] Invoice GC B 25-04-0010 to haida2102@163.com
[2025-04-01 15:51:27] [SUCCESS] Invoice GC B 25-04-0009 sent to SAYEELAYDA@GMAIL.COM
[2025-04-01 15:51:22] [SENDING] Invoice GC B 25-04-0009 to SAYEELAYDA@GMAIL.COM
[2025-04-01 15:51:22] [SUCCESS] Invoice GC B 25-04-0008 sent to ydenerazzo@gmail.com;elaydalordenale@gmail.com
[2025-04-01 15:51:17] [SENDING] Invoice GC B 25-04-0008 to ydenerazzo@gmail.com, elaydalordenale@gmail.com
[2025-04-01 15:51:16] [SUCCESS] Invoice GC B 25-04-0007 sent to rms_admin@tanholdings.com
[2025-04-01 15:51:11] [SENDING] Invoice GC B 25-04-0007 to rms_admin@tanholdings.com
[2025-04-01 15:51:11] [SUCCESS] Invoice GC B 25-04-0006 sent to eefraginal@gmail.com
[2025-04-01 15:51:05] [SENDING] Invoice GC B 25-04-0006 to eefraginal@gmail.com
[2025-04-01 15:51:05] [SUCCESS] Invoice GC B 25-04-0005 sent to marjuntagle@gmail.com
[2025-04-01 15:51:00] [SENDING] Invoice GC B 25-04-0005 to marjuntagle@gmail.com
[2025-04-01 15:51:00] [SUCCESS] Invoice GC B 25-04-0004 sent to AUGUSTOMUSCA@GMAIL.COM
[2025-04-01 15:50:55] [SENDING] Invoice GC B 25-04-0004 to AUGUSTOMUSCA@GMAIL.COM
[2025-04-01 15:50:55] [SUCCESS] Invoice GC B 25-04-0003 sent to cyndeegmt@gmail.com
[2025-04-01 15:50:50] [SENDING] Invoice GC B 25-04-0003 to cyndeegmt@gmail.com
[2025-04-01 15:50:49] [SUCCESS] Invoice GC B 25-04-0002 sent to rosellevanessalorejo@gmail.com
[2025-04-01 15:50:44] [SENDING] Invoice GC B 25-04-0002 to rosellevanessalorejo@gmail.com
[2025-04-01 15:50:44] [SUCCESS] Invoice GC B 25-04-0001 sent to jba_3864@yahoo.com
[2025-04-01 15:50:39] [SENDING] Invoice GC B 25-04-0001 to jba_3864@yahoo.com
[2025-04-01 15:50:39] [SUCCESS] Invoice GC A 25-04-0019 sent to villarosa.joselito1963@gmail.com
[2025-04-01 15:50:34] [SENDING] Invoice GC A 25-04-0019 to villarosa.joselito1963@gmail.com
[2025-04-01 15:50:34] [SUCCESS] Invoice GC A 25-04-0018 sent to rms_admin@tanholdings.com
[2025-04-01 15:50:29] [SENDING] Invoice GC A 25-04-0018 to rms_admin@tanholdings.com
[2025-04-01 15:50:29] [SUCCESS] Invoice GC A 25-04-0017 sent to azuela.diego@yahoo.com
[2025-04-01 15:50:24] [SENDING] Invoice GC A 25-04-0017 to azuela.diego@yahoo.com
[2025-04-01 15:50:23] [SUCCESS] Invoice GC A 25-04-0016 sent to rms_admin@tanholdings.com
[2025-04-01 15:50:18] [SENDING] Invoice GC A 25-04-0016 to rms_admin@tanholdings.com
[2025-04-01 15:50:18] [SUCCESS] Invoice GC A 25-04-0015 sent to reloxlen@yahoo.com;rheatalads2828@gmail.com
[2025-04-01 15:50:12] [SENDING] Invoice GC A 25-04-0015 to reloxlen@yahoo.com, rheatalads2828@gmail.com
[2025-04-01 15:50:12] [SUCCESS] Invoice GC A 25-04-0014 sent to ciaracamilles@gmail.com
[2025-04-01 15:50:06] [SENDING] Invoice GC A 25-04-0014 to ciaracamilles@gmail.com
[2025-04-01 15:50:06] [SUCCESS] Invoice GC A 25-04-0013 sent to eduardopabico@gmail.com
[2025-04-01 15:50:01] [SENDING] Invoice GC A 25-04-0013 to eduardopabico@gmail.com
[2025-04-01 15:50:01] [SUCCESS] Invoice GC A 25-04-0012 sent to bethjaneo60@gmail.com
[2025-04-01 15:49:56] [SENDING] Invoice GC A 25-04-0012 to bethjaneo60@gmail.com
[2025-04-01 15:49:55] [SUCCESS] Invoice GC A 25-04-0011 sent to jovyamita@yahoo.com
[2025-04-01 15:49:51] [SENDING] Invoice GC A 25-04-0011 to jovyamita@yahoo.com
[2025-04-01 15:49:51] [SUCCESS] Invoice GC A 25-04-0010 sent to rms_admin@tanholdings.com
[2025-04-01 15:49:46] [SENDING] Invoice GC A 25-04-0010 to rms_admin@tanholdings.com
[2025-04-01 15:49:46] [SUCCESS] Invoice GC A 25-04-0009 sent to rms_admin@tanholdings.com
[2025-04-01 15:49:41] [SENDING] Invoice GC A 25-04-0009 to rms_admin@tanholdings.com
[2025-04-01 15:49:41] [SUCCESS] Invoice GC A 25-04-0008 sent to coronejoh@yahoo.com
[2025-04-01 15:49:36] [SENDING] Invoice GC A 25-04-0008 to coronejoh@yahoo.com
[2025-04-01 15:49:36] [SUCCESS] Invoice GC A 25-04-0007 sent to rms_admin@tanholdings.com
[2025-04-01 15:49:31] [SENDING] Invoice GC A 25-04-0007 to rms_admin@tanholdings.com
[2025-04-01 15:49:30] [SUCCESS] Invoice GC A 25-04-0006 sent to cecil.capacio@ihg.com;jeanpaulettecabral@outlook.com
[2025-04-01 15:49:24] [SENDING] Invoice GC A 25-04-0006 to cecil.capacio@ihg.com, jeanpaulettecabral@outlook.com
[2025-04-01 15:49:24] [SUCCESS] Invoice GC A 25-04-0005 sent to reyeswynna63@gmail.com
[2025-04-01 15:49:19] [SENDING] Invoice GC A 25-04-0005 to reyeswynna63@gmail.com
[2025-04-01 15:49:19] [SUCCESS] Invoice GC A 25-04-0004 sent to andreskeo@hotmail.com
[2025-04-01 15:49:14] [SENDING] Invoice GC A 25-04-0004 to andreskeo@hotmail.com
[2025-04-01 15:49:14] [SUCCESS] Invoice GC A 25-04-0003 sent to tinianapatron627w@gmail.com
[2025-04-01 15:49:10] [SENDING] Invoice GC A 25-04-0003 to tinianapatron627w@gmail.com
[2025-04-01 15:49:10] [SUCCESS] Invoice GC A 25-04-0002 sent to rms_admin@tanholdings.com
[2025-04-01 15:49:05] [SENDING] Invoice GC A 25-04-0002 to rms_admin@tanholdings.com
[2025-04-01 15:49:04] [SUCCESS] Invoice GC A 25-04-0001 sent to rms_admin@tanholdings.com
[2025-04-01 15:48:58] [SENDING] Invoice GC A 25-04-0001 to rms_admin@tanholdings.com
[2025-04-01 15:48:58] [SUCCESS] Invoice FT D 25-04-0029 sent to redjewel0329@gmail.com
[2025-04-01 15:48:53] [SENDING] Invoice FT D 25-04-0029 to redjewel0329@gmail.com
[2025-04-01 15:48:53] [SUCCESS] Invoice FT D 25-04-0028 sent to ferdinand_santos@tanholdings.com
[2025-04-01 15:48:48] [SENDING] Invoice FT D 25-04-0028 to ferdinand_santos@tanholdings.com
[2025-04-01 15:48:48] [SUCCESS] Invoice FT D 25-04-0027 sent to paulynn_joyce@tanholdings.com
[2025-04-01 15:48:43] [SENDING] Invoice FT D 25-04-0027 to paulynn_joyce@tanholdings.com
[2025-04-01 15:48:43] [SUCCESS] Invoice FT D 25-04-0026 sent to steph.sablan@gmail.com
[2025-04-01 15:48:38] [SENDING] Invoice FT D 25-04-0026 to steph.sablan@gmail.com
[2025-04-01 15:48:37] [SUCCESS] Invoice FT D 25-04-0025 sent to lent.vergara@gmail.com
[2025-04-01 15:48:32] [SENDING] Invoice FT D 25-04-0025 to lent.vergara@gmail.com
[2025-04-01 15:48:32] [SUCCESS] Invoice FT D 25-04-0024 sent to knkleiner2492@gmail.com
[2025-04-01 15:48:28] [SENDING] Invoice FT D 25-04-0024 to knkleiner2492@gmail.com
[2025-04-01 15:48:28] [SUCCESS] Invoice FT D 25-04-0023 sent to kglspn@pticom.com
[2025-04-01 15:48:22] [SENDING] Invoice FT D 25-04-0023 to kglspn@pticom.com
[2025-04-01 15:48:22] [SUCCESS] Invoice FT D 25-04-0022 sent to aaron_velasco@tanholdings.com
[2025-04-01 15:48:16] [SENDING] Invoice FT D 25-04-0022 to aaron_velasco@tanholdings.com
[2025-04-01 15:48:16] [SUCCESS] Invoice FT D 25-04-0021 sent to jhun22ocampo@gmail.com
[2025-04-01 15:48:11] [SENDING] Invoice FT D 25-04-0021 to jhun22ocampo@gmail.com
[2025-04-01 15:48:10] [SUCCESS] Invoice FT D 25-04-0020 sent to backinthe.ussr@outlook.com
[2025-04-01 15:48:05] [SENDING] Invoice FT D 25-04-0020 to backinthe.ussr@outlook.com
[2025-04-01 15:48:05] [SUCCESS] Invoice FT D 25-04-0019 sent to rms_admin@tanholdings.com
[2025-04-01 15:48:00] [SENDING] Invoice FT D 25-04-0019 to rms_admin@tanholdings.com
[2025-04-01 15:48:00] [SUCCESS] Invoice FT D 25-04-0018 sent to sarkaranonya36@gmail.com
[2025-04-01 15:47:56] [SENDING] Invoice FT D 25-04-0018 to sarkaranonya36@gmail.com
[2025-04-01 15:47:56] [SUCCESS] Invoice FT D 25-04-0017 sent to saimalitinian@gmail.com;jomarspookyvibes@gmail.com
[2025-04-01 15:47:51] [SENDING] Invoice FT D 25-04-0017 to saimalitinian@gmail.com, jomarspookyvibes@gmail.com
[2025-04-01 15:47:51] [SUCCESS] Invoice FT D 25-04-0016 sent to rms_admin@tanholdings.com
[2025-04-01 15:47:46] [SENDING] Invoice FT D 25-04-0016 to rms_admin@tanholdings.com
[2025-04-01 15:47:45] [SUCCESS] Invoice FT D 25-04-0015 sent to lord1.go2@gmail.com
[2025-04-01 15:47:40] [SENDING] Invoice FT D 25-04-0015 to lord1.go2@gmail.com
[2025-04-01 15:47:40] [SUCCESS] Invoice FT D 25-04-0014 sent to MSDUENAS91@GMAIL.COM
[2025-04-01 15:47:35] [SENDING] Invoice FT D 25-04-0014 to MSDUENAS91@GMAIL.COM
[2025-04-01 15:47:35] [SUCCESS] Invoice FT D 25-04-0013 sent to malou_fernando@shirleyscoffeeshopsaipan.com
[2025-04-01 15:47:29] [SENDING] Invoice FT D 25-04-0013 to malou_fernando@shirleyscoffeeshopsaipan.com
[2025-04-01 15:47:29] [SUCCESS] Invoice FT D 25-04-0012 sent to garry_1205@yahoo.com
[2025-04-01 15:47:24] [SENDING] Invoice FT D 25-04-0012 to garry_1205@yahoo.com
[2025-04-01 15:47:24] [SUCCESS] Invoice FT D 25-04-0011 sent to john_canape@saipansoccerschool.org
[2025-04-01 15:47:19] [SENDING] Invoice FT D 25-04-0011 to john_canape@saipansoccerschool.org
[2025-04-01 15:47:18] [SUCCESS] Invoice FT D 25-04-0010 sent to ferdinand_santos@tanholdings.com
[2025-04-01 15:47:13] [SENDING] Invoice FT D 25-04-0010 to ferdinand_santos@tanholdings.com
[2025-04-01 15:47:13] [SUCCESS] Invoice FT D 25-04-0009 sent to chelsea.yangirelfil@gmail.com;chelsea.yangirelfil@cnmipss.org
[2025-04-01 15:47:07] [SENDING] Invoice FT D 25-04-0009 to chelsea.yangirelfil@gmail.com, chelsea.yangirelfil@cnmipss.org
[2025-04-01 15:47:07] [SUCCESS] Invoice FT D 25-04-0008 sent to aldanclarinda@gmal.com
[2025-04-01 15:47:03] [SENDING] Invoice FT D 25-04-0008 to aldanclarinda@gmal.com
[2025-04-01 15:47:03] [SUCCESS] Invoice FT D 25-04-0007 sent to rms_admin@tanholdings.com
[2025-04-01 15:46:58] [SENDING] Invoice FT D 25-04-0007 to rms_admin@tanholdings.com
[2025-04-01 15:46:58] [SUCCESS] Invoice FT D 25-04-0006 sent to ryanlizama09@gmail.com
[2025-04-01 15:46:53] [SENDING] Invoice FT D 25-04-0006 to ryanlizama09@gmail.com
[2025-04-01 15:46:52] [SUCCESS] Invoice FT D 25-04-0005 sent to matlhobet0423@yahoo.com
[2025-04-01 15:46:46] [SENDING] Invoice FT D 25-04-0005 to matlhobet0423@yahoo.com
[2025-04-01 15:46:46] [SUCCESS] Invoice FT D 25-04-0004 sent to rms_admin@tanholdings.com
[2025-04-01 15:46:41] [SENDING] Invoice FT D 25-04-0004 to rms_admin@tanholdings.com
[2025-04-01 15:46:41] [SUCCESS] Invoice FT D 25-04-0003 sent to keneth_codog@tanholdings.com
[2025-04-01 15:46:37] [SENDING] Invoice FT D 25-04-0003 to keneth_codog@tanholdings.com
[2025-04-01 15:46:37] [SUCCESS] Invoice FT D 25-04-0002 sent to rms_admin@tanholdings.com
[2025-04-01 15:46:31] [SENDING] Invoice FT D 25-04-0002 to rms_admin@tanholdings.com
[2025-04-01 15:46:31] [SUCCESS] Invoice FT D 25-04-0001 sent to rms_admin@tanholdings.com
[2025-04-01 15:46:26] [SENDING] Invoice FT D 25-04-0001 to rms_admin@tanholdings.com
[2025-04-01 15:46:25] [SUCCESS] Invoice FT C 25-04-0035 sent to rdlagunay@gmail.com;rchiemaelagunay@gmail.com
[2025-04-01 15:46:19] [SENDING] Invoice FT C 25-04-0035 to rdlagunay@gmail.com, rchiemaelagunay@gmail.com
[2025-04-01 15:46:19] [SUCCESS] Invoice FT C 25-04-0034 sent to rms_admin@tanholdings.com
[2025-04-01 15:46:15] [SENDING] Invoice FT C 25-04-0034 to rms_admin@tanholdings.com
[2025-04-01 15:46:15] [SUCCESS] Invoice FT C 25-04-0033 sent to sherrainespn@gmail.com
[2025-04-01 15:46:10] [SENDING] Invoice FT C 25-04-0033 to sherrainespn@gmail.com
[2025-04-01 15:46:10] [SUCCESS] Invoice FT C 25-04-0032 sent to CHRISTINESOFIAHAYAG23@GMAIL.COM;christine_hayag@saipantribune.com
[2025-04-01 15:46:04] [SENDING] Invoice FT C 25-04-0032 to CHRISTINESOFIAHAYAG23@GMAIL.COM, christine_hayag@saipantribune.com
[2025-04-01 15:46:04] [SUCCESS] Invoice FT C 25-04-0031 sent to rms_admin@tanholdings.com
[2025-04-01 15:45:59] [SENDING] Invoice FT C 25-04-0031 to rms_admin@tanholdings.com
[2025-04-01 15:45:58] [SUCCESS] Invoice FT C 25-04-0030 sent to maritesh98@gmail.com
[2025-04-01 15:45:53] [SENDING] Invoice FT C 25-04-0030 to maritesh98@gmail.com
[2025-04-01 15:45:53] [SUCCESS] Invoice FT C 25-04-0029 sent to donna_paleracio@yahoo.com;johnrizo0104@gmail.com
[2025-04-01 15:45:48] [SENDING] Invoice FT C 25-04-0029 to donna_paleracio@yahoo.com, johnrizo0104@gmail.com
[2025-04-01 15:45:48] [SUCCESS] Invoice FT C 25-04-0028 sent to rms_admin@tanholdings.com
[2025-04-01 15:45:43] [SENDING] Invoice FT C 25-04-0028 to rms_admin@tanholdings.com
[2025-04-01 15:45:43] [SUCCESS] Invoice FT C 25-04-0027 sent to JOYCESALGADO20@GMAIL.COM;MONETTE.G.RAMOS@GU.EY.COM
[2025-04-01 15:45:38] [SENDING] Invoice FT C 25-04-0027 to JOYCESALGADO20@GMAIL.COM, MONETTE.G.RAMOS@GU.EY.COM
[2025-04-01 15:45:38] [SUCCESS] Invoice FT C 25-04-0026 sent to ROSE_GOOGDAD@SAIPANTRIBUNE.COM;ROSEGOOGDAD@GMAIL.COM
[2025-04-01 15:45:33] [SENDING] Invoice FT C 25-04-0026 to ROSE_GOOGDAD@SAIPANTRIBUNE.COM, ROSEGOOGDAD@GMAIL.COM
[2025-04-01 15:45:32] [SUCCESS] Invoice FT C 25-04-0025 sent to leungrafaeltagle@gmail.com
[2025-04-01 15:45:27] [SENDING] Invoice FT C 25-04-0025 to leungrafaeltagle@gmail.com
[2025-04-01 15:45:27] [SUCCESS] Invoice FT C 25-04-0024 sent to rong_queen@yahoo.com
[2025-04-01 15:45:21] [SENDING] Invoice FT C 25-04-0024 to rong_queen@yahoo.com
[2025-04-01 15:45:21] [SUCCESS] Invoice FT C 25-04-0023 sent to gaduenajm@gmail.com
[2025-04-01 15:45:16] [SENDING] Invoice FT C 25-04-0023 to gaduenajm@gmail.com
[2025-04-01 15:45:16] [SUCCESS] Invoice FT C 25-04-0022 sent to jmarieflores97@gmail.com
[2025-04-01 15:45:11] [SENDING] Invoice FT C 25-04-0022 to jmarieflores97@gmail.com
[2025-04-01 15:45:11] [SUCCESS] Invoice FT C 25-04-0021 sent to bomaratita008@gmail.com
[2025-04-01 15:45:06] [SENDING] Invoice FT C 25-04-0021 to bomaratita008@gmail.com
[2025-04-01 15:45:05] [SUCCESS] Invoice FT C 25-04-0020 sent to yna572@yahoo.com
[2025-04-01 15:45:00] [SENDING] Invoice FT C 25-04-0020 to yna572@yahoo.com
[2025-04-01 15:45:00] [SUCCESS] Invoice FT C 25-04-0019 sent to fguchol@gmail.com
[2025-04-01 15:44:55] [SENDING] Invoice FT C 25-04-0019 to fguchol@gmail.com
[2025-04-01 15:44:55] [SUCCESS] Invoice FT C 25-04-0018 sent to grace.naputi@gmail.com
[2025-04-01 15:44:50] [SENDING] Invoice FT C 25-04-0018 to grace.naputi@gmail.com
[2025-04-01 15:44:50] [SUCCESS] Invoice FT C 25-04-0017 sent to mccord.pearl1296@gmail.com
[2025-04-01 15:44:44] [SENDING] Invoice FT C 25-04-0017 to mccord.pearl1296@gmail.com
[2025-04-01 15:44:44] [SUCCESS] Invoice FT C 25-04-0016 sent to bolivar0061@yahoo.com
[2025-04-01 15:44:39] [SENDING] Invoice FT C 25-04-0016 to bolivar0061@yahoo.com
[2025-04-01 15:44:38] [SUCCESS] Invoice FT C 25-04-0015 sent to cyndie202@yahoo.com
[2025-04-01 15:44:33] [SENDING] Invoice FT C 25-04-0015 to cyndie202@yahoo.com
[2025-04-01 15:44:33] [SUCCESS] Invoice FT C 25-04-0014 sent to annadionisio1994@gmail.com;aldzbrych@gmail.com;maryanna.dionisio@yahoo.com
[2025-04-01 15:44:28] [SENDING] Invoice FT C 25-04-0014 to annadionisio1994@gmail.com, aldzbrych@gmail.com, maryanna.dionisio@yahoo.com
[2025-04-01 15:44:28] [SUCCESS] Invoice FT C 25-04-0013 sent to argie_buensalido@ctsi-logistics.com
[2025-04-01 15:44:23] [SENDING] Invoice FT C 25-04-0013 to argie_buensalido@ctsi-logistics.com
[2025-04-01 15:44:23] [SUCCESS] Invoice FT C 25-04-0012 sent to mary.hocog@gmail.com;geraldcrisostomo99@gmail.com
[2025-04-01 15:44:18] [SENDING] Invoice FT C 25-04-0012 to mary.hocog@gmail.com, geraldcrisostomo99@gmail.com
[2025-04-01 15:44:18] [SUCCESS] Invoice FT C 25-04-0011 sent to benrcruz@gmail.com
[2025-04-01 15:44:13] [SENDING] Invoice FT C 25-04-0011 to benrcruz@gmail.com
[2025-04-01 15:44:12] [SUCCESS] Invoice FT C 25-04-0010 sent to collin_apilado@yahoo.com
[2025-04-01 15:44:07] [SENDING] Invoice FT C 25-04-0010 to collin_apilado@yahoo.com
[2025-04-01 15:44:07] [SUCCESS] Invoice FT C 25-04-0009 sent to jhoy01301991@gmail.com
[2025-04-01 15:44:02] [SENDING] Invoice FT C 25-04-0009 to jhoy01301991@gmail.com
[2025-04-01 15:44:02] [SUCCESS] Invoice FT C 25-04-0008 sent to mamauagnida@gmail.com
[2025-04-01 15:43:57] [SENDING] Invoice FT C 25-04-0008 to mamauagnida@gmail.com
[2025-04-01 15:43:57] [SUCCESS] Invoice FT C 25-04-0007 sent to mjeury@yahoo.com
[2025-04-01 15:43:52] [SENDING] Invoice FT C 25-04-0007 to mjeury@yahoo.com
[2025-04-01 15:43:52] [SUCCESS] Invoice FT C 25-04-0006 sent to babeslab@gmail.com;aaanicete@gmail.com
[2025-04-01 15:43:47] [SENDING] Invoice FT C 25-04-0006 to babeslab@gmail.com, aaanicete@gmail.com
[2025-04-01 15:43:46] [SUCCESS] Invoice FT C 25-04-0005 sent to redjewel0329@gmail.com
[2025-04-01 15:43:42] [SENDING] Invoice FT C 25-04-0005 to redjewel0329@gmail.com
[2025-04-01 15:43:42] [SUCCESS] Invoice FT C 25-04-0004 sent to terry.santos670@gmail.com
[2025-04-01 15:43:37] [SENDING] Invoice FT C 25-04-0004 to terry.santos670@gmail.com
[2025-04-01 15:43:37] [SUCCESS] Invoice FT C 25-04-0003 sent to ericnico011600@gmail.com
[2025-04-01 15:43:32] [SENDING] Invoice FT C 25-04-0003 to ericnico011600@gmail.com
[2025-04-01 15:43:32] [SUCCESS] Invoice FT C 25-04-0002 sent to rms_admin@tanholdings.com
[2025-04-01 15:43:28] [SENDING] Invoice FT C 25-04-0002 to rms_admin@tanholdings.com
[2025-04-01 15:43:28] [SUCCESS] Invoice FT C 25-04-0001 sent to ivy.estores@gmail.com
[2025-04-01 15:43:22] [SENDING] Invoice FT C 25-04-0001 to ivy.estores@gmail.com
[2025-04-01 15:43:21] [SUCCESS] Invoice FT B 25-04-0024 sent to exqdingle@gmail.com
[2025-04-01 15:43:16] [SENDING] Invoice FT B 25-04-0024 to exqdingle@gmail.com
[2025-04-01 15:43:16] [SUCCESS] Invoice FT B 25-04-0023 sent to cherrylumbana@gmail.com
[2025-04-01 15:43:11] [SENDING] Invoice FT B 25-04-0023 to cherrylumbana@gmail.com
[2025-04-01 15:43:11] [SUCCESS] Invoice FT B 25-04-0022 sent to jeremiahf92300@gmail.com
[2025-04-01 15:43:06] [SENDING] Invoice FT B 25-04-0022 to jeremiahf92300@gmail.com
[2025-04-01 15:43:06] [SUCCESS] Invoice FT B 25-04-0021 sent to marie_borlongan@yahoo.com
[2025-04-01 15:43:01] [SENDING] Invoice FT B 25-04-0021 to marie_borlongan@yahoo.com
[2025-04-01 15:43:01] [SUCCESS] Invoice FT B 25-04-0020 sent to ensureta2@gmail.com
[2025-04-01 15:42:56] [SENDING] Invoice FT B 25-04-0020 to ensureta2@gmail.com
[2025-04-01 15:42:55] [SUCCESS] Invoice FT B 25-04-0019 sent to cassidyaleighn@gmail.com
[2025-04-01 15:42:50] [SENDING] Invoice FT B 25-04-0019 to cassidyaleighn@gmail.com
[2025-04-01 15:42:50] [SUCCESS] Invoice FT B 25-04-0018 sent to rms_admin@tanholdings.com
[2025-04-01 15:42:46] [SENDING] Invoice FT B 25-04-0018 to rms_admin@tanholdings.com
[2025-04-01 15:42:46] [SUCCESS] Invoice FT B 25-04-0017 sent to brian_magboo@tanholdings.com
[2025-04-01 15:42:40] [SENDING] Invoice FT B 25-04-0017 to brian_magboo@tanholdings.com
[2025-04-01 15:42:40] [SUCCESS] Invoice FT B 25-04-0016 sent to jimmypolk37@gmail.com
[2025-04-01 15:42:34] [SENDING] Invoice FT B 25-04-0016 to jimmypolk37@gmail.com
[2025-04-01 15:42:34] [SUCCESS] Invoice FT B 25-04-0015 sent to rms_admin@tanholdings.com
[2025-04-01 15:42:29] [SENDING] Invoice FT B 25-04-0015 to rms_admin@tanholdings.com
[2025-04-01 15:42:28] [SUCCESS] Invoice FT B 25-04-0014 sent to thisissaipan@gmail.com
[2025-04-01 15:42:23] [SENDING] Invoice FT B 25-04-0014 to thisissaipan@gmail.com
[2025-04-01 15:42:23] [SUCCESS] Invoice FT B 25-04-0013 sent to JCLANIYO@GMAIL.COM
[2025-04-01 15:42:18] [SENDING] Invoice FT B 25-04-0013 to JCLANIYO@GMAIL.COM
[2025-04-01 15:42:18] [SUCCESS] Invoice FT B 25-04-0012 sent to junjie.lou019@gmail.com;edwardmafnas05@gmail.com
[2025-04-01 15:42:13] [SENDING] Invoice FT B 25-04-0012 to junjie.lou019@gmail.com, edwardmafnas05@gmail.com
[2025-04-01 15:42:13] [SUCCESS] Invoice FT B 25-04-0011 sent to kiefferlagnada@gmail.com
[2025-04-01 15:42:08] [SENDING] Invoice FT B 25-04-0011 to kiefferlagnada@gmail.com
[2025-04-01 15:42:08] [SUCCESS] Invoice FT B 25-04-0010 sent to Elizabeth.Tabora@aloyoga.com;dante.tabora@yahoo.com
[2025-04-01 15:42:03] [SENDING] Invoice FT B 25-04-0010 to Elizabeth.Tabora@aloyoga.com, dante.tabora@yahoo.com
[2025-04-01 15:42:02] [SUCCESS] Invoice FT B 25-04-0009 sent to rms_admin@tanholdings.com
[2025-04-01 15:41:57] [SENDING] Invoice FT B 25-04-0009 to rms_admin@tanholdings.com
[2025-04-01 15:41:57] [SUCCESS] Invoice FT B 25-04-0007 sent to SOSEANNEDALIMOCON@YAHOO.COM
[2025-04-01 15:41:52] [SENDING] Invoice FT B 25-04-0007 to SOSEANNEDALIMOCON@YAHOO.COM
[2025-04-01 15:41:52] [SUCCESS] Invoice FT B 25-04-0006 sent to kzmi-fm@pticom.com
[2025-04-01 15:41:47] [SENDING] Invoice FT B 25-04-0006 to kzmi-fm@pticom.com
[2025-04-01 15:41:47] [SUCCESS] Invoice FT B 25-04-0005 sent to kristellabarcinas@gmail.com
[2025-04-01 15:41:42] [SENDING] Invoice FT B 25-04-0005 to kristellabarcinas@gmail.com
[2025-04-01 15:41:42] [SUCCESS] Invoice FT B 25-04-0004 sent to naixcrixalis@gmail.com;sapadclariza@gmail.com
[2025-04-01 15:41:37] [SENDING] Invoice FT B 25-04-0004 to naixcrixalis@gmail.com, sapadclariza@gmail.com
[2025-04-01 15:41:36] [SUCCESS] Invoice FT B 25-04-0003 sent to Mellany.regaton@saipan.travel
[2025-04-01 15:41:31] [SENDING] Invoice FT B 25-04-0003 to Mellany.regaton@saipan.travel
[2025-04-01 15:41:31] [SUCCESS] Invoice FT B 25-04-0002 sent to abreu.trishamae.alegre@gmail.com
[2025-04-01 15:41:26] [SENDING] Invoice FT B 25-04-0002 to abreu.trishamae.alegre@gmail.com
[2025-04-01 15:41:26] [SUCCESS] Invoice FT B 25-04-0001 sent to rms_admin@tanholdings.com
[2025-04-01 15:41:20] [SENDING] Invoice FT B 25-04-0001 to rms_admin@tanholdings.com
[2025-04-01 15:41:20] [SUCCESS] Invoice FT A 25-04-0024 sent to ekajonette@gmail.com
[2025-04-01 15:41:15] [SENDING] Invoice FT A 25-04-0024 to ekajonette@gmail.com
[2025-04-01 15:41:15] [SKIPPED] Invoice FT A 25-04-0023 - missing or invalid email
[2025-04-01 15:41:15] [SUCCESS] Invoice FT A 25-04-0022 sent to rms_admin@tanholdings.com
[2025-04-01 15:41:10] [SENDING] Invoice FT A 25-04-0022 to rms_admin@tanholdings.com
[2025-04-01 15:41:10] [SUCCESS] Invoice FT A 25-04-0021 sent to KARENITO2011@LIVE.COM;jgpabalan@gmail.com
[2025-04-01 15:41:05] [SENDING] Invoice FT A 25-04-0021 to KARENITO2011@LIVE.COM, jgpabalan@gmail.com
[2025-04-01 15:41:05] [SUCCESS] Invoice FT A 25-04-0020 sent to MaryAnn.Manglona@aksaipan.com;madleon70@hotmail.com
[2025-04-01 15:41:00] [SENDING] Invoice FT A 25-04-0020 to MaryAnn.Manglona@aksaipan.com, madleon70@hotmail.com
[2025-04-01 15:41:00] [SUCCESS] Invoice FT A 25-04-0019 sent to remel.drilon1971@gmail.com
[2025-04-01 15:40:55] [SENDING] Invoice FT A 25-04-0019 to remel.drilon1971@gmail.com
[2025-04-01 15:40:55] [SUCCESS] Invoice FT A 25-04-0018 sent to anabetinan@gmail.com
[2025-04-01 15:40:50] [SENDING] Invoice FT A 25-04-0018 to anabetinan@gmail.com
[2025-04-01 15:40:49] [SUCCESS] Invoice FT A 25-04-0017 sent to ekpalacios24@gmail.com
[2025-04-01 15:40:44] [SENDING] Invoice FT A 25-04-0017 to ekpalacios24@gmail.com
[2025-04-01 15:40:44] [SUCCESS] Invoice FT A 25-04-0016 sent to sevrenec@gmail.com
[2025-04-01 15:40:39] [SENDING] Invoice FT A 25-04-0016 to sevrenec@gmail.com
[2025-04-01 15:40:39] [SUCCESS] Invoice FT A 25-04-0015 sent to rms_admin@tanholdings.com
[2025-04-01 15:40:34] [SENDING] Invoice FT A 25-04-0015 to rms_admin@tanholdings.com
[2025-04-01 15:40:34] [SUCCESS] Invoice FT A 25-04-0014 sent to teresita_blas@yahoo.com
[2025-04-01 15:40:28] [SENDING] Invoice FT A 25-04-0014 to teresita_blas@yahoo.com
[2025-04-01 15:40:28] [SUCCESS] Invoice FT A 25-04-0013 sent to oding970@gmail.com
[2025-04-01 15:40:23] [SENDING] Invoice FT A 25-04-0013 to oding970@gmail.com
[2025-04-01 15:40:23] [SUCCESS] Invoice FT A 25-04-0012 sent to sirrobs69@gmail.com
[2025-04-01 15:40:18] [SENDING] Invoice FT A 25-04-0012 to sirrobs69@gmail.com
[2025-04-01 15:40:18] [SUCCESS] Invoice FT A 25-04-0011 sent to kikabasan@gmail.com
[2025-04-01 15:40:13] [SENDING] Invoice FT A 25-04-0011 to kikabasan@gmail.com
[2025-04-01 15:40:13] [SUCCESS] Invoice FT A 25-04-0010 sent to rms_admin@tanholdings.com
[2025-04-01 15:40:08] [SENDING] Invoice FT A 25-04-0010 to rms_admin@tanholdings.com
[2025-04-01 15:40:08] [SUCCESS] Invoice FT A 25-04-0009 sent to rms_admin@tanholdings.com
[2025-04-01 15:40:02] [SENDING] Invoice FT A 25-04-0009 to rms_admin@tanholdings.com
[2025-04-01 15:40:02] [SUCCESS] Invoice FT A 25-04-0008 sent to jenniemoria@gmail.com
[2025-04-01 15:39:56] [SENDING] Invoice FT A 25-04-0008 to jenniemoria@gmail.com
[2025-04-01 15:39:56] [SUCCESS] Invoice FT A 25-04-0007 sent to banalrudy089@gmail.com
[2025-04-01 15:39:51] [SENDING] Invoice FT A 25-04-0007 to banalrudy089@gmail.com
[2025-04-01 15:39:51] [SUCCESS] Invoice FT A 25-04-0006 sent to rms_admin@tanholdings.com
[2025-04-01 15:39:46] [SENDING] Invoice FT A 25-04-0006 to rms_admin@tanholdings.com
[2025-04-01 15:39:46] [SUCCESS] Invoice FT A 25-04-0005 sent to aira.abreu23@gmail.com
[2025-04-01 15:39:41] [SENDING] Invoice FT A 25-04-0005 to aira.abreu23@gmail.com
[2025-04-01 15:39:41] [SUCCESS] Invoice FT A 25-04-0004 sent to evelynalibio68@gmail.com
[2025-04-01 15:39:36] [SENDING] Invoice FT A 25-04-0004 to evelynalibio68@gmail.com
[2025-04-01 15:39:36] [SUCCESS] Invoice FT A 25-04-0003 sent to malousantosbansil@gmail.com
[2025-04-01 15:39:31] [SUCCESS] Invoice FT A 25-04-0004 sent to evelynalibio68@gmail.com
[2025-04-01 15:39:31] [SENDING] Invoice FT A 25-04-0003 to malousantosbansil@gmail.com
[2025-04-01 15:39:26] [SENDING] Invoice FT A 25-04-0004 to evelynalibio68@gmail.com
[2025-04-01 15:39:26] [SUCCESS] Invoice FT A 25-04-0003 sent to malousantosbansil@gmail.com
[2025-04-01 15:39:22] [SENDING] Invoice FT A 25-04-0003 to malousantosbansil@gmail.com
[2025-04-01 15:39:22] [SUCCESS] Invoice FT A 25-04-0002 sent to engineercano@yahoo.com
[2025-04-01 15:39:17] [SENDING] Invoice FT A 25-04-0002 to engineercano@yahoo.com
[2025-04-01 15:39:17] [SUCCESS] Invoice FT A 25-04-0001 sent to songcoelaiza05@gmail.com
[2025-04-01 15:39:12] [SENDING] Invoice FT A 25-04-0001 to songcoelaiza05@gmail.com
[2025-04-01 15:39:12] [SUCCESS] Invoice CTOWN 25-04-0001 sent to christy_villaflor@saipansoccerschool.org
[2025-04-01 15:39:07] [SENDING] Invoice CTOWN 25-04-0001 to christy_villaflor@saipansoccerschool.org
[2025-04-01 15:37:56] [READ-ONLY] Simulated send for invoice WT 25-04-0024
[2025-04-01 15:37:56] [READ-ONLY] Simulated send for invoice WT 25-04-0023
[2025-04-01 15:37:56] [READ-ONLY] Simulated send for invoice WT 25-04-0022
[2025-04-01 15:37:56] [READ-ONLY] Simulated send for invoice WT 25-04-0021
[2025-04-01 15:37:56] [SKIPPED] Invoice WT 25-04-0020 - missing or invalid email
[2025-04-01 15:37:56] [READ-ONLY] Simulated send for invoice WT 25-04-0019
[2025-04-01 15:37:56] [READ-ONLY] Simulated send for invoice WT 25-04-0018
[2025-04-01 15:37:56] [READ-ONLY] Simulated send for invoice WT 25-04-0017
[2025-04-01 15:37:55] [READ-ONLY] Simulated send for invoice WT 25-04-0016
[2025-04-01 15:37:55] [READ-ONLY] Simulated send for invoice WT 25-04-0015
[2025-04-01 15:37:55] [READ-ONLY] Simulated send for invoice WT 25-04-0014
[2025-04-01 15:37:55] [READ-ONLY] Simulated send for invoice WT 25-04-0013
[2025-04-01 15:37:55] [READ-ONLY] Simulated send for invoice WT 25-04-0012
[2025-04-01 15:37:55] [READ-ONLY] Simulated send for invoice WT 25-04-0011
[2025-04-01 15:37:55] [READ-ONLY] Simulated send for invoice WT 25-04-0010
[2025-04-01 15:37:55] [READ-ONLY] Simulated send for invoice WT 25-04-0009
[2025-04-01 15:37:55] [READ-ONLY] Simulated send for invoice WT 25-04-0008
[2025-04-01 15:37:55] [READ-ONLY] Simulated send for invoice WT 25-04-0007
[2025-04-01 15:37:54] [READ-ONLY] Simulated send for invoice WT 25-04-0006
[2025-04-01 15:37:54] [READ-ONLY] Simulated send for invoice WT 25-04-0005
[2025-04-01 15:37:54] [READ-ONLY] Simulated send for invoice WT 25-04-0004
[2025-04-01 15:37:54] [READ-ONLY] Simulated send for invoice WT 25-04-0003
[2025-04-01 15:37:54] [READ-ONLY] Simulated send for invoice WT 25-04-0002
[2025-04-01 15:37:53] [READ-ONLY] Simulated send for invoice WT 25-04-0001
[2025-04-01 15:37:53] [READ-ONLY] Simulated send for invoice TSL 25-04-0010
[2025-04-01 15:37:53] [SKIPPED] Invoice TSL 25-04-0009 - missing or invalid email
[2025-04-01 15:37:53] [READ-ONLY] Simulated send for invoice TSL 25-04-0008
[2025-04-01 15:37:53] [READ-ONLY] Simulated send for invoice TSL 25-04-0007
[2025-04-01 15:37:53] [READ-ONLY] Simulated send for invoice TSL 25-04-0006
[2025-04-01 15:37:53] [READ-ONLY] Simulated send for invoice TSL 25-04-0005
[2025-04-01 15:37:53] [READ-ONLY] Simulated send for invoice TSL 25-04-0004
[2025-04-01 15:37:53] [READ-ONLY] Simulated send for invoice TSL 25-04-0003
[2025-04-01 15:37:53] [READ-ONLY] Simulated send for invoice TSL 25-04-0002
[2025-04-01 15:37:52] [SKIPPED] Invoice TSL 25-04-0001 - file not found CSystemrmspagesutilitiespdfASSURANCE BROKERS INC. DBA AB RISK SOLUTIONS-INVOICE-TSL 25-04-0001.pdf
[2025-04-01 15:37:52] [READ-ONLY] Simulated send for invoice SVT 25-04-0024
[2025-04-01 15:37:52] [READ-ONLY] Simulated send for invoice SVT 25-04-0023
[2025-04-01 15:37:52] [READ-ONLY] Simulated send for invoice SVT 25-04-0022
[2025-04-01 15:37:52] [READ-ONLY] Simulated send for invoice SVT 25-04-0021
[2025-04-01 15:37:52] [READ-ONLY] Simulated send for invoice SVT 25-04-0020
[2025-04-01 15:37:52] [READ-ONLY] Simulated send for invoice SVT 25-04-0019
[2025-04-01 15:37:52] [READ-ONLY] Simulated send for invoice SVT 25-04-0018
[2025-04-01 15:37:52] [READ-ONLY] Simulated send for invoice SVT 25-04-0017
[2025-04-01 15:37:52] [READ-ONLY] Simulated send for invoice SVT 25-04-0016
[2025-04-01 15:37:51] [READ-ONLY] Simulated send for invoice SVT 25-04-0015
[2025-04-01 15:37:51] [READ-ONLY] Simulated send for invoice SVT 25-04-0014
[2025-04-01 15:37:51] [READ-ONLY] Simulated send for invoice SVT 25-04-0013
[2025-04-01 15:37:51] [READ-ONLY] Simulated send for invoice SVT 25-04-0012
[2025-04-01 15:37:51] [READ-ONLY] Simulated send for invoice SVT 25-04-0011
[2025-04-01 15:37:51] [READ-ONLY] Simulated send for invoice SVT 25-04-0010
[2025-04-01 15:37:51] [READ-ONLY] Simulated send for invoice SVT 25-04-0009
[2025-04-01 15:37:51] [READ-ONLY] Simulated send for invoice SVT 25-04-0008
[2025-04-01 15:37:51] [READ-ONLY] Simulated send for invoice SVT 25-04-0007
[2025-04-01 15:37:51] [READ-ONLY] Simulated send for invoice SVT 25-04-0006
[2025-04-01 15:37:50] [READ-ONLY] Simulated send for invoice SVT 25-04-0005
[2025-04-01 15:37:50] [READ-ONLY] Simulated send for invoice SVT 25-04-0004
[2025-04-01 15:37:50] [READ-ONLY] Simulated send for invoice SVT 25-04-0003
[2025-04-01 15:37:50] [READ-ONLY] Simulated send for invoice SVT 25-04-0002
[2025-04-01 15:37:50] [READ-ONLY] Simulated send for invoice SVT 25-04-0001
[2025-04-01 15:37:50] [READ-ONLY] Simulated send for invoice OVT 25-04-0020
[2025-04-01 15:37:50] [READ-ONLY] Simulated send for invoice OVT 25-04-0019
[2025-04-01 15:37:50] [READ-ONLY] Simulated send for invoice OVT 25-04-0018
[2025-04-01 15:37:50] [READ-ONLY] Simulated send for invoice OVT 25-04-0017
[2025-04-01 15:37:50] [READ-ONLY] Simulated send for invoice OVT 25-04-0016
[2025-04-01 15:37:49] [READ-ONLY] Simulated send for invoice OVT 25-04-0015
[2025-04-01 15:37:49] [READ-ONLY] Simulated send for invoice OVT 25-04-0014
[2025-04-01 15:37:49] [READ-ONLY] Simulated send for invoice OVT 25-04-0013
[2025-04-01 15:37:49] [READ-ONLY] Simulated send for invoice OVT 25-04-0012
[2025-04-01 15:37:49] [READ-ONLY] Simulated send for invoice OVT 25-04-0011
[2025-04-01 15:37:49] [READ-ONLY] Simulated send for invoice OVT 25-04-0010
[2025-04-01 15:37:49] [READ-ONLY] Simulated send for invoice OVT 25-04-0009
[2025-04-01 15:37:49] [READ-ONLY] Simulated send for invoice OVT 25-04-0008
[2025-04-01 15:37:49] [READ-ONLY] Simulated send for invoice OVT 25-04-0007
[2025-04-01 15:37:49] [READ-ONLY] Simulated send for invoice OVT 25-04-0006
[2025-04-01 15:37:48] [READ-ONLY] Simulated send for invoice OVT 25-04-0005
[2025-04-01 15:37:48] [READ-ONLY] Simulated send for invoice OVT 25-04-0004
[2025-04-01 15:37:48] [READ-ONLY] Simulated send for invoice OVT 25-04-0003
[2025-04-01 15:37:48] [READ-ONLY] Simulated send for invoice OVT 25-04-0002
[2025-04-01 15:37:48] [READ-ONLY] Simulated send for invoice OVT 25-04-0001
[2025-04-01 15:37:47] [READ-ONLY] Simulated send for invoice LNHSE 25-04-0001
[2025-04-01 15:37:47] [READ-ONLY] Simulated send for invoice LNH 25-04-0023
[2025-04-01 15:37:47] [READ-ONLY] Simulated send for invoice LNH 25-04-0022
[2025-04-01 15:37:47] [READ-ONLY] Simulated send for invoice LNH 25-04-0021
[2025-04-01 15:37:47] [READ-ONLY] Simulated send for invoice LNH 25-04-0020
[2025-04-01 15:37:47] [READ-ONLY] Simulated send for invoice LNH 25-04-0019
[2025-04-01 15:37:47] [READ-ONLY] Simulated send for invoice LNH 25-04-0018
[2025-04-01 15:37:47] [READ-ONLY] Simulated send for invoice LNH 25-04-0017
[2025-04-01 15:37:47] [READ-ONLY] Simulated send for invoice LNH 25-04-0016
[2025-04-01 15:37:47] [READ-ONLY] Simulated send for invoice LNH 25-04-0015
[2025-04-01 15:37:46] [READ-ONLY] Simulated send for invoice LNH 25-04-0014
[2025-04-01 15:37:46] [READ-ONLY] Simulated send for invoice LNH 25-04-0013
[2025-04-01 15:37:46] [READ-ONLY] Simulated send for invoice LNH 25-04-0012
[2025-04-01 15:37:46] [READ-ONLY] Simulated send for invoice LNH 25-04-0011
[2025-04-01 15:37:46] [READ-ONLY] Simulated send for invoice LNH 25-04-0010
[2025-04-01 15:37:46] [READ-ONLY] Simulated send for invoice LNH 25-04-0009
[2025-04-01 15:37:46] [READ-ONLY] Simulated send for invoice LNH 25-04-0008
[2025-04-01 15:37:46] [READ-ONLY] Simulated send for invoice LNH 25-04-0007
[2025-04-01 15:37:46] [READ-ONLY] Simulated send for invoice LNH 25-04-0006
[2025-04-01 15:37:46] [READ-ONLY] Simulated send for invoice LNH 25-04-0005
[2025-04-01 15:37:45] [READ-ONLY] Simulated send for invoice LNH 25-04-0004
[2025-04-01 15:37:45] [READ-ONLY] Simulated send for invoice LNH 25-04-0003
[2025-04-01 15:37:45] [READ-ONLY] Simulated send for invoice LNH 25-04-0002
[2025-04-01 15:37:45] [READ-ONLY] Simulated send for invoice LNH 25-04-0001
[2025-04-01 15:37:45] [READ-ONLY] Simulated send for invoice LB 2 25-04-0002
[2025-04-01 15:37:45] [READ-ONLY] Simulated send for invoice LB 2 25-04-0001
[2025-04-01 15:37:45] [READ-ONLY] Simulated send for invoice LB 1 25-04-0006
[2025-04-01 15:37:45] [READ-ONLY] Simulated send for invoice LB 1 25-04-0005
[2025-04-01 15:37:45] [READ-ONLY] Simulated send for invoice LB 1 25-04-0004
[2025-04-01 15:37:45] [READ-ONLY] Simulated send for invoice LB 1 25-04-0003
[2025-04-01 15:37:44] [READ-ONLY] Simulated send for invoice LB 1 25-04-0002
[2025-04-01 15:37:44] [READ-ONLY] Simulated send for invoice LB 1 25-04-0001
[2025-04-01 15:37:44] [READ-ONLY] Simulated send for invoice JPCOF 25-04-0001
[2025-04-01 15:37:44] [READ-ONLY] Simulated send for invoice JPC 25-04-0012
[2025-04-01 15:37:44] [READ-ONLY] Simulated send for invoice JPC 25-04-0011
[2025-04-01 15:37:44] [READ-ONLY] Simulated send for invoice JPC 25-04-0010
[2025-04-01 15:37:44] [READ-ONLY] Simulated send for invoice JPC 25-04-0009
[2025-04-01 15:37:44] [READ-ONLY] Simulated send for invoice JPC 25-04-0008
[2025-04-01 15:37:44] [READ-ONLY] Simulated send for invoice JPC 25-04-0007
[2025-04-01 15:37:44] [READ-ONLY] Simulated send for invoice JPC 25-04-0006
[2025-04-01 15:37:43] [READ-ONLY] Simulated send for invoice JPC 25-04-0005
[2025-04-01 15:37:43] [READ-ONLY] Simulated send for invoice JPC 25-04-0004
[2025-04-01 15:37:43] [READ-ONLY] Simulated send for invoice JPC 25-04-0003
[2025-04-01 15:37:43] [READ-ONLY] Simulated send for invoice JPC 25-04-0002
[2025-04-01 15:37:43] [READ-ONLY] Simulated send for invoice JPC 25-04-0001
[2025-04-01 15:37:43] [READ-ONLY] Simulated send for invoice GL 1 25-04-0008
[2025-04-01 15:37:43] [READ-ONLY] Simulated send for invoice GL 1 25-04-0007
[2025-04-01 15:37:43] [READ-ONLY] Simulated send for invoice GL 1 25-04-0006
[2025-04-01 15:37:43] [READ-ONLY] Simulated send for invoice GL 1 25-04-0005
[2025-04-01 15:37:43] [READ-ONLY] Simulated send for invoice GL 1 25-04-0004
[2025-04-01 15:37:42] [READ-ONLY] Simulated send for invoice GL 1 25-04-0003
[2025-04-01 15:37:42] [READ-ONLY] Simulated send for invoice GL 1 25-04-0002
[2025-04-01 15:37:42] [READ-ONLY] Simulated send for invoice GL 1 25-04-0001
[2025-04-01 15:37:42] [READ-ONLY] Simulated send for invoice GC B 25-04-0021
[2025-04-01 15:37:42] [READ-ONLY] Simulated send for invoice GC B 25-04-0020
[2025-04-01 15:37:41] [READ-ONLY] Simulated send for invoice GC B 25-04-0019
[2025-04-01 15:37:41] [READ-ONLY] Simulated send for invoice GC B 25-04-0018
[2025-04-01 15:37:41] [READ-ONLY] Simulated send for invoice GC B 25-04-0017
[2025-04-01 15:37:41] [READ-ONLY] Simulated send for invoice GC B 25-04-0016
[2025-04-01 15:37:41] [READ-ONLY] Simulated send for invoice GC B 25-04-0015
[2025-04-01 15:37:41] [READ-ONLY] Simulated send for invoice GC B 25-04-0014
[2025-04-01 15:37:41] [READ-ONLY] Simulated send for invoice GC B 25-04-0013
[2025-04-01 15:37:41] [READ-ONLY] Simulated send for invoice GC B 25-04-0012
[2025-04-01 15:37:41] [READ-ONLY] Simulated send for invoice GC B 25-04-0011
[2025-04-01 15:37:41] [READ-ONLY] Simulated send for invoice GC B 25-04-0010
[2025-04-01 15:37:40] [READ-ONLY] Simulated send for invoice GC B 25-04-0009
[2025-04-01 15:37:40] [READ-ONLY] Simulated send for invoice GC B 25-04-0008
[2025-04-01 15:37:40] [READ-ONLY] Simulated send for invoice GC B 25-04-0007
[2025-04-01 15:37:40] [READ-ONLY] Simulated send for invoice GC B 25-04-0006
[2025-04-01 15:37:40] [READ-ONLY] Simulated send for invoice GC B 25-04-0005
[2025-04-01 15:37:40] [READ-ONLY] Simulated send for invoice GC B 25-04-0004
[2025-04-01 15:37:40] [READ-ONLY] Simulated send for invoice GC B 25-04-0003
[2025-04-01 15:37:40] [READ-ONLY] Simulated send for invoice GC B 25-04-0002
[2025-04-01 15:37:40] [READ-ONLY] Simulated send for invoice GC B 25-04-0001
[2025-04-01 15:37:40] [READ-ONLY] Simulated send for invoice GC A 25-04-0019
[2025-04-01 15:37:39] [READ-ONLY] Simulated send for invoice GC A 25-04-0018
[2025-04-01 15:37:39] [READ-ONLY] Simulated send for invoice GC A 25-04-0017
[2025-04-01 15:37:39] [READ-ONLY] Simulated send for invoice GC A 25-04-0016
[2025-04-01 15:37:39] [READ-ONLY] Simulated send for invoice GC A 25-04-0015
[2025-04-01 15:37:39] [READ-ONLY] Simulated send for invoice GC A 25-04-0014
[2025-04-01 15:37:39] [READ-ONLY] Simulated send for invoice GC A 25-04-0013
[2025-04-01 15:37:39] [READ-ONLY] Simulated send for invoice GC A 25-04-0012
[2025-04-01 15:37:39] [READ-ONLY] Simulated send for invoice GC A 25-04-0011
[2025-04-01 15:37:39] [READ-ONLY] Simulated send for invoice GC A 25-04-0010
[2025-04-01 15:37:39] [READ-ONLY] Simulated send for invoice GC A 25-04-0009
[2025-04-01 15:37:38] [READ-ONLY] Simulated send for invoice GC A 25-04-0008
[2025-04-01 15:37:38] [READ-ONLY] Simulated send for invoice GC A 25-04-0007
[2025-04-01 15:37:38] [READ-ONLY] Simulated send for invoice GC A 25-04-0006
[2025-04-01 15:37:38] [READ-ONLY] Simulated send for invoice GC A 25-04-0005
[2025-04-01 15:37:38] [READ-ONLY] Simulated send for invoice GC A 25-04-0004
[2025-04-01 15:37:38] [READ-ONLY] Simulated send for invoice GC A 25-04-0003
[2025-04-01 15:37:38] [READ-ONLY] Simulated send for invoice GC A 25-04-0002
[2025-04-01 15:37:38] [READ-ONLY] Simulated send for invoice GC A 25-04-0001
[2025-04-01 15:37:38] [READ-ONLY] Simulated send for invoice FT D 25-04-0029
[2025-04-01 15:37:38] [READ-ONLY] Simulated send for invoice FT D 25-04-0028
[2025-04-01 15:37:37] [READ-ONLY] Simulated send for invoice FT D 25-04-0027
[2025-04-01 15:37:37] [READ-ONLY] Simulated send for invoice FT D 25-04-0026
[2025-04-01 15:37:37] [READ-ONLY] Simulated send for invoice FT D 25-04-0025
[2025-04-01 15:37:37] [READ-ONLY] Simulated send for invoice FT D 25-04-0024
[2025-04-01 15:37:37] [READ-ONLY] Simulated send for invoice FT D 25-04-0023
[2025-04-01 15:37:36] [READ-ONLY] Simulated send for invoice FT D 25-04-0022
[2025-04-01 15:37:36] [READ-ONLY] Simulated send for invoice FT D 25-04-0021
[2025-04-01 15:37:36] [READ-ONLY] Simulated send for invoice FT D 25-04-0020
[2025-04-01 15:37:36] [READ-ONLY] Simulated send for invoice FT D 25-04-0019
[2025-04-01 15:37:36] [READ-ONLY] Simulated send for invoice FT D 25-04-0018
[2025-04-01 15:37:36] [READ-ONLY] Simulated send for invoice FT D 25-04-0017
[2025-04-01 15:37:36] [READ-ONLY] Simulated send for invoice FT D 25-04-0016
[2025-04-01 15:37:36] [READ-ONLY] Simulated send for invoice FT D 25-04-0015
[2025-04-01 15:37:36] [READ-ONLY] Simulated send for invoice FT D 25-04-0014
[2025-04-01 15:37:36] [READ-ONLY] Simulated send for invoice FT D 25-04-0013
[2025-04-01 15:37:35] [READ-ONLY] Simulated send for invoice FT D 25-04-0012
[2025-04-01 15:37:35] [READ-ONLY] Simulated send for invoice FT D 25-04-0011
[2025-04-01 15:37:35] [READ-ONLY] Simulated send for invoice FT D 25-04-0010
[2025-04-01 15:37:35] [READ-ONLY] Simulated send for invoice FT D 25-04-0009
[2025-04-01 15:37:35] [READ-ONLY] Simulated send for invoice FT D 25-04-0008
[2025-04-01 15:37:35] [READ-ONLY] Simulated send for invoice FT D 25-04-0007
[2025-04-01 15:37:35] [READ-ONLY] Simulated send for invoice FT D 25-04-0006
[2025-04-01 15:37:35] [READ-ONLY] Simulated send for invoice FT D 25-04-0005
[2025-04-01 15:37:35] [READ-ONLY] Simulated send for invoice FT D 25-04-0004
[2025-04-01 15:37:35] [READ-ONLY] Simulated send for invoice FT D 25-04-0003
[2025-04-01 15:37:34] [READ-ONLY] Simulated send for invoice FT D 25-04-0002
[2025-04-01 15:37:34] [READ-ONLY] Simulated send for invoice FT D 25-04-0001
[2025-04-01 15:37:34] [READ-ONLY] Simulated send for invoice FT C 25-04-0035
[2025-04-01 15:37:34] [READ-ONLY] Simulated send for invoice FT C 25-04-0034
[2025-04-01 15:37:34] [READ-ONLY] Simulated send for invoice FT C 25-04-0033
[2025-04-01 15:37:34] [READ-ONLY] Simulated send for invoice FT C 25-04-0032
[2025-04-01 15:37:34] [READ-ONLY] Simulated send for invoice FT C 25-04-0031
[2025-04-01 15:37:34] [READ-ONLY] Simulated send for invoice FT C 25-04-0030
[2025-04-01 15:37:34] [READ-ONLY] Simulated send for invoice FT C 25-04-0029
[2025-04-01 15:37:34] [READ-ONLY] Simulated send for invoice FT C 25-04-0028
[2025-04-01 15:37:33] [READ-ONLY] Simulated send for invoice FT C 25-04-0027
[2025-04-01 15:37:33] [READ-ONLY] Simulated send for invoice FT C 25-04-0026
[2025-04-01 15:37:33] [READ-ONLY] Simulated send for invoice FT C 25-04-0025
[2025-04-01 15:37:33] [READ-ONLY] Simulated send for invoice FT C 25-04-0024
[2025-04-01 15:37:33] [READ-ONLY] Simulated send for invoice FT C 25-04-0023
[2025-04-01 15:37:33] [READ-ONLY] Simulated send for invoice FT C 25-04-0022
[2025-04-01 15:37:33] [READ-ONLY] Simulated send for invoice FT C 25-04-0021
[2025-04-01 15:37:33] [READ-ONLY] Simulated send for invoice FT C 25-04-0020
[2025-04-01 15:37:33] [READ-ONLY] Simulated send for invoice FT C 25-04-0019
[2025-04-01 15:37:33] [READ-ONLY] Simulated send for invoice FT C 25-04-0018
[2025-04-01 15:37:32] [READ-ONLY] Simulated send for invoice FT C 25-04-0017
[2025-04-01 15:37:32] [READ-ONLY] Simulated send for invoice FT C 25-04-0016
[2025-04-01 15:37:32] [READ-ONLY] Simulated send for invoice FT C 25-04-0015
[2025-04-01 15:37:32] [READ-ONLY] Simulated send for invoice FT C 25-04-0014
[2025-04-01 15:37:32] [READ-ONLY] Simulated send for invoice FT C 25-04-0013
[2025-04-01 15:37:32] [READ-ONLY] Simulated send for invoice FT C 25-04-0012
[2025-04-01 15:37:32] [READ-ONLY] Simulated send for invoice FT C 25-04-0011
[2025-04-01 15:37:32] [READ-ONLY] Simulated send for invoice FT C 25-04-0010
[2025-04-01 15:37:32] [READ-ONLY] Simulated send for invoice FT C 25-04-0009
[2025-04-01 15:37:31] [READ-ONLY] Simulated send for invoice FT C 25-04-0008
[2025-04-01 15:37:31] [READ-ONLY] Simulated send for invoice FT C 25-04-0007
[2025-04-01 15:37:31] [READ-ONLY] Simulated send for invoice FT C 25-04-0006
[2025-04-01 15:37:31] [READ-ONLY] Simulated send for invoice FT C 25-04-0005
[2025-04-01 15:37:31] [READ-ONLY] Simulated send for invoice FT C 25-04-0004
[2025-04-01 15:37:31] [READ-ONLY] Simulated send for invoice FT C 25-04-0003
[2025-04-01 15:37:30] [READ-ONLY] Simulated send for invoice FT C 25-04-0002
[2025-04-01 15:37:30] [READ-ONLY] Simulated send for invoice FT C 25-04-0001
[2025-04-01 15:37:30] [READ-ONLY] Simulated send for invoice FT B 25-04-0024
[2025-04-01 15:37:30] [READ-ONLY] Simulated send for invoice FT B 25-04-0023
[2025-04-01 15:37:30] [READ-ONLY] Simulated send for invoice FT B 25-04-0022
[2025-04-01 15:37:30] [READ-ONLY] Simulated send for invoice FT B 25-04-0021
[2025-04-01 15:37:30] [READ-ONLY] Simulated send for invoice FT B 25-04-0020
[2025-04-01 15:37:30] [READ-ONLY] Simulated send for invoice FT B 25-04-0019
[2025-04-01 15:37:30] [READ-ONLY] Simulated send for invoice FT B 25-04-0018
[2025-04-01 15:37:30] [READ-ONLY] Simulated send for invoice FT B 25-04-0017
[2025-04-01 15:37:29] [READ-ONLY] Simulated send for invoice FT B 25-04-0016
[2025-04-01 15:37:29] [READ-ONLY] Simulated send for invoice FT B 25-04-0015
[2025-04-01 15:37:29] [READ-ONLY] Simulated send for invoice FT B 25-04-0014
[2025-04-01 15:37:29] [READ-ONLY] Simulated send for invoice FT B 25-04-0013
[2025-04-01 15:37:29] [READ-ONLY] Simulated send for invoice FT B 25-04-0012
[2025-04-01 15:37:29] [READ-ONLY] Simulated send for invoice FT B 25-04-0011
[2025-04-01 15:37:29] [READ-ONLY] Simulated send for invoice FT B 25-04-0010
[2025-04-01 15:37:29] [READ-ONLY] Simulated send for invoice FT B 25-04-0009
[2025-04-01 15:37:29] [READ-ONLY] Simulated send for invoice FT B 25-04-0007
[2025-04-01 15:37:29] [READ-ONLY] Simulated send for invoice FT B 25-04-0006
[2025-04-01 15:37:28] [READ-ONLY] Simulated send for invoice FT B 25-04-0005
[2025-04-01 15:37:28] [READ-ONLY] Simulated send for invoice FT B 25-04-0004
[2025-04-01 15:37:28] [READ-ONLY] Simulated send for invoice FT B 25-04-0003
[2025-04-01 15:37:28] [READ-ONLY] Simulated send for invoice FT B 25-04-0002
[2025-04-01 15:37:28] [READ-ONLY] Simulated send for invoice FT B 25-04-0001
[2025-04-01 15:37:28] [READ-ONLY] Simulated send for invoice FT A 25-04-0024
[2025-04-01 15:37:28] [SKIPPED] Invoice FT A 25-04-0023 - missing or invalid email
[2025-04-01 15:37:28] [READ-ONLY] Simulated send for invoice FT A 25-04-0022
[2025-04-01 15:37:28] [READ-ONLY] Simulated send for invoice FT A 25-04-0021
[2025-04-01 15:37:28] [READ-ONLY] Simulated send for invoice FT A 25-04-0020
[2025-04-01 15:37:27] [READ-ONLY] Simulated send for invoice FT A 25-04-0019
[2025-04-01 15:37:27] [READ-ONLY] Simulated send for invoice FT A 25-04-0018
[2025-04-01 15:37:27] [READ-ONLY] Simulated send for invoice FT A 25-04-0017
[2025-04-01 15:37:27] [READ-ONLY] Simulated send for invoice FT A 25-04-0016
[2025-04-01 15:37:27] [READ-ONLY] Simulated send for invoice FT A 25-04-0015
[2025-04-01 15:37:27] [READ-ONLY] Simulated send for invoice FT A 25-04-0014
[2025-04-01 15:37:27] [READ-ONLY] Simulated send for invoice FT A 25-04-0013
[2025-04-01 15:37:27] [READ-ONLY] Simulated send for invoice FT A 25-04-0012
[2025-04-01 15:37:27] [READ-ONLY] Simulated send for invoice FT A 25-04-0011
[2025-04-01 15:37:27] [READ-ONLY] Simulated send for invoice FT A 25-04-0010
[2025-04-01 15:37:26] [READ-ONLY] Simulated send for invoice FT A 25-04-0009
[2025-04-01 15:37:26] [READ-ONLY] Simulated send for invoice FT A 25-04-0008
[2025-04-01 15:37:26] [READ-ONLY] Simulated send for invoice FT A 25-04-0007
[2025-04-01 15:37:26] [READ-ONLY] Simulated send for invoice FT A 25-04-0006
[2025-04-01 15:37:26] [READ-ONLY] Simulated send for invoice FT A 25-04-0005
[2025-04-01 15:37:25] [READ-ONLY] Simulated send for invoice FT A 25-04-0004
[2025-04-01 15:37:25] [READ-ONLY] Simulated send for invoice FT A 25-04-0003
[2025-04-01 15:37:25] [READ-ONLY] Simulated send for invoice FT A 25-04-0002
[2025-04-01 15:37:25] [READ-ONLY] Simulated send for invoice FT A 25-04-0001
[2025-04-01 15:37:25] [READ-ONLY] Simulated send for invoice CTOWN 25-04-0001
