[2025-05-02 15:47:33] [READ-ONLY] Batch delay of 5 second(s) applied.
[2025-05-02 15:47:28] [READ-ONLY] Simulated send for invoice WT 25-05-0022
[2025-05-02 15:47:28] [NOTICE] Invoice WT 25-05-0022 Raw email partially sanitized. Original [topzne1@yahoo.com]  Sanitized [pzne1@yahoo.com]
[2025-05-02 15:47:28] [READ-ONLY] Simulated send for invoice WT 25-05-0021
[2025-05-02 15:47:27] [READ-ONLY] Batch delay of 5 second(s) applied.
[2025-05-02 15:47:22] [READ-ONLY] Simulated send for invoice WT 25-05-0020
[2025-05-02 15:47:22] [READ-ONLY] Simulated send for invoice WT 25-05-0019
[2025-05-02 15:47:22] [READ-ONLY] Simulated send for invoice WT 25-05-0018
[2025-05-02 15:47:22] [READ-ONLY] Simulated send for invoice WT 25-05-0017
[2025-05-02 15:47:22] [READ-ONLY] Simulated send for invoice WT 25-05-0016
[2025-05-02 15:47:22] [NOTICE] Invoice WT 25-05-0016 Raw email partially sanitized. Original [rusellezapanta@nmifa.com;ruselle.zapanta@gmail.com]  Sanitized [rusellezapanta@nmifa.com; ruselle.zapanta@gmail.com]
[2025-05-02 15:47:21] [READ-ONLY] Batch delay of 3 second(s) applied.
[2025-05-02 15:47:18] [READ-ONLY] Simulated send for invoice WT 25-05-0015
[2025-05-02 15:47:18] [READ-ONLY] Simulated send for invoice WT 25-05-0014
[2025-05-02 15:47:18] [READ-ONLY] Simulated send for invoice WT 25-05-0013
[2025-05-02 15:47:18] [READ-ONLY] Simulated send for invoice WT 25-05-0012
[2025-05-02 15:47:18] [READ-ONLY] Simulated send for invoice WT 25-05-0011
[2025-05-02 15:47:17] [READ-ONLY] Batch delay of 4 second(s) applied.
[2025-05-02 15:47:13] [READ-ONLY] Simulated send for invoice WT 25-05-0010
[2025-05-02 15:47:13] [READ-ONLY] Simulated send for invoice WT 25-05-0009
[2025-05-02 15:47:13] [READ-ONLY] Simulated send for invoice WT 25-05-0008
[2025-05-02 15:47:13] [READ-ONLY] Simulated send for invoice WT 25-05-0007
[2025-05-02 15:47:13] [READ-ONLY] Simulated send for invoice WT 25-05-0006
[2025-05-02 15:47:12] [READ-ONLY] Batch delay of 2 second(s) applied.
[2025-05-02 15:47:10] [READ-ONLY] Simulated send for invoice WT 25-05-0005
[2025-05-02 15:47:10] [READ-ONLY] Simulated send for invoice WT 25-05-0004
[2025-05-02 15:47:10] [READ-ONLY] Simulated send for invoice WT 25-05-0003
[2025-05-02 15:47:10] [READ-ONLY] Simulated send for invoice WT 25-05-0002
[2025-05-02 15:47:10] [READ-ONLY] Simulated send for invoice WT 25-05-0001
[2025-05-02 15:47:09] [READ-ONLY] Batch delay of 1 second(s) applied.
[2025-05-02 15:47:08] [READ-ONLY] Simulated send for invoice TSL 25-05-0010
[2025-05-02 15:47:08] [READ-ONLY] Simulated send for invoice TSL 25-05-0009
[2025-05-02 15:47:08] [NOTICE] Invoice TSL 25-05-0009 Raw email partially sanitized. Original [asm24@sbcglobal.net, nlimbo.dds@gmail.comCC  (accounting@mdcsaipan.com)]  Sanitized [asm24@sbcglobal.net; nlimbo.dds@gmail.com; accounting@mdcsaipan.com]
[2025-05-02 15:47:08] [READ-ONLY] Simulated send for invoice TSL 25-05-0008
[2025-05-02 15:47:08] [READ-ONLY] Simulated send for invoice TSL 25-05-0007
[2025-05-02 15:47:08] [READ-ONLY] Simulated send for invoice TSL 25-05-0006
[2025-05-02 15:47:07] [READ-ONLY] Batch delay of 3 second(s) applied.
[2025-05-02 15:47:04] [READ-ONLY] Simulated send for invoice TSL 25-05-0005
[2025-05-02 15:47:04] [READ-ONLY] Simulated send for invoice TSL 25-05-0004
[2025-05-02 15:47:04] [READ-ONLY] Simulated send for invoice TSL 25-05-0003
[2025-05-02 15:47:04] [READ-ONLY] Simulated send for invoice TSL 25-05-0002
[2025-05-02 15:47:04] [SKIPPED] Invoice TSL 25-05-0001 Attachment file not found at CSystemrmspagesutilitiespdfASSURANCE BROKERS INC. DBA AB RISK SOLUTIONS-INVOICE-TSL 25-05-0001.pdf
[2025-05-02 15:47:03] [READ-ONLY] Batch delay of 4 second(s) applied.
[2025-05-02 15:46:59] [READ-ONLY] Simulated send for invoice SVT 25-05-0025
[2025-05-02 15:46:59] [READ-ONLY] Simulated send for invoice SVT 25-05-0024
[2025-05-02 15:46:59] [READ-ONLY] Simulated send for invoice SVT 25-05-0023
[2025-05-02 15:46:59] [READ-ONLY] Simulated send for invoice SVT 25-05-0022
[2025-05-02 15:46:59] [READ-ONLY] Simulated send for invoice SVT 25-05-0021
[2025-05-02 15:46:58] [READ-ONLY] Batch delay of 5 second(s) applied.
[2025-05-02 15:46:53] [READ-ONLY] Simulated send for invoice SVT 25-05-0020
[2025-05-02 15:46:53] [READ-ONLY] Simulated send for invoice SVT 25-05-0019
[2025-05-02 15:46:53] [READ-ONLY] Simulated send for invoice SVT 25-05-0018
[2025-05-02 15:46:53] [READ-ONLY] Simulated send for invoice SVT 25-05-0017
[2025-05-02 15:46:53] [READ-ONLY] Simulated send for invoice SVT 25-05-0016
[2025-05-02 15:46:53] [READ-ONLY] Batch delay of 2 second(s) applied.
[2025-05-02 15:46:51] [READ-ONLY] Simulated send for invoice SVT 25-05-0015
[2025-05-02 15:46:51] [READ-ONLY] Simulated send for invoice SVT 25-05-0014
[2025-05-02 15:46:51] [READ-ONLY] Simulated send for invoice SVT 25-05-0013
[2025-05-02 15:46:51] [READ-ONLY] Simulated send for invoice SVT 25-05-0012
[2025-05-02 15:46:51] [READ-ONLY] Simulated send for invoice SVT 25-05-0011
[2025-05-02 15:46:50] [READ-ONLY] Batch delay of 5 second(s) applied.
[2025-05-02 15:46:45] [READ-ONLY] Simulated send for invoice SVT 25-05-0010
[2025-05-02 15:46:45] [READ-ONLY] Simulated send for invoice SVT 25-05-0009
[2025-05-02 15:46:45] [READ-ONLY] Simulated send for invoice SVT 25-05-0008
[2025-05-02 15:46:45] [READ-ONLY] Simulated send for invoice SVT 25-05-0007
[2025-05-02 15:46:45] [READ-ONLY] Simulated send for invoice SVT 25-05-0006
[2025-05-02 15:46:45] [READ-ONLY] Batch delay of 5 second(s) applied.
[2025-05-02 15:46:40] [READ-ONLY] Simulated send for invoice SVT 25-05-0005
[2025-05-02 15:46:40] [READ-ONLY] Simulated send for invoice SVT 25-05-0004
[2025-05-02 15:46:40] [READ-ONLY] Simulated send for invoice SVT 25-05-0003
[2025-05-02 15:46:40] [READ-ONLY] Simulated send for invoice SVT 25-05-0002
[2025-05-02 15:46:40] [READ-ONLY] Simulated send for invoice SVT 25-05-0001
[2025-05-02 15:46:39] [READ-ONLY] Batch delay of 2 second(s) applied.
[2025-05-02 15:46:37] [READ-ONLY] Simulated send for invoice OVT 25-05-0020
[2025-05-02 15:46:37] [READ-ONLY] Simulated send for invoice OVT 25-05-0019
[2025-05-02 15:46:37] [READ-ONLY] Simulated send for invoice OVT 25-05-0018
[2025-05-02 15:46:37] [READ-ONLY] Simulated send for invoice OVT 25-05-0017
[2025-05-02 15:46:37] [READ-ONLY] Simulated send for invoice OVT 25-05-0016
[2025-05-02 15:46:37] [READ-ONLY] Batch delay of 1 second(s) applied.
[2025-05-02 15:46:36] [READ-ONLY] Simulated send for invoice OVT 25-05-0015
[2025-05-02 15:46:36] [READ-ONLY] Simulated send for invoice OVT 25-05-0014
[2025-05-02 15:46:36] [READ-ONLY] Simulated send for invoice OVT 25-05-0013
[2025-05-02 15:46:36] [READ-ONLY] Simulated send for invoice OVT 25-05-0012
[2025-05-02 15:46:36] [READ-ONLY] Simulated send for invoice OVT 25-05-0011
[2025-05-02 15:46:35] [READ-ONLY] Batch delay of 1 second(s) applied.
[2025-05-02 15:46:34] [READ-ONLY] Simulated send for invoice OVT 25-05-0010
[2025-05-02 15:46:34] [READ-ONLY] Simulated send for invoice OVT 25-05-0009
[2025-05-02 15:46:34] [READ-ONLY] Simulated send for invoice OVT 25-05-0008
[2025-05-02 15:46:34] [READ-ONLY] Simulated send for invoice OVT 25-05-0007
[2025-05-02 15:46:34] [READ-ONLY] Simulated send for invoice OVT 25-05-0006
[2025-05-02 15:46:34] [READ-ONLY] Batch delay of 3 second(s) applied.
[2025-05-02 15:46:31] [READ-ONLY] Simulated send for invoice OVT 25-05-0005
[2025-05-02 15:46:31] [READ-ONLY] Simulated send for invoice OVT 25-05-0004
[2025-05-02 15:46:31] [READ-ONLY] Simulated send for invoice OVT 25-05-0003
[2025-05-02 15:46:31] [READ-ONLY] Simulated send for invoice OVT 25-05-0002
[2025-05-02 15:46:31] [READ-ONLY] Simulated send for invoice OVT 25-05-0001
[2025-05-02 15:46:30] [READ-ONLY] Batch delay of 2 second(s) applied.
[2025-05-02 15:46:28] [READ-ONLY] Simulated send for invoice LNHSE 25-05-0001
[2025-05-02 15:46:28] [READ-ONLY] Simulated send for invoice LNH 25-05-0023
[2025-05-02 15:46:28] [READ-ONLY] Simulated send for invoice LNH 25-05-0022
[2025-05-02 15:46:28] [READ-ONLY] Simulated send for invoice LNH 25-05-0021
[2025-05-02 15:46:28] [READ-ONLY] Simulated send for invoice LNH 25-05-0019
[2025-05-02 15:46:27] [READ-ONLY] Batch delay of 4 second(s) applied.
[2025-05-02 15:46:23] [READ-ONLY] Simulated send for invoice LNH 25-05-0018
[2025-05-02 15:46:23] [READ-ONLY] Simulated send for invoice LNH 25-05-0017
[2025-05-02 15:46:23] [READ-ONLY] Simulated send for invoice LNH 25-05-0016
[2025-05-02 15:46:23] [READ-ONLY] Simulated send for invoice LNH 25-05-0015
[2025-05-02 15:46:23] [READ-ONLY] Simulated send for invoice LNH 25-05-0014
[2025-05-02 15:46:23] [READ-ONLY] Batch delay of 3 second(s) applied.
[2025-05-02 15:46:20] [READ-ONLY] Simulated send for invoice LNH 25-05-0013
[2025-05-02 15:46:20] [READ-ONLY] Simulated send for invoice LNH 25-05-0012
[2025-05-02 15:46:20] [READ-ONLY] Simulated send for invoice LNH 25-05-0011
[2025-05-02 15:46:20] [READ-ONLY] Simulated send for invoice LNH 25-05-0010
[2025-05-02 15:46:20] [READ-ONLY] Simulated send for invoice LNH 25-05-0009
[2025-05-02 15:46:19] [READ-ONLY] Batch delay of 4 second(s) applied.
[2025-05-02 15:46:15] [READ-ONLY] Simulated send for invoice LNH 25-05-0008
[2025-05-02 15:46:15] [READ-ONLY] Simulated send for invoice LNH 25-05-0007
[2025-05-02 15:46:15] [READ-ONLY] Simulated send for invoice LNH 25-05-0006
[2025-05-02 15:46:15] [READ-ONLY] Simulated send for invoice LNH 25-05-0005
[2025-05-02 15:46:15] [READ-ONLY] Simulated send for invoice LNH 25-05-0004
[2025-05-02 15:46:15] [READ-ONLY] Batch delay of 4 second(s) applied.
[2025-05-02 15:46:11] [READ-ONLY] Simulated send for invoice LNH 25-05-0003
[2025-05-02 15:46:11] [READ-ONLY] Simulated send for invoice LNH 25-05-0002
[2025-05-02 15:46:11] [READ-ONLY] Simulated send for invoice LNH 25-05-0001
[2025-05-02 15:46:11] [READ-ONLY] Simulated send for invoice LB 2 25-05-0002
[2025-05-02 15:46:11] [READ-ONLY] Simulated send for invoice LB 2 25-05-0001
[2025-05-02 15:46:10] [READ-ONLY] Batch delay of 3 second(s) applied.
[2025-05-02 15:46:07] [READ-ONLY] Simulated send for invoice LB 1 25-05-0006
[2025-05-02 15:46:07] [READ-ONLY] Simulated send for invoice LB 1 25-05-0005
[2025-05-02 15:46:07] [READ-ONLY] Simulated send for invoice LB 1 25-05-0004
[2025-05-02 15:46:07] [READ-ONLY] Simulated send for invoice LB 1 25-05-0003
[2025-05-02 15:46:07] [READ-ONLY] Simulated send for invoice LB 1 25-05-0002
[2025-05-02 15:46:07] [READ-ONLY] Batch delay of 4 second(s) applied.
[2025-05-02 15:46:03] [READ-ONLY] Simulated send for invoice LB 1 25-05-0001
[2025-05-02 15:46:03] [READ-ONLY] Simulated send for invoice JPC 25-05-0012
[2025-05-02 15:46:03] [READ-ONLY] Simulated send for invoice JPC 25-05-0011
[2025-05-02 15:46:03] [READ-ONLY] Simulated send for invoice JPC 25-05-0010
[2025-05-02 15:46:03] [READ-ONLY] Simulated send for invoice JPC 25-05-0009
[2025-05-02 15:46:02] [READ-ONLY] Batch delay of 3 second(s) applied.
[2025-05-02 15:45:59] [READ-ONLY] Simulated send for invoice JPC 25-05-0008
[2025-05-02 15:45:59] [READ-ONLY] Simulated send for invoice JPC 25-05-0007
[2025-05-02 15:45:59] [READ-ONLY] Simulated send for invoice JPC 25-05-0006
[2025-05-02 15:45:59] [READ-ONLY] Simulated send for invoice JPC 25-05-0005
[2025-05-02 15:45:59] [READ-ONLY] Simulated send for invoice JPC 25-05-0004
[2025-05-02 15:45:59] [READ-ONLY] Batch delay of 5 second(s) applied.
[2025-05-02 15:45:54] [READ-ONLY] Simulated send for invoice JPC 25-05-0003
[2025-05-02 15:45:54] [READ-ONLY] Simulated send for invoice JPC 25-05-0002
[2025-05-02 15:45:54] [READ-ONLY] Simulated send for invoice JPC 25-05-0001
[2025-05-02 15:45:54] [READ-ONLY] Simulated send for invoice GL 1 25-05-0008
[2025-05-02 15:45:54] [READ-ONLY] Simulated send for invoice GL 1 25-05-0007
[2025-05-02 15:45:53] [READ-ONLY] Batch delay of 5 second(s) applied.
[2025-05-02 15:45:48] [READ-ONLY] Simulated send for invoice GL 1 25-05-0006
[2025-05-02 15:45:48] [READ-ONLY] Simulated send for invoice GL 1 25-05-0005
[2025-05-02 15:45:48] [READ-ONLY] Simulated send for invoice GL 1 25-05-0004
[2025-05-02 15:45:48] [NOTICE] Invoice GL 1 25-05-0004 Raw email partially sanitized. Original [kim.shirley1958@yahoo.com; christy_villaflor@saipansoccerschool.org]  Sanitized [kim.shirley1958@yahoo.com; christy_villaflor@saipansoccerschool.org]
[2025-05-02 15:45:48] [READ-ONLY] Simulated send for invoice GL 1 25-05-0003
[2025-05-02 15:45:48] [READ-ONLY] Simulated send for invoice GL 1 25-05-0002
[2025-05-02 15:45:47] [READ-ONLY] Batch delay of 3 second(s) applied.
[2025-05-02 15:45:44] [READ-ONLY] Simulated send for invoice GL 1 25-05-0001
[2025-05-02 15:45:44] [READ-ONLY] Simulated send for invoice GC B 25-05-0021
[2025-05-02 15:45:44] [READ-ONLY] Simulated send for invoice GC B 25-05-0020
[2025-05-02 15:45:44] [READ-ONLY] Simulated send for invoice GC B 25-05-0019
[2025-05-02 15:45:44] [READ-ONLY] Simulated send for invoice GC B 25-05-0018
[2025-05-02 15:45:44] [READ-ONLY] Batch delay of 4 second(s) applied.
[2025-05-02 15:45:40] [READ-ONLY] Simulated send for invoice GC B 25-05-0017
[2025-05-02 15:45:40] [READ-ONLY] Simulated send for invoice GC B 25-05-0016
[2025-05-02 15:45:40] [READ-ONLY] Simulated send for invoice GC B 25-05-0015
[2025-05-02 15:45:40] [READ-ONLY] Simulated send for invoice GC B 25-05-0014
[2025-05-02 15:45:40] [READ-ONLY] Simulated send for invoice GC B 25-05-0013
[2025-05-02 15:45:39] [READ-ONLY] Batch delay of 1 second(s) applied.
[2025-05-02 15:45:38] [READ-ONLY] Simulated send for invoice GC B 25-05-0012
[2025-05-02 15:45:38] [READ-ONLY] Simulated send for invoice GC B 25-05-0011
[2025-05-02 15:45:38] [READ-ONLY] Simulated send for invoice GC B 25-05-0010
[2025-05-02 15:45:38] [READ-ONLY] Simulated send for invoice GC B 25-05-0009
[2025-05-02 15:45:38] [READ-ONLY] Simulated send for invoice GC B 25-05-0008
[2025-05-02 15:45:38] [READ-ONLY] Batch delay of 4 second(s) applied.
[2025-05-02 15:45:34] [READ-ONLY] Simulated send for invoice GC B 25-05-0007
[2025-05-02 15:45:34] [READ-ONLY] Simulated send for invoice GC B 25-05-0006
[2025-05-02 15:45:34] [READ-ONLY] Simulated send for invoice GC B 25-05-0005
[2025-05-02 15:45:34] [READ-ONLY] Simulated send for invoice GC B 25-05-0004
[2025-05-02 15:45:34] [READ-ONLY] Simulated send for invoice GC B 25-05-0003
[2025-05-02 15:45:33] [READ-ONLY] Batch delay of 2 second(s) applied.
[2025-05-02 15:45:31] [READ-ONLY] Simulated send for invoice GC B 25-05-0002
[2025-05-02 15:45:31] [READ-ONLY] Simulated send for invoice GC B 25-05-0001
[2025-05-02 15:45:31] [READ-ONLY] Simulated send for invoice GC A 25-05-0021
[2025-05-02 15:45:31] [READ-ONLY] Simulated send for invoice GC A 25-05-0020
[2025-05-02 15:45:31] [READ-ONLY] Simulated send for invoice GC A 25-05-0019
[2025-05-02 15:45:31] [READ-ONLY] Batch delay of 5 second(s) applied.
[2025-05-02 15:45:26] [READ-ONLY] Simulated send for invoice GC A 25-05-0018
[2025-05-02 15:45:26] [READ-ONLY] Simulated send for invoice GC A 25-05-0017
[2025-05-02 15:45:26] [READ-ONLY] Simulated send for invoice GC A 25-05-0016
[2025-05-02 15:45:26] [READ-ONLY] Simulated send for invoice GC A 25-05-0015
[2025-05-02 15:45:26] [READ-ONLY] Simulated send for invoice GC A 25-05-0014
[2025-05-02 15:45:25] [READ-ONLY] Batch delay of 2 second(s) applied.
[2025-05-02 15:45:23] [READ-ONLY] Simulated send for invoice GC A 25-05-0013
[2025-05-02 15:45:23] [READ-ONLY] Simulated send for invoice GC A 25-05-0012
[2025-05-02 15:45:23] [READ-ONLY] Simulated send for invoice GC A 25-05-0011
[2025-05-02 15:45:23] [READ-ONLY] Simulated send for invoice GC A 25-05-0010
[2025-05-02 15:45:23] [READ-ONLY] Simulated send for invoice GC A 25-05-0009
[2025-05-02 15:45:23] [READ-ONLY] Batch delay of 3 second(s) applied.
[2025-05-02 15:45:20] [READ-ONLY] Simulated send for invoice GC A 25-05-0008
[2025-05-02 15:45:20] [READ-ONLY] Simulated send for invoice GC A 25-05-0007
[2025-05-02 15:45:20] [READ-ONLY] Simulated send for invoice GC A 25-05-0006
[2025-05-02 15:45:20] [READ-ONLY] Simulated send for invoice GC A 25-05-0005
[2025-05-02 15:45:20] [READ-ONLY] Simulated send for invoice GC A 25-05-0004
[2025-05-02 15:45:19] [READ-ONLY] Batch delay of 5 second(s) applied.
[2025-05-02 15:45:14] [READ-ONLY] Simulated send for invoice GC A 25-05-0003
[2025-05-02 15:45:14] [READ-ONLY] Simulated send for invoice GC A 25-05-0002
[2025-05-02 15:45:14] [READ-ONLY] Simulated send for invoice FT D 25-05-0028
[2025-05-02 15:45:14] [READ-ONLY] Simulated send for invoice FT D 25-05-0027
[2025-05-02 15:45:14] [READ-ONLY] Simulated send for invoice FT D 25-05-0026
[2025-05-02 15:45:14] [READ-ONLY] Batch delay of 1 second(s) applied.
[2025-05-02 15:45:13] [READ-ONLY] Simulated send for invoice FT D 25-05-0025
[2025-05-02 15:45:13] [READ-ONLY] Simulated send for invoice FT D 25-05-0024
[2025-05-02 15:45:13] [READ-ONLY] Simulated send for invoice FT D 25-05-0023
[2025-05-02 15:45:13] [READ-ONLY] Simulated send for invoice FT D 25-05-0022
[2025-05-02 15:45:13] [READ-ONLY] Simulated send for invoice FT D 25-05-0021
[2025-05-02 15:45:12] [READ-ONLY] Batch delay of 2 second(s) applied.
[2025-05-02 15:45:10] [READ-ONLY] Simulated send for invoice FT D 25-05-0020
[2025-05-02 15:45:10] [READ-ONLY] Simulated send for invoice FT D 25-05-0019
[2025-05-02 15:45:10] [READ-ONLY] Simulated send for invoice FT D 25-05-0018
[2025-05-02 15:45:10] [READ-ONLY] Simulated send for invoice FT D 25-05-0017
[2025-05-02 15:45:10] [READ-ONLY] Simulated send for invoice FT D 25-05-0016
[2025-05-02 15:45:09] [READ-ONLY] Batch delay of 2 second(s) applied.
[2025-05-02 15:45:07] [READ-ONLY] Simulated send for invoice FT D 25-05-0015
[2025-05-02 15:45:07] [READ-ONLY] Simulated send for invoice FT D 25-05-0014
[2025-05-02 15:45:07] [READ-ONLY] Simulated send for invoice FT D 25-05-0013
[2025-05-02 15:45:07] [READ-ONLY] Simulated send for invoice FT D 25-05-0012
[2025-05-02 15:45:07] [READ-ONLY] Simulated send for invoice FT D 25-05-0011
[2025-05-02 15:45:07] [READ-ONLY] Batch delay of 2 second(s) applied.
[2025-05-02 15:45:05] [READ-ONLY] Simulated send for invoice FT D 25-05-0010
[2025-05-02 15:45:05] [READ-ONLY] Simulated send for invoice FT D 25-05-0009
[2025-05-02 15:45:05] [READ-ONLY] Simulated send for invoice FT D 25-05-0008
[2025-05-02 15:45:05] [READ-ONLY] Simulated send for invoice FT D 25-05-0007
[2025-05-02 15:45:05] [READ-ONLY] Simulated send for invoice FT D 25-05-0006
[2025-05-02 15:45:04] [READ-ONLY] Batch delay of 1 second(s) applied.
[2025-05-02 15:45:03] [READ-ONLY] Simulated send for invoice FT D 25-05-0005
[2025-05-02 15:45:03] [READ-ONLY] Simulated send for invoice FT D 25-05-0004
[2025-05-02 15:45:03] [READ-ONLY] Simulated send for invoice FT D 25-05-0003
[2025-05-02 15:45:03] [READ-ONLY] Simulated send for invoice FT D 25-05-0002
[2025-05-02 15:45:03] [READ-ONLY] Simulated send for invoice FT D 25-05-0001
[2025-05-02 15:45:03] [READ-ONLY] Batch delay of 2 second(s) applied.
[2025-05-02 15:45:01] [READ-ONLY] Simulated send for invoice FT C 25-05-0034
[2025-05-02 15:45:01] [READ-ONLY] Simulated send for invoice FT C 25-05-0033
[2025-05-02 15:45:01] [READ-ONLY] Simulated send for invoice FT C 25-05-0032
[2025-05-02 15:45:01] [READ-ONLY] Simulated send for invoice FT C 25-05-0031
[2025-05-02 15:45:01] [READ-ONLY] Simulated send for invoice FT C 25-05-0030
[2025-05-02 15:45:00] [READ-ONLY] Batch delay of 5 second(s) applied.
[2025-05-02 15:44:55] [READ-ONLY] Simulated send for invoice FT C 25-05-0029
[2025-05-02 15:44:55] [READ-ONLY] Simulated send for invoice FT C 25-05-0028
[2025-05-02 15:44:55] [READ-ONLY] Simulated send for invoice FT C 25-05-0027
[2025-05-02 15:44:55] [READ-ONLY] Simulated send for invoice FT C 25-05-0026
[2025-05-02 15:44:55] [READ-ONLY] Simulated send for invoice FT C 25-05-0025
[2025-05-02 15:44:55] [READ-ONLY] Batch delay of 2 second(s) applied.
[2025-05-02 15:44:53] [READ-ONLY] Simulated send for invoice FT C 25-05-0024
[2025-05-02 15:44:53] [READ-ONLY] Simulated send for invoice FT C 25-05-0023
[2025-05-02 15:44:53] [READ-ONLY] Simulated send for invoice FT C 25-05-0022
[2025-05-02 15:44:53] [READ-ONLY] Simulated send for invoice FT C 25-05-0021
[2025-05-02 15:44:53] [READ-ONLY] Simulated send for invoice FT C 25-05-0020
[2025-05-02 15:44:52] [READ-ONLY] Batch delay of 2 second(s) applied.
[2025-05-02 15:44:50] [READ-ONLY] Simulated send for invoice FT C 25-05-0019
[2025-05-02 15:44:50] [READ-ONLY] Simulated send for invoice FT C 25-05-0018
[2025-05-02 15:44:50] [READ-ONLY] Simulated send for invoice FT C 25-05-0017
[2025-05-02 15:44:50] [READ-ONLY] Simulated send for invoice FT C 25-05-0016
[2025-05-02 15:44:50] [READ-ONLY] Simulated send for invoice FT C 25-05-0015
[2025-05-02 15:44:50] [READ-ONLY] Batch delay of 1 second(s) applied.
[2025-05-02 15:44:49] [READ-ONLY] Simulated send for invoice FT C 25-05-0014
[2025-05-02 15:44:49] [READ-ONLY] Simulated send for invoice FT C 25-05-0013
[2025-05-02 15:44:49] [NOTICE] Invoice FT C 25-05-0013 Raw email partially sanitized. Original [annadionisio1994@gmail.com ; aldzbrych@gmail.com;maryanna.dionisio@yahoo.com]  Sanitized [annadionisio1994@gmail.com; aldzbrych@gmail.com; maryanna.dionisio@yahoo.com]
[2025-05-02 15:44:49] [READ-ONLY] Simulated send for invoice FT C 25-05-0012
[2025-05-02 15:44:49] [READ-ONLY] Simulated send for invoice FT C 25-05-0011
[2025-05-02 15:44:49] [READ-ONLY] Simulated send for invoice FT C 25-05-0010
[2025-05-02 15:44:48] [READ-ONLY] Batch delay of 1 second(s) applied.
[2025-05-02 15:44:47] [READ-ONLY] Simulated send for invoice FT C 25-05-0009
[2025-05-02 15:44:47] [READ-ONLY] Simulated send for invoice FT C 25-05-0008
[2025-05-02 15:44:47] [READ-ONLY] Simulated send for invoice FT C 25-05-0007
[2025-05-02 15:44:47] [READ-ONLY] Simulated send for invoice FT C 25-05-0006
[2025-05-02 15:44:47] [READ-ONLY] Simulated send for invoice FT C 25-05-0005
[2025-05-02 15:44:46] [READ-ONLY] Batch delay of 1 second(s) applied.
[2025-05-02 15:44:45] [READ-ONLY] Simulated send for invoice FT C 25-05-0004
[2025-05-02 15:44:45] [READ-ONLY] Simulated send for invoice FT C 25-05-0003
[2025-05-02 15:44:45] [READ-ONLY] Simulated send for invoice FT C 25-05-0002
[2025-05-02 15:44:45] [READ-ONLY] Simulated send for invoice FT C 25-05-0001
[2025-05-02 15:44:45] [READ-ONLY] Simulated send for invoice FT B 25-05-0023
[2025-05-02 15:44:45] [READ-ONLY] Batch delay of 2 second(s) applied.
[2025-05-02 15:44:43] [READ-ONLY] Simulated send for invoice FT B 25-05-0022
[2025-05-02 15:44:43] [READ-ONLY] Simulated send for invoice FT B 25-05-0021
[2025-05-02 15:44:43] [READ-ONLY] Simulated send for invoice FT B 25-05-0020
[2025-05-02 15:44:43] [READ-ONLY] Simulated send for invoice FT B 25-05-0019
[2025-05-02 15:44:43] [READ-ONLY] Simulated send for invoice FT B 25-05-0018
[2025-05-02 15:44:42] [READ-ONLY] Batch delay of 5 second(s) applied.
[2025-05-02 15:44:37] [READ-ONLY] Simulated send for invoice FT B 25-05-0017
[2025-05-02 15:44:37] [READ-ONLY] Simulated send for invoice FT B 25-05-0016
[2025-05-02 15:44:37] [READ-ONLY] Simulated send for invoice FT B 25-05-0015
[2025-05-02 15:44:37] [READ-ONLY] Simulated send for invoice FT B 25-05-0014
[2025-05-02 15:44:37] [READ-ONLY] Simulated send for invoice FT B 25-05-0013
[2025-05-02 15:44:37] [READ-ONLY] Batch delay of 4 second(s) applied.
[2025-05-02 15:44:33] [READ-ONLY] Simulated send for invoice FT B 25-05-0012
[2025-05-02 15:44:33] [READ-ONLY] Simulated send for invoice FT B 25-05-0011
[2025-05-02 15:44:33] [READ-ONLY] Simulated send for invoice FT B 25-05-0010
[2025-05-02 15:44:33] [READ-ONLY] Simulated send for invoice FT B 25-05-0009
[2025-05-02 15:44:33] [READ-ONLY] Simulated send for invoice FT B 25-05-0008
[2025-05-02 15:44:32] [READ-ONLY] Batch delay of 1 second(s) applied.
[2025-05-02 15:44:31] [READ-ONLY] Simulated send for invoice FT B 25-05-0007
[2025-05-02 15:44:31] [READ-ONLY] Simulated send for invoice FT B 25-05-0006
[2025-05-02 15:44:31] [READ-ONLY] Simulated send for invoice FT B 25-05-0005
[2025-05-02 15:44:31] [READ-ONLY] Simulated send for invoice FT B 25-05-0004
[2025-05-02 15:44:31] [READ-ONLY] Simulated send for invoice FT B 25-05-0003
[2025-05-02 15:44:31] [READ-ONLY] Batch delay of 5 second(s) applied.
[2025-05-02 15:44:26] [READ-ONLY] Simulated send for invoice FT B 25-05-0002
[2025-05-02 15:44:26] [READ-ONLY] Simulated send for invoice FT B 25-05-0001
[2025-05-02 15:44:26] [READ-ONLY] Simulated send for invoice FT A 25-05-0022
[2025-05-02 15:44:26] [NOTICE] Invoice FT A 25-05-0022 Raw email partially sanitized. Original ['julietagathamendoza@yahoo.com']  Sanitized [julietagathamendoza@yahoo.com]
[2025-05-02 15:44:26] [READ-ONLY] Simulated send for invoice FT A 25-05-0021
[2025-05-02 15:44:26] [READ-ONLY] Simulated send for invoice FT A 25-05-0020
[2025-05-02 15:44:26] [NOTICE] Invoice FT A 25-05-0020 Raw email partially sanitized. Original [KARENITO2011@LIVE.COM;jgpabalan@gmail.com]  Sanitized [KARENITO2011@LIVE.COM; jgpabalan@gmail.com]
[2025-05-02 15:44:25] [READ-ONLY] Batch delay of 5 second(s) applied.
[2025-05-02 15:44:20] [READ-ONLY] Simulated send for invoice FT A 25-05-0019
[2025-05-02 15:44:20] [READ-ONLY] Simulated send for invoice FT A 25-05-0018
[2025-05-02 15:44:20] [READ-ONLY] Simulated send for invoice FT A 25-05-0017
[2025-05-02 15:44:20] [READ-ONLY] Simulated send for invoice FT A 25-05-0016
[2025-05-02 15:44:20] [READ-ONLY] Simulated send for invoice FT A 25-05-0015
[2025-05-02 15:44:20] [READ-ONLY] Batch delay of 3 second(s) applied.
[2025-05-02 15:44:17] [READ-ONLY] Simulated send for invoice FT A 25-05-0014
[2025-05-02 15:44:17] [READ-ONLY] Simulated send for invoice FT A 25-05-0013
[2025-05-02 15:44:17] [READ-ONLY] Simulated send for invoice FT A 25-05-0012
[2025-05-02 15:44:17] [READ-ONLY] Simulated send for invoice FT A 25-05-0011
[2025-05-02 15:44:17] [READ-ONLY] Simulated send for invoice FT A 25-05-0010
[2025-05-02 15:44:16] [READ-ONLY] Batch delay of 3 second(s) applied.
[2025-05-02 15:44:13] [READ-ONLY] Simulated send for invoice FT A 25-05-0009
[2025-05-02 15:44:13] [READ-ONLY] Simulated send for invoice FT A 25-05-0008
[2025-05-02 15:44:13] [READ-ONLY] Simulated send for invoice FT A 25-05-0007
[2025-05-02 15:44:13] [READ-ONLY] Simulated send for invoice FT A 25-05-0006
[2025-05-02 15:44:13] [READ-ONLY] Simulated send for invoice FT A 25-05-0005
[2025-05-02 15:44:12] [READ-ONLY] Batch delay of 5 second(s) applied.
[2025-05-02 15:44:07] [READ-ONLY] Simulated send for invoice FT A 25-05-0004
[2025-05-02 15:44:07] [READ-ONLY] Simulated send for invoice FT A 25-05-0003
[2025-05-02 15:44:07] [READ-ONLY] Simulated send for invoice FT A 25-05-0002
[2025-05-02 15:44:07] [READ-ONLY] Simulated send for invoice FT A 25-05-0001
[2025-05-02 15:44:07] [READ-ONLY] Simulated send for invoice CTOWN 25-05-0001
[2025-05-02 14:38:53] [READ-ONLY] Batch delay of 5 second(s) applied.
[2025-05-02 14:38:48] [READ-ONLY] Simulated send for invoice WT 25-05-0022
[2025-05-02 14:38:48] [NOTICE] Invoice WT 25-05-0022 Raw email partially sanitized. Original [topzne1@yahoo.com]  Sanitized [pzne1@yahoo.com]
[2025-05-02 14:38:48] [READ-ONLY] Simulated send for invoice WT 25-05-0021
[2025-05-02 14:38:48] [READ-ONLY] Batch delay of 5 second(s) applied.
[2025-05-02 14:38:43] [READ-ONLY] Simulated send for invoice WT 25-05-0020
[2025-05-02 14:38:43] [READ-ONLY] Simulated send for invoice WT 25-05-0019
[2025-05-02 14:38:43] [READ-ONLY] Simulated send for invoice WT 25-05-0018
[2025-05-02 14:38:43] [READ-ONLY] Simulated send for invoice WT 25-05-0017
[2025-05-02 14:38:43] [READ-ONLY] Simulated send for invoice WT 25-05-0016
[2025-05-02 14:38:43] [NOTICE] Invoice WT 25-05-0016 Raw email partially sanitized. Original [rusellezapanta@nmifa.com;ruselle.zapanta@gmail.com]  Sanitized [rusellezapanta@nmifa.com; ruselle.zapanta@gmail.com]
[2025-05-02 14:38:42] [READ-ONLY] Batch delay of 1 second(s) applied.
[2025-05-02 14:38:41] [READ-ONLY] Simulated send for invoice WT 25-05-0015
[2025-05-02 14:38:41] [READ-ONLY] Simulated send for invoice WT 25-05-0014
[2025-05-02 14:38:41] [READ-ONLY] Simulated send for invoice WT 25-05-0013
[2025-05-02 14:38:41] [READ-ONLY] Simulated send for invoice WT 25-05-0012
[2025-05-02 14:38:41] [READ-ONLY] Simulated send for invoice WT 25-05-0011
[2025-05-02 14:38:41] [READ-ONLY] Batch delay of 2 second(s) applied.
[2025-05-02 14:38:39] [READ-ONLY] Simulated send for invoice WT 25-05-0010
[2025-05-02 14:38:39] [READ-ONLY] Simulated send for invoice WT 25-05-0009
[2025-05-02 14:38:39] [READ-ONLY] Simulated send for invoice WT 25-05-0008
[2025-05-02 14:38:39] [READ-ONLY] Simulated send for invoice WT 25-05-0007
[2025-05-02 14:38:39] [READ-ONLY] Simulated send for invoice WT 25-05-0006
[2025-05-02 14:38:38] [READ-ONLY] Batch delay of 3 second(s) applied.
[2025-05-02 14:38:35] [READ-ONLY] Simulated send for invoice WT 25-05-0005
[2025-05-02 14:38:35] [READ-ONLY] Simulated send for invoice WT 25-05-0004
[2025-05-02 14:38:35] [READ-ONLY] Simulated send for invoice WT 25-05-0003
[2025-05-02 14:38:35] [READ-ONLY] Simulated send for invoice WT 25-05-0002
[2025-05-02 14:38:35] [READ-ONLY] Simulated send for invoice WT 25-05-0001
[2025-05-02 14:38:35] [READ-ONLY] Batch delay of 4 second(s) applied.
[2025-05-02 14:38:31] [READ-ONLY] Simulated send for invoice TSL 25-05-0010
[2025-05-02 14:38:31] [READ-ONLY] Simulated send for invoice TSL 25-05-0009
[2025-05-02 14:38:31] [NOTICE] Invoice TSL 25-05-0009 Raw email partially sanitized. Original [asm24@sbcglobal.net, nlimbo.dds@gmail.comCC  (accounting@mdcsaipan.com)]  Sanitized [asm24@sbcglobal.net; nlimbo.dds@gmail.com; accounting@mdcsaipan.com]
[2025-05-02 14:38:31] [READ-ONLY] Simulated send for invoice TSL 25-05-0008
[2025-05-02 14:38:31] [READ-ONLY] Simulated send for invoice TSL 25-05-0007
[2025-05-02 14:38:31] [READ-ONLY] Simulated send for invoice TSL 25-05-0006
[2025-05-02 14:38:30] [READ-ONLY] Batch delay of 1 second(s) applied.
[2025-05-02 14:38:29] [READ-ONLY] Simulated send for invoice TSL 25-05-0005
[2025-05-02 14:38:29] [READ-ONLY] Simulated send for invoice TSL 25-05-0004
[2025-05-02 14:38:29] [READ-ONLY] Simulated send for invoice TSL 25-05-0003
[2025-05-02 14:38:29] [READ-ONLY] Simulated send for invoice TSL 25-05-0002
[2025-05-02 14:38:29] [SKIPPED] Invoice TSL 25-05-0001 Attachment file not found at CSystemrmspagesutilitiespdfASSURANCE BROKERS INC. DBA AB RISK SOLUTIONS-INVOICE-TSL 25-05-0001.pdf
[2025-05-02 14:38:28] [READ-ONLY] Batch delay of 1 second(s) applied.
[2025-05-02 14:38:27] [READ-ONLY] Simulated send for invoice SVT 25-05-0025
[2025-05-02 14:38:27] [READ-ONLY] Simulated send for invoice SVT 25-05-0024
[2025-05-02 14:38:27] [READ-ONLY] Simulated send for invoice SVT 25-05-0023
[2025-05-02 14:38:27] [READ-ONLY] Simulated send for invoice SVT 25-05-0022
[2025-05-02 14:38:27] [READ-ONLY] Simulated send for invoice SVT 25-05-0021
[2025-05-02 14:38:27] [READ-ONLY] Batch delay of 1 second(s) applied.
[2025-05-02 14:38:26] [READ-ONLY] Simulated send for invoice SVT 25-05-0020
[2025-05-02 14:38:26] [READ-ONLY] Simulated send for invoice SVT 25-05-0019
[2025-05-02 14:38:26] [READ-ONLY] Simulated send for invoice SVT 25-05-0018
[2025-05-02 14:38:26] [READ-ONLY] Simulated send for invoice SVT 25-05-0017
[2025-05-02 14:38:26] [READ-ONLY] Simulated send for invoice SVT 25-05-0016
[2025-05-02 14:38:25] [READ-ONLY] Batch delay of 2 second(s) applied.
[2025-05-02 14:38:23] [READ-ONLY] Simulated send for invoice SVT 25-05-0015
[2025-05-02 14:38:23] [READ-ONLY] Simulated send for invoice SVT 25-05-0014
[2025-05-02 14:38:23] [READ-ONLY] Simulated send for invoice SVT 25-05-0013
[2025-05-02 14:38:23] [READ-ONLY] Simulated send for invoice SVT 25-05-0012
[2025-05-02 14:38:23] [READ-ONLY] Simulated send for invoice SVT 25-05-0011
[2025-05-02 14:38:23] [READ-ONLY] Batch delay of 4 second(s) applied.
[2025-05-02 14:38:19] [READ-ONLY] Simulated send for invoice SVT 25-05-0010
[2025-05-02 14:38:19] [READ-ONLY] Simulated send for invoice SVT 25-05-0009
[2025-05-02 14:38:19] [READ-ONLY] Simulated send for invoice SVT 25-05-0008
[2025-05-02 14:38:19] [READ-ONLY] Simulated send for invoice SVT 25-05-0007
[2025-05-02 14:38:19] [READ-ONLY] Simulated send for invoice SVT 25-05-0006
[2025-05-02 14:38:18] [READ-ONLY] Batch delay of 2 second(s) applied.
[2025-05-02 14:38:16] [READ-ONLY] Simulated send for invoice SVT 25-05-0005
[2025-05-02 14:38:16] [READ-ONLY] Simulated send for invoice SVT 25-05-0004
[2025-05-02 14:38:16] [READ-ONLY] Simulated send for invoice SVT 25-05-0003
[2025-05-02 14:38:16] [READ-ONLY] Simulated send for invoice SVT 25-05-0002
[2025-05-02 14:38:16] [READ-ONLY] Simulated send for invoice SVT 25-05-0001
[2025-05-02 14:38:16] [READ-ONLY] Batch delay of 3 second(s) applied.
[2025-05-02 14:38:13] [READ-ONLY] Simulated send for invoice OVT 25-05-0020
[2025-05-02 14:38:13] [READ-ONLY] Simulated send for invoice OVT 25-05-0019
[2025-05-02 14:38:13] [READ-ONLY] Simulated send for invoice OVT 25-05-0018
[2025-05-02 14:38:13] [READ-ONLY] Simulated send for invoice OVT 25-05-0017
[2025-05-02 14:38:13] [READ-ONLY] Simulated send for invoice OVT 25-05-0016
[2025-05-02 14:38:12] [READ-ONLY] Batch delay of 2 second(s) applied.
[2025-05-02 14:38:10] [READ-ONLY] Simulated send for invoice OVT 25-05-0015
[2025-05-02 14:38:10] [READ-ONLY] Simulated send for invoice OVT 25-05-0014
[2025-05-02 14:38:10] [READ-ONLY] Simulated send for invoice OVT 25-05-0013
[2025-05-02 14:38:10] [READ-ONLY] Simulated send for invoice OVT 25-05-0012
[2025-05-02 14:38:10] [READ-ONLY] Simulated send for invoice OVT 25-05-0011
[2025-05-02 14:38:10] [READ-ONLY] Batch delay of 4 second(s) applied.
[2025-05-02 14:38:06] [READ-ONLY] Simulated send for invoice OVT 25-05-0010
[2025-05-02 14:38:06] [READ-ONLY] Simulated send for invoice OVT 25-05-0009
[2025-05-02 14:38:06] [READ-ONLY] Simulated send for invoice OVT 25-05-0008
[2025-05-02 14:38:06] [READ-ONLY] Simulated send for invoice OVT 25-05-0007
[2025-05-02 14:38:06] [READ-ONLY] Simulated send for invoice OVT 25-05-0006
[2025-05-02 14:38:05] [READ-ONLY] Batch delay of 2 second(s) applied.
[2025-05-02 14:38:03] [READ-ONLY] Simulated send for invoice OVT 25-05-0005
[2025-05-02 14:38:03] [READ-ONLY] Simulated send for invoice OVT 25-05-0004
[2025-05-02 14:38:03] [READ-ONLY] Simulated send for invoice OVT 25-05-0003
[2025-05-02 14:38:03] [READ-ONLY] Simulated send for invoice OVT 25-05-0002
[2025-05-02 14:38:03] [READ-ONLY] Simulated send for invoice OVT 25-05-0001
[2025-05-02 14:38:03] [READ-ONLY] Batch delay of 3 second(s) applied.
[2025-05-02 14:38:00] [READ-ONLY] Simulated send for invoice LNHSE 25-05-0001
[2025-05-02 14:38:00] [READ-ONLY] Simulated send for invoice LNH 25-05-0023
[2025-05-02 14:38:00] [READ-ONLY] Simulated send for invoice LNH 25-05-0022
[2025-05-02 14:38:00] [READ-ONLY] Simulated send for invoice LNH 25-05-0021
[2025-05-02 14:38:00] [READ-ONLY] Simulated send for invoice LNH 25-05-0019
[2025-05-02 14:37:59] [READ-ONLY] Batch delay of 4 second(s) applied.
[2025-05-02 14:37:55] [READ-ONLY] Simulated send for invoice LNH 25-05-0018
[2025-05-02 14:37:55] [READ-ONLY] Simulated send for invoice LNH 25-05-0017
[2025-05-02 14:37:55] [READ-ONLY] Simulated send for invoice LNH 25-05-0016
[2025-05-02 14:37:55] [READ-ONLY] Simulated send for invoice LNH 25-05-0015
[2025-05-02 14:37:55] [READ-ONLY] Simulated send for invoice LNH 25-05-0014
[2025-05-02 14:37:54] [READ-ONLY] Batch delay of 1 second(s) applied.
[2025-05-02 14:37:53] [READ-ONLY] Simulated send for invoice LNH 25-05-0013
[2025-05-02 14:37:53] [READ-ONLY] Simulated send for invoice LNH 25-05-0012
[2025-05-02 14:37:53] [READ-ONLY] Simulated send for invoice LNH 25-05-0011
[2025-05-02 14:37:53] [READ-ONLY] Simulated send for invoice LNH 25-05-0010
[2025-05-02 14:37:53] [READ-ONLY] Simulated send for invoice LNH 25-05-0009
[2025-05-02 14:37:53] [READ-ONLY] Batch delay of 1 second(s) applied.
[2025-05-02 14:37:52] [READ-ONLY] Simulated send for invoice LNH 25-05-0008
[2025-05-02 14:37:52] [READ-ONLY] Simulated send for invoice LNH 25-05-0007
[2025-05-02 14:37:52] [READ-ONLY] Simulated send for invoice LNH 25-05-0006
[2025-05-02 14:37:52] [READ-ONLY] Simulated send for invoice LNH 25-05-0005
[2025-05-02 14:37:52] [READ-ONLY] Simulated send for invoice LNH 25-05-0004
[2025-05-02 14:37:51] [READ-ONLY] Batch delay of 1 second(s) applied.
[2025-05-02 14:37:50] [READ-ONLY] Simulated send for invoice LNH 25-05-0003
[2025-05-02 14:37:50] [READ-ONLY] Simulated send for invoice LNH 25-05-0002
[2025-05-02 14:37:50] [READ-ONLY] Simulated send for invoice LNH 25-05-0001
[2025-05-02 14:37:50] [READ-ONLY] Simulated send for invoice LB 2 25-05-0002
[2025-05-02 14:37:50] [READ-ONLY] Simulated send for invoice LB 2 25-05-0001
[2025-05-02 14:37:50] [READ-ONLY] Batch delay of 1 second(s) applied.
[2025-05-02 14:37:49] [READ-ONLY] Simulated send for invoice LB 1 25-05-0006
[2025-05-02 14:37:49] [READ-ONLY] Simulated send for invoice LB 1 25-05-0005
[2025-05-02 14:37:49] [READ-ONLY] Simulated send for invoice LB 1 25-05-0004
[2025-05-02 14:37:49] [READ-ONLY] Simulated send for invoice LB 1 25-05-0003
[2025-05-02 14:37:49] [READ-ONLY] Simulated send for invoice LB 1 25-05-0002
[2025-05-02 14:37:48] [READ-ONLY] Batch delay of 3 second(s) applied.
[2025-05-02 14:37:45] [READ-ONLY] Simulated send for invoice LB 1 25-05-0001
[2025-05-02 14:37:45] [READ-ONLY] Simulated send for invoice JPC 25-05-0012
[2025-05-02 14:37:45] [READ-ONLY] Simulated send for invoice JPC 25-05-0011
[2025-05-02 14:37:45] [READ-ONLY] Simulated send for invoice JPC 25-05-0010
[2025-05-02 14:37:45] [READ-ONLY] Simulated send for invoice JPC 25-05-0009
[2025-05-02 14:37:45] [READ-ONLY] Batch delay of 1 second(s) applied.
[2025-05-02 14:37:44] [READ-ONLY] Simulated send for invoice JPC 25-05-0008
[2025-05-02 14:37:44] [READ-ONLY] Simulated send for invoice JPC 25-05-0007
[2025-05-02 14:37:44] [READ-ONLY] Simulated send for invoice JPC 25-05-0006
[2025-05-02 14:37:44] [READ-ONLY] Simulated send for invoice JPC 25-05-0005
[2025-05-02 14:37:44] [READ-ONLY] Simulated send for invoice JPC 25-05-0004
[2025-05-02 14:37:43] [READ-ONLY] Batch delay of 2 second(s) applied.
[2025-05-02 14:37:41] [READ-ONLY] Simulated send for invoice JPC 25-05-0003
[2025-05-02 14:37:41] [READ-ONLY] Simulated send for invoice JPC 25-05-0002
[2025-05-02 14:37:41] [READ-ONLY] Simulated send for invoice JPC 25-05-0001
[2025-05-02 14:37:41] [READ-ONLY] Simulated send for invoice GL 1 25-05-0008
[2025-05-02 14:37:41] [READ-ONLY] Simulated send for invoice GL 1 25-05-0007
[2025-05-02 14:37:41] [READ-ONLY] Batch delay of 4 second(s) applied.
[2025-05-02 14:37:37] [READ-ONLY] Simulated send for invoice GL 1 25-05-0006
[2025-05-02 14:37:37] [READ-ONLY] Simulated send for invoice GL 1 25-05-0005
[2025-05-02 14:37:37] [READ-ONLY] Simulated send for invoice GL 1 25-05-0004
[2025-05-02 14:37:37] [NOTICE] Invoice GL 1 25-05-0004 Raw email partially sanitized. Original [kim.shirley1958@yahoo.com; christy_villaflor@saipansoccerschool.org]  Sanitized [kim.shirley1958@yahoo.com; christy_villaflor@saipansoccerschool.org]
[2025-05-02 14:37:37] [READ-ONLY] Simulated send for invoice GL 1 25-05-0003
[2025-05-02 14:37:37] [READ-ONLY] Simulated send for invoice GL 1 25-05-0002
[2025-05-02 14:37:36] [READ-ONLY] Batch delay of 1 second(s) applied.
[2025-05-02 14:37:35] [READ-ONLY] Simulated send for invoice GL 1 25-05-0001
[2025-05-02 14:37:35] [READ-ONLY] Simulated send for invoice GC B 25-05-0021
[2025-05-02 14:37:35] [READ-ONLY] Simulated send for invoice GC B 25-05-0020
[2025-05-02 14:37:35] [READ-ONLY] Simulated send for invoice GC B 25-05-0019
[2025-05-02 14:37:35] [READ-ONLY] Simulated send for invoice GC B 25-05-0018
[2025-05-02 14:37:35] [READ-ONLY] Batch delay of 4 second(s) applied.
[2025-05-02 14:37:31] [READ-ONLY] Simulated send for invoice GC B 25-05-0017
[2025-05-02 14:37:31] [READ-ONLY] Simulated send for invoice GC B 25-05-0016
[2025-05-02 14:37:31] [READ-ONLY] Simulated send for invoice GC B 25-05-0015
[2025-05-02 14:37:30] [READ-ONLY] Simulated send for invoice GC B 25-05-0014
[2025-05-02 14:37:30] [READ-ONLY] Simulated send for invoice GC B 25-05-0013
[2025-05-02 14:37:30] [READ-ONLY] Batch delay of 2 second(s) applied.
[2025-05-02 14:37:28] [READ-ONLY] Simulated send for invoice GC B 25-05-0012
[2025-05-02 14:37:28] [READ-ONLY] Simulated send for invoice GC B 25-05-0011
[2025-05-02 14:37:28] [READ-ONLY] Simulated send for invoice GC B 25-05-0010
[2025-05-02 14:37:28] [READ-ONLY] Simulated send for invoice GC B 25-05-0009
[2025-05-02 14:37:28] [READ-ONLY] Simulated send for invoice GC B 25-05-0008
[2025-05-02 14:37:27] [READ-ONLY] Batch delay of 2 second(s) applied.
[2025-05-02 14:37:25] [READ-ONLY] Simulated send for invoice GC B 25-05-0007
[2025-05-02 14:37:25] [READ-ONLY] Simulated send for invoice GC B 25-05-0006
[2025-05-02 14:37:25] [READ-ONLY] Simulated send for invoice GC B 25-05-0005
[2025-05-02 14:37:25] [READ-ONLY] Simulated send for invoice GC B 25-05-0004
[2025-05-02 14:37:25] [READ-ONLY] Simulated send for invoice GC B 25-05-0003
[2025-05-02 14:37:25] [READ-ONLY] Batch delay of 3 second(s) applied.
[2025-05-02 14:37:22] [READ-ONLY] Simulated send for invoice GC B 25-05-0002
[2025-05-02 14:37:22] [READ-ONLY] Simulated send for invoice GC B 25-05-0001
[2025-05-02 14:37:22] [READ-ONLY] Simulated send for invoice GC A 25-05-0021
[2025-05-02 14:37:22] [READ-ONLY] Simulated send for invoice GC A 25-05-0020
[2025-05-02 14:37:22] [READ-ONLY] Simulated send for invoice GC A 25-05-0019
[2025-05-02 14:37:21] [READ-ONLY] Batch delay of 4 second(s) applied.
[2025-05-02 14:37:17] [READ-ONLY] Simulated send for invoice GC A 25-05-0018
[2025-05-02 14:37:17] [READ-ONLY] Simulated send for invoice GC A 25-05-0017
[2025-05-02 14:37:17] [READ-ONLY] Simulated send for invoice GC A 25-05-0016
[2025-05-02 14:37:17] [READ-ONLY] Simulated send for invoice GC A 25-05-0015
[2025-05-02 14:37:17] [READ-ONLY] Simulated send for invoice GC A 25-05-0014
[2025-05-02 14:37:17] [READ-ONLY] Batch delay of 1 second(s) applied.
[2025-05-02 14:37:16] [READ-ONLY] Simulated send for invoice GC A 25-05-0013
[2025-05-02 14:37:16] [READ-ONLY] Simulated send for invoice GC A 25-05-0012
[2025-05-02 14:37:16] [READ-ONLY] Simulated send for invoice GC A 25-05-0011
[2025-05-02 14:37:16] [READ-ONLY] Simulated send for invoice GC A 25-05-0010
[2025-05-02 14:37:16] [READ-ONLY] Simulated send for invoice GC A 25-05-0009
[2025-05-02 14:37:15] [READ-ONLY] Batch delay of 4 second(s) applied.
[2025-05-02 14:37:11] [READ-ONLY] Simulated send for invoice GC A 25-05-0008
[2025-05-02 14:37:11] [READ-ONLY] Simulated send for invoice GC A 25-05-0007
[2025-05-02 14:37:11] [READ-ONLY] Simulated send for invoice GC A 25-05-0006
[2025-05-02 14:37:11] [READ-ONLY] Simulated send for invoice GC A 25-05-0005
[2025-05-02 14:37:11] [READ-ONLY] Simulated send for invoice GC A 25-05-0004
[2025-05-02 14:37:11] [READ-ONLY] Batch delay of 4 second(s) applied.
[2025-05-02 14:37:07] [READ-ONLY] Simulated send for invoice GC A 25-05-0003
[2025-05-02 14:37:07] [READ-ONLY] Simulated send for invoice GC A 25-05-0002
[2025-05-02 14:37:07] [READ-ONLY] Simulated send for invoice FT D 25-05-0028
[2025-05-02 14:37:07] [READ-ONLY] Simulated send for invoice FT D 25-05-0027
[2025-05-02 14:37:07] [READ-ONLY] Simulated send for invoice FT D 25-05-0026
[2025-05-02 14:37:06] [READ-ONLY] Batch delay of 5 second(s) applied.
[2025-05-02 14:37:01] [READ-ONLY] Simulated send for invoice FT D 25-05-0025
[2025-05-02 14:37:01] [READ-ONLY] Simulated send for invoice FT D 25-05-0024
[2025-05-02 14:37:01] [READ-ONLY] Simulated send for invoice FT D 25-05-0023
[2025-05-02 14:37:01] [READ-ONLY] Simulated send for invoice FT D 25-05-0022
[2025-05-02 14:37:01] [READ-ONLY] Simulated send for invoice FT D 25-05-0021
[2025-05-02 14:37:00] [READ-ONLY] Batch delay of 2 second(s) applied.
[2025-05-02 14:36:58] [READ-ONLY] Simulated send for invoice FT D 25-05-0020
[2025-05-02 14:36:58] [READ-ONLY] Simulated send for invoice FT D 25-05-0019
[2025-05-02 14:36:58] [READ-ONLY] Simulated send for invoice FT D 25-05-0018
[2025-05-02 14:36:58] [READ-ONLY] Simulated send for invoice FT D 25-05-0017
[2025-05-02 14:36:58] [READ-ONLY] Simulated send for invoice FT D 25-05-0016
[2025-05-02 14:36:58] [READ-ONLY] Batch delay of 5 second(s) applied.
[2025-05-02 14:36:53] [READ-ONLY] Simulated send for invoice FT D 25-05-0015
[2025-05-02 14:36:53] [READ-ONLY] Simulated send for invoice FT D 25-05-0014
[2025-05-02 14:36:53] [READ-ONLY] Simulated send for invoice FT D 25-05-0013
[2025-05-02 14:36:53] [READ-ONLY] Simulated send for invoice FT D 25-05-0012
[2025-05-02 14:36:53] [READ-ONLY] Simulated send for invoice FT D 25-05-0011
[2025-05-02 14:36:52] [READ-ONLY] Batch delay of 5 second(s) applied.
[2025-05-02 14:36:47] [READ-ONLY] Simulated send for invoice FT D 25-05-0010
[2025-05-02 14:36:47] [READ-ONLY] Simulated send for invoice FT D 25-05-0009
[2025-05-02 14:36:47] [READ-ONLY] Simulated send for invoice FT D 25-05-0008
[2025-05-02 14:36:47] [READ-ONLY] Simulated send for invoice FT D 25-05-0007
[2025-05-02 14:36:47] [READ-ONLY] Simulated send for invoice FT D 25-05-0006
[2025-05-02 14:36:47] [READ-ONLY] Batch delay of 4 second(s) applied.
[2025-05-02 14:36:43] [READ-ONLY] Simulated send for invoice FT D 25-05-0005
[2025-05-02 14:36:43] [READ-ONLY] Simulated send for invoice FT D 25-05-0004
[2025-05-02 14:36:43] [READ-ONLY] Simulated send for invoice FT D 25-05-0003
[2025-05-02 14:36:43] [READ-ONLY] Simulated send for invoice FT D 25-05-0002
[2025-05-02 14:36:43] [READ-ONLY] Simulated send for invoice FT D 25-05-0001
[2025-05-02 14:36:42] [READ-ONLY] Batch delay of 2 second(s) applied.
[2025-05-02 14:36:40] [READ-ONLY] Simulated send for invoice FT C 25-05-0034
[2025-05-02 14:36:40] [READ-ONLY] Simulated send for invoice FT C 25-05-0033
[2025-05-02 14:36:40] [READ-ONLY] Simulated send for invoice FT C 25-05-0032
[2025-05-02 14:36:40] [READ-ONLY] Simulated send for invoice FT C 25-05-0031
[2025-05-02 14:36:40] [READ-ONLY] Simulated send for invoice FT C 25-05-0030
[2025-05-02 14:36:40] [READ-ONLY] Batch delay of 1 second(s) applied.
[2025-05-02 14:36:39] [READ-ONLY] Simulated send for invoice FT C 25-05-0029
[2025-05-02 14:36:39] [READ-ONLY] Simulated send for invoice FT C 25-05-0028
[2025-05-02 14:36:39] [READ-ONLY] Simulated send for invoice FT C 25-05-0027
[2025-05-02 14:36:39] [READ-ONLY] Simulated send for invoice FT C 25-05-0026
[2025-05-02 14:36:39] [READ-ONLY] Simulated send for invoice FT C 25-05-0025
[2025-05-02 14:36:38] [READ-ONLY] Batch delay of 2 second(s) applied.
[2025-05-02 14:36:36] [READ-ONLY] Simulated send for invoice FT C 25-05-0024
[2025-05-02 14:36:36] [READ-ONLY] Simulated send for invoice FT C 25-05-0023
[2025-05-02 14:36:36] [READ-ONLY] Simulated send for invoice FT C 25-05-0022
[2025-05-02 14:36:36] [READ-ONLY] Simulated send for invoice FT C 25-05-0021
[2025-05-02 14:36:36] [READ-ONLY] Simulated send for invoice FT C 25-05-0020
[2025-05-02 14:36:36] [READ-ONLY] Batch delay of 2 second(s) applied.
[2025-05-02 14:36:34] [READ-ONLY] Simulated send for invoice FT C 25-05-0019
[2025-05-02 14:36:34] [READ-ONLY] Simulated send for invoice FT C 25-05-0018
[2025-05-02 14:36:34] [READ-ONLY] Simulated send for invoice FT C 25-05-0017
[2025-05-02 14:36:34] [READ-ONLY] Simulated send for invoice FT C 25-05-0016
[2025-05-02 14:36:34] [READ-ONLY] Simulated send for invoice FT C 25-05-0015
[2025-05-02 14:36:33] [READ-ONLY] Batch delay of 3 second(s) applied.
[2025-05-02 14:36:30] [READ-ONLY] Simulated send for invoice FT C 25-05-0014
[2025-05-02 14:36:30] [READ-ONLY] Simulated send for invoice FT C 25-05-0013
[2025-05-02 14:36:30] [NOTICE] Invoice FT C 25-05-0013 Raw email partially sanitized. Original [annadionisio1994@gmail.com ; aldzbrych@gmail.com;maryanna.dionisio@yahoo.com]  Sanitized [annadionisio1994@gmail.com; aldzbrych@gmail.com; maryanna.dionisio@yahoo.com]
[2025-05-02 14:36:30] [READ-ONLY] Simulated send for invoice FT C 25-05-0012
[2025-05-02 14:36:30] [READ-ONLY] Simulated send for invoice FT C 25-05-0011
[2025-05-02 14:36:30] [READ-ONLY] Simulated send for invoice FT C 25-05-0010
[2025-05-02 14:36:30] [READ-ONLY] Batch delay of 4 second(s) applied.
[2025-05-02 14:36:26] [READ-ONLY] Simulated send for invoice FT C 25-05-0009
[2025-05-02 14:36:26] [READ-ONLY] Simulated send for invoice FT C 25-05-0008
[2025-05-02 14:36:26] [READ-ONLY] Simulated send for invoice FT C 25-05-0007
[2025-05-02 14:36:26] [READ-ONLY] Simulated send for invoice FT C 25-05-0006
[2025-05-02 14:36:26] [READ-ONLY] Simulated send for invoice FT C 25-05-0005
[2025-05-02 14:36:25] [READ-ONLY] Batch delay of 2 second(s) applied.
[2025-05-02 14:36:23] [READ-ONLY] Simulated send for invoice FT C 25-05-0004
[2025-05-02 14:36:23] [READ-ONLY] Simulated send for invoice FT C 25-05-0003
[2025-05-02 14:36:23] [READ-ONLY] Simulated send for invoice FT C 25-05-0002
[2025-05-02 14:36:23] [READ-ONLY] Simulated send for invoice FT C 25-05-0001
[2025-05-02 14:36:23] [READ-ONLY] Simulated send for invoice FT B 25-05-0023
[2025-05-02 14:36:22] [READ-ONLY] Batch delay of 3 second(s) applied.
[2025-05-02 14:36:19] [READ-ONLY] Simulated send for invoice FT B 25-05-0022
[2025-05-02 14:36:19] [READ-ONLY] Simulated send for invoice FT B 25-05-0021
[2025-05-02 14:36:19] [READ-ONLY] Simulated send for invoice FT B 25-05-0020
[2025-05-02 14:36:19] [READ-ONLY] Simulated send for invoice FT B 25-05-0019
[2025-05-02 14:36:19] [READ-ONLY] Simulated send for invoice FT B 25-05-0018
[2025-05-02 14:36:19] [READ-ONLY] Batch delay of 4 second(s) applied.
[2025-05-02 14:36:15] [READ-ONLY] Simulated send for invoice FT B 25-05-0017
[2025-05-02 14:36:15] [READ-ONLY] Simulated send for invoice FT B 25-05-0016
[2025-05-02 14:36:15] [READ-ONLY] Simulated send for invoice FT B 25-05-0015
[2025-05-02 14:36:15] [READ-ONLY] Simulated send for invoice FT B 25-05-0014
[2025-05-02 14:36:15] [READ-ONLY] Simulated send for invoice FT B 25-05-0013
[2025-05-02 14:36:14] [READ-ONLY] Batch delay of 3 second(s) applied.
[2025-05-02 14:36:11] [READ-ONLY] Simulated send for invoice FT B 25-05-0012
[2025-05-02 14:36:11] [READ-ONLY] Simulated send for invoice FT B 25-05-0011
[2025-05-02 14:36:11] [READ-ONLY] Simulated send for invoice FT B 25-05-0010
[2025-05-02 14:36:11] [READ-ONLY] Simulated send for invoice FT B 25-05-0009
[2025-05-02 14:36:11] [READ-ONLY] Simulated send for invoice FT B 25-05-0008
[2025-05-02 14:36:11] [READ-ONLY] Batch delay of 2 second(s) applied.
[2025-05-02 14:36:09] [READ-ONLY] Simulated send for invoice FT B 25-05-0007
[2025-05-02 14:36:09] [READ-ONLY] Simulated send for invoice FT B 25-05-0006
[2025-05-02 14:36:09] [READ-ONLY] Simulated send for invoice FT B 25-05-0005
[2025-05-02 14:36:09] [READ-ONLY] Simulated send for invoice FT B 25-05-0004
[2025-05-02 14:36:09] [READ-ONLY] Simulated send for invoice FT B 25-05-0003
[2025-05-02 14:36:08] [READ-ONLY] Batch delay of 3 second(s) applied.
[2025-05-02 14:36:05] [READ-ONLY] Simulated send for invoice FT B 25-05-0002
[2025-05-02 14:36:05] [READ-ONLY] Simulated send for invoice FT B 25-05-0001
[2025-05-02 14:36:05] [READ-ONLY] Simulated send for invoice FT A 25-05-0022
[2025-05-02 14:36:05] [NOTICE] Invoice FT A 25-05-0022 Raw email partially sanitized. Original ['julietagathamendoza@yahoo.com']  Sanitized [julietagathamendoza@yahoo.com]
[2025-05-02 14:36:05] [READ-ONLY] Simulated send for invoice FT A 25-05-0021
[2025-05-02 14:36:05] [READ-ONLY] Simulated send for invoice FT A 25-05-0020
[2025-05-02 14:36:05] [NOTICE] Invoice FT A 25-05-0020 Raw email partially sanitized. Original [KARENITO2011@LIVE.COM;jgpabalan@gmail.com]  Sanitized [KARENITO2011@LIVE.COM; jgpabalan@gmail.com]
[2025-05-02 14:36:05] [READ-ONLY] Batch delay of 5 second(s) applied.
[2025-05-02 14:36:00] [READ-ONLY] Simulated send for invoice FT A 25-05-0019
[2025-05-02 14:36:00] [READ-ONLY] Simulated send for invoice FT A 25-05-0018
[2025-05-02 14:36:00] [READ-ONLY] Simulated send for invoice FT A 25-05-0017
[2025-05-02 14:36:00] [READ-ONLY] Simulated send for invoice FT A 25-05-0016
[2025-05-02 14:36:00] [READ-ONLY] Simulated send for invoice FT A 25-05-0015
[2025-05-02 14:35:59] [READ-ONLY] Batch delay of 1 second(s) applied.
[2025-05-02 14:35:58] [READ-ONLY] Simulated send for invoice FT A 25-05-0014
[2025-05-02 14:35:58] [READ-ONLY] Simulated send for invoice FT A 25-05-0013
[2025-05-02 14:35:58] [READ-ONLY] Simulated send for invoice FT A 25-05-0012
[2025-05-02 14:35:58] [READ-ONLY] Simulated send for invoice FT A 25-05-0011
[2025-05-02 14:35:58] [READ-ONLY] Simulated send for invoice FT A 25-05-0010
[2025-05-02 14:35:58] [READ-ONLY] Batch delay of 4 second(s) applied.
[2025-05-02 14:35:54] [READ-ONLY] Simulated send for invoice FT A 25-05-0009
[2025-05-02 14:35:54] [READ-ONLY] Simulated send for invoice FT A 25-05-0008
[2025-05-02 14:35:54] [READ-ONLY] Simulated send for invoice FT A 25-05-0007
[2025-05-02 14:35:54] [READ-ONLY] Simulated send for invoice FT A 25-05-0006
[2025-05-02 14:35:54] [READ-ONLY] Simulated send for invoice FT A 25-05-0005
[2025-05-02 14:35:53] [READ-ONLY] Batch delay of 5 second(s) applied.
[2025-05-02 14:35:48] [READ-ONLY] Simulated send for invoice FT A 25-05-0004
[2025-05-02 14:35:48] [READ-ONLY] Simulated send for invoice FT A 25-05-0003
[2025-05-02 14:35:48] [READ-ONLY] Simulated send for invoice FT A 25-05-0002
[2025-05-02 14:35:48] [READ-ONLY] Simulated send for invoice FT A 25-05-0001
[2025-05-02 14:35:48] [READ-ONLY] Simulated send for invoice CTOWN 25-05-0001
