[2025-05-01 11:34:08] [READ-ONLY] Batch delay of 3 second(s) applied.
[2025-05-01 11:34:05] [READ-ONLY] Simulated send for invoice WT 25-05-0022
[2025-05-01 11:34:05] [NOTICE] Invoice WT 25-05-0022 Raw email partially sanitized. Original [topzne1@yahoo.com]  Sanitized [pzne1@yahoo.com]
[2025-05-01 11:34:05] [READ-ONLY] Simulated send for invoice WT 25-05-0021
[2025-05-01 11:34:04] [READ-ONLY] Batch delay of 1 second(s) applied.
[2025-05-01 11:34:03] [READ-ONLY] Simulated send for invoice WT 25-05-0020
[2025-05-01 11:34:03] [READ-ONLY] Simulated send for invoice WT 25-05-0019
[2025-05-01 11:34:03] [READ-ONLY] Simulated send for invoice WT 25-05-0018
[2025-05-01 11:34:03] [READ-ONLY] Simulated send for invoice WT 25-05-0017
[2025-05-01 11:34:03] [READ-ONLY] Simulated send for invoice WT 25-05-0016
[2025-05-01 11:34:03] [NOTICE] Invoice WT 25-05-0016 Raw email partially sanitized. Original [rusellezapanta@nmifa.com;ruselle.zapanta@gmail.com]  Sanitized [rusellezapanta@nmifa.com; ruselle.zapanta@gmail.com]
[2025-05-01 11:34:02] [READ-ONLY] Batch delay of 5 second(s) applied.
[2025-05-01 11:33:57] [READ-ONLY] Simulated send for invoice WT 25-05-0015
[2025-05-01 11:33:57] [READ-ONLY] Simulated send for invoice WT 25-05-0014
[2025-05-01 11:33:57] [READ-ONLY] Simulated send for invoice WT 25-05-0013
[2025-05-01 11:33:57] [READ-ONLY] Simulated send for invoice WT 25-05-0012
[2025-05-01 11:33:57] [READ-ONLY] Simulated send for invoice WT 25-05-0011
[2025-05-01 11:33:56] [READ-ONLY] Batch delay of 2 second(s) applied.
[2025-05-01 11:33:54] [READ-ONLY] Simulated send for invoice WT 25-05-0010
[2025-05-01 11:33:54] [READ-ONLY] Simulated send for invoice WT 25-05-0009
[2025-05-01 11:33:54] [READ-ONLY] Simulated send for invoice WT 25-05-0008
[2025-05-01 11:33:54] [READ-ONLY] Simulated send for invoice WT 25-05-0007
[2025-05-01 11:33:54] [READ-ONLY] Simulated send for invoice WT 25-05-0006
[2025-05-01 11:33:53] [READ-ONLY] Batch delay of 4 second(s) applied.
[2025-05-01 11:33:49] [READ-ONLY] Simulated send for invoice WT 25-05-0005
[2025-05-01 11:33:49] [READ-ONLY] Simulated send for invoice WT 25-05-0004
[2025-05-01 11:33:49] [READ-ONLY] Simulated send for invoice WT 25-05-0003
[2025-05-01 11:33:49] [READ-ONLY] Simulated send for invoice WT 25-05-0002
[2025-05-01 11:33:49] [READ-ONLY] Simulated send for invoice WT 25-05-0001
[2025-05-01 11:33:48] [READ-ONLY] Batch delay of 5 second(s) applied.
[2025-05-01 11:33:43] [READ-ONLY] Simulated send for invoice TSL 25-05-0010
[2025-05-01 11:33:43] [READ-ONLY] Simulated send for invoice TSL 25-05-0009
[2025-05-01 11:33:43] [NOTICE] Invoice TSL 25-05-0009 Raw email partially sanitized. Original [asm24@sbcglobal.net, nlimbo.dds@gmail.comCC  (accounting@mdcsaipan.com)]  Sanitized [asm24@sbcglobal.net; nlimbo.dds@gmail.com; accounting@mdcsaipan.com]
[2025-05-01 11:33:43] [READ-ONLY] Simulated send for invoice TSL 25-05-0008
[2025-05-01 11:33:43] [READ-ONLY] Simulated send for invoice TSL 25-05-0007
[2025-05-01 11:33:43] [READ-ONLY] Simulated send for invoice TSL 25-05-0006
[2025-05-01 11:33:42] [READ-ONLY] Batch delay of 4 second(s) applied.
[2025-05-01 11:33:38] [READ-ONLY] Simulated send for invoice TSL 25-05-0005
[2025-05-01 11:33:38] [READ-ONLY] Simulated send for invoice TSL 25-05-0004
[2025-05-01 11:33:38] [READ-ONLY] Simulated send for invoice TSL 25-05-0003
[2025-05-01 11:33:38] [READ-ONLY] Simulated send for invoice TSL 25-05-0002
[2025-05-01 11:33:38] [SKIPPED] Invoice TSL 25-05-0001 Attachment file not found at CSystemrmspagesutilitiespdfASSURANCE BROKERS INC. DBA AB RISK SOLUTIONS-INVOICE-TSL 25-05-0001.pdf
[2025-05-01 11:33:37] [READ-ONLY] Batch delay of 1 second(s) applied.
[2025-05-01 11:33:36] [READ-ONLY] Simulated send for invoice SVT 25-05-0025
[2025-05-01 11:33:36] [READ-ONLY] Simulated send for invoice SVT 25-05-0024
[2025-05-01 11:33:36] [READ-ONLY] Simulated send for invoice SVT 25-05-0023
[2025-05-01 11:33:36] [READ-ONLY] Simulated send for invoice SVT 25-05-0022
[2025-05-01 11:33:36] [READ-ONLY] Simulated send for invoice SVT 25-05-0021
[2025-05-01 11:33:35] [READ-ONLY] Batch delay of 4 second(s) applied.
[2025-05-01 11:33:31] [READ-ONLY] Simulated send for invoice SVT 25-05-0020
[2025-05-01 11:33:31] [READ-ONLY] Simulated send for invoice SVT 25-05-0019
[2025-05-01 11:33:31] [READ-ONLY] Simulated send for invoice SVT 25-05-0018
[2025-05-01 11:33:31] [READ-ONLY] Simulated send for invoice SVT 25-05-0017
[2025-05-01 11:33:31] [READ-ONLY] Simulated send for invoice SVT 25-05-0016
[2025-05-01 11:33:30] [READ-ONLY] Batch delay of 4 second(s) applied.
[2025-05-01 11:33:26] [READ-ONLY] Simulated send for invoice SVT 25-05-0015
[2025-05-01 11:33:26] [READ-ONLY] Simulated send for invoice SVT 25-05-0014
[2025-05-01 11:33:26] [READ-ONLY] Simulated send for invoice SVT 25-05-0013
[2025-05-01 11:33:26] [READ-ONLY] Simulated send for invoice SVT 25-05-0012
[2025-05-01 11:33:26] [READ-ONLY] Simulated send for invoice SVT 25-05-0011
[2025-05-01 11:33:25] [READ-ONLY] Batch delay of 4 second(s) applied.
[2025-05-01 11:33:21] [READ-ONLY] Simulated send for invoice SVT 25-05-0010
[2025-05-01 11:33:21] [READ-ONLY] Simulated send for invoice SVT 25-05-0009
[2025-05-01 11:33:21] [READ-ONLY] Simulated send for invoice SVT 25-05-0008
[2025-05-01 11:33:21] [READ-ONLY] Simulated send for invoice SVT 25-05-0007
[2025-05-01 11:33:21] [READ-ONLY] Simulated send for invoice SVT 25-05-0006
[2025-05-01 11:33:20] [READ-ONLY] Batch delay of 4 second(s) applied.
[2025-05-01 11:33:16] [READ-ONLY] Simulated send for invoice SVT 25-05-0005
[2025-05-01 11:33:16] [READ-ONLY] Simulated send for invoice SVT 25-05-0004
[2025-05-01 11:33:16] [READ-ONLY] Simulated send for invoice SVT 25-05-0003
[2025-05-01 11:33:16] [READ-ONLY] Simulated send for invoice SVT 25-05-0002
[2025-05-01 11:33:16] [READ-ONLY] Simulated send for invoice SVT 25-05-0001
[2025-05-01 11:33:15] [READ-ONLY] Batch delay of 1 second(s) applied.
[2025-05-01 11:33:14] [READ-ONLY] Simulated send for invoice OVT 25-05-0020
[2025-05-01 11:33:14] [READ-ONLY] Simulated send for invoice OVT 25-05-0019
[2025-05-01 11:33:14] [READ-ONLY] Simulated send for invoice OVT 25-05-0018
[2025-05-01 11:33:14] [READ-ONLY] Simulated send for invoice OVT 25-05-0017
[2025-05-01 11:33:14] [READ-ONLY] Simulated send for invoice OVT 25-05-0016
[2025-05-01 11:33:13] [READ-ONLY] Batch delay of 1 second(s) applied.
[2025-05-01 11:33:12] [READ-ONLY] Simulated send for invoice OVT 25-05-0015
[2025-05-01 11:33:12] [READ-ONLY] Simulated send for invoice OVT 25-05-0014
[2025-05-01 11:33:12] [READ-ONLY] Simulated send for invoice OVT 25-05-0013
[2025-05-01 11:33:12] [READ-ONLY] Simulated send for invoice OVT 25-05-0012
[2025-05-01 11:33:12] [READ-ONLY] Simulated send for invoice OVT 25-05-0011
[2025-05-01 11:33:11] [READ-ONLY] Batch delay of 1 second(s) applied.
[2025-05-01 11:33:10] [READ-ONLY] Simulated send for invoice OVT 25-05-0010
[2025-05-01 11:33:10] [READ-ONLY] Simulated send for invoice OVT 25-05-0009
[2025-05-01 11:33:10] [READ-ONLY] Simulated send for invoice OVT 25-05-0008
[2025-05-01 11:33:10] [READ-ONLY] Simulated send for invoice OVT 25-05-0007
[2025-05-01 11:33:10] [READ-ONLY] Simulated send for invoice OVT 25-05-0006
[2025-05-01 11:33:09] [READ-ONLY] Batch delay of 1 second(s) applied.
[2025-05-01 11:33:08] [READ-ONLY] Simulated send for invoice OVT 25-05-0005
[2025-05-01 11:33:08] [READ-ONLY] Simulated send for invoice OVT 25-05-0004
[2025-05-01 11:33:08] [READ-ONLY] Simulated send for invoice OVT 25-05-0003
[2025-05-01 11:33:08] [READ-ONLY] Simulated send for invoice OVT 25-05-0002
[2025-05-01 11:33:08] [READ-ONLY] Simulated send for invoice OVT 25-05-0001
[2025-05-01 11:33:07] [READ-ONLY] Batch delay of 2 second(s) applied.
[2025-05-01 11:33:05] [READ-ONLY] Simulated send for invoice LNHSE 25-05-0001
[2025-05-01 11:33:05] [READ-ONLY] Simulated send for invoice LNH 25-05-0023
[2025-05-01 11:33:05] [READ-ONLY] Simulated send for invoice LNH 25-05-0022
[2025-05-01 11:33:05] [READ-ONLY] Simulated send for invoice LNH 25-05-0021
[2025-05-01 11:33:05] [READ-ONLY] Simulated send for invoice LNH 25-05-0019
[2025-05-01 11:33:04] [READ-ONLY] Batch delay of 4 second(s) applied.
[2025-05-01 11:33:00] [READ-ONLY] Simulated send for invoice LNH 25-05-0018
[2025-05-01 11:33:00] [READ-ONLY] Simulated send for invoice LNH 25-05-0017
[2025-05-01 11:33:00] [READ-ONLY] Simulated send for invoice LNH 25-05-0016
[2025-05-01 11:33:00] [READ-ONLY] Simulated send for invoice LNH 25-05-0015
[2025-05-01 11:33:00] [READ-ONLY] Simulated send for invoice LNH 25-05-0014
[2025-05-01 11:32:59] [READ-ONLY] Batch delay of 2 second(s) applied.
[2025-05-01 11:32:57] [READ-ONLY] Simulated send for invoice LNH 25-05-0013
[2025-05-01 11:32:57] [READ-ONLY] Simulated send for invoice LNH 25-05-0012
[2025-05-01 11:32:57] [READ-ONLY] Simulated send for invoice LNH 25-05-0011
[2025-05-01 11:32:57] [READ-ONLY] Simulated send for invoice LNH 25-05-0010
[2025-05-01 11:32:57] [READ-ONLY] Simulated send for invoice LNH 25-05-0009
[2025-05-01 11:32:56] [READ-ONLY] Batch delay of 3 second(s) applied.
[2025-05-01 11:32:53] [READ-ONLY] Simulated send for invoice LNH 25-05-0008
[2025-05-01 11:32:53] [READ-ONLY] Simulated send for invoice LNH 25-05-0007
[2025-05-01 11:32:53] [READ-ONLY] Simulated send for invoice LNH 25-05-0006
[2025-05-01 11:32:53] [READ-ONLY] Simulated send for invoice LNH 25-05-0005
[2025-05-01 11:32:53] [READ-ONLY] Simulated send for invoice LNH 25-05-0004
[2025-05-01 11:32:52] [READ-ONLY] Batch delay of 3 second(s) applied.
[2025-05-01 11:32:49] [READ-ONLY] Simulated send for invoice LNH 25-05-0003
[2025-05-01 11:32:49] [READ-ONLY] Simulated send for invoice LNH 25-05-0002
[2025-05-01 11:32:49] [READ-ONLY] Simulated send for invoice LNH 25-05-0001
[2025-05-01 11:32:49] [READ-ONLY] Simulated send for invoice LB 2 25-05-0002
[2025-05-01 11:32:49] [READ-ONLY] Simulated send for invoice LB 2 25-05-0001
[2025-05-01 11:32:48] [READ-ONLY] Batch delay of 1 second(s) applied.
[2025-05-01 11:32:47] [READ-ONLY] Simulated send for invoice LB 1 25-05-0006
[2025-05-01 11:32:47] [READ-ONLY] Simulated send for invoice LB 1 25-05-0005
[2025-05-01 11:32:47] [READ-ONLY] Simulated send for invoice LB 1 25-05-0004
[2025-05-01 11:32:47] [READ-ONLY] Simulated send for invoice LB 1 25-05-0003
[2025-05-01 11:32:47] [READ-ONLY] Simulated send for invoice LB 1 25-05-0002
[2025-05-01 11:32:47] [READ-ONLY] Batch delay of 5 second(s) applied.
[2025-05-01 11:32:42] [READ-ONLY] Simulated send for invoice LB 1 25-05-0001
[2025-05-01 11:32:42] [READ-ONLY] Simulated send for invoice JPC 25-05-0012
[2025-05-01 11:32:42] [READ-ONLY] Simulated send for invoice JPC 25-05-0011
[2025-05-01 11:32:42] [READ-ONLY] Simulated send for invoice JPC 25-05-0010
[2025-05-01 11:32:42] [READ-ONLY] Simulated send for invoice JPC 25-05-0009
[2025-05-01 11:32:41] [READ-ONLY] Batch delay of 3 second(s) applied.
[2025-05-01 11:32:38] [READ-ONLY] Simulated send for invoice JPC 25-05-0008
[2025-05-01 11:32:38] [READ-ONLY] Simulated send for invoice JPC 25-05-0007
[2025-05-01 11:32:38] [READ-ONLY] Simulated send for invoice JPC 25-05-0006
[2025-05-01 11:32:38] [READ-ONLY] Simulated send for invoice JPC 25-05-0005
[2025-05-01 11:32:38] [READ-ONLY] Simulated send for invoice JPC 25-05-0004
[2025-05-01 11:32:38] [READ-ONLY] Batch delay of 1 second(s) applied.
[2025-05-01 11:32:37] [READ-ONLY] Simulated send for invoice JPC 25-05-0003
[2025-05-01 11:32:37] [READ-ONLY] Simulated send for invoice JPC 25-05-0002
[2025-05-01 11:32:37] [READ-ONLY] Simulated send for invoice JPC 25-05-0001
[2025-05-01 11:32:37] [READ-ONLY] Simulated send for invoice GL 1 25-05-0008
[2025-05-01 11:32:37] [READ-ONLY] Simulated send for invoice GL 1 25-05-0007
[2025-05-01 11:32:36] [READ-ONLY] Batch delay of 2 second(s) applied.
[2025-05-01 11:32:34] [READ-ONLY] Simulated send for invoice GL 1 25-05-0006
[2025-05-01 11:32:34] [READ-ONLY] Simulated send for invoice GL 1 25-05-0005
[2025-05-01 11:32:34] [READ-ONLY] Simulated send for invoice GL 1 25-05-0004
[2025-05-01 11:32:34] [NOTICE] Invoice GL 1 25-05-0004 Raw email partially sanitized. Original [kim.shirley1958@yahoo.com; christy_villaflor@saipansoccerschool.org]  Sanitized [kim.shirley1958@yahoo.com; christy_villaflor@saipansoccerschool.org]
[2025-05-01 11:32:34] [READ-ONLY] Simulated send for invoice GL 1 25-05-0003
[2025-05-01 11:32:34] [READ-ONLY] Simulated send for invoice GL 1 25-05-0002
[2025-05-01 11:32:34] [READ-ONLY] Batch delay of 5 second(s) applied.
[2025-05-01 11:32:29] [READ-ONLY] Simulated send for invoice GL 1 25-05-0001
[2025-05-01 11:32:29] [READ-ONLY] Simulated send for invoice GC B 25-05-0021
[2025-05-01 11:32:29] [READ-ONLY] Simulated send for invoice GC B 25-05-0020
[2025-05-01 11:32:29] [READ-ONLY] Simulated send for invoice GC B 25-05-0019
[2025-05-01 11:32:29] [READ-ONLY] Simulated send for invoice GC B 25-05-0018
[2025-05-01 11:32:28] [READ-ONLY] Batch delay of 5 second(s) applied.
[2025-05-01 11:32:23] [READ-ONLY] Simulated send for invoice GC B 25-05-0017
[2025-05-01 11:32:23] [READ-ONLY] Simulated send for invoice GC B 25-05-0016
[2025-05-01 11:32:23] [READ-ONLY] Simulated send for invoice GC B 25-05-0015
[2025-05-01 11:32:23] [READ-ONLY] Simulated send for invoice GC B 25-05-0014
[2025-05-01 11:32:23] [READ-ONLY] Simulated send for invoice GC B 25-05-0013
[2025-05-01 11:32:23] [READ-ONLY] Batch delay of 2 second(s) applied.
[2025-05-01 11:32:21] [READ-ONLY] Simulated send for invoice GC B 25-05-0012
[2025-05-01 11:32:21] [READ-ONLY] Simulated send for invoice GC B 25-05-0011
[2025-05-01 11:32:21] [READ-ONLY] Simulated send for invoice GC B 25-05-0010
[2025-05-01 11:32:21] [READ-ONLY] Simulated send for invoice GC B 25-05-0009
[2025-05-01 11:32:21] [READ-ONLY] Simulated send for invoice GC B 25-05-0008
[2025-05-01 11:32:20] [READ-ONLY] Batch delay of 1 second(s) applied.
[2025-05-01 11:32:19] [READ-ONLY] Simulated send for invoice GC B 25-05-0007
[2025-05-01 11:32:19] [READ-ONLY] Simulated send for invoice GC B 25-05-0006
[2025-05-01 11:32:19] [READ-ONLY] Simulated send for invoice GC B 25-05-0005
[2025-05-01 11:32:19] [READ-ONLY] Simulated send for invoice GC B 25-05-0004
[2025-05-01 11:32:19] [READ-ONLY] Simulated send for invoice GC B 25-05-0003
[2025-05-01 11:32:19] [READ-ONLY] Batch delay of 4 second(s) applied.
[2025-05-01 11:32:15] [READ-ONLY] Simulated send for invoice GC B 25-05-0002
[2025-05-01 11:32:15] [READ-ONLY] Simulated send for invoice GC B 25-05-0001
[2025-05-01 11:32:15] [READ-ONLY] Simulated send for invoice GC A 25-05-0021
[2025-05-01 11:32:15] [READ-ONLY] Simulated send for invoice GC A 25-05-0020
[2025-05-01 11:32:15] [READ-ONLY] Simulated send for invoice GC A 25-05-0019
[2025-05-01 11:32:14] [READ-ONLY] Batch delay of 4 second(s) applied.
[2025-05-01 11:32:10] [READ-ONLY] Simulated send for invoice GC A 25-05-0018
[2025-05-01 11:32:10] [READ-ONLY] Simulated send for invoice GC A 25-05-0017
[2025-05-01 11:32:10] [READ-ONLY] Simulated send for invoice GC A 25-05-0016
[2025-05-01 11:32:10] [READ-ONLY] Simulated send for invoice GC A 25-05-0015
[2025-05-01 11:32:10] [READ-ONLY] Simulated send for invoice GC A 25-05-0014
[2025-05-01 11:32:10] [READ-ONLY] Batch delay of 5 second(s) applied.
[2025-05-01 11:32:05] [READ-ONLY] Simulated send for invoice GC A 25-05-0013
[2025-05-01 11:32:05] [READ-ONLY] Simulated send for invoice GC A 25-05-0012
[2025-05-01 11:32:05] [READ-ONLY] Simulated send for invoice GC A 25-05-0011
[2025-05-01 11:32:05] [READ-ONLY] Simulated send for invoice GC A 25-05-0010
[2025-05-01 11:32:05] [READ-ONLY] Simulated send for invoice GC A 25-05-0009
[2025-05-01 11:32:04] [READ-ONLY] Batch delay of 2 second(s) applied.
[2025-05-01 11:32:02] [READ-ONLY] Simulated send for invoice GC A 25-05-0008
[2025-05-01 11:32:02] [READ-ONLY] Simulated send for invoice GC A 25-05-0007
[2025-05-01 11:32:02] [READ-ONLY] Simulated send for invoice GC A 25-05-0006
[2025-05-01 11:32:02] [READ-ONLY] Simulated send for invoice GC A 25-05-0005
[2025-05-01 11:32:02] [READ-ONLY] Simulated send for invoice GC A 25-05-0004
[2025-05-01 11:32:02] [READ-ONLY] Batch delay of 4 second(s) applied.
[2025-05-01 11:31:58] [READ-ONLY] Simulated send for invoice GC A 25-05-0003
[2025-05-01 11:31:58] [READ-ONLY] Simulated send for invoice GC A 25-05-0002
[2025-05-01 11:31:58] [READ-ONLY] Simulated send for invoice FT D 25-05-0028
[2025-05-01 11:31:58] [READ-ONLY] Simulated send for invoice FT D 25-05-0027
[2025-05-01 11:31:58] [READ-ONLY] Simulated send for invoice FT D 25-05-0026
[2025-05-01 11:31:58] [READ-ONLY] Batch delay of 2 second(s) applied.
[2025-05-01 11:31:56] [READ-ONLY] Simulated send for invoice FT D 25-05-0025
[2025-05-01 11:31:56] [READ-ONLY] Simulated send for invoice FT D 25-05-0024
[2025-05-01 11:31:56] [READ-ONLY] Simulated send for invoice FT D 25-05-0023
[2025-05-01 11:31:56] [READ-ONLY] Simulated send for invoice FT D 25-05-0022
[2025-05-01 11:31:56] [READ-ONLY] Simulated send for invoice FT D 25-05-0021
[2025-05-01 11:31:55] [READ-ONLY] Batch delay of 2 second(s) applied.
[2025-05-01 11:31:53] [READ-ONLY] Simulated send for invoice FT D 25-05-0020
[2025-05-01 11:31:53] [READ-ONLY] Simulated send for invoice FT D 25-05-0019
[2025-05-01 11:31:53] [READ-ONLY] Simulated send for invoice FT D 25-05-0018
[2025-05-01 11:31:53] [READ-ONLY] Simulated send for invoice FT D 25-05-0017
[2025-05-01 11:31:53] [READ-ONLY] Simulated send for invoice FT D 25-05-0016
[2025-05-01 11:31:53] [READ-ONLY] Batch delay of 1 second(s) applied.
[2025-05-01 11:31:52] [READ-ONLY] Simulated send for invoice FT D 25-05-0015
[2025-05-01 11:31:52] [READ-ONLY] Simulated send for invoice FT D 25-05-0014
[2025-05-01 11:31:52] [READ-ONLY] Simulated send for invoice FT D 25-05-0013
[2025-05-01 11:31:52] [READ-ONLY] Simulated send for invoice FT D 25-05-0012
[2025-05-01 11:31:52] [READ-ONLY] Simulated send for invoice FT D 25-05-0011
[2025-05-01 11:31:51] [READ-ONLY] Batch delay of 2 second(s) applied.
[2025-05-01 11:31:49] [READ-ONLY] Simulated send for invoice FT D 25-05-0010
[2025-05-01 11:31:49] [READ-ONLY] Simulated send for invoice FT D 25-05-0009
[2025-05-01 11:31:49] [READ-ONLY] Simulated send for invoice FT D 25-05-0008
[2025-05-01 11:31:49] [READ-ONLY] Simulated send for invoice FT D 25-05-0007
[2025-05-01 11:31:49] [READ-ONLY] Simulated send for invoice FT D 25-05-0006
[2025-05-01 11:31:49] [READ-ONLY] Batch delay of 2 second(s) applied.
[2025-05-01 11:31:47] [READ-ONLY] Simulated send for invoice FT D 25-05-0005
[2025-05-01 11:31:47] [READ-ONLY] Simulated send for invoice FT D 25-05-0004
[2025-05-01 11:31:47] [READ-ONLY] Simulated send for invoice FT D 25-05-0003
[2025-05-01 11:31:47] [READ-ONLY] Simulated send for invoice FT D 25-05-0002
[2025-05-01 11:31:47] [READ-ONLY] Simulated send for invoice FT D 25-05-0001
[2025-05-01 11:31:46] [READ-ONLY] Batch delay of 3 second(s) applied.
[2025-05-01 11:31:43] [READ-ONLY] Simulated send for invoice FT C 25-05-0034
[2025-05-01 11:31:43] [READ-ONLY] Simulated send for invoice FT C 25-05-0033
[2025-05-01 11:31:43] [READ-ONLY] Simulated send for invoice FT C 25-05-0032
[2025-05-01 11:31:43] [READ-ONLY] Simulated send for invoice FT C 25-05-0031
[2025-05-01 11:31:43] [READ-ONLY] Simulated send for invoice FT C 25-05-0030
[2025-05-01 11:31:43] [READ-ONLY] Batch delay of 5 second(s) applied.
[2025-05-01 11:31:38] [READ-ONLY] Simulated send for invoice FT C 25-05-0029
[2025-05-01 11:31:38] [READ-ONLY] Simulated send for invoice FT C 25-05-0028
[2025-05-01 11:31:38] [READ-ONLY] Simulated send for invoice FT C 25-05-0027
[2025-05-01 11:31:38] [READ-ONLY] Simulated send for invoice FT C 25-05-0026
[2025-05-01 11:31:38] [READ-ONLY] Simulated send for invoice FT C 25-05-0025
[2025-05-01 11:31:37] [READ-ONLY] Batch delay of 1 second(s) applied.
[2025-05-01 11:31:36] [READ-ONLY] Simulated send for invoice FT C 25-05-0024
[2025-05-01 11:31:36] [READ-ONLY] Simulated send for invoice FT C 25-05-0023
[2025-05-01 11:31:36] [READ-ONLY] Simulated send for invoice FT C 25-05-0022
[2025-05-01 11:31:36] [READ-ONLY] Simulated send for invoice FT C 25-05-0021
[2025-05-01 11:31:36] [READ-ONLY] Simulated send for invoice FT C 25-05-0020
[2025-05-01 11:31:36] [READ-ONLY] Batch delay of 1 second(s) applied.
[2025-05-01 11:31:35] [READ-ONLY] Simulated send for invoice FT C 25-05-0019
[2025-05-01 11:31:35] [READ-ONLY] Simulated send for invoice FT C 25-05-0018
[2025-05-01 11:31:35] [READ-ONLY] Simulated send for invoice FT C 25-05-0017
[2025-05-01 11:31:35] [READ-ONLY] Simulated send for invoice FT C 25-05-0016
[2025-05-01 11:31:35] [READ-ONLY] Simulated send for invoice FT C 25-05-0015
[2025-05-01 11:31:34] [READ-ONLY] Batch delay of 2 second(s) applied.
[2025-05-01 11:31:32] [READ-ONLY] Simulated send for invoice FT C 25-05-0014
[2025-05-01 11:31:32] [READ-ONLY] Simulated send for invoice FT C 25-05-0013
[2025-05-01 11:31:32] [NOTICE] Invoice FT C 25-05-0013 Raw email partially sanitized. Original [annadionisio1994@gmail.com ; aldzbrych@gmail.com;maryanna.dionisio@yahoo.com]  Sanitized [annadionisio1994@gmail.com; aldzbrych@gmail.com; maryanna.dionisio@yahoo.com]
[2025-05-01 11:31:32] [READ-ONLY] Simulated send for invoice FT C 25-05-0012
[2025-05-01 11:31:32] [READ-ONLY] Simulated send for invoice FT C 25-05-0011
[2025-05-01 11:31:32] [READ-ONLY] Simulated send for invoice FT C 25-05-0010
[2025-05-01 11:31:32] [READ-ONLY] Batch delay of 5 second(s) applied.
[2025-05-01 11:31:27] [READ-ONLY] Simulated send for invoice FT C 25-05-0009
[2025-05-01 11:31:27] [READ-ONLY] Simulated send for invoice FT C 25-05-0008
[2025-05-01 11:31:27] [READ-ONLY] Simulated send for invoice FT C 25-05-0007
[2025-05-01 11:31:27] [READ-ONLY] Simulated send for invoice FT C 25-05-0006
[2025-05-01 11:31:27] [READ-ONLY] Simulated send for invoice FT C 25-05-0005
[2025-05-01 11:31:26] [READ-ONLY] Batch delay of 4 second(s) applied.
[2025-05-01 11:31:22] [READ-ONLY] Simulated send for invoice FT C 25-05-0004
[2025-05-01 11:31:22] [READ-ONLY] Simulated send for invoice FT C 25-05-0003
[2025-05-01 11:31:22] [READ-ONLY] Simulated send for invoice FT C 25-05-0002
[2025-05-01 11:31:22] [READ-ONLY] Simulated send for invoice FT C 25-05-0001
[2025-05-01 11:31:22] [READ-ONLY] Simulated send for invoice FT B 25-05-0023
[2025-05-01 11:31:22] [READ-ONLY] Batch delay of 2 second(s) applied.
[2025-05-01 11:31:20] [READ-ONLY] Simulated send for invoice FT B 25-05-0022
[2025-05-01 11:31:20] [READ-ONLY] Simulated send for invoice FT B 25-05-0021
[2025-05-01 11:31:20] [READ-ONLY] Simulated send for invoice FT B 25-05-0020
[2025-05-01 11:31:20] [READ-ONLY] Simulated send for invoice FT B 25-05-0019
[2025-05-01 11:31:20] [READ-ONLY] Simulated send for invoice FT B 25-05-0018
[2025-05-01 11:31:20] [READ-ONLY] Batch delay of 5 second(s) applied.
[2025-05-01 11:31:15] [READ-ONLY] Simulated send for invoice FT B 25-05-0017
[2025-05-01 11:31:15] [READ-ONLY] Simulated send for invoice FT B 25-05-0016
[2025-05-01 11:31:15] [READ-ONLY] Simulated send for invoice FT B 25-05-0015
[2025-05-01 11:31:15] [READ-ONLY] Simulated send for invoice FT B 25-05-0014
[2025-05-01 11:31:15] [READ-ONLY] Simulated send for invoice FT B 25-05-0013
[2025-05-01 11:31:14] [READ-ONLY] Batch delay of 5 second(s) applied.
[2025-05-01 11:31:09] [READ-ONLY] Simulated send for invoice FT B 25-05-0012
[2025-05-01 11:31:09] [READ-ONLY] Simulated send for invoice FT B 25-05-0011
[2025-05-01 11:31:09] [READ-ONLY] Simulated send for invoice FT B 25-05-0010
[2025-05-01 11:31:09] [READ-ONLY] Simulated send for invoice FT B 25-05-0009
[2025-05-01 11:31:09] [READ-ONLY] Simulated send for invoice FT B 25-05-0008
[2025-05-01 11:31:09] [READ-ONLY] Batch delay of 2 second(s) applied.
[2025-05-01 11:31:07] [READ-ONLY] Simulated send for invoice FT B 25-05-0007
[2025-05-01 11:31:07] [READ-ONLY] Simulated send for invoice FT B 25-05-0006
[2025-05-01 11:31:07] [READ-ONLY] Simulated send for invoice FT B 25-05-0005
[2025-05-01 11:31:07] [READ-ONLY] Simulated send for invoice FT B 25-05-0004
[2025-05-01 11:31:07] [READ-ONLY] Simulated send for invoice FT B 25-05-0003
[2025-05-01 11:31:06] [READ-ONLY] Batch delay of 1 second(s) applied.
[2025-05-01 11:31:05] [READ-ONLY] Simulated send for invoice FT B 25-05-0002
[2025-05-01 11:31:05] [READ-ONLY] Simulated send for invoice FT B 25-05-0001
[2025-05-01 11:31:05] [READ-ONLY] Simulated send for invoice FT A 25-05-0022
[2025-05-01 11:31:05] [NOTICE] Invoice FT A 25-05-0022 Raw email partially sanitized. Original ['julietagathamendoza@yahoo.com']  Sanitized [julietagathamendoza@yahoo.com]
[2025-05-01 11:31:05] [READ-ONLY] Simulated send for invoice FT A 25-05-0021
[2025-05-01 11:31:05] [READ-ONLY] Simulated send for invoice FT A 25-05-0020
[2025-05-01 11:31:05] [NOTICE] Invoice FT A 25-05-0020 Raw email partially sanitized. Original [KARENITO2011@LIVE.COM;jgpabalan@gmail.com]  Sanitized [KARENITO2011@LIVE.COM; jgpabalan@gmail.com]
[2025-05-01 11:31:05] [READ-ONLY] Batch delay of 3 second(s) applied.
[2025-05-01 11:31:02] [READ-ONLY] Simulated send for invoice FT A 25-05-0019
[2025-05-01 11:31:02] [READ-ONLY] Simulated send for invoice FT A 25-05-0018
[2025-05-01 11:31:02] [READ-ONLY] Simulated send for invoice FT A 25-05-0017
[2025-05-01 11:31:02] [READ-ONLY] Simulated send for invoice FT A 25-05-0016
[2025-05-01 11:31:02] [READ-ONLY] Simulated send for invoice FT A 25-05-0015
[2025-05-01 11:31:01] [READ-ONLY] Batch delay of 3 second(s) applied.
[2025-05-01 11:30:58] [READ-ONLY] Simulated send for invoice FT A 25-05-0014
[2025-05-01 11:30:58] [READ-ONLY] Simulated send for invoice FT A 25-05-0013
[2025-05-01 11:30:58] [READ-ONLY] Simulated send for invoice FT A 25-05-0012
[2025-05-01 11:30:58] [READ-ONLY] Simulated send for invoice FT A 25-05-0011
[2025-05-01 11:30:58] [READ-ONLY] Simulated send for invoice FT A 25-05-0010
[2025-05-01 11:30:58] [READ-ONLY] Batch delay of 5 second(s) applied.
[2025-05-01 11:30:53] [READ-ONLY] Simulated send for invoice FT A 25-05-0009
[2025-05-01 11:30:53] [READ-ONLY] Simulated send for invoice FT A 25-05-0008
[2025-05-01 11:30:53] [READ-ONLY] Simulated send for invoice FT A 25-05-0007
[2025-05-01 11:30:53] [READ-ONLY] Simulated send for invoice FT A 25-05-0006
[2025-05-01 11:30:53] [READ-ONLY] Simulated send for invoice FT A 25-05-0005
[2025-05-01 11:30:52] [READ-ONLY] Batch delay of 4 second(s) applied.
[2025-05-01 11:30:48] [READ-ONLY] Simulated send for invoice FT A 25-05-0004
[2025-05-01 11:30:48] [READ-ONLY] Simulated send for invoice FT A 25-05-0003
[2025-05-01 11:30:48] [READ-ONLY] Simulated send for invoice FT A 25-05-0002
[2025-05-01 11:30:48] [READ-ONLY] Simulated send for invoice FT A 25-05-0001
[2025-05-01 11:30:48] [READ-ONLY] Simulated send for invoice CTOWN 25-05-0001
[2025-05-01 09:29:13] [READ-ONLY] Batch delay of 1 second(s) applied.
[2025-05-01 09:29:12] [SKIPPED] Invoice WT 25-05-0022 Attachment file not found at CSystemrmspagesutilitiespdfWORLD WIDE INVESTMENT INC. C O GLENN JOSE MAYHORN-INVOICE-WT 25-05-0022.pdf
[2025-05-01 09:29:12] [NOTICE] Invoice WT 25-05-0022 Raw email partially sanitized. Original [topzne1@yahoo.com]  Sanitized [pzne1@yahoo.com]
[2025-05-01 09:29:12] [SKIPPED] Invoice WT 25-05-0021 Attachment file not found at CSystemrmspagesutilitiespdfDAVID WILLIAM BAKER & OR AJ ALIK JOHNNY-INVOICE-WT 25-05-0021.pdf
[2025-05-01 09:29:11] [READ-ONLY] Batch delay of 4 second(s) applied.
[2025-05-01 09:29:07] [SKIPPED] Invoice WT 25-05-0020 Attachment file not found at CSystemrmspagesutilitiespdfMIKKY ARIES V. VARGAS-INVOICE-WT 25-05-0020.pdf
[2025-05-01 09:29:07] [SKIPPED] Invoice WT 25-05-0019 Attachment file not found at CSystemrmspagesutilitiespdfJOV CHAVEZ &  OR MARIQUIT CHAVEZ-INVOICE-WT 25-05-0019.pdf
[2025-05-01 09:29:07] [SKIPPED] Invoice WT 25-05-0018 Attachment file not found at CSystemrmspagesutilitiespdfORHAN DENIZ KURTOGLU-INVOICE-WT 25-05-0018.pdf
[2025-05-01 09:29:07] [SKIPPED] Invoice WT 25-05-0017 Attachment file not found at CSystemrmspagesutilitiespdfKARL R. KING-NABORS-INVOICE-WT 25-05-0017.pdf
[2025-05-01 09:29:07] [SKIPPED] Invoice WT 25-05-0016 Attachment file not found at CSystemrmspagesutilitiespdfRUSELLE T. ZAPANTA-INVOICE-WT 25-05-0016.pdf
[2025-05-01 09:29:07] [NOTICE] Invoice WT 25-05-0016 Raw email partially sanitized. Original [rusellezapanta@nmifa.com;ruselle.zapanta@gmail.com]  Sanitized [rusellezapanta@nmifa.com; ruselle.zapanta@gmail.com]
[2025-05-01 09:29:06] [READ-ONLY] Batch delay of 1 second(s) applied.
[2025-05-01 09:29:05] [SKIPPED] Invoice WT 25-05-0015 Attachment file not found at CSystemrmspagesutilitiespdfRAYMOND T. ZAPANTA-INVOICE-WT 25-05-0015.pdf
[2025-05-01 09:29:05] [SKIPPED] Invoice WT 25-05-0014 Attachment file not found at CSystemrmspagesutilitiespdfKIM, JAEKAP-INVOICE-WT 25-05-0014.pdf
[2025-05-01 09:29:05] [SKIPPED] Invoice WT 25-05-0013 Attachment file not found at CSystemrmspagesutilitiespdfROSELYN B. MONROYO-INVOICE-WT 25-05-0013.pdf
[2025-05-01 09:29:05] [SKIPPED] Invoice WT 25-05-0012 Attachment file not found at CSystemrmspagesutilitiespdfWOO, KYUNG PIL PETER-INVOICE-WT 25-05-0012.pdf
[2025-05-01 09:29:05] [SKIPPED] Invoice WT 25-05-0011 Attachment file not found at CSystemrmspagesutilitiespdfMERLE COSTELO BYRD-INVOICE-WT 25-05-0011.pdf
[2025-05-01 09:29:03] [READ-ONLY] Batch delay of 4 second(s) applied.
[2025-05-01 09:28:59] [SKIPPED] Invoice WT 25-05-0010 Attachment file not found at CSystemrmspagesutilitiespdfELISA DELA PACION AND OR EMIR ABUAN-INVOICE-WT 25-05-0010.pdf
[2025-05-01 09:28:59] [SKIPPED] Invoice WT 25-05-0009 Attachment file not found at CSystemrmspagesutilitiespdfTHE CHURCH OF JESUS CHRIST LATTER DAY-INVOICE-WT 25-05-0009.pdf
[2025-05-01 09:28:59] [SKIPPED] Invoice WT 25-05-0008 Attachment file not found at CSystemrmspagesutilitiespdfKEVIN CORDELL MAYHORN-INVOICE-WT 25-05-0008.pdf
[2025-05-01 09:28:59] [SKIPPED] Invoice WT 25-05-0007 Attachment file not found at CSystemrmspagesutilitiespdfGERI LYNN WILLIS-INVOICE-WT 25-05-0007.pdf
[2025-05-01 09:28:59] [SKIPPED] Invoice WT 25-05-0006 Attachment file not found at CSystemrmspagesutilitiespdfMICHAEL S. SABLAN-INVOICE-WT 25-05-0006.pdf
[2025-05-01 09:28:59] [READ-ONLY] Batch delay of 3 second(s) applied.
[2025-05-01 09:28:56] [SKIPPED] Invoice WT 25-05-0005 Attachment file not found at CSystemrmspagesutilitiespdfSACHIYO HOSHIBA GEORGE  & OR CHRISTINO GEORGE-INVOICE-WT 25-05-0005.pdf
[2025-05-01 09:28:56] [SKIPPED] Invoice WT 25-05-0004 Attachment file not found at CSystemrmspagesutilitiespdfFRANCISCO QUICHUCHU CRUZ-INVOICE-WT 25-05-0004.pdf
[2025-05-01 09:28:56] [SKIPPED] Invoice WT 25-05-0003 Attachment file not found at CSystemrmspagesutilitiespdfPATRICK HOFSCHNEIDER SAN NICOLAS-INVOICE-WT 25-05-0003.pdf
[2025-05-01 09:28:56] [SKIPPED] Invoice WT 25-05-0002 Attachment file not found at CSystemrmspagesutilitiespdfSAIPAN SOCCER SCHOOL C O EMERENCIANA TOLENTINO-INVOICE-WT 25-05-0002.pdf
[2025-05-01 09:28:56] [SKIPPED] Invoice WT 25-05-0001 Attachment file not found at CSystemrmspagesutilitiespdfALI BASIR-INVOICE-WT 25-05-0001.pdf
[2025-05-01 09:28:55] [READ-ONLY] Batch delay of 4 second(s) applied.
[2025-05-01 09:28:51] [SKIPPED] Invoice TSL 25-05-0010 Attachment file not found at CSystemrmspagesutilitiespdfTANH EXECUTIVE OFFICES-INVOICE-TSL 25-05-0010.pdf
[2025-05-01 09:28:51] [SKIPPED] Invoice TSL 25-05-0009 Attachment file not found at CSystemrmspagesutilitiespdfMARIANAS DENTAL CENTER LLC-INVOICE-TSL 25-05-0009.pdf
[2025-05-01 09:28:51] [NOTICE] Invoice TSL 25-05-0009 Raw email partially sanitized. Original [asm24@sbcglobal.net, nlimbo.dds@gmail.comCC  (accounting@mdcsaipan.com)]  Sanitized [asm24@sbcglobal.net; nlimbo.dds@gmail.com; accounting@mdcsaipan.com]
[2025-05-01 09:28:51] [SKIPPED] Invoice TSL 25-05-0008 Attachment file not found at CSystemrmspagesutilitiespdfAMENTUM SERVICES, INC (US INVESTIGATIONS SERVICES, LLC)-INVOICE-TSL 25-05-0008.pdf
[2025-05-01 09:28:51] [SKIPPED] Invoice TSL 25-05-0007 Attachment file not found at CSystemrmspagesutilitiespdfTANH LEGAL OFFICE-INVOICE-TSL 25-05-0007.pdf
[2025-05-01 09:28:51] [SKIPPED] Invoice TSL 25-05-0006 Attachment file not found at CSystemrmspagesutilitiespdfASC TRUST CORPORATION-INVOICE-TSL 25-05-0006.pdf
[2025-05-01 09:28:51] [READ-ONLY] Batch delay of 1 second(s) applied.
[2025-05-01 09:28:50] [SKIPPED] Invoice TSL 25-05-0005 Attachment file not found at CSystemrmspagesutilitiespdfWIN WIN WAY CONSTRUCTION CO. (SAIPAN), INC.-INVOICE-TSL 25-05-0005.pdf
[2025-05-01 09:28:50] [SKIPPED] Invoice TSL 25-05-0004 Attachment file not found at CSystemrmspagesutilitiespdfNORTON LILLY INTERNATIONAL, INC.-INVOICE-TSL 25-05-0004.pdf
[2025-05-01 09:28:50] [SKIPPED] Invoice TSL 25-05-0003 Attachment file not found at CSystemrmspagesutilitiespdfDIAGNOSTIC LABORATORIES SERVICES, INC.-INVOICE-TSL 25-05-0003.pdf
[2025-05-01 09:28:50] [SKIPPED] Invoice TSL 25-05-0002 Attachment file not found at CSystemrmspagesutilitiespdfTAKE CARE INSURANCE COMPANY, INC.   1B-INVOICE-TSL 25-05-0002.pdf
[2025-05-01 09:28:50] [SKIPPED] Invoice TSL 25-05-0001 Attachment file not found at CSystemrmspagesutilitiespdfASSURANCE BROKERS INC. DBA AB RISK SOLUTIONS-INVOICE-TSL 25-05-0001.pdf
[2025-05-01 09:28:49] [READ-ONLY] Batch delay of 5 second(s) applied.
[2025-05-01 09:28:44] [SKIPPED] Invoice SVT 25-05-0025 Attachment file not found at CSystemrmspagesutilitiespdfJEANNET M. MUYALDE-INVOICE-SVT 25-05-0025.pdf
[2025-05-01 09:28:44] [SKIPPED] Invoice SVT 25-05-0024 Attachment file not found at CSystemrmspagesutilitiespdfHIROYUKI KIMURA & OR YUKO KIMURA-INVOICE-SVT 25-05-0024.pdf
[2025-05-01 09:28:44] [SKIPPED] Invoice SVT 25-05-0023 Attachment file not found at CSystemrmspagesutilitiespdfMARIA RINA Y. ROBLES-INVOICE-SVT 25-05-0023.pdf
[2025-05-01 09:28:44] [SKIPPED] Invoice SVT 25-05-0022 Attachment file not found at CSystemrmspagesutilitiespdfJULIE ANN LITULUMAR-INVOICE-SVT 25-05-0022.pdf
[2025-05-01 09:28:44] [SKIPPED] Invoice SVT 25-05-0021 Attachment file not found at CSystemrmspagesutilitiespdfSUSAN ESPANILLO & OR CELSO AGUI-INVOICE-SVT 25-05-0021.pdf
[2025-05-01 09:28:44] [READ-ONLY] Batch delay of 3 second(s) applied.
[2025-05-01 09:28:41] [SKIPPED] Invoice SVT 25-05-0020 Attachment file not found at CSystemrmspagesutilitiespdfCATLYN GOZUM ORTIZ & OR PEDRO GABRIEL ORTIZ-INVOICE-SVT 25-05-0020.pdf
[2025-05-01 09:28:41] [SKIPPED] Invoice SVT 25-05-0019 Attachment file not found at CSystemrmspagesutilitiespdfISMAEL G. LAVARIAS-INVOICE-SVT 25-05-0019.pdf
[2025-05-01 09:28:41] [SKIPPED] Invoice SVT 25-05-0018 Attachment file not found at CSystemrmspagesutilitiespdfNENITA P. MILLO OR REGINO G. MILLO-INVOICE-SVT 25-05-0018.pdf
[2025-05-01 09:28:41] [SKIPPED] Invoice SVT 25-05-0017 Attachment file not found at CSystemrmspagesutilitiespdfEZRIEL AARON F. GRANADA & OR JUJOLINNE A. GRANEZRIEL-INVOICE-SVT 25-05-0017.pdf
[2025-05-01 09:28:41] [SKIPPED] Invoice SVT 25-05-0016 Attachment file not found at CSystemrmspagesutilitiespdfASHLEY MARIE DEUNA TUDELA-INVOICE-SVT 25-05-0016.pdf
[2025-05-01 09:28:40] [READ-ONLY] Batch delay of 4 second(s) applied.
[2025-05-01 09:28:36] [SKIPPED] Invoice SVT 25-05-0015 Attachment file not found at CSystemrmspagesutilitiespdfARVIN RYAN A. VELASCO & OR LORETTA MARY ANN L. VELASCO-INVOICE-SVT 25-05-0015.pdf
[2025-05-01 09:28:36] [SKIPPED] Invoice SVT 25-05-0014 Attachment file not found at CSystemrmspagesutilitiespdfRONALDO M. ALCANTARA & OR LESLIE F. ALCANTARA-INVOICE-SVT 25-05-0014.pdf
[2025-05-01 09:28:36] [SKIPPED] Invoice SVT 25-05-0013 Attachment file not found at CSystemrmspagesutilitiespdfELENA RELOX DELOS SANTOS-INVOICE-SVT 25-05-0013.pdf
[2025-05-01 09:28:36] [SKIPPED] Invoice SVT 25-05-0012 Attachment file not found at CSystemrmspagesutilitiespdfANGELO D. CRISTOBAL-INVOICE-SVT 25-05-0012.pdf
[2025-05-01 09:28:36] [SKIPPED] Invoice SVT 25-05-0011 Attachment file not found at CSystemrmspagesutilitiespdfSCOTT CAMACHO LEON GUERRERO & OR HONGXIAN ZHU LEON GUERRERO-INVOICE-SVT 25-05-0011.pdf
[2025-05-01 09:28:36] [READ-ONLY] Batch delay of 1 second(s) applied.
[2025-05-01 09:28:35] [SKIPPED] Invoice SVT 25-05-0010 Attachment file not found at CSystemrmspagesutilitiespdfJUANITA LG. FAJARDO-INVOICE-SVT 25-05-0010.pdf
[2025-05-01 09:28:35] [SKIPPED] Invoice SVT 25-05-0009 Attachment file not found at CSystemrmspagesutilitiespdfMILESCELYN RODRIGUEZ GUERRERO & OR NATHAN MENDIOLA GUERRERO-INVOICE-SVT 25-05-0009.pdf
[2025-05-01 09:28:35] [SKIPPED] Invoice SVT 25-05-0008 Attachment file not found at CSystemrmspagesutilitiespdfEDNA PERATER RULUKED-INVOICE-SVT 25-05-0008.pdf
[2025-05-01 09:28:35] [SKIPPED] Invoice SVT 25-05-0007 Attachment file not found at CSystemrmspagesutilitiespdfMAMORU HATAMATA-INVOICE-SVT 25-05-0007.pdf
[2025-05-01 09:28:35] [SKIPPED] Invoice SVT 25-05-0006 Attachment file not found at CSystemrmspagesutilitiespdfJAMIE LEE MATIAS BARCINAS-INVOICE-SVT 25-05-0006.pdf
[2025-05-01 09:28:34] [READ-ONLY] Batch delay of 4 second(s) applied.
[2025-05-01 09:28:30] [SKIPPED] Invoice SVT 25-05-0005 Attachment file not found at CSystemrmspagesutilitiespdfFRANCIS PETER & XIAOYING ZHANG JAWORSKI-INVOICE-SVT 25-05-0005.pdf
[2025-05-01 09:28:30] [SKIPPED] Invoice SVT 25-05-0004 Attachment file not found at CSystemrmspagesutilitiespdfALLSON PAOLO RICAMATA  PEPITO & OR ANGELINE CHRISTY VELASCO-INVOICE-SVT 25-05-0004.pdf
[2025-05-01 09:28:30] [SKIPPED] Invoice SVT 25-05-0003 Attachment file not found at CSystemrmspagesutilitiespdfAIDA FERNANDO VENUS-INVOICE-SVT 25-05-0003.pdf
[2025-05-01 09:28:30] [SKIPPED] Invoice SVT 25-05-0002 Attachment file not found at CSystemrmspagesutilitiespdfMAGTANGGOL H. CORPUZ-INVOICE-SVT 25-05-0002.pdf
[2025-05-01 09:28:30] [SKIPPED] Invoice SVT 25-05-0001 Attachment file not found at CSystemrmspagesutilitiespdfALYSSA JENNEL A. VELASCO-INVOICE-SVT 25-05-0001.pdf
[2025-05-01 09:28:29] [READ-ONLY] Batch delay of 3 second(s) applied.
[2025-05-01 09:28:26] [SKIPPED] Invoice OVT 25-05-0020 Attachment file not found at CSystemrmspagesutilitiespdfSAIPAN SOCCER SCHOOL C O CHRISTY VILLAFLOR & OR MELANIE SANTOS-INVOICE-OVT 25-05-0020.pdf
[2025-05-01 09:28:26] [SKIPPED] Invoice OVT 25-05-0019 Attachment file not found at CSystemrmspagesutilitiespdfELNA CURATE-INVOICE-OVT 25-05-0019.pdf
[2025-05-01 09:28:26] [SKIPPED] Invoice OVT 25-05-0018 Attachment file not found at CSystemrmspagesutilitiespdfXINYUE YU AMANDA-INVOICE-OVT 25-05-0018.pdf
[2025-05-01 09:28:26] [SKIPPED] Invoice OVT 25-05-0017 Attachment file not found at CSystemrmspagesutilitiespdfWALTER MACARANAS-INVOICE-OVT 25-05-0017.pdf
[2025-05-01 09:28:26] [SKIPPED] Invoice OVT 25-05-0016 Attachment file not found at CSystemrmspagesutilitiespdfFATIMA VELASQUEZ HIZON-INVOICE-OVT 25-05-0016.pdf
[2025-05-01 09:28:26] [READ-ONLY] Batch delay of 5 second(s) applied.
[2025-05-01 09:28:21] [SKIPPED] Invoice OVT 25-05-0015 Attachment file not found at CSystemrmspagesutilitiespdfFRANCO O. MENDOZA-INVOICE-OVT 25-05-0015.pdf
[2025-05-01 09:28:21] [SKIPPED] Invoice OVT 25-05-0014 Attachment file not found at CSystemrmspagesutilitiespdfBRIAN BOUCHARD & OR SOONICK KIM-INVOICE-OVT 25-05-0014.pdf
[2025-05-01 09:28:21] [SKIPPED] Invoice OVT 25-05-0013 Attachment file not found at CSystemrmspagesutilitiespdfTHE CHURCH OF JESUS CHRIST OF LATTER-DAY SAINTS C O ELDER M. SCOTT CRAWFORD-INVOICE-OVT 25-05-0013.pdf
[2025-05-01 09:28:21] [SKIPPED] Invoice OVT 25-05-0012 Attachment file not found at CSystemrmspagesutilitiespdfGRACIA AGUILA LAXINA-INVOICE-OVT 25-05-0012.pdf
[2025-05-01 09:28:21] [SKIPPED] Invoice OVT 25-05-0011 Attachment file not found at CSystemrmspagesutilitiespdfYE HONG BALAKRISHNA-INVOICE-OVT 25-05-0011.pdf
[2025-05-01 09:28:20] [READ-ONLY] Batch delay of 3 second(s) applied.
[2025-05-01 09:28:17] [SKIPPED] Invoice OVT 25-05-0010 Attachment file not found at CSystemrmspagesutilitiespdfJUDY MENDIETA-INVOICE-OVT 25-05-0010.pdf
[2025-05-01 09:28:17] [SKIPPED] Invoice OVT 25-05-0009 Attachment file not found at CSystemrmspagesutilitiespdfDOCOMO PACIFIC INC. C O KODEP BRELL-INVOICE-OVT 25-05-0009.pdf
[2025-05-01 09:28:17] [SKIPPED] Invoice OVT 25-05-0008 Attachment file not found at CSystemrmspagesutilitiespdfJEFFREY A. VOACOLO-INVOICE-OVT 25-05-0008.pdf
[2025-05-01 09:28:17] [SKIPPED] Invoice OVT 25-05-0007 Attachment file not found at CSystemrmspagesutilitiespdfPAUL WILLIAM DLG CAMACHO & OR ACELIA B. CASTRO-INVOICE-OVT 25-05-0007.pdf
[2025-05-01 09:28:17] [SKIPPED] Invoice OVT 25-05-0006 Attachment file not found at CSystemrmspagesutilitiespdfJERICO M. CONCEPCION-INVOICE-OVT 25-05-0006.pdf
[2025-05-01 09:28:17] [READ-ONLY] Batch delay of 1 second(s) applied.
[2025-05-01 09:28:16] [SKIPPED] Invoice OVT 25-05-0005 Attachment file not found at CSystemrmspagesutilitiespdfDOUGLAS M. MILLER-INVOICE-OVT 25-05-0005.pdf
[2025-05-01 09:28:16] [SKIPPED] Invoice OVT 25-05-0004 Attachment file not found at CSystemrmspagesutilitiespdfTAKAKAZU TANZAWA & OR TOSHIE TANZAWA-INVOICE-OVT 25-05-0004.pdf
[2025-05-01 09:28:16] [SKIPPED] Invoice OVT 25-05-0003 Attachment file not found at CSystemrmspagesutilitiespdfCHOI, JI HEE-INVOICE-OVT 25-05-0003.pdf
[2025-05-01 09:28:16] [SKIPPED] Invoice OVT 25-05-0002 Attachment file not found at CSystemrmspagesutilitiespdfHUA QIN ANDY-INVOICE-OVT 25-05-0002.pdf
[2025-05-01 09:28:16] [SKIPPED] Invoice OVT 25-05-0001 Attachment file not found at CSystemrmspagesutilitiespdfRON BIGGERS-INVOICE-OVT 25-05-0001.pdf
[2025-05-01 09:28:15] [READ-ONLY] Batch delay of 4 second(s) applied.
[2025-05-01 09:28:11] [SKIPPED] Invoice LNHSE 25-05-0001 Attachment file not found at CSystemrmspagesutilitiespdfKYOUNG MIN SONG-INVOICE-LNHSE 25-05-0001.pdf
[2025-05-01 09:28:11] [SKIPPED] Invoice LNH 25-05-0023 Attachment file not found at CSystemrmspagesutilitiespdfALDRICH CABABAY DELOS SANTOS-INVOICE-LNH 25-05-0023.pdf
[2025-05-01 09:28:11] [SKIPPED] Invoice LNH 25-05-0022 Attachment file not found at CSystemrmspagesutilitiespdfMENECIO B. ALULOD-INVOICE-LNH 25-05-0022.pdf
[2025-05-01 09:28:11] [SKIPPED] Invoice LNH 25-05-0021 Attachment file not found at CSystemrmspagesutilitiespdfCLEOTILDE HEBREO EBREO-INVOICE-LNH 25-05-0021.pdf
[2025-05-01 09:28:11] [SKIPPED] Invoice LNH 25-05-0019 Attachment file not found at CSystemrmspagesutilitiespdfLEONOR R. BERNARDO-INVOICE-LNH 25-05-0019.pdf
[2025-05-01 09:28:11] [READ-ONLY] Batch delay of 1 second(s) applied.
[2025-05-01 09:28:10] [SKIPPED] Invoice LNH 25-05-0018 Attachment file not found at CSystemrmspagesutilitiespdfTINA BORJA PALACIOS-INVOICE-LNH 25-05-0018.pdf
[2025-05-01 09:28:10] [SKIPPED] Invoice LNH 25-05-0017 Attachment file not found at CSystemrmspagesutilitiespdfCAROLINE G. MARZAN-INVOICE-LNH 25-05-0017.pdf
[2025-05-01 09:28:10] [SKIPPED] Invoice LNH 25-05-0016 Attachment file not found at CSystemrmspagesutilitiespdfGWENDOLYN B. ARBOLEDA-INVOICE-LNH 25-05-0016.pdf
[2025-05-01 09:28:10] [SKIPPED] Invoice LNH 25-05-0015 Attachment file not found at CSystemrmspagesutilitiespdfROSALIE C. MANGULABNAN-INVOICE-LNH 25-05-0015.pdf
[2025-05-01 09:28:10] [SKIPPED] Invoice LNH 25-05-0014 Attachment file not found at CSystemrmspagesutilitiespdfMADOKA S. TAKAGI-INVOICE-LNH 25-05-0014.pdf
[2025-05-01 09:28:09] [READ-ONLY] Batch delay of 5 second(s) applied.
[2025-05-01 09:28:04] [SKIPPED] Invoice LNH 25-05-0013 Attachment file not found at CSystemrmspagesutilitiespdfLANI BAUTISTA & OR MICRONESIAN BROKERS INC.-INVOICE-LNH 25-05-0013.pdf
[2025-05-01 09:28:04] [SKIPPED] Invoice LNH 25-05-0012 Attachment file not found at CSystemrmspagesutilitiespdfLOTA P. BRIOSOS-INVOICE-LNH 25-05-0012.pdf
[2025-05-01 09:28:04] [SKIPPED] Invoice LNH 25-05-0011 Attachment file not found at CSystemrmspagesutilitiespdfBERNADETH ASPE SATUR-INVOICE-LNH 25-05-0011.pdf
[2025-05-01 09:28:04] [SKIPPED] Invoice LNH 25-05-0010 Attachment file not found at CSystemrmspagesutilitiespdfCERNAN P. MABAET & OR CANDIDA P. MABAET-INVOICE-LNH 25-05-0010.pdf
[2025-05-01 09:28:04] [SKIPPED] Invoice LNH 25-05-0009 Attachment file not found at CSystemrmspagesutilitiespdfARTHUR SANTOS-INVOICE-LNH 25-05-0009.pdf
[2025-05-01 09:28:04] [READ-ONLY] Batch delay of 2 second(s) applied.
[2025-05-01 09:28:02] [SKIPPED] Invoice LNH 25-05-0008 Attachment file not found at CSystemrmspagesutilitiespdfELIZABETH OLEGARIO-INVOICE-LNH 25-05-0008.pdf
[2025-05-01 09:28:02] [SKIPPED] Invoice LNH 25-05-0007 Attachment file not found at CSystemrmspagesutilitiespdfMARK ALEXIS P. RABABO AND OR MELANIE Q. RABAGO-INVOICE-LNH 25-05-0007.pdf
[2025-05-01 09:28:02] [SKIPPED] Invoice LNH 25-05-0006 Attachment file not found at CSystemrmspagesutilitiespdfCORAZON SAMSON ASLIM-INVOICE-LNH 25-05-0006.pdf
[2025-05-01 09:28:02] [SKIPPED] Invoice LNH 25-05-0005 Attachment file not found at CSystemrmspagesutilitiespdfMARIA LOYDA ITO-INVOICE-LNH 25-05-0005.pdf
[2025-05-01 09:28:02] [SKIPPED] Invoice LNH 25-05-0004 Attachment file not found at CSystemrmspagesutilitiespdfNITA D. BATUIGAS-INVOICE-LNH 25-05-0004.pdf
[2025-05-01 09:28:01] [READ-ONLY] Batch delay of 4 second(s) applied.
[2025-05-01 09:27:57] [SKIPPED] Invoice LNH 25-05-0003 Attachment file not found at CSystemrmspagesutilitiespdfMIKAMAIKA L. SERRANO & OR MICHAELLA L. SERRANO-INVOICE-LNH 25-05-0003.pdf
[2025-05-01 09:27:57] [SKIPPED] Invoice LNH 25-05-0002 Attachment file not found at CSystemrmspagesutilitiespdfEDGAR GARCIA-INVOICE-LNH 25-05-0002.pdf
[2025-05-01 09:27:57] [SKIPPED] Invoice LNH 25-05-0001 Attachment file not found at CSystemrmspagesutilitiespdfALBERTO CALEDA-INVOICE-LNH 25-05-0001.pdf
[2025-05-01 09:27:57] [SKIPPED] Invoice LB 2 25-05-0002 Attachment file not found at CSystemrmspagesutilitiespdfD&Q (SAIPAN)-INVOICE-LB 2 25-05-0002.pdf
[2025-05-01 09:27:57] [SKIPPED] Invoice LB 2 25-05-0001 Attachment file not found at CSystemrmspagesutilitiespdfCONSOLIDATED TRANSPORTATION SERVICES, INC.-INVOICE-LB 2 25-05-0001.pdf
[2025-05-01 09:27:56] [READ-ONLY] Batch delay of 3 second(s) applied.
[2025-05-01 09:27:53] [SKIPPED] Invoice LB 1 25-05-0006 Attachment file not found at CSystemrmspagesutilitiespdfOCM (SAIPAN) CORPORATION-INVOICE-LB 1 25-05-0006.pdf
[2025-05-01 09:27:53] [SKIPPED] Invoice LB 1 25-05-0005 Attachment file not found at CSystemrmspagesutilitiespdfMEDPHARM-INVOICE-LB 1 25-05-0005.pdf
[2025-05-01 09:27:53] [SKIPPED] Invoice LB 1 25-05-0004 Attachment file not found at CSystemrmspagesutilitiespdfLET'S GO TOUR COMPANY-INVOICE-LB 1 25-05-0004.pdf
[2025-05-01 09:27:53] [SKIPPED] Invoice LB 1 25-05-0003 Attachment file not found at CSystemrmspagesutilitiespdfDONG A CORPORATION-INVOICE-LB 1 25-05-0003.pdf
[2025-05-01 09:27:53] [SKIPPED] Invoice LB 1 25-05-0002 Attachment file not found at CSystemrmspagesutilitiespdfMICRONESIA RENEWABLE ENERGY INC. CNMI-INVOICE-LB 1 25-05-0002.pdf
[2025-05-01 09:27:53] [READ-ONLY] Batch delay of 2 second(s) applied.
[2025-05-01 09:27:51] [SKIPPED] Invoice LB 1 25-05-0001 Attachment file not found at CSystemrmspagesutilitiespdfHAWTHORNE PACIFIC CORP.-INVOICE-LB 1 25-05-0001.pdf
[2025-05-01 09:27:51] [SKIPPED] Invoice JPC 25-05-0012 Attachment file not found at CSystemrmspagesutilitiespdfNIMFA TAN-INVOICE-JPC 25-05-0012.pdf
[2025-05-01 09:27:51] [SKIPPED] Invoice JPC 25-05-0011 Attachment file not found at CSystemrmspagesutilitiespdfTEODORO ORBETA (TEDDY)-INVOICE-JPC 25-05-0011.pdf
[2025-05-01 09:27:51] [SKIPPED] Invoice JPC 25-05-0010 Attachment file not found at CSystemrmspagesutilitiespdfROSAURO J. GARCIA-INVOICE-JPC 25-05-0010.pdf
[2025-05-01 09:27:51] [SKIPPED] Invoice JPC 25-05-0009 Attachment file not found at CSystemrmspagesutilitiespdfGILBERT A BAGUINO-INVOICE-JPC 25-05-0009.pdf
[2025-05-01 09:27:50] [READ-ONLY] Batch delay of 2 second(s) applied.
[2025-05-01 09:27:48] [SKIPPED] Invoice JPC 25-05-0008 Attachment file not found at CSystemrmspagesutilitiespdfEMERENCIANA TOLENTINO-INVOICE-JPC 25-05-0008.pdf
[2025-05-01 09:27:48] [SKIPPED] Invoice JPC 25-05-0007 Attachment file not found at CSystemrmspagesutilitiespdfJOSE ROBERTO AGUILAR-INVOICE-JPC 25-05-0007.pdf
[2025-05-01 09:27:48] [SKIPPED] Invoice JPC 25-05-0006 Attachment file not found at CSystemrmspagesutilitiespdfSHIRLEY ORBETA-INVOICE-JPC 25-05-0006.pdf
[2025-05-01 09:27:48] [SKIPPED] Invoice JPC 25-05-0005 Attachment file not found at CSystemrmspagesutilitiespdfARIEL MARIANO-INVOICE-JPC 25-05-0005.pdf
[2025-05-01 09:27:48] [SKIPPED] Invoice JPC 25-05-0004 Attachment file not found at CSystemrmspagesutilitiespdfCHARINA SANTOS RAMOS-INVOICE-JPC 25-05-0004.pdf
[2025-05-01 09:27:48] [READ-ONLY] Batch delay of 1 second(s) applied.
[2025-05-01 09:27:47] [SKIPPED] Invoice JPC 25-05-0003 Attachment file not found at CSystemrmspagesutilitiespdfEDITH LOMERIO-INVOICE-JPC 25-05-0003.pdf
[2025-05-01 09:27:47] [SKIPPED] Invoice JPC 25-05-0002 Attachment file not found at CSystemrmspagesutilitiespdfMA. LUNIE RELIQUIAS-INVOICE-JPC 25-05-0002.pdf
[2025-05-01 09:27:47] [SKIPPED] Invoice JPC 25-05-0001 Attachment file not found at CSystemrmspagesutilitiespdfKYRA ALEXIE MORTEL ADVINCULA-INVOICE-JPC 25-05-0001.pdf
[2025-05-01 09:27:47] [SKIPPED] Invoice GL 1 25-05-0008 Attachment file not found at CSystemrmspagesutilitiespdfSAIPAN SOCCER SCHOOL (SSS)-INVOICE-GL 1 25-05-0008.pdf
[2025-05-01 09:27:47] [SKIPPED] Invoice GL 1 25-05-0007 Attachment file not found at CSystemrmspagesutilitiespdfTSL FOUNDATION-INVOICE-GL 1 25-05-0007.pdf
[2025-05-01 09:27:46] [READ-ONLY] Batch delay of 5 second(s) applied.
[2025-05-01 09:27:41] [SKIPPED] Invoice GL 1 25-05-0006 Attachment file not found at CSystemrmspagesutilitiespdfMARIA ABIGAIL NOBLE-INVOICE-GL 1 25-05-0006.pdf
[2025-05-01 09:27:41] [SKIPPED] Invoice GL 1 25-05-0005 Attachment file not found at CSystemrmspagesutilitiespdfMEDPHARM-INVOICE-GL 1 25-05-0005.pdf
[2025-05-01 09:27:41] [SKIPPED] Invoice GL 1 25-05-0004 Attachment file not found at CSystemrmspagesutilitiespdfNORTHERN MARIANAS BADMINTON ASSOCIATION (NMBA)-INVOICE-GL 1 25-05-0004.pdf
[2025-05-01 09:27:41] [NOTICE] Invoice GL 1 25-05-0004 Raw email partially sanitized. Original [kim.shirley1958@yahoo.com; christy_villaflor@saipansoccerschool.org]  Sanitized [kim.shirley1958@yahoo.com; christy_villaflor@saipansoccerschool.org]
[2025-05-01 09:27:41] [SKIPPED] Invoice GL 1 25-05-0003 Attachment file not found at CSystemrmspagesutilitiespdfRH CORPORATION (FORMER KESY INT'L TRADING CO.)-INVOICE-GL 1 25-05-0003.pdf
[2025-05-01 09:27:41] [SKIPPED] Invoice GL 1 25-05-0002 Attachment file not found at CSystemrmspagesutilitiespdfLUEN FUNG ENTERPRISE (SAIPAN), INC.-INVOICE-GL 1 25-05-0002.pdf
[2025-05-01 09:27:41] [READ-ONLY] Batch delay of 1 second(s) applied.
[2025-05-01 09:27:40] [SKIPPED] Invoice GL 1 25-05-0001 Attachment file not found at CSystemrmspagesutilitiespdfYAONG CORPORATION-INVOICE-GL 1 25-05-0001.pdf
[2025-05-01 09:27:40] [SKIPPED] Invoice GC B 25-05-0021 Attachment file not found at CSystemrmspagesutilitiespdfXI XIAN HONG-INVOICE-GC B 25-05-0021.pdf
[2025-05-01 09:27:40] [SKIPPED] Invoice GC B 25-05-0020 Attachment file not found at CSystemrmspagesutilitiespdfXU, XIAN HONG-INVOICE-GC B 25-05-0020.pdf
[2025-05-01 09:27:40] [SKIPPED] Invoice GC B 25-05-0019 Attachment file not found at CSystemrmspagesutilitiespdfXU, XIAN HONG-INVOICE-GC B 25-05-0019.pdf
[2025-05-01 09:27:40] [SKIPPED] Invoice GC B 25-05-0018 Attachment file not found at CSystemrmspagesutilitiespdfCAO, XINQUAN-INVOICE-GC B 25-05-0018.pdf
[2025-05-01 09:27:39] [READ-ONLY] Batch delay of 1 second(s) applied.
[2025-05-01 09:27:38] [SKIPPED] Invoice GC B 25-05-0017 Attachment file not found at CSystemrmspagesutilitiespdfROMANO C. CALILAP-INVOICE-GC B 25-05-0017.pdf
[2025-05-01 09:27:38] [SKIPPED] Invoice GC B 25-05-0016 Attachment file not found at CSystemrmspagesutilitiespdfJEANNA CLAIRE J. YNION & OR AERIELLE JHULENE G. CASTOR-INVOICE-GC B 25-05-0016.pdf
[2025-05-01 09:27:38] [SKIPPED] Invoice GC B 25-05-0015 Attachment file not found at CSystemrmspagesutilitiespdfHAN, GUANGYU-INVOICE-GC B 25-05-0015.pdf
[2025-05-01 09:27:38] [SKIPPED] Invoice GC B 25-05-0014 Attachment file not found at CSystemrmspagesutilitiespdfAERIELLE JHULENE C. BORJA & OR ANTHONY LEE Y. BORJA-INVOICE-GC B 25-05-0014.pdf
[2025-05-01 09:27:38] [SKIPPED] Invoice GC B 25-05-0013 Attachment file not found at CSystemrmspagesutilitiespdfBRANDON EDWARD CRUZ AGUIGUI-INVOICE-GC B 25-05-0013.pdf
[2025-05-01 09:27:38] [READ-ONLY] Batch delay of 2 second(s) applied.
[2025-05-01 09:27:36] [SKIPPED] Invoice GC B 25-05-0012 Attachment file not found at CSystemrmspagesutilitiespdfSUTHEERA BOONYANG-INVOICE-GC B 25-05-0012.pdf
[2025-05-01 09:27:36] [SKIPPED] Invoice GC B 25-05-0011 Attachment file not found at CSystemrmspagesutilitiespdfRICARDO B. BUSTILLO-INVOICE-GC B 25-05-0011.pdf
[2025-05-01 09:27:36] [SKIPPED] Invoice GC B 25-05-0010 Attachment file not found at CSystemrmspagesutilitiespdfZHANG, XI YUE-INVOICE-GC B 25-05-0010.pdf
[2025-05-01 09:27:36] [SKIPPED] Invoice GC B 25-05-0009 Attachment file not found at CSystemrmspagesutilitiespdfLINDSAY ELAYDA-INVOICE-GC B 25-05-0009.pdf
[2025-05-01 09:27:36] [SKIPPED] Invoice GC B 25-05-0008 Attachment file not found at CSystemrmspagesutilitiespdfLORDENALE ELAYDA-INVOICE-GC B 25-05-0008.pdf
[2025-05-01 09:27:35] [READ-ONLY] Batch delay of 1 second(s) applied.
[2025-05-01 09:27:34] [SKIPPED] Invoice GC B 25-05-0007 Attachment file not found at CSystemrmspagesutilitiespdfANDRES BARTOLOME-INVOICE-GC B 25-05-0007.pdf
[2025-05-01 09:27:34] [SKIPPED] Invoice GC B 25-05-0006 Attachment file not found at CSystemrmspagesutilitiespdfENERITA M. FRAGINAL AND OR JOAN SARMIENTO-INVOICE-GC B 25-05-0006.pdf
[2025-05-01 09:27:34] [SKIPPED] Invoice GC B 25-05-0005 Attachment file not found at CSystemrmspagesutilitiespdfMARJUN D. TAGLE-INVOICE-GC B 25-05-0005.pdf
[2025-05-01 09:27:34] [SKIPPED] Invoice GC B 25-05-0004 Attachment file not found at CSystemrmspagesutilitiespdfAUGUSTO RUSTY MALUBAGO MUSCA-INVOICE-GC B 25-05-0004.pdf
[2025-05-01 09:27:34] [SKIPPED] Invoice GC B 25-05-0003 Attachment file not found at CSystemrmspagesutilitiespdfCYNTHIA GUGULAN DAGONDON & OR LARRY FABRIA DAGONDON-INVOICE-GC B 25-05-0003.pdf
[2025-05-01 09:27:33] [READ-ONLY] Batch delay of 1 second(s) applied.
[2025-05-01 09:27:32] [SKIPPED] Invoice GC B 25-05-0002 Attachment file not found at CSystemrmspagesutilitiespdfROSALITA M. CABALBAG-INVOICE-GC B 25-05-0002.pdf
[2025-05-01 09:27:32] [SKIPPED] Invoice GC B 25-05-0001 Attachment file not found at CSystemrmspagesutilitiespdfJOSELITO BAGUE ANDAL-INVOICE-GC B 25-05-0001.pdf
[2025-05-01 09:27:32] [SKIPPED] Invoice GC A 25-05-0021 Attachment file not found at CSystemrmspagesutilitiespdfJOSELITO H. VILLAROSA-INVOICE-GC A 25-05-0021.pdf
[2025-05-01 09:27:32] [SKIPPED] Invoice GC A 25-05-0020 Attachment file not found at CSystemrmspagesutilitiespdfKENNETH JAYA A BUSCAGAN-INVOICE-GC A 25-05-0020.pdf
[2025-05-01 09:27:32] [SKIPPED] Invoice GC A 25-05-0019 Attachment file not found at CSystemrmspagesutilitiespdfRENATO S. REYES-INVOICE-GC A 25-05-0019.pdf
[2025-05-01 09:27:32] [READ-ONLY] Batch delay of 4 second(s) applied.
[2025-05-01 09:27:28] [SKIPPED] Invoice GC A 25-05-0018 Attachment file not found at CSystemrmspagesutilitiespdfDIEGO C. AZUELA-INVOICE-GC A 25-05-0018.pdf
[2025-05-01 09:27:28] [SKIPPED] Invoice GC A 25-05-0017 Attachment file not found at CSystemrmspagesutilitiespdfDINA E. ARQUILITA-INVOICE-GC A 25-05-0017.pdf
[2025-05-01 09:27:28] [SKIPPED] Invoice GC A 25-05-0016 Attachment file not found at CSystemrmspagesutilitiespdfZARA JANE RELOX M. MANGAOANG-INVOICE-GC A 25-05-0016.pdf
[2025-05-01 09:27:28] [SKIPPED] Invoice GC A 25-05-0015 Attachment file not found at CSystemrmspagesutilitiespdfSHANE OCHOA MACALALAD-INVOICE-GC A 25-05-0015.pdf
[2025-05-01 09:27:28] [SKIPPED] Invoice GC A 25-05-0014 Attachment file not found at CSystemrmspagesutilitiespdfCIARA CAMILLE C. SANTOS-INVOICE-GC A 25-05-0014.pdf
[2025-05-01 09:27:27] [READ-ONLY] Batch delay of 1 second(s) applied.
[2025-05-01 09:27:26] [SKIPPED] Invoice GC A 25-05-0013 Attachment file not found at CSystemrmspagesutilitiespdfEDUARDO MAGANA PABICO-INVOICE-GC A 25-05-0013.pdf
[2025-05-01 09:27:26] [SKIPPED] Invoice GC A 25-05-0012 Attachment file not found at CSystemrmspagesutilitiespdfLILIBETH C. JANEO-INVOICE-GC A 25-05-0012.pdf
[2025-05-01 09:27:26] [SKIPPED] Invoice GC A 25-05-0011 Attachment file not found at CSystemrmspagesutilitiespdfJOVY MANUZON AMITA & LIEZL CRUZAT BRAZAGA & IVY MAY BERNAL-INVOICE-GC A 25-05-0011.pdf
[2025-05-01 09:27:26] [SKIPPED] Invoice GC A 25-05-0010 Attachment file not found at CSystemrmspagesutilitiespdfORLANDO VILLEGAS MUNDO-INVOICE-GC A 25-05-0010.pdf
[2025-05-01 09:27:26] [SKIPPED] Invoice GC A 25-05-0009 Attachment file not found at CSystemrmspagesutilitiespdfHERMIE B. CORONEJO-INVOICE-GC A 25-05-0009.pdf
[2025-05-01 09:27:26] [READ-ONLY] Batch delay of 1 second(s) applied.
[2025-05-01 09:27:25] [SKIPPED] Invoice GC A 25-05-0008 Attachment file not found at CSystemrmspagesutilitiespdfBIEN MICHAEL SARMIENTO RAMOS-INVOICE-GC A 25-05-0008.pdf
[2025-05-01 09:27:25] [SKIPPED] Invoice GC A 25-05-0007 Attachment file not found at CSystemrmspagesutilitiespdfJEAN PAULETTE OSORIO CABRAL-INVOICE-GC A 25-05-0007.pdf
[2025-05-01 09:27:25] [SKIPPED] Invoice GC A 25-05-0006 Attachment file not found at CSystemrmspagesutilitiespdfHERMIE B. CORONEJO-INVOICE-GC A 25-05-0006.pdf
[2025-05-01 09:27:25] [SKIPPED] Invoice GC A 25-05-0005 Attachment file not found at CSystemrmspagesutilitiespdfANDRES V. HALABY-INVOICE-GC A 25-05-0005.pdf
[2025-05-01 09:27:25] [SKIPPED] Invoice GC A 25-05-0004 Attachment file not found at CSystemrmspagesutilitiespdfLILIBETH A. MANIMTIM & OR TINIANA ROSE M. PATRON-INVOICE-GC A 25-05-0004.pdf
[2025-05-01 09:27:24] [READ-ONLY] Batch delay of 5 second(s) applied.
[2025-05-01 09:27:19] [SKIPPED] Invoice GC A 25-05-0003 Attachment file not found at CSystemrmspagesutilitiespdfXU, XIAN HONG-INVOICE-GC A 25-05-0003.pdf
[2025-05-01 09:27:19] [SKIPPED] Invoice GC A 25-05-0002 Attachment file not found at CSystemrmspagesutilitiespdfJOHN R. FAJARDO-INVOICE-GC A 25-05-0002.pdf
[2025-05-01 09:27:19] [SKIPPED] Invoice FT D 25-05-0028 Attachment file not found at CSystemrmspagesutilitiespdfFERDINAND DE CASTRO ARAGO & OR RUBY MANALO PANOY-INVOICE-FT D 25-05-0028.pdf
[2025-05-01 09:27:19] [SKIPPED] Invoice FT D 25-05-0027 Attachment file not found at CSystemrmspagesutilitiespdfFERDINAND SANTOS-INVOICE-FT D 25-05-0027.pdf
[2025-05-01 09:27:19] [SKIPPED] Invoice FT D 25-05-0026 Attachment file not found at CSystemrmspagesutilitiespdfJOCELYN D. ANASTASIO-INVOICE-FT D 25-05-0026.pdf
[2025-05-01 09:27:19] [READ-ONLY] Batch delay of 1 second(s) applied.
[2025-05-01 09:27:18] [SKIPPED] Invoice FT D 25-05-0025 Attachment file not found at CSystemrmspagesutilitiespdfDAISY MAE VILLAGOMEZ-BIER & OR STEPHANIE C. SABLAN-INVOICE-FT D 25-05-0025.pdf
[2025-05-01 09:27:18] [SKIPPED] Invoice FT D 25-05-0024 Attachment file not found at CSystemrmspagesutilitiespdfLEONORA T. VERGARA-INVOICE-FT D 25-05-0024.pdf
[2025-05-01 09:27:18] [SKIPPED] Invoice FT D 25-05-0023 Attachment file not found at CSystemrmspagesutilitiespdfKIVEN N. KLEINER-INVOICE-FT D 25-05-0023.pdf
[2025-05-01 09:27:18] [SKIPPED] Invoice FT D 25-05-0022 Attachment file not found at CSystemrmspagesutilitiespdfKOSUKE SATO & OR CHIHARU SATO-INVOICE-FT D 25-05-0022.pdf
[2025-05-01 09:27:18] [SKIPPED] Invoice FT D 25-05-0021 Attachment file not found at CSystemrmspagesutilitiespdfMARIO JR. OCAMPO ECHAURE-INVOICE-FT D 25-05-0021.pdf
[2025-05-01 09:27:17] [READ-ONLY] Batch delay of 3 second(s) applied.
[2025-05-01 09:27:14] [SKIPPED] Invoice FT D 25-05-0020 Attachment file not found at CSystemrmspagesutilitiespdfBENJAMIN JOSEPH DALLAS-INVOICE-FT D 25-05-0020.pdf
[2025-05-01 09:27:14] [SKIPPED] Invoice FT D 25-05-0019 Attachment file not found at CSystemrmspagesutilitiespdfKARIDAT-INVOICE-FT D 25-05-0019.pdf
[2025-05-01 09:27:14] [SKIPPED] Invoice FT D 25-05-0018 Attachment file not found at CSystemrmspagesutilitiespdfANONYA SARKAR-INVOICE-FT D 25-05-0018.pdf
[2025-05-01 09:27:14] [SKIPPED] Invoice FT D 25-05-0017 Attachment file not found at CSystemrmspagesutilitiespdfSAIM ALI & OR JOMAR CARAGAY ALI-INVOICE-FT D 25-05-0017.pdf
[2025-05-01 09:27:14] [SKIPPED] Invoice FT D 25-05-0016 Attachment file not found at CSystemrmspagesutilitiespdfARTHUR SUMANG LOPEZ-INVOICE-FT D 25-05-0016.pdf
[2025-05-01 09:27:14] [READ-ONLY] Batch delay of 4 second(s) applied.
[2025-05-01 09:27:10] [SKIPPED] Invoice FT D 25-05-0015 Attachment file not found at CSystemrmspagesutilitiespdfNATHAN TYRONE ELLIOTT-INVOICE-FT D 25-05-0015.pdf
[2025-05-01 09:27:10] [SKIPPED] Invoice FT D 25-05-0014 Attachment file not found at CSystemrmspagesutilitiespdfMARILYNN-CARIDAD S. DUENAS-INVOICE-FT D 25-05-0014.pdf
[2025-05-01 09:27:10] [SKIPPED] Invoice FT D 25-05-0013 Attachment file not found at CSystemrmspagesutilitiespdfMARIA LUISA P. FERNANDO-INVOICE-FT D 25-05-0013.pdf
[2025-05-01 09:27:10] [SKIPPED] Invoice FT D 25-05-0012 Attachment file not found at CSystemrmspagesutilitiespdfESMERALDO MURILLO TING GARRIE AND OR CHARLES HARVEY CRAWFORD-INVOICE-FT D 25-05-0012.pdf
[2025-05-01 09:27:10] [SKIPPED] Invoice FT D 25-05-0011 Attachment file not found at CSystemrmspagesutilitiespdfJOHN GUILLER DELA CRUZ CANAPE-INVOICE-FT D 25-05-0011.pdf
[2025-05-01 09:27:09] [READ-ONLY] Batch delay of 1 second(s) applied.
[2025-05-01 09:27:08] [SKIPPED] Invoice FT D 25-05-0010 Attachment file not found at CSystemrmspagesutilitiespdfFERDINAND SANTOS-INVOICE-FT D 25-05-0010.pdf
[2025-05-01 09:27:08] [SKIPPED] Invoice FT D 25-05-0009 Attachment file not found at CSystemrmspagesutilitiespdfCHELSEA LYNN YANGIRELFIL-INVOICE-FT D 25-05-0009.pdf
[2025-05-01 09:27:08] [SKIPPED] Invoice FT D 25-05-0008 Attachment file not found at CSystemrmspagesutilitiespdfCLARINDA M. ALDAN-INVOICE-FT D 25-05-0008.pdf
[2025-05-01 09:27:08] [SKIPPED] Invoice FT D 25-05-0007 Attachment file not found at CSystemrmspagesutilitiespdfMARC CHRISTIAN A. VENUS &  OR BRENDAN ABNER VENUS-INVOICE-FT D 25-05-0007.pdf
[2025-05-01 09:27:08] [SKIPPED] Invoice FT D 25-05-0006 Attachment file not found at CSystemrmspagesutilitiespdfRYAN B. LIZAMA-INVOICE-FT D 25-05-0006.pdf
[2025-05-01 09:27:07] [READ-ONLY] Batch delay of 2 second(s) applied.
[2025-05-01 09:27:05] [SKIPPED] Invoice FT D 25-05-0005 Attachment file not found at CSystemrmspagesutilitiespdfROBERTO ONG-INVOICE-FT D 25-05-0005.pdf
[2025-05-01 09:27:05] [SKIPPED] Invoice FT D 25-05-0004 Attachment file not found at CSystemrmspagesutilitiespdfJOHN H. DAVIS JR.-INVOICE-FT D 25-05-0004.pdf
[2025-05-01 09:27:05] [SKIPPED] Invoice FT D 25-05-0003 Attachment file not found at CSystemrmspagesutilitiespdfKENETH-GOMEZ CODOG-INVOICE-FT D 25-05-0003.pdf
[2025-05-01 09:27:05] [SKIPPED] Invoice FT D 25-05-0002 Attachment file not found at CSystemrmspagesutilitiespdfNORTHERN MARIANAS HOUSING CORP.-INVOICE-FT D 25-05-0002.pdf
[2025-05-01 09:27:05] [SKIPPED] Invoice FT D 25-05-0001 Attachment file not found at CSystemrmspagesutilitiespdfSANDY WITER-INVOICE-FT D 25-05-0001.pdf
[2025-05-01 09:27:05] [READ-ONLY] Batch delay of 4 second(s) applied.
[2025-05-01 09:27:01] [SKIPPED] Invoice FT C 25-05-0034 Attachment file not found at CSystemrmspagesutilitiespdfRODULFO D. LAGUNAY-INVOICE-FT C 25-05-0034.pdf
[2025-05-01 09:27:01] [SKIPPED] Invoice FT C 25-05-0033 Attachment file not found at CSystemrmspagesutilitiespdfNORTHERN MARIANAS HOUSING CORP.-INVOICE-FT C 25-05-0033.pdf
[2025-05-01 09:27:01] [SKIPPED] Invoice FT C 25-05-0032 Attachment file not found at CSystemrmspagesutilitiespdfSHERRAINE DLG FLORES-INVOICE-FT C 25-05-0032.pdf
[2025-05-01 09:27:01] [SKIPPED] Invoice FT C 25-05-0031 Attachment file not found at CSystemrmspagesutilitiespdfCHRISTINE SOFIA MARIQUIT HAYAG-INVOICE-FT C 25-05-0031.pdf
[2025-05-01 09:27:01] [SKIPPED] Invoice FT C 25-05-0030 Attachment file not found at CSystemrmspagesutilitiespdfBENJAMIN JR. CASILAN-INVOICE-FT C 25-05-0030.pdf
[2025-05-01 09:27:00] [READ-ONLY] Batch delay of 2 second(s) applied.
[2025-05-01 09:26:58] [SKIPPED] Invoice FT C 25-05-0029 Attachment file not found at CSystemrmspagesutilitiespdfMARITES V. HOSSAIN & OR ISMAIL IMRAN V. HOSSAIN-INVOICE-FT C 25-05-0029.pdf
[2025-05-01 09:26:58] [SKIPPED] Invoice FT C 25-05-0028 Attachment file not found at CSystemrmspagesutilitiespdfMADONNA MANAOG PALERACIO & OR JOHN RUEL RIZO-INVOICE-FT C 25-05-0028.pdf
[2025-05-01 09:26:58] [SKIPPED] Invoice FT C 25-05-0027 Attachment file not found at CSystemrmspagesutilitiespdfROMEO JR. AVENIDO BORINAGA-INVOICE-FT C 25-05-0027.pdf
[2025-05-01 09:26:58] [SKIPPED] Invoice FT C 25-05-0026 Attachment file not found at CSystemrmspagesutilitiespdfJOYCE GARCIA SALGADO & OR MONETTE GARCIA RAMOS-INVOICE-FT C 25-05-0026.pdf
[2025-05-01 09:26:58] [SKIPPED] Invoice FT C 25-05-0025 Attachment file not found at CSystemrmspagesutilitiespdfROSA GOOGDAD-INVOICE-FT C 25-05-0025.pdf
[2025-05-01 09:26:58] [READ-ONLY] Batch delay of 3 second(s) applied.
[2025-05-01 09:26:55] [SKIPPED] Invoice FT C 25-05-0024 Attachment file not found at CSystemrmspagesutilitiespdfRAFAEL TAGLE LEUNG-INVOICE-FT C 25-05-0024.pdf
[2025-05-01 09:26:55] [SKIPPED] Invoice FT C 25-05-0023 Attachment file not found at CSystemrmspagesutilitiespdfRONALDO G. QUINDOZA-INVOICE-FT C 25-05-0023.pdf
[2025-05-01 09:26:55] [SKIPPED] Invoice FT C 25-05-0022 Attachment file not found at CSystemrmspagesutilitiespdfJUDE MARK E. GADUENA-INVOICE-FT C 25-05-0022.pdf
[2025-05-01 09:26:55] [SKIPPED] Invoice FT C 25-05-0021 Attachment file not found at CSystemrmspagesutilitiespdfJOSEPH TORRES FLORES AND  OR ALVA DELA CRUZ FLORES-INVOICE-FT C 25-05-0021.pdf
[2025-05-01 09:26:55] [SKIPPED] Invoice FT C 25-05-0020 Attachment file not found at CSystemrmspagesutilitiespdfROVIEN BO E. MARATITA-INVOICE-FT C 25-05-0020.pdf
[2025-05-01 09:26:54] [READ-ONLY] Batch delay of 3 second(s) applied.
[2025-05-01 09:26:51] [SKIPPED] Invoice FT C 25-05-0019 Attachment file not found at CSystemrmspagesutilitiespdfLORENA AGUILAR & OR EDSEL A. PAGTALUNAN-INVOICE-FT C 25-05-0019.pdf
[2025-05-01 09:26:51] [SKIPPED] Invoice FT C 25-05-0018 Attachment file not found at CSystemrmspagesutilitiespdfTIMOTHY CHOWAY & OR TOMMY TAMANGMAD-INVOICE-FT C 25-05-0018.pdf
[2025-05-01 09:26:51] [SKIPPED] Invoice FT C 25-05-0017 Attachment file not found at CSystemrmspagesutilitiespdfGRACE MAY C. NAPUTI & OR GERARD N. NAPUTI-INVOICE-FT C 25-05-0017.pdf
[2025-05-01 09:26:51] [SKIPPED] Invoice FT C 25-05-0016 Attachment file not found at CSystemrmspagesutilitiespdfPEARL JAN SANTIAGO MCCORD-INVOICE-FT C 25-05-0016.pdf
[2025-05-01 09:26:51] [SKIPPED] Invoice FT C 25-05-0015 Attachment file not found at CSystemrmspagesutilitiespdfVALENTINO T. BOLIVAR & OR ELISA C. TRINIDAD-INVOICE-FT C 25-05-0015.pdf
[2025-05-01 09:26:51] [READ-ONLY] Batch delay of 5 second(s) applied.
[2025-05-01 09:26:46] [SKIPPED] Invoice FT C 25-05-0014 Attachment file not found at CSystemrmspagesutilitiespdfCINDERRELA M. BERNAL-INVOICE-FT C 25-05-0014.pdf
[2025-05-01 09:26:46] [SKIPPED] Invoice FT C 25-05-0013 Attachment file not found at CSystemrmspagesutilitiespdfALDRITZ DG BUENSALIDO & OR MARYANNA R. BUENSALIDO-INVOICE-FT C 25-05-0013.pdf
[2025-05-01 09:26:46] [NOTICE] Invoice FT C 25-05-0013 Raw email partially sanitized. Original [annadionisio1994@gmail.com ; aldzbrych@gmail.com;maryanna.dionisio@yahoo.com]  Sanitized [annadionisio1994@gmail.com; aldzbrych@gmail.com; maryanna.dionisio@yahoo.com]
[2025-05-01 09:26:46] [SKIPPED] Invoice FT C 25-05-0012 Attachment file not found at CSystemrmspagesutilitiespdfAGRIPINO BUENSALIDO-INVOICE-FT C 25-05-0012.pdf
[2025-05-01 09:26:46] [SKIPPED] Invoice FT C 25-05-0011 Attachment file not found at CSystemrmspagesutilitiespdfMARY MENDIOLA HOCOG & OR GERALD KING CRISOSTOMO JR.-INVOICE-FT C 25-05-0011.pdf
[2025-05-01 09:26:46] [SKIPPED] Invoice FT C 25-05-0010 Attachment file not found at CSystemrmspagesutilitiespdfVINCENT CRUZ-INVOICE-FT C 25-05-0010.pdf
[2025-05-01 09:26:45] [READ-ONLY] Batch delay of 2 second(s) applied.
[2025-05-01 09:26:43] [SKIPPED] Invoice FT C 25-05-0009 Attachment file not found at CSystemrmspagesutilitiespdfIVY C. ESTORES-INVOICE-FT C 25-05-0009.pdf
[2025-05-01 09:26:43] [SKIPPED] Invoice FT C 25-05-0008 Attachment file not found at CSystemrmspagesutilitiespdfCOLLIN APILADO-INVOICE-FT C 25-05-0008.pdf
[2025-05-01 09:26:43] [SKIPPED] Invoice FT C 25-05-0007 Attachment file not found at CSystemrmspagesutilitiespdfJHOANNA JHOY F. AGUIGUI-INVOICE-FT C 25-05-0007.pdf
[2025-05-01 09:26:43] [SKIPPED] Invoice FT C 25-05-0006 Attachment file not found at CSystemrmspagesutilitiespdfNIDA CABAY-INVOICE-FT C 25-05-0006.pdf
[2025-05-01 09:26:43] [SKIPPED] Invoice FT C 25-05-0005 Attachment file not found at CSystemrmspagesutilitiespdfMARY JOY G. REYES & OR MARK EUGENE G. LACANILAO-INVOICE-FT C 25-05-0005.pdf
[2025-05-01 09:26:43] [READ-ONLY] Batch delay of 5 second(s) applied.
[2025-05-01 09:26:38] [SKIPPED] Invoice FT C 25-05-0004 Attachment file not found at CSystemrmspagesutilitiespdfFERDINAND DE CASTRO ARAGO & OR RUBY MANALO PANOY-INVOICE-FT C 25-05-0004.pdf
[2025-05-01 09:26:38] [SKIPPED] Invoice FT C 25-05-0003 Attachment file not found at CSystemrmspagesutilitiespdfTERESITA APATANG SANTOS-INVOICE-FT C 25-05-0003.pdf
[2025-05-01 09:26:38] [SKIPPED] Invoice FT C 25-05-0002 Attachment file not found at CSystemrmspagesutilitiespdfALBERT CAMACHO LEON-GUERRERO-INVOICE-FT C 25-05-0002.pdf
[2025-05-01 09:26:38] [SKIPPED] Invoice FT C 25-05-0001 Attachment file not found at CSystemrmspagesutilitiespdfFREDDIE P. GARFIL & OR LEAH D. GARFIL-INVOICE-FT C 25-05-0001.pdf
[2025-05-01 09:26:38] [SKIPPED] Invoice FT B 25-05-0023 Attachment file not found at CSystemrmspagesutilitiespdfGERALDINE Q. DINGLE & OR ERWIN L. DINGLE-INVOICE-FT B 25-05-0023.pdf
[2025-05-01 09:26:37] [READ-ONLY] Batch delay of 5 second(s) applied.
[2025-05-01 09:26:32] [SKIPPED] Invoice FT B 25-05-0022 Attachment file not found at CSystemrmspagesutilitiespdfLITO LUMBANA AND OR CHERRY LUMABANA-INVOICE-FT B 25-05-0022.pdf
[2025-05-01 09:26:32] [SKIPPED] Invoice FT B 25-05-0021 Attachment file not found at CSystemrmspagesutilitiespdfJEREMIAH JOEL C. FERNANDEZ-INVOICE-FT B 25-05-0021.pdf
[2025-05-01 09:26:32] [SKIPPED] Invoice FT B 25-05-0020 Attachment file not found at CSystemrmspagesutilitiespdfMA ELENA DE GUZMAN BORLONGAN-INVOICE-FT B 25-05-0020.pdf
[2025-05-01 09:26:32] [SKIPPED] Invoice FT B 25-05-0019 Attachment file not found at CSystemrmspagesutilitiespdfELEANOR SURETA (ELOY)-INVOICE-FT B 25-05-0019.pdf
[2025-05-01 09:26:32] [SKIPPED] Invoice FT B 25-05-0018 Attachment file not found at CSystemrmspagesutilitiespdfCASSIDY ALEIGHN LEGASPI LIZAMA-INVOICE-FT B 25-05-0018.pdf
[2025-05-01 09:26:31] [READ-ONLY] Batch delay of 2 second(s) applied.
[2025-05-01 09:26:29] [SKIPPED] Invoice FT B 25-05-0017 Attachment file not found at CSystemrmspagesutilitiespdfESTRELLA FIGUEROA BAYSA-INVOICE-FT B 25-05-0017.pdf
[2025-05-01 09:26:29] [SKIPPED] Invoice FT B 25-05-0016 Attachment file not found at CSystemrmspagesutilitiespdfHECTOR SANTOS SALVADOR & OR RAFAELI G. SALVADOR-INVOICE-FT B 25-05-0016.pdf
[2025-05-01 09:26:29] [SKIPPED] Invoice FT B 25-05-0015 Attachment file not found at CSystemrmspagesutilitiespdfJIMMY RAY POLK-INVOICE-FT B 25-05-0015.pdf
[2025-05-01 09:26:29] [SKIPPED] Invoice FT B 25-05-0014 Attachment file not found at CSystemrmspagesutilitiespdfALFREDO TOLENTINO-INVOICE-FT B 25-05-0014.pdf
[2025-05-01 09:26:29] [SKIPPED] Invoice FT B 25-05-0013 Attachment file not found at CSystemrmspagesutilitiespdfCRAIG ARTHUR BENHAM-INVOICE-FT B 25-05-0013.pdf
[2025-05-01 09:26:29] [READ-ONLY] Batch delay of 3 second(s) applied.
[2025-05-01 09:26:26] [SKIPPED] Invoice FT B 25-05-0012 Attachment file not found at CSystemrmspagesutilitiespdfJON CLIMACO LANIYO-INVOICE-FT B 25-05-0012.pdf
[2025-05-01 09:26:26] [SKIPPED] Invoice FT B 25-05-0011 Attachment file not found at CSystemrmspagesutilitiespdfLIE LOU-INVOICE-FT B 25-05-0011.pdf
[2025-05-01 09:26:26] [SKIPPED] Invoice FT B 25-05-0010 Attachment file not found at CSystemrmspagesutilitiespdfKEIFFER JANIO LAGNADA-INVOICE-FT B 25-05-0010.pdf
[2025-05-01 09:26:26] [SKIPPED] Invoice FT B 25-05-0009 Attachment file not found at CSystemrmspagesutilitiespdfDANTE B. TABORA & OR ELIZABETH B. TABORA-INVOICE-FT B 25-05-0009.pdf
[2025-05-01 09:26:26] [SKIPPED] Invoice FT B 25-05-0008 Attachment file not found at CSystemrmspagesutilitiespdfCARMELITO ESPINA ESPINOSA-INVOICE-FT B 25-05-0008.pdf
[2025-05-01 09:26:25] [READ-ONLY] Batch delay of 2 second(s) applied.
[2025-05-01 09:26:23] [SKIPPED] Invoice FT B 25-05-0007 Attachment file not found at CSystemrmspagesutilitiespdfSOSEANNE-MAEJANE ORTILLO DALIMOCON-INVOICE-FT B 25-05-0007.pdf
[2025-05-01 09:26:23] [SKIPPED] Invoice FT B 25-05-0006 Attachment file not found at CSystemrmspagesutilitiespdfROBERT OLLIE WEBB-INVOICE-FT B 25-05-0006.pdf
[2025-05-01 09:26:23] [SKIPPED] Invoice FT B 25-05-0005 Attachment file not found at CSystemrmspagesutilitiespdfKRISTELLA FRANCES ALEJANDRINO BARCINAS-INVOICE-FT B 25-05-0005.pdf
[2025-05-01 09:26:23] [SKIPPED] Invoice FT B 25-05-0004 Attachment file not found at CSystemrmspagesutilitiespdfJOVEN B. SAPAD & OR CLARIZA A. SAPAD-INVOICE-FT B 25-05-0004.pdf
[2025-05-01 09:26:23] [SKIPPED] Invoice FT B 25-05-0003 Attachment file not found at CSystemrmspagesutilitiespdfMELLANY D. REGATON & OR MARLON E. REGATON-INVOICE-FT B 25-05-0003.pdf
[2025-05-01 09:26:23] [READ-ONLY] Batch delay of 2 second(s) applied.
[2025-05-01 09:26:21] [SKIPPED] Invoice FT B 25-05-0002 Attachment file not found at CSystemrmspagesutilitiespdfTRISHA MAE ALEGRE ABREU AND OR JOHN PAUL T. PANGILINAN-INVOICE-FT B 25-05-0002.pdf
[2025-05-01 09:26:21] [SKIPPED] Invoice FT B 25-05-0001 Attachment file not found at CSystemrmspagesutilitiespdfJOEL M. MAHUSAY-INVOICE-FT B 25-05-0001.pdf
[2025-05-01 09:26:21] [SKIPPED] Invoice FT A 25-05-0022 Attachment file not found at CSystemrmspagesutilitiespdfJULIET AGATHA T. MENDOZA-INVOICE-FT A 25-05-0022.pdf
[2025-05-01 09:26:21] [NOTICE] Invoice FT A 25-05-0022 Raw email partially sanitized. Original ['julietagathamendoza@yahoo.com']  Sanitized [julietagathamendoza@yahoo.com]
[2025-05-01 09:26:21] [SKIPPED] Invoice FT A 25-05-0021 Attachment file not found at CSystemrmspagesutilitiespdfLIBERTY FIGUEROA & OR ARNELIO B. PINGOL-INVOICE-FT A 25-05-0021.pdf
[2025-05-01 09:26:21] [SKIPPED] Invoice FT A 25-05-0020 Attachment file not found at CSystemrmspagesutilitiespdfKAREN STEPHANIE L. ITO & OR JEREMY PABALAN-INVOICE-FT A 25-05-0020.pdf
[2025-05-01 09:26:21] [NOTICE] Invoice FT A 25-05-0020 Raw email partially sanitized. Original [KARENITO2011@LIVE.COM;jgpabalan@gmail.com]  Sanitized [KARENITO2011@LIVE.COM; jgpabalan@gmail.com]
[2025-05-01 09:26:20] [READ-ONLY] Batch delay of 5 second(s) applied.
[2025-05-01 09:26:15] [SKIPPED] Invoice FT A 25-05-0019 Attachment file not found at CSystemrmspagesutilitiespdfMARY ANN DE-LEON MANGLONA & OR PAUL MANGLONA-INVOICE-FT A 25-05-0019.pdf
[2025-05-01 09:26:15] [SKIPPED] Invoice FT A 25-05-0018 Attachment file not found at CSystemrmspagesutilitiespdfREMEL DRILON-INVOICE-FT A 25-05-0018.pdf
[2025-05-01 09:26:15] [SKIPPED] Invoice FT A 25-05-0017 Attachment file not found at CSystemrmspagesutilitiespdfAGNES NABETINAN-INVOICE-FT A 25-05-0017.pdf
[2025-05-01 09:26:15] [SKIPPED] Invoice FT A 25-05-0016 Attachment file not found at CSystemrmspagesutilitiespdfEMILY BEATRIZE K. PALACIOS & OR CHRISTOPHER ANTHONY B. ALEPUYO-INVOICE-FT A 25-05-0016.pdf
[2025-05-01 09:26:15] [SKIPPED] Invoice FT A 25-05-0015 Attachment file not found at CSystemrmspagesutilitiespdfEDWARD SABLAN CABRERA-INVOICE-FT A 25-05-0015.pdf
[2025-05-01 09:26:15] [READ-ONLY] Batch delay of 1 second(s) applied.
[2025-05-01 09:26:14] [SKIPPED] Invoice FT A 25-05-0014 Attachment file not found at CSystemrmspagesutilitiespdfJESUS C. VILLAGOMEZ-INVOICE-FT A 25-05-0014.pdf
[2025-05-01 09:26:14] [SKIPPED] Invoice FT A 25-05-0013 Attachment file not found at CSystemrmspagesutilitiespdfTERESITA N. BLAS-INVOICE-FT A 25-05-0013.pdf
[2025-05-01 09:26:14] [SKIPPED] Invoice FT A 25-05-0012 Attachment file not found at CSystemrmspagesutilitiespdfODIN-TYR CRUZ GARCES-INVOICE-FT A 25-05-0012.pdf
[2025-05-01 09:26:14] [SKIPPED] Invoice FT A 25-05-0011 Attachment file not found at CSystemrmspagesutilitiespdfJOSEPH S. ROBLES-INVOICE-FT A 25-05-0011.pdf
[2025-05-01 09:26:14] [SKIPPED] Invoice FT A 25-05-0010 Attachment file not found at CSystemrmspagesutilitiespdfLORNA BASAN MATAGOLAI-INVOICE-FT A 25-05-0010.pdf
[2025-05-01 09:26:13] [READ-ONLY] Batch delay of 3 second(s) applied.
[2025-05-01 09:26:10] [SKIPPED] Invoice FT A 25-05-0009 Attachment file not found at CSystemrmspagesutilitiespdfMERLE SAKAMOTO-INVOICE-FT A 25-05-0009.pdf
[2025-05-01 09:26:10] [SKIPPED] Invoice FT A 25-05-0008 Attachment file not found at CSystemrmspagesutilitiespdfNORTHERN MARIANAS HOUSING CORP.-INVOICE-FT A 25-05-0008.pdf
[2025-05-01 09:26:10] [SKIPPED] Invoice FT A 25-05-0007 Attachment file not found at CSystemrmspagesutilitiespdfJENNIE LOU M. MURIA-INVOICE-FT A 25-05-0007.pdf
[2025-05-01 09:26:10] [SKIPPED] Invoice FT A 25-05-0006 Attachment file not found at CSystemrmspagesutilitiespdfRODOLFO C. BANAL-INVOICE-FT A 25-05-0006.pdf
[2025-05-01 09:26:10] [SKIPPED] Invoice FT A 25-05-0005 Attachment file not found at CSystemrmspagesutilitiespdfIVAN T. DELA CRUZ-INVOICE-FT A 25-05-0005.pdf
[2025-05-01 09:26:10] [READ-ONLY] Batch delay of 1 second(s) applied.
[2025-05-01 09:26:09] [SKIPPED] Invoice FT A 25-05-0004 Attachment file not found at CSystemrmspagesutilitiespdfAIRA SOPHIA ALEGRE ABREU-INVOICE-FT A 25-05-0004.pdf
[2025-05-01 09:26:09] [SKIPPED] Invoice FT A 25-05-0003 Attachment file not found at CSystemrmspagesutilitiespdfEVELYNA HEIN SOMORANG-INVOICE-FT A 25-05-0003.pdf
[2025-05-01 09:26:09] [SKIPPED] Invoice FT A 25-05-0002 Attachment file not found at CSystemrmspagesutilitiespdfMARIA LOURDES S. BANSIL-INVOICE-FT A 25-05-0002.pdf
[2025-05-01 09:26:09] [SKIPPED] Invoice FT A 25-05-0001 Attachment file not found at CSystemrmspagesutilitiespdfMARISSA SONGCO CRUZ-INVOICE-FT A 25-05-0001.pdf
[2025-05-01 09:26:09] [SKIPPED] Invoice CTOWN 25-05-0001 Attachment file not found at CSystemrmspagesutilitiespdfSAIPAN SOCCER SCHOOL C O EMERENCIANA TOLENTINO (CHINATOWN HOUSE DUPLEX)-INVOICE-CTOWN 25-05-0001.pdf
