[2025-04-02 10:04:38] [SKIPPED] Invoice WT 25-04-0020 - missing or invalid email
[2025-04-02 10:04:38] [READ-ONLY] Simulated send for invoice WT 25-04-0009
[2025-04-02 10:04:37] [READ-ONLY] Simulated send for invoice WT 25-04-0001
[2025-04-02 10:04:37] [SKIPPED] Invoice TSL 25-04-0009 - missing or invalid email
[2025-04-02 10:04:37] [SKIPPED] Invoice TSL 25-04-0001 - file not found CSystemrmspagesutilitiespdfASSURANCE BROKERS INC. DBA AB RISK SOLUTIONS-INVOICE-TSL 25-04-0001.pdf
[2025-04-02 10:04:37] [READ-ONLY] Simulated send for invoice SVT 25-04-0023
[2025-04-02 10:04:37] [READ-ONLY] Simulated send for invoice SVT 25-04-0019
[2025-04-02 10:04:37] [READ-ONLY] Simulated send for invoice OVT 25-04-0005
[2025-04-02 10:04:37] [READ-ONLY] Simulated send for invoice LNH 25-04-0017
[2025-04-02 10:04:37] [READ-ONLY] Simulated send for invoice LNH 25-04-0014
[2025-04-02 10:04:37] [READ-ONLY] Simulated send for invoice LNH 25-04-0009
[2025-04-02 10:04:37] [READ-ONLY] Simulated send for invoice LNH 25-04-0004
[2025-04-02 10:04:36] [READ-ONLY] Simulated send for invoice LNH 25-04-0001
[2025-04-02 10:04:36] [READ-ONLY] Simulated send for invoice JPC 25-04-0009
[2025-04-02 10:04:36] [READ-ONLY] Simulated send for invoice GC B 25-04-0021
[2025-04-02 10:04:36] [READ-ONLY] Simulated send for invoice GC B 25-04-0020
[2025-04-02 10:04:36] [READ-ONLY] Simulated send for invoice GC B 25-04-0019
[2025-04-02 10:04:36] [READ-ONLY] Simulated send for invoice GC B 25-04-0018
[2025-04-02 10:04:36] [READ-ONLY] Simulated send for invoice GC B 25-04-0015
[2025-04-02 10:04:36] [READ-ONLY] Simulated send for invoice GC B 25-04-0007
[2025-04-02 10:04:36] [READ-ONLY] Simulated send for invoice GC A 25-04-0018
[2025-04-02 10:04:36] [READ-ONLY] Simulated send for invoice GC A 25-04-0016
[2025-04-02 10:04:35] [READ-ONLY] Simulated send for invoice GC A 25-04-0010
[2025-04-02 10:04:35] [READ-ONLY] Simulated send for invoice GC A 25-04-0009
[2025-04-02 10:04:35] [READ-ONLY] Simulated send for invoice GC A 25-04-0007
[2025-04-02 10:04:35] [READ-ONLY] Simulated send for invoice GC A 25-04-0002
[2025-04-02 10:04:35] [READ-ONLY] Simulated send for invoice GC A 25-04-0001
[2025-04-02 10:04:35] [READ-ONLY] Simulated send for invoice FT D 25-04-0019
[2025-04-02 10:04:35] [READ-ONLY] Simulated send for invoice FT D 25-04-0016
[2025-04-02 10:04:35] [READ-ONLY] Simulated send for invoice FT D 25-04-0007
[2025-04-02 10:04:35] [READ-ONLY] Simulated send for invoice FT D 25-04-0004
[2025-04-02 10:04:35] [READ-ONLY] Simulated send for invoice FT D 25-04-0002
[2025-04-02 10:04:34] [READ-ONLY] Simulated send for invoice FT D 25-04-0001
[2025-04-02 10:04:34] [READ-ONLY] Simulated send for invoice FT C 25-04-0034
[2025-04-02 10:04:34] [READ-ONLY] Simulated send for invoice FT C 25-04-0031
[2025-04-02 10:04:34] [READ-ONLY] Simulated send for invoice FT C 25-04-0028
[2025-04-02 10:04:34] [READ-ONLY] Simulated send for invoice FT C 25-04-0002
[2025-04-02 10:04:34] [READ-ONLY] Simulated send for invoice FT B 25-04-0018
[2025-04-02 10:04:34] [READ-ONLY] Simulated send for invoice FT B 25-04-0015
[2025-04-02 10:04:34] [READ-ONLY] Simulated send for invoice FT B 25-04-0009
[2025-04-02 10:04:34] [READ-ONLY] Simulated send for invoice FT B 25-04-0001
[2025-04-02 10:04:34] [SKIPPED] Invoice FT A 25-04-0023 - missing or invalid email
[2025-04-02 10:04:33] [READ-ONLY] Simulated send for invoice FT A 25-04-0022
[2025-04-02 10:04:33] [READ-ONLY] Simulated send for invoice FT A 25-04-0015
[2025-04-02 10:04:33] [READ-ONLY] Simulated send for invoice FT A 25-04-0010
[2025-04-02 10:04:33] [READ-ONLY] Simulated send for invoice FT A 25-04-0009
[2025-04-02 10:04:33] [READ-ONLY] Simulated send for invoice FT A 25-04-0006
[2025-04-02 10:04:20] [SKIPPED] Invoice WT 25-04-0020 - missing or invalid email
[2025-04-02 10:04:20] [READ-ONLY] Simulated send for invoice WT 25-04-0009
[2025-04-02 10:04:19] [READ-ONLY] Simulated send for invoice WT 25-04-0001
[2025-04-02 10:04:19] [SKIPPED] Invoice TSL 25-04-0009 - missing or invalid email
[2025-04-02 10:04:19] [SKIPPED] Invoice TSL 25-04-0001 - file not found CSystemrmspagesutilitiespdfASSURANCE BROKERS INC. DBA AB RISK SOLUTIONS-INVOICE-TSL 25-04-0001.pdf
[2025-04-02 10:04:19] [READ-ONLY] Simulated send for invoice SVT 25-04-0023
[2025-04-02 10:04:19] [READ-ONLY] Simulated send for invoice SVT 25-04-0019
[2025-04-02 10:04:19] [READ-ONLY] Simulated send for invoice OVT 25-04-0005
[2025-04-02 10:04:19] [READ-ONLY] Simulated send for invoice LNH 25-04-0017
[2025-04-02 10:04:19] [READ-ONLY] Simulated send for invoice LNH 25-04-0014
[2025-04-02 10:04:19] [READ-ONLY] Simulated send for invoice LNH 25-04-0009
[2025-04-02 10:04:19] [READ-ONLY] Simulated send for invoice LNH 25-04-0004
[2025-04-02 10:04:18] [READ-ONLY] Simulated send for invoice LNH 25-04-0001
[2025-04-02 10:04:18] [READ-ONLY] Simulated send for invoice JPC 25-04-0009
[2025-04-02 10:04:18] [READ-ONLY] Simulated send for invoice GC B 25-04-0021
[2025-04-02 10:04:18] [READ-ONLY] Simulated send for invoice GC B 25-04-0020
[2025-04-02 10:04:18] [READ-ONLY] Simulated send for invoice GC B 25-04-0019
[2025-04-02 10:04:17] [READ-ONLY] Simulated send for invoice GC B 25-04-0018
[2025-04-02 10:04:17] [READ-ONLY] Simulated send for invoice GC B 25-04-0015
[2025-04-02 10:04:17] [READ-ONLY] Simulated send for invoice GC B 25-04-0007
[2025-04-02 10:04:17] [READ-ONLY] Simulated send for invoice GC A 25-04-0018
[2025-04-02 10:04:17] [READ-ONLY] Simulated send for invoice GC A 25-04-0016
[2025-04-02 10:04:17] [READ-ONLY] Simulated send for invoice GC A 25-04-0010
[2025-04-02 10:04:17] [READ-ONLY] Simulated send for invoice GC A 25-04-0009
[2025-04-02 10:04:17] [READ-ONLY] Simulated send for invoice GC A 25-04-0007
[2025-04-02 10:04:17] [READ-ONLY] Simulated send for invoice GC A 25-04-0002
[2025-04-02 10:04:17] [READ-ONLY] Simulated send for invoice GC A 25-04-0001
[2025-04-02 10:04:16] [READ-ONLY] Simulated send for invoice FT D 25-04-0019
[2025-04-02 10:04:16] [READ-ONLY] Simulated send for invoice FT D 25-04-0016
[2025-04-02 10:04:16] [READ-ONLY] Simulated send for invoice FT D 25-04-0007
[2025-04-02 10:04:16] [READ-ONLY] Simulated send for invoice FT D 25-04-0004
[2025-04-02 10:04:16] [READ-ONLY] Simulated send for invoice FT D 25-04-0002
[2025-04-02 10:04:16] [READ-ONLY] Simulated send for invoice FT D 25-04-0001
[2025-04-02 10:04:16] [READ-ONLY] Simulated send for invoice FT C 25-04-0034
[2025-04-02 10:04:16] [READ-ONLY] Simulated send for invoice FT C 25-04-0031
[2025-04-02 10:04:16] [READ-ONLY] Simulated send for invoice FT C 25-04-0028
[2025-04-02 10:04:16] [READ-ONLY] Simulated send for invoice FT C 25-04-0002
[2025-04-02 10:04:15] [READ-ONLY] Simulated send for invoice FT B 25-04-0018
[2025-04-02 10:04:15] [READ-ONLY] Simulated send for invoice FT B 25-04-0015
[2025-04-02 10:04:15] [READ-ONLY] Simulated send for invoice FT B 25-04-0009
[2025-04-02 10:04:15] [READ-ONLY] Simulated send for invoice FT B 25-04-0001
[2025-04-02 10:04:15] [SKIPPED] Invoice FT A 25-04-0023 - missing or invalid email
[2025-04-02 10:04:15] [READ-ONLY] Simulated send for invoice FT A 25-04-0022
[2025-04-02 10:04:15] [READ-ONLY] Simulated send for invoice FT A 25-04-0015
[2025-04-02 10:04:15] [READ-ONLY] Simulated send for invoice FT A 25-04-0010
[2025-04-02 10:04:15] [READ-ONLY] Simulated send for invoice FT A 25-04-0009
[2025-04-02 10:04:15] [READ-ONLY] Simulated send for invoice FT A 25-04-0006
