[2025-08-05 12:15:47] [SUCCESS] Invoice TSL 25-08-0010 sent to ferdinand_santos@tanholdings.com
[2025-08-05 12:15:42] [SENDING] Invoice TSL 25-08-0010 to ferdinand_santos@tanholdings.com
[2025-08-05 12:15:41] [SUCCESS] Invoice TSL 25-08-0009 sent to asm24@sbcglobal.net;nlimbo.dds@gmail.com;accounting@mdcsaipan.com
[2025-08-05 12:15:35] [SENDING] Invoice TSL 25-08-0009 to asm24@sbcglobal.net, nlimbo.dds@gmail.com, accounting@mdcsaipan.com
[2025-08-05 12:15:35] [NOTICE] Invoice TSL 25-08-0009 Raw email partially sanitized. Original [asm24@sbcglobal.net, nlimbo.dds@gmail.comCC  (accounting@mdcsaipan.com)]  Sanitized [asm24@sbcglobal.net; nlimbo.dds@gmail.com; accounting@mdcsaipan.com]
[2025-08-05 12:15:35] [SUCCESS] Invoice TSL 25-08-0008 sent to PAEinbox@am.jll.com;RealEstate@amentum.com
[2025-08-05 12:15:31] [SENDING] Invoice TSL 25-08-0008 to PAEinbox@am.jll.com, RealEstate@amentum.com
[2025-08-05 12:15:31] [SUCCESS] Invoice TSL 25-08-0007 sent to Yvonne.Pangelinan@ASCTrust.com;angelli.garcia@asctrust.com
[2025-08-05 12:15:26] [SENDING] Invoice TSL 25-08-0007 to Yvonne.Pangelinan@ASCTrust.com, angelli.garcia@asctrust.com
[2025-08-05 12:15:26] [SUCCESS] Invoice TSL 25-08-0006 sent to louie@winwinwaycnmi.com
[2025-08-05 12:15:22] [SENDING] Invoice TSL 25-08-0006 to louie@winwinwaycnmi.com
[2025-08-05 12:15:22] [SUCCESS] Invoice TSL 25-08-0005 sent to ferdinand_santos@tanholdings.com
[2025-08-05 12:15:17] [SENDING] Invoice TSL 25-08-0005 to ferdinand_santos@tanholdings.com
[2025-08-05 12:15:17] [SUCCESS] Invoice TSL 25-08-0004 sent to bbanzuela@nortonlilly.com
[2025-08-05 12:15:12] [SENDING] Invoice TSL 25-08-0004 to bbanzuela@nortonlilly.com
[2025-08-05 12:15:12] [SUCCESS] Invoice TSL 25-08-0003 sent to jlimtiaco@dlslab.com
[2025-08-05 12:15:08] [SENDING] Invoice TSL 25-08-0003 to jlimtiaco@dlslab.com
[2025-08-05 12:15:08] [SUCCESS] Invoice SVT 25-08-0023 sent to jm_lacandazo@yahoo.com
[2025-08-05 12:15:03] [SENDING] Invoice SVT 25-08-0023 to jm_lacandazo@yahoo.com
[2025-08-05 12:15:03] [SUCCESS] Invoice SVT 25-08-0022 sent to rms_admin@tanholdings.com
[2025-08-05 12:14:59] [SENDING] Invoice SVT 25-08-0022 to rms_admin@tanholdings.com
[2025-08-05 12:14:59] [SUCCESS] Invoice SVT 25-08-0021 sent to Julie.litulumar@ihg.com;julzlitulumar@gmail.com
[2025-08-05 12:14:54] [SENDING] Invoice SVT 25-08-0021 to Julie.litulumar@ihg.com, julzlitulumar@gmail.com
[2025-08-05 12:14:53] [SUCCESS] Invoice SVT 25-08-0020 sent to rms_admin@tanholdings.com
[2025-08-05 12:14:48] [SENDING] Invoice SVT 25-08-0020 to rms_admin@tanholdings.com
[2025-08-05 12:14:48] [SUCCESS] Invoice SVT 25-08-0019 sent to portizengi89@hotmail.com
[2025-08-05 12:14:43] [SENDING] Invoice SVT 25-08-0019 to portizengi89@hotmail.com
[2025-08-05 12:14:43] [SUCCESS] Invoice SVT 25-08-0018 sent to rms_admin@tanholdings.com
[2025-08-05 12:14:39] [SENDING] Invoice SVT 25-08-0018 to rms_admin@tanholdings.com
[2025-08-05 12:14:39] [SUCCESS] Invoice SVT 25-08-0017 sent to nites_millo@poiaviation.com
[2025-08-05 12:14:34] [SENDING] Invoice SVT 25-08-0017 to nites_millo@poiaviation.com
[2025-08-05 12:14:34] [SUCCESS] Invoice SVT 25-08-0016 sent to jujolinnea@gmail.com
[2025-08-05 12:14:29] [SENDING] Invoice SVT 25-08-0016 to jujolinnea@gmail.com
[2025-08-05 12:14:28] [SUCCESS] Invoice SVT 25-08-0015 sent to ashleytudela670@gmail.com
[2025-08-05 12:14:23] [SENDING] Invoice SVT 25-08-0015 to ashleytudela670@gmail.com
[2025-08-05 12:14:23] [SUCCESS] Invoice SVT 25-08-0014 sent to annvelasco.rn@gmail.com
[2025-08-05 12:14:18] [SENDING] Invoice SVT 25-08-0014 to annvelasco.rn@gmail.com
[2025-08-05 12:14:18] [SUCCESS] Invoice SVT 25-08-0013 sent to ronald_alcantara@ctsi-logistics.com
[2025-08-05 12:14:13] [SENDING] Invoice SVT 25-08-0013 to ronald_alcantara@ctsi-logistics.com
[2025-08-05 12:14:13] [SUCCESS] Invoice SVT 25-08-0012 sent to reloxlen@yahoo.com
[2025-08-05 12:14:09] [SENDING] Invoice SVT 25-08-0012 to reloxlen@yahoo.com
[2025-08-05 12:14:09] [SUCCESS] Invoice SVT 25-08-0011 sent to acristobalace@gmail.com;angelo_cristobal@tanholdings.com
[2025-08-05 12:14:04] [SENDING] Invoice SVT 25-08-0011 to acristobalace@gmail.com, angelo_cristobal@tanholdings.com
[2025-08-05 12:14:04] [SUCCESS] Invoice SVT 25-08-0010 sent to frozennipple.slg@gmail.com
[2025-08-05 12:13:59] [SENDING] Invoice SVT 25-08-0010 to frozennipple.slg@gmail.com
[2025-08-05 12:13:59] [SUCCESS] Invoice SVT 25-08-0009 sent to spnsza@gmail.com
[2025-08-05 12:13:55] [SENDING] Invoice SVT 25-08-0009 to spnsza@gmail.com
[2025-08-05 12:13:55] [SUCCESS] Invoice SVT 25-08-0008 sent to miles511@gmail.com;nateguerrero93@gmail.com
[2025-08-05 12:13:50] [SENDING] Invoice SVT 25-08-0008 to miles511@gmail.com, nateguerrero93@gmail.com
[2025-08-05 12:13:50] [SUCCESS] Invoice SVT 25-08-0007 sent to ednaruluked@gmail.com
[2025-08-05 12:13:45] [SENDING] Invoice SVT 25-08-0007 to ednaruluked@gmail.com
[2025-08-05 12:13:45] [SUCCESS] Invoice SVT 25-08-0006 sent to mamamoru@gmail.com
[2025-08-05 12:13:40] [SENDING] Invoice SVT 25-08-0006 to mamamoru@gmail.com
[2025-08-05 12:13:40] [SUCCESS] Invoice SVT 25-08-0005 sent to jmatias27@gmail.com
[2025-08-05 12:13:35] [SENDING] Invoice SVT 25-08-0005 to jmatias27@gmail.com
[2025-08-05 12:13:35] [SUCCESS] Invoice SVT 25-08-0004 sent to fpj@startmail.com
[2025-08-05 12:13:29] [SENDING] Invoice SVT 25-08-0004 to fpj@startmail.com
[2025-08-05 12:13:29] [SUCCESS] Invoice SVT 25-08-0003 sent to allsonpaulopepito@ymail.com;angelinevelasco06@yahoo.com
[2025-08-05 12:13:24] [SENDING] Invoice SVT 25-08-0003 to allsonpaulopepito@ymail.com, angelinevelasco06@yahoo.com
[2025-08-05 12:13:24] [SUCCESS] Invoice SVT 25-08-0002 sent to jane.venusnocentelli@yahoo.com
[2025-08-05 12:13:20] [SENDING] Invoice SVT 25-08-0002 to jane.venusnocentelli@yahoo.com
[2025-08-05 12:13:20] [SUCCESS] Invoice SVT 25-08-0001 sent to kevin.calibo94@gmail.com
[2025-08-05 12:13:15] [SENDING] Invoice SVT 25-08-0001 to kevin.calibo94@gmail.com
[2025-08-05 12:13:15] [SUCCESS] Invoice OVT 25-08-0019 sent to villaflor_chris@yahoo.com;christy_villaflor@saipansoccerschool.org
[2025-08-05 12:13:10] [SENDING] Invoice OVT 25-08-0019 to villaflor_chris@yahoo.com, christy_villaflor@saipansoccerschool.org
[2025-08-05 12:13:10] [SUCCESS] Invoice OVT 25-08-0018 sent to elna_curate@tanholdings.com
[2025-08-05 12:13:05] [SENDING] Invoice OVT 25-08-0018 to elna_curate@tanholdings.com
[2025-08-05 12:13:05] [SUCCESS] Invoice OVT 25-08-0017 sent to xinyue725@gmail.com
[2025-08-05 12:13:00] [SENDING] Invoice OVT 25-08-0017 to xinyue725@gmail.com
[2025-08-05 12:13:00] [SUCCESS] Invoice OVT 25-08-0016 sent to waltermacaranas97@gmail.com
[2025-08-05 12:12:55] [SENDING] Invoice OVT 25-08-0016 to waltermacaranas97@gmail.com
[2025-08-05 12:12:55] [SUCCESS] Invoice OVT 25-08-0015 sent to fatimavhizon17@gmail.com
[2025-08-05 12:12:51] [SENDING] Invoice OVT 25-08-0015 to fatimavhizon17@gmail.com
[2025-08-05 12:12:51] [SUCCESS] Invoice OVT 25-08-0014 sent to franco.mendoza@itehq.net
[2025-08-05 12:12:46] [SENDING] Invoice OVT 25-08-0014 to franco.mendoza@itehq.net
[2025-08-05 12:12:46] [SUCCESS] Invoice OVT 25-08-0013 sent to bouchard.brian@gmail.com
[2025-08-05 12:12:41] [SENDING] Invoice OVT 25-08-0013 to bouchard.brian@gmail.com
[2025-08-05 12:12:41] [SUCCESS] Invoice OVT 25-08-0012 sent to 2011824-fin@churchofjesuschrist.org
[2025-08-05 12:12:36] [SENDING] Invoice OVT 25-08-0012 to 2011824-fin@churchofjesuschrist.org
[2025-08-05 12:12:36] [SUCCESS] Invoice OVT 25-08-0011 sent to agila_lax@yahoo.com
[2025-08-05 12:12:31] [SENDING] Invoice OVT 25-08-0011 to agila_lax@yahoo.com
[2025-08-05 12:12:31] [SUCCESS] Invoice OVT 25-08-0010 sent to hannah_santos@tanholdings.com
[2025-08-05 12:12:27] [SENDING] Invoice OVT 25-08-0010 to hannah_santos@tanholdings.com
[2025-08-05 12:12:26] [SUCCESS] Invoice OVT 25-08-0009 sent to hongye27@hotmail.com
[2025-08-05 12:12:22] [SENDING] Invoice OVT 25-08-0009 to hongye27@hotmail.com
[2025-08-05 12:12:22] [SUCCESS] Invoice OVT 25-08-0008 sent to judy_mendieta@tanholdings.com
[2025-08-05 12:12:17] [SENDING] Invoice OVT 25-08-0008 to judy_mendieta@tanholdings.com
[2025-08-05 12:12:17] [SUCCESS] Invoice OVT 25-08-0007 sent to coalsonkodep@gmail.com
[2025-08-05 12:12:12] [SENDING] Invoice OVT 25-08-0007 to coalsonkodep@gmail.com
[2025-08-05 12:12:12] [SUCCESS] Invoice OVT 25-08-0006 sent to jvoacolo@generationrenewableinc.com;apcnmi@micronesiarenewableenergy.com
[2025-08-05 12:12:07] [SENDING] Invoice OVT 25-08-0006 to jvoacolo@generationrenewableinc.com, apcnmi@micronesiarenewableenergy.com
[2025-08-05 12:12:07] [SUCCESS] Invoice OVT 25-08-0005 sent to paulwcamacho@gmail.com
[2025-08-05 12:12:02] [SENDING] Invoice OVT 25-08-0005 to paulwcamacho@gmail.com
[2025-08-05 12:12:02] [SUCCESS] Invoice OVT 25-08-0004 sent to rms_admin@tanholdings.com
[2025-08-05 12:11:56] [SENDING] Invoice OVT 25-08-0004 to rms_admin@tanholdings.com
[2025-08-05 12:11:56] [SUCCESS] Invoice OVT 25-08-0003 sent to r.t.tanzawa@gmail.com;kenryu@pticom.com
[2025-08-05 12:11:52] [SENDING] Invoice OVT 25-08-0003 to r.t.tanzawa@gmail.com, kenryu@pticom.com
[2025-08-05 12:11:52] [SUCCESS] Invoice OVT 25-08-0002 sent to andy.qin@hotmail.com
[2025-08-05 12:11:47] [SENDING] Invoice OVT 25-08-0002 to andy.qin@hotmail.com
[2025-08-05 12:11:47] [SUCCESS] Invoice OVT 25-08-0001 sent to rbiggers@pticom.com
[2025-08-05 12:11:42] [SENDING] Invoice OVT 25-08-0001 to rbiggers@pticom.com
[2025-08-05 12:11:42] [SUCCESS] Invoice OV-GH 25-08-0001 sent to cecil.capacio@ihg.com
[2025-08-05 12:11:37] [SENDING] Invoice OV-GH 25-08-0001 to cecil.capacio@ihg.com
[2025-08-05 12:11:37] [SUCCESS] Invoice LNHSE 25-08-0001 sent to herenuisong@gmail.com
[2025-08-05 12:11:32] [SENDING] Invoice LNHSE 25-08-0001 to herenuisong@gmail.com
[2025-08-05 12:11:32] [SUCCESS] Invoice LNH 25-08-0022 sent to aldrich_delossantos@tanholdings.com
[2025-08-05 12:11:27] [SENDING] Invoice LNH 25-08-0022 to aldrich_delossantos@tanholdings.com
[2025-08-05 12:11:27] [SUCCESS] Invoice LNH 25-08-0021 sent to al_alulod@yahoo.com
[2025-08-05 12:11:22] [SENDING] Invoice LNH 25-08-0021 to al_alulod@yahoo.com
[2025-08-05 12:11:22] [SUCCESS] Invoice LNH 25-08-0020 sent to ebreocleo@gmail.com
[2025-08-05 12:11:17] [SENDING] Invoice LNH 25-08-0020 to ebreocleo@gmail.com
[2025-08-05 12:11:17] [SUCCESS] Invoice LNH 25-08-0019 sent to bernardolen@yahoo.com
[2025-08-05 12:11:09] [SENDING] Invoice LNH 25-08-0019 to bernardolen@yahoo.com
[2025-08-05 12:11:09] [SUCCESS] Invoice LNH 25-08-0018 sent to tinabpalacios@gmail.com
[2025-08-05 12:11:04] [SENDING] Invoice LNH 25-08-0018 to tinabpalacios@gmail.com
[2025-08-05 12:11:04] [SUCCESS] Invoice LNH 25-08-0017 sent to julietagathamendoza@yahoo.com
[2025-08-05 12:10:59] [SENDING] Invoice LNH 25-08-0017 to julietagathamendoza@yahoo.com
[2025-08-05 12:10:59] [SUCCESS] Invoice LNH 25-08-0016 sent to arboleda.arnold1970@gmail.com
[2025-08-05 12:10:54] [SENDING] Invoice LNH 25-08-0016 to arboleda.arnold1970@gmail.com
[2025-08-05 12:10:54] [SUCCESS] Invoice LNH 25-08-0015 sent to rosalie_mangulabnan@saipantribune.com
[2025-08-05 12:10:50] [SENDING] Invoice LNH 25-08-0015 to rosalie_mangulabnan@saipantribune.com
[2025-08-05 12:10:50] [SUCCESS] Invoice LNH 25-08-0014 sent to rms_admin@tanholdings.com
[2025-08-05 12:10:45] [SENDING] Invoice LNH 25-08-0014 to rms_admin@tanholdings.com
[2025-08-05 12:10:44] [SUCCESS] Invoice LNH 25-08-0013 sent to lbautista@mbinmi.com
[2025-08-05 12:10:40] [SENDING] Invoice LNH 25-08-0013 to lbautista@mbinmi.com
[2025-08-05 12:10:40] [SUCCESS] Invoice LNH 25-08-0012 sent to obriosos@aol.com
[2025-08-05 12:10:35] [SENDING] Invoice LNH 25-08-0012 to obriosos@aol.com
[2025-08-05 12:10:35] [SUCCESS] Invoice LNH 25-08-0011 sent to bea_aspe@yahoo.com
[2025-08-05 12:10:30] [SENDING] Invoice LNH 25-08-0011 to bea_aspe@yahoo.com
[2025-08-05 12:10:30] [SUCCESS] Invoice LNH 25-08-0010 sent to phadz23@yahoo.com
[2025-08-05 12:10:26] [SENDING] Invoice LNH 25-08-0010 to phadz23@yahoo.com
[2025-08-05 12:10:26] [SUCCESS] Invoice LNH 25-08-0009 sent to rms_admin@tanholdings.com
[2025-08-05 12:10:21] [SENDING] Invoice LNH 25-08-0009 to rms_admin@tanholdings.com
[2025-08-05 12:10:21] [SUCCESS] Invoice LNH 25-08-0008 sent to dqsadmin2@dandq-international.com
[2025-08-05 12:10:16] [SENDING] Invoice LNH 25-08-0008 to dqsadmin2@dandq-international.com
[2025-08-05 12:10:16] [SUCCESS] Invoice LNH 25-08-0007 sent to Mark_Rabago@saipantribune.com
[2025-08-05 12:10:11] [SENDING] Invoice LNH 25-08-0007 to Mark_Rabago@saipantribune.com
[2025-08-05 12:10:11] [SUCCESS] Invoice LNH 25-08-0006 sent to cora_samson@ctsi-logistics.com
[2025-08-05 12:10:06] [SENDING] Invoice LNH 25-08-0006 to cora_samson@ctsi-logistics.com
[2025-08-05 12:10:06] [SUCCESS] Invoice LNH 25-08-0005 sent to ariesamae@yahoo.com
[2025-08-05 12:10:01] [SENDING] Invoice LNH 25-08-0005 to ariesamae@yahoo.com
[2025-08-05 12:10:01] [SUCCESS] Invoice LNH 25-08-0004 sent to rms_admin@tanholdings.com
[2025-08-05 12:09:56] [SENDING] Invoice LNH 25-08-0004 to rms_admin@tanholdings.com
[2025-08-05 12:09:56] [SUCCESS] Invoice LNH 25-08-0003 sent to mikaaserranoo@gmail.com
[2025-08-05 12:09:51] [SENDING] Invoice LNH 25-08-0003 to mikaaserranoo@gmail.com
[2025-08-05 12:09:51] [SUCCESS] Invoice LNH 25-08-0002 sent to edgar_garcia@ctsi-logistics.com
[2025-08-05 12:09:46] [SENDING] Invoice LNH 25-08-0002 to edgar_garcia@ctsi-logistics.com
[2025-08-05 12:09:46] [SUCCESS] Invoice LNH 25-08-0001 sent to rms_admin@tanholdings.com
[2025-08-05 12:09:41] [SENDING] Invoice LNH 25-08-0001 to rms_admin@tanholdings.com
[2025-08-05 12:09:41] [SUCCESS] Invoice LB 2 25-08-0002 sent to dqsadmin2@dandq-international.com
[2025-08-05 12:09:37] [SENDING] Invoice LB 2 25-08-0002 to dqsadmin2@dandq-international.com
[2025-08-05 12:09:37] [SUCCESS] Invoice LB 2 25-08-0001 sent to cora_samson@ctsi-logistics.com
[2025-08-05 12:09:32] [SENDING] Invoice LB 2 25-08-0001 to cora_samson@ctsi-logistics.com
[2025-08-05 12:09:31] [SUCCESS] Invoice LB 1 25-08-0006 sent to cecillecamama@gmail.com;luisacdalas@gmail.com
[2025-08-05 12:09:27] [SENDING] Invoice LB 1 25-08-0006 to cecillecamama@gmail.com, luisacdalas@gmail.com
[2025-08-05 12:09:27] [SUCCESS] Invoice LB 1 25-08-0005 sent to jo_anne.hernandez@medpharmusa.net
[2025-08-05 12:09:22] [SENDING] Invoice LB 1 25-08-0005 to jo_anne.hernandez@medpharmusa.net
[2025-08-05 12:09:22] [SUCCESS] Invoice LB 1 25-08-0004 sent to mellany.regaton@saipan.travel;tyrone.villegas@saipan.travel
[2025-08-05 12:09:17] [SENDING] Invoice LB 1 25-08-0004 to mellany.regaton@saipan.travel, tyrone.villegas@saipan.travel
[2025-08-05 12:09:17] [SUCCESS] Invoice LB 1 25-08-0003 sent to dongasaipan@gmail.com
[2025-08-05 12:09:12] [SENDING] Invoice LB 1 25-08-0003 to dongasaipan@gmail.com
[2025-08-05 12:09:12] [SUCCESS] Invoice LB 1 25-08-0002 sent to tvoacolo@generationrenewableinc.com;apcnmi@micronesiarenewableenergy.com
[2025-08-05 12:09:08] [SENDING] Invoice LB 1 25-08-0002 to tvoacolo@generationrenewableinc.com, apcnmi@micronesiarenewableenergy.com
[2025-08-05 12:09:07] [SUCCESS] Invoice LB 1 25-08-0001 sent to AP@hawthornecat.com;mtutanes@hawthornecat.com
[2025-08-05 12:09:03] [SENDING] Invoice LB 1 25-08-0001 to AP@hawthornecat.com, mtutanes@hawthornecat.com
[2025-08-05 12:09:03] [SUCCESS] Invoice JPCOF 25-08-0001 sent to rene_cariazo@centuryinsurancegroup.net
[2025-08-05 12:08:58] [SENDING] Invoice JPCOF 25-08-0001 to rene_cariazo@centuryinsurancegroup.net
[2025-08-05 12:08:58] [SUCCESS] Invoice JPC 25-08-0012 sent to nimfa_tan@tanholdings.com
[2025-08-05 12:08:53] [SENDING] Invoice JPC 25-08-0012 to nimfa_tan@tanholdings.com
[2025-08-05 12:08:53] [SUCCESS] Invoice JPC 25-08-0011 sent to teddy_orbeta@centuryinsurancegroup.net
[2025-08-05 12:08:48] [SENDING] Invoice JPC 25-08-0011 to teddy_orbeta@centuryinsurancegroup.net
[2025-08-05 12:08:48] [SUCCESS] Invoice JPC 25-08-0010 sent to ross_garcia@saipantribune.com
[2025-08-05 12:08:43] [SENDING] Invoice JPC 25-08-0010 to ross_garcia@saipantribune.com
[2025-08-05 12:08:43] [SUCCESS] Invoice JPC 25-08-0009 sent to rms_admin@tanholdings.com
[2025-08-05 12:08:38] [SENDING] Invoice JPC 25-08-0009 to rms_admin@tanholdings.com
[2025-08-05 12:08:38] [SUCCESS] Invoice JPC 25-08-0008 sent to merlie_tolentino@tanholdings.com
[2025-08-05 12:08:34] [SENDING] Invoice JPC 25-08-0008 to merlie_tolentino@tanholdings.com
[2025-08-05 12:08:34] [SUCCESS] Invoice JPC 25-08-0007 sent to obet_aguilar@saipantribune.com
[2025-08-05 12:08:29] [SENDING] Invoice JPC 25-08-0007 to obet_aguilar@saipantribune.com
[2025-08-05 12:08:29] [SUCCESS] Invoice JPC 25-08-0006 sent to teddy_orbeta@centuryinsurancegroup.net
[2025-08-05 12:08:24] [SENDING] Invoice JPC 25-08-0006 to teddy_orbeta@centuryinsurancegroup.net
[2025-08-05 12:08:24] [SUCCESS] Invoice JPC 25-08-0005 sent to ariel_mariano@tanholdings.com
[2025-08-05 12:08:19] [SENDING] Invoice JPC 25-08-0005 to ariel_mariano@tanholdings.com
[2025-08-05 12:08:19] [SUCCESS] Invoice JPC 25-08-0004 sent to csr_0312@yahoo.com
[2025-08-05 12:08:14] [SENDING] Invoice JPC 25-08-0004 to csr_0312@yahoo.com
[2025-08-05 12:08:14] [SUCCESS] Invoice JPC 25-08-0003 sent to gol_corpuz@centuryinsurancegroup.net
[2025-08-05 12:08:09] [SENDING] Invoice JPC 25-08-0003 to gol_corpuz@centuryinsurancegroup.net
[2025-08-05 12:08:09] [SUCCESS] Invoice JPC 25-08-0002 sent to lunie_reliquias@centuryinsurancegroup.net
[2025-08-05 12:08:03] [SENDING] Invoice JPC 25-08-0002 to lunie_reliquias@centuryinsurancegroup.net
[2025-08-05 12:08:03] [SUCCESS] Invoice JPC 25-08-0001 sent to ms.kyraadvincula@gmail.com;just.lexie.xxii@gmail.com
[2025-08-05 12:07:57] [SENDING] Invoice JPC 25-08-0001 to ms.kyraadvincula@gmail.com, just.lexie.xxii@gmail.com
[2025-08-05 12:07:57] [SUCCESS] Invoice GL 1 25-08-0008 sent to christy_villaflor@saipansoccerschool.org
[2025-08-05 12:07:52] [SENDING] Invoice GL 1 25-08-0008 to christy_villaflor@saipansoccerschool.org
[2025-08-05 12:07:52] [SUCCESS] Invoice GL 1 25-08-0007 sent to merlie_tolentino@tanholdings.com
[2025-08-05 12:07:47] [SENDING] Invoice GL 1 25-08-0007 to merlie_tolentino@tanholdings.com
[2025-08-05 12:07:47] [SUCCESS] Invoice GL 1 25-08-0006 sent to abigailnoble21@gmail.com
[2025-08-05 12:07:43] [SENDING] Invoice GL 1 25-08-0006 to abigailnoble21@gmail.com
[2025-08-05 12:07:43] [SUCCESS] Invoice GL 1 25-08-0005 sent to jo_anne.hernandez@medpharmusa.net
[2025-08-05 12:07:38] [SENDING] Invoice GL 1 25-08-0005 to jo_anne.hernandez@medpharmusa.net
[2025-08-05 12:07:38] [SUCCESS] Invoice GL 1 25-08-0004 sent to kim.shirley1958@yahoo.com;christy_villaflor@saipansoccerschool.org
[2025-08-05 12:07:33] [SENDING] Invoice GL 1 25-08-0004 to kim.shirley1958@yahoo.com, christy_villaflor@saipansoccerschool.org
[2025-08-05 12:07:33] [NOTICE] Invoice GL 1 25-08-0004 Raw email partially sanitized. Original [kim.shirley1958@yahoo.com; christy_villaflor@saipansoccerschool.org]  Sanitized [kim.shirley1958@yahoo.com; christy_villaflor@saipansoccerschool.org]
[2025-08-05 12:07:33] [SUCCESS] Invoice GL 1 25-08-0003 sent to kesysp2022@gmail.com
[2025-08-05 12:07:28] [SENDING] Invoice GL 1 25-08-0003 to kesysp2022@gmail.com
[2025-08-05 12:07:27] [SUCCESS] Invoice GL 1 25-08-0002 sent to cg@luenfungspn.com
[2025-08-05 12:07:22] [SENDING] Invoice GL 1 25-08-0002 to cg@luenfungspn.com
[2025-08-05 12:07:22] [SUCCESS] Invoice GL 1 25-08-0001 sent to juancho_salcedo@yaongcorp.com
[2025-08-05 12:07:18] [SENDING] Invoice GL 1 25-08-0001 to juancho_salcedo@yaongcorp.com
[2025-08-05 12:07:18] [SUCCESS] Invoice GC B 25-08-0017 sent to rms_admin@tanholdings.com
[2025-08-05 12:07:13] [SENDING] Invoice GC B 25-08-0017 to rms_admin@tanholdings.com
[2025-08-05 12:07:13] [SUCCESS] Invoice GC B 25-08-0016 sent to rms_admin@tanholdings.com
[2025-08-05 12:07:08] [SENDING] Invoice GC B 25-08-0016 to rms_admin@tanholdings.com
[2025-08-05 12:07:08] [SUCCESS] Invoice GC B 25-08-0015 sent to rms_admin@tanholdings.com
[2025-08-05 12:07:03] [SENDING] Invoice GC B 25-08-0015 to rms_admin@tanholdings.com
[2025-08-05 12:07:02] [SUCCESS] Invoice GC B 25-08-0014 sent to mannycalilap@gmail.com;mannycalilap@yahoo.com
[2025-08-05 12:06:57] [SENDING] Invoice GC B 25-08-0014 to mannycalilap@gmail.com, mannycalilap@yahoo.com
[2025-08-05 12:06:57] [SUCCESS] Invoice GC B 25-08-0013 sent to ynionjeannaclaire@gmail.com
[2025-08-05 12:06:52] [SENDING] Invoice GC B 25-08-0013 to ynionjeannaclaire@gmail.com
[2025-08-05 12:06:52] [SUCCESS] Invoice GC B 25-08-0012 sent to rms_admin@tanholdings.com
[2025-08-05 12:06:47] [SENDING] Invoice GC B 25-08-0012 to rms_admin@tanholdings.com
[2025-08-05 12:06:47] [SUCCESS] Invoice GC B 25-08-0011 sent to JOSHLENE_AERIELLE08@YAHOO.COM;ANTHONYLEE.BORJA@GMAIL.COM
[2025-08-05 12:06:42] [SENDING] Invoice GC B 25-08-0011 to JOSHLENE_AERIELLE08@YAHOO.COM, ANTHONYLEE.BORJA@GMAIL.COM
[2025-08-05 12:06:42] [SUCCESS] Invoice GC B 25-08-0010 sent to branaguigui212@gmail.com
[2025-08-05 12:06:36] [SENDING] Invoice GC B 25-08-0010 to branaguigui212@gmail.com
[2025-08-05 12:06:36] [SUCCESS] Invoice GC B 25-08-0008 sent to rms_admin@tanholdings.com
[2025-08-05 12:06:31] [SENDING] Invoice GC B 25-08-0008 to rms_admin@tanholdings.com
[2025-08-05 12:06:31] [SUCCESS] Invoice GC B 25-08-0007 sent to haida2102@163.com
[2025-08-05 12:06:25] [SENDING] Invoice GC B 25-08-0007 to haida2102@163.com
[2025-08-05 12:06:25] [SUCCESS] Invoice GC B 25-08-0006 sent to rms_admin@tanholdings.com
[2025-08-05 12:06:21] [SENDING] Invoice GC B 25-08-0006 to rms_admin@tanholdings.com
[2025-08-05 12:06:21] [SUCCESS] Invoice GC B 25-08-0005 sent to eefraginal@gmail.com
[2025-08-05 12:06:15] [SENDING] Invoice GC B 25-08-0005 to eefraginal@gmail.com
[2025-08-05 12:06:15] [SUCCESS] Invoice GC B 25-08-0004 sent to marjuntagle@gmail.com
[2025-08-05 12:06:11] [SENDING] Invoice GC B 25-08-0004 to marjuntagle@gmail.com
[2025-08-05 12:06:10] [SUCCESS] Invoice GC B 25-08-0003 sent to cyndeegmt@gmail.com
[2025-08-05 12:06:05] [SENDING] Invoice GC B 25-08-0003 to cyndeegmt@gmail.com
[2025-08-05 12:06:05] [SUCCESS] Invoice GC B 25-08-0002 sent to rosellevanessalorejo@gmail.com
[2025-08-05 12:06:00] [SENDING] Invoice GC B 25-08-0002 to rosellevanessalorejo@gmail.com
[2025-08-05 12:06:00] [SUCCESS] Invoice GC B 25-08-0001 sent to jba_3864@yahoo.com
[2025-08-05 12:05:54] [SENDING] Invoice GC B 25-08-0001 to jba_3864@yahoo.com
[2025-08-05 12:05:54] [SUCCESS] Invoice GC A 25-08-0019 sent to villarosa.joselito1963@gmail.com
[2025-08-05 12:05:50] [SENDING] Invoice GC A 25-08-0019 to villarosa.joselito1963@gmail.com
[2025-08-05 12:05:50] [SUCCESS] Invoice GC A 25-08-0018 sent to KENNETHJBUSCAGAN@GMAIL.COM
[2025-08-05 12:05:45] [SENDING] Invoice GC A 25-08-0018 to KENNETHJBUSCAGAN@GMAIL.COM
[2025-08-05 12:05:44] [SUCCESS] Invoice GC A 25-08-0016 sent to azuela.diego@yahoo.com
[2025-08-05 12:05:40] [SENDING] Invoice GC A 25-08-0016 to azuela.diego@yahoo.com
[2025-08-05 12:05:40] [SUCCESS] Invoice GC A 25-08-0015 sent to rms_admin@tanholdings.com
[2025-08-05 12:05:35] [SENDING] Invoice GC A 25-08-0015 to rms_admin@tanholdings.com
[2025-08-05 12:05:35] [SUCCESS] Invoice GC A 25-08-0014 sent to ydenerazzo@gmail.com;elaydalordenale@gmail.com
[2025-08-05 12:05:30] [SENDING] Invoice GC A 25-08-0014 to ydenerazzo@gmail.com, elaydalordenale@gmail.com
[2025-08-05 12:05:30] [SUCCESS] Invoice GC A 25-08-0013 sent to rms_admin@tanholdings.com
[2025-08-05 12:05:25] [SENDING] Invoice GC A 25-08-0013 to rms_admin@tanholdings.com
[2025-08-05 12:05:25] [SUCCESS] Invoice GC A 25-08-0012 sent to ciaracamillecs@gmail.com
[2025-08-05 12:05:20] [SENDING] Invoice GC A 25-08-0012 to ciaracamillecs@gmail.com
[2025-08-05 12:05:20] [SUCCESS] Invoice GC A 25-08-0011 sent to eduardopabico@gmail.com
[2025-08-05 12:05:15] [SENDING] Invoice GC A 25-08-0011 to eduardopabico@gmail.com
[2025-08-05 12:05:15] [SUCCESS] Invoice GC A 25-08-0010 sent to bethjaneo60@gmail.com
[2025-08-05 12:05:10] [SENDING] Invoice GC A 25-08-0010 to bethjaneo60@gmail.com
[2025-08-05 12:05:10] [SUCCESS] Invoice GC A 25-08-0009 sent to jovyamita@yahoo.com;amitajovy@gmail.com
[2025-08-05 12:05:05] [SENDING] Invoice GC A 25-08-0009 to jovyamita@yahoo.com, amitajovy@gmail.com
[2025-08-05 12:05:05] [SUCCESS] Invoice GC A 25-08-0008 sent to coronejoh@yahoo.com
[2025-08-05 12:05:00] [SENDING] Invoice GC A 25-08-0008 to coronejoh@yahoo.com
[2025-08-05 12:05:00] [SUCCESS] Invoice GC A 25-08-0007 sent to rms_admin@tanholdings.com
[2025-08-05 12:04:55] [SENDING] Invoice GC A 25-08-0007 to rms_admin@tanholdings.com
[2025-08-05 12:04:55] [SUCCESS] Invoice GC A 25-08-0006 sent to tinianapatron627w@gmail.com
[2025-08-05 12:04:50] [SENDING] Invoice GC A 25-08-0006 to tinianapatron627w@gmail.com
[2025-08-05 12:04:50] [SUCCESS] Invoice GC A 25-08-0005 sent to reyeswynna63@gmail.com
[2025-08-05 12:04:45] [SENDING] Invoice GC A 25-08-0005 to reyeswynna63@gmail.com
[2025-08-05 12:04:45] [SUCCESS] Invoice GC A 25-08-0004 sent to andreskeo@hotmail.com
[2025-08-05 12:04:40] [SENDING] Invoice GC A 25-08-0004 to andreskeo@hotmail.com
[2025-08-05 12:04:40] [SUCCESS] Invoice GC A 25-08-0003 sent to tinianapatron627w@gmail.com
[2025-08-05 12:04:35] [SENDING] Invoice GC A 25-08-0003 to tinianapatron627w@gmail.com
[2025-08-05 12:04:35] [SUCCESS] Invoice GC A 25-08-0001 sent to rms_admin@tanholdings.com
[2025-08-05 12:04:30] [SENDING] Invoice GC A 25-08-0001 to rms_admin@tanholdings.com
[2025-08-05 12:04:30] [SUCCESS] Invoice FT D 25-08-0028 sent to redjewel0329@gmail.com
[2025-08-05 12:04:24] [SENDING] Invoice FT D 25-08-0028 to redjewel0329@gmail.com
[2025-08-05 12:04:24] [SUCCESS] Invoice FT D 25-08-0027 sent to ferdinand_santos@tanholdings.com
[2025-08-05 12:04:19] [SENDING] Invoice FT D 25-08-0027 to ferdinand_santos@tanholdings.com
[2025-08-05 12:04:19] [SUCCESS] Invoice FT D 25-08-0026 sent to paulynn_joyce@tanholdings.com
[2025-08-05 12:04:14] [SENDING] Invoice FT D 25-08-0026 to paulynn_joyce@tanholdings.com
[2025-08-05 12:04:14] [SUCCESS] Invoice FT D 25-08-0025 sent to steph.sablan@gmail.com
[2025-08-05 12:04:09] [SENDING] Invoice FT D 25-08-0025 to steph.sablan@gmail.com
[2025-08-05 12:04:09] [SUCCESS] Invoice FT D 25-08-0024 sent to lent.vergara@gmail.com
[2025-08-05 12:04:05] [SENDING] Invoice FT D 25-08-0024 to lent.vergara@gmail.com
[2025-08-05 12:04:04] [SUCCESS] Invoice FT D 25-08-0023 sent to knkleiner2492@gmail.com
[2025-08-05 12:04:00] [SENDING] Invoice FT D 25-08-0023 to knkleiner2492@gmail.com
[2025-08-05 12:04:00] [SUCCESS] Invoice FT D 25-08-0022 sent to kglspn@pticom.com
[2025-08-05 12:03:55] [SENDING] Invoice FT D 25-08-0022 to kglspn@pticom.com
[2025-08-05 12:03:55] [SUCCESS] Invoice FT D 25-08-0021 sent to jhun22ocampo@gmail.com
[2025-08-05 12:03:50] [SENDING] Invoice FT D 25-08-0021 to jhun22ocampo@gmail.com
[2025-08-05 12:03:50] [SUCCESS] Invoice FT D 25-08-0020 sent to backinthe.ussr@outlook.com
[2025-08-05 12:03:43] [SENDING] Invoice FT D 25-08-0020 to backinthe.ussr@outlook.com
[2025-08-05 12:03:43] [SUCCESS] Invoice FT D 25-08-0019 sent to Mellany.regaton@saipan.travel
[2025-08-05 12:03:38] [SENDING] Invoice FT D 25-08-0019 to Mellany.regaton@saipan.travel
[2025-08-05 12:03:38] [SUCCESS] Invoice FT D 25-08-0018 sent to saimalitinian@gmail.com;jomarspookyvibes@gmail.com
[2025-08-05 12:03:32] [SENDING] Invoice FT D 25-08-0018 to saimalitinian@gmail.com, jomarspookyvibes@gmail.com
[2025-08-05 12:03:32] [SUCCESS] Invoice FT D 25-08-0017 sent to STEPHANIETUDELA25@GMAIL.COM;ALEXANDERATUDELA@GMAIL.COM
[2025-08-05 12:03:27] [SENDING] Invoice FT D 25-08-0017 to STEPHANIETUDELA25@GMAIL.COM, ALEXANDERATUDELA@GMAIL.COM
[2025-08-05 12:03:27] [SUCCESS] Invoice FT D 25-08-0016 sent to rms_admin@tanholdings.com
[2025-08-05 12:03:21] [SENDING] Invoice FT D 25-08-0016 to rms_admin@tanholdings.com
[2025-08-05 12:03:21] [SUCCESS] Invoice FT D 25-08-0015 sent to lord1.go2@gmail.com
[2025-08-05 12:03:17] [SENDING] Invoice FT D 25-08-0015 to lord1.go2@gmail.com
[2025-08-05 12:03:17] [SUCCESS] Invoice FT D 25-08-0014 sent to MSDUENAS91@GMAIL.COM
[2025-08-05 12:03:12] [SENDING] Invoice FT D 25-08-0014 to MSDUENAS91@GMAIL.COM
[2025-08-05 12:03:12] [SUCCESS] Invoice FT D 25-08-0013 sent to malou_fernando@shirleyscoffeeshopsaipan.com
[2025-08-05 12:03:06] [SENDING] Invoice FT D 25-08-0013 to malou_fernando@shirleyscoffeeshopsaipan.com
[2025-08-05 12:03:06] [SUCCESS] Invoice FT D 25-08-0012 sent to garry_1205@yahoo.com
[2025-08-05 12:03:00] [SENDING] Invoice FT D 25-08-0012 to garry_1205@yahoo.com
[2025-08-05 12:03:00] [SUCCESS] Invoice FT D 25-08-0011 sent to john_canape@saipansoccerschool.org
[2025-08-05 12:02:53] [SENDING] Invoice FT D 25-08-0011 to john_canape@saipansoccerschool.org
[2025-08-05 12:02:53] [SUCCESS] Invoice FT D 25-08-0010 sent to ferdinand_santos@tanholdings.com
[2025-08-05 12:02:48] [SENDING] Invoice FT D 25-08-0010 to ferdinand_santos@tanholdings.com
[2025-08-05 12:02:48] [SUCCESS] Invoice FT D 25-08-0009 sent to chelsea.yangirelfil@gmail.com;chelsea.yangirelfil@cnmipss.org
[2025-08-05 12:02:43] [SENDING] Invoice FT D 25-08-0009 to chelsea.yangirelfil@gmail.com, chelsea.yangirelfil@cnmipss.org
[2025-08-05 12:02:43] [SUCCESS] Invoice FT D 25-08-0008 sent to aldanclarinda@gmal.com
[2025-08-05 12:02:33] [SENDING] Invoice FT D 25-08-0008 to aldanclarinda@gmal.com
[2025-08-05 12:02:33] [SUCCESS] Invoice FT D 25-08-0007 sent to rms_admin@tanholdings.com
[2025-08-05 12:02:27] [SENDING] Invoice FT D 25-08-0007 to rms_admin@tanholdings.com
[2025-08-05 12:02:27] [SUCCESS] Invoice FT D 25-08-0006 sent to ryanlizama09@gmail.com
[2025-08-05 12:02:23] [SENDING] Invoice FT D 25-08-0006 to ryanlizama09@gmail.com
[2025-08-05 12:02:23] [SUCCESS] Invoice FT D 25-08-0005 sent to matlhobet0423@yahoo.com
[2025-08-05 12:02:18] [SENDING] Invoice FT D 25-08-0005 to matlhobet0423@yahoo.com
[2025-08-05 12:02:18] [SUCCESS] Invoice FT D 25-08-0004 sent to rms_admin@tanholdings.com
[2025-08-05 12:02:13] [SENDING] Invoice FT D 25-08-0004 to rms_admin@tanholdings.com
[2025-08-05 12:02:13] [SUCCESS] Invoice FT D 25-08-0003 sent to keneth_codog@tanholdings.com
[2025-08-05 12:02:06] [SENDING] Invoice FT D 25-08-0003 to keneth_codog@tanholdings.com
[2025-08-05 12:02:06] [SUCCESS] Invoice FT D 25-08-0002 sent to rms_admin@tanholdings.com
[2025-08-05 12:02:01] [SENDING] Invoice FT D 25-08-0002 to rms_admin@tanholdings.com
[2025-08-05 12:02:01] [SUCCESS] Invoice FT D 25-08-0001 sent to rms_admin@tanholdings.com
[2025-08-05 12:01:56] [SENDING] Invoice FT D 25-08-0001 to rms_admin@tanholdings.com
[2025-08-05 12:01:56] [SUCCESS] Invoice FT C 25-08-0034 sent to rms_admin@tanholdings.com
[2025-08-05 12:01:51] [SENDING] Invoice FT C 25-08-0034 to rms_admin@tanholdings.com
[2025-08-05 12:01:51] [SUCCESS] Invoice FT C 25-08-0033 sent to sherrainespn@gmail.com
[2025-08-05 12:01:47] [SENDING] Invoice FT C 25-08-0033 to sherrainespn@gmail.com
[2025-08-05 12:01:47] [SUCCESS] Invoice FT C 25-08-0032 sent to CHRISTINESOFIAHAYAG23@GMAIL.COM;christine_hayag@saipantribune.com
[2025-08-05 12:01:40] [SENDING] Invoice FT C 25-08-0032 to CHRISTINESOFIAHAYAG23@GMAIL.COM, christine_hayag@saipantribune.com
[2025-08-05 12:01:40] [SUCCESS] Invoice FT C 25-08-0031 sent to rms_admin@tanholdings.com
[2025-08-05 12:01:35] [SENDING] Invoice FT C 25-08-0031 to rms_admin@tanholdings.com
[2025-08-05 12:01:35] [SUCCESS] Invoice FT C 25-08-0030 sent to maritesh98@gmail.com
[2025-08-05 12:01:30] [SENDING] Invoice FT C 25-08-0030 to maritesh98@gmail.com
[2025-08-05 12:01:30] [SUCCESS] Invoice FT C 25-08-0029 sent to donna_paleracio@yahoo.com;johnrizo0104@gmail.com
[2025-08-05 12:01:25] [SENDING] Invoice FT C 25-08-0029 to donna_paleracio@yahoo.com, johnrizo0104@gmail.com
[2025-08-05 12:01:25] [SUCCESS] Invoice FT C 25-08-0028 sent to ong.axl13@gmail.com
[2025-08-05 12:01:19] [SENDING] Invoice FT C 25-08-0028 to ong.axl13@gmail.com
[2025-08-05 12:01:18] [SUCCESS] Invoice FT C 25-08-0027 sent to JOYCESALGADO20@GMAIL.COM;MONETTE.G.RAMOS@GU.EY.COM
[2025-08-05 12:01:13] [SENDING] Invoice FT C 25-08-0027 to JOYCESALGADO20@GMAIL.COM, MONETTE.G.RAMOS@GU.EY.COM
[2025-08-05 12:01:13] [SUCCESS] Invoice FT C 25-08-0026 sent to duncan.laxa@my.marianas.edu
[2025-08-05 12:01:08] [SENDING] Invoice FT C 25-08-0026 to duncan.laxa@my.marianas.edu
[2025-08-05 12:01:08] [SUCCESS] Invoice FT C 25-08-0025 sent to ROSE_GOOGDAD@SAIPANTRIBUNE.COM;ROSEGOOGDAD@GMAIL.COM
[2025-08-05 12:01:03] [SENDING] Invoice FT C 25-08-0025 to ROSE_GOOGDAD@SAIPANTRIBUNE.COM, ROSEGOOGDAD@GMAIL.COM
[2025-08-05 12:01:03] [SUCCESS] Invoice FT C 25-08-0024 sent to leungrafaeltagle@gmail.com
[2025-08-05 12:00:58] [SENDING] Invoice FT C 25-08-0024 to leungrafaeltagle@gmail.com
[2025-08-05 12:00:58] [SUCCESS] Invoice FT C 25-08-0023 sent to rong_queen@yahoo.com
[2025-08-05 12:00:51] [SENDING] Invoice FT C 25-08-0023 to rong_queen@yahoo.com
[2025-08-05 12:00:50] [SUCCESS] Invoice FT C 25-08-0021 sent to bomaratita008@gmail.com
[2025-08-05 12:00:45] [SENDING] Invoice FT C 25-08-0021 to bomaratita008@gmail.com
[2025-08-05 12:00:45] [SUCCESS] Invoice FT C 25-08-0020 sent to yna572@yahoo.com
[2025-08-05 12:00:39] [SENDING] Invoice FT C 25-08-0020 to yna572@yahoo.com
[2025-08-05 12:00:39] [SUCCESS] Invoice FT C 25-08-0019 sent to fguchol@gmail.com
[2025-08-05 12:00:34] [SENDING] Invoice FT C 25-08-0019 to fguchol@gmail.com
[2025-08-05 12:00:34] [SUCCESS] Invoice FT C 25-08-0018 sent to grace.naputi@gmail.com
[2025-08-05 12:00:28] [SENDING] Invoice FT C 25-08-0018 to grace.naputi@gmail.com
[2025-08-05 12:00:28] [SUCCESS] Invoice FT C 25-08-0017 sent to mccord.pearl1296@gmail.com
[2025-08-05 12:00:23] [SENDING] Invoice FT C 25-08-0017 to mccord.pearl1296@gmail.com
[2025-08-05 12:00:23] [SUCCESS] Invoice FT C 25-08-0016 sent to bolivar0061@yahoo.com
[2025-08-05 12:00:18] [SENDING] Invoice FT C 25-08-0016 to bolivar0061@yahoo.com
[2025-08-05 12:00:18] [SUCCESS] Invoice FT C 25-08-0015 sent to cyndie202@yahoo.com
[2025-08-05 12:00:13] [SENDING] Invoice FT C 25-08-0015 to cyndie202@yahoo.com
[2025-08-05 12:00:13] [SUCCESS] Invoice FT C 25-08-0014 sent to annadionisio1994@gmail.com;aldzbrych@gmail.com;maryanna.dionisio@yahoo.com
[2025-08-05 12:00:07] [SENDING] Invoice FT C 25-08-0014 to annadionisio1994@gmail.com, aldzbrych@gmail.com, maryanna.dionisio@yahoo.com
[2025-08-05 12:00:07] [NOTICE] Invoice FT C 25-08-0014 Raw email partially sanitized. Original [annadionisio1994@gmail.com ; aldzbrych@gmail.com;maryanna.dionisio@yahoo.com]  Sanitized [annadionisio1994@gmail.com; aldzbrych@gmail.com; maryanna.dionisio@yahoo.com]
[2025-08-05 12:00:07] [SUCCESS] Invoice FT C 25-08-0013 sent to argie_buensalido@ctsi-logistics.com
[2025-08-05 12:00:02] [SENDING] Invoice FT C 25-08-0013 to argie_buensalido@ctsi-logistics.com
[2025-08-05 12:00:02] [SUCCESS] Invoice FT C 25-08-0012 sent to mary.hocog@gmail.com;geraldcrisostomo99@gmail.com
[2025-08-05 11:59:57] [SENDING] Invoice FT C 25-08-0012 to mary.hocog@gmail.com, geraldcrisostomo99@gmail.com
[2025-08-05 11:59:57] [SUCCESS] Invoice FT C 25-08-0011 sent to benrcruz@gmail.com
[2025-08-05 11:59:52] [SENDING] Invoice FT C 25-08-0011 to benrcruz@gmail.com
[2025-08-05 11:59:52] [SUCCESS] Invoice FT C 25-08-0010 sent to ivy.estores@gmail.com
[2025-08-05 11:59:46] [SENDING] Invoice FT C 25-08-0010 to ivy.estores@gmail.com
[2025-08-05 11:59:46] [SUCCESS] Invoice FT C 25-08-0009 sent to collin_apilado@yahoo.com
[2025-08-05 11:59:41] [SENDING] Invoice FT C 25-08-0009 to collin_apilado@yahoo.com
[2025-08-05 11:59:41] [SUCCESS] Invoice FT C 25-08-0008 sent to jhoy01301991@gmail.com
[2025-08-05 11:59:36] [SENDING] Invoice FT C 25-08-0008 to jhoy01301991@gmail.com
[2025-08-05 11:59:36] [SUCCESS] Invoice FT C 25-08-0007 sent to mamauagnida@gmail.com
[2025-08-05 11:59:31] [SENDING] Invoice FT C 25-08-0007 to mamauagnida@gmail.com
[2025-08-05 11:59:31] [SUCCESS] Invoice FT C 25-08-0006 sent to mjeury@yahoo.com
[2025-08-05 11:59:26] [SENDING] Invoice FT C 25-08-0006 to mjeury@yahoo.com
[2025-08-05 11:59:26] [SUCCESS] Invoice FT C 25-08-0005 sent to tenomary.jane@gmail.com;tenoriokorey@gmail.com
[2025-08-05 11:59:21] [SENDING] Invoice FT C 25-08-0005 to tenomary.jane@gmail.com, tenoriokorey@gmail.com
[2025-08-05 11:59:21] [SUCCESS] Invoice FT C 25-08-0004 sent to redjewel0329@gmail.com
[2025-08-05 11:59:16] [SENDING] Invoice FT C 25-08-0004 to redjewel0329@gmail.com
[2025-08-05 11:59:16] [SUCCESS] Invoice FT C 25-08-0003 sent to jmarieflores97@gmail.com
[2025-08-05 11:59:11] [SENDING] Invoice FT C 25-08-0003 to jmarieflores97@gmail.com
[2025-08-05 11:59:11] [SUCCESS] Invoice FT C 25-08-0002 sent to rms_admin@tanholdings.com
[2025-08-05 11:59:06] [SENDING] Invoice FT C 25-08-0002 to rms_admin@tanholdings.com
[2025-08-05 11:59:06] [SUCCESS] Invoice FT B 25-08-0021 sent to exqdingle@gmail.com
[2025-08-05 11:59:01] [SENDING] Invoice FT B 25-08-0021 to exqdingle@gmail.com
[2025-08-05 11:59:01] [SUCCESS] Invoice FT B 25-08-0020 sent to cherrylumbana@gmail.com
[2025-08-05 11:58:56] [SENDING] Invoice FT B 25-08-0020 to cherrylumbana@gmail.com
[2025-08-05 11:58:56] [SUCCESS] Invoice FT B 25-08-0019 sent to jeremiahf92300@gmail.com
[2025-08-05 11:58:51] [SENDING] Invoice FT B 25-08-0019 to jeremiahf92300@gmail.com
[2025-08-05 11:58:51] [SUCCESS] Invoice FT B 25-08-0018 sent to marie_borlongan@yahoo.com
[2025-08-05 11:58:46] [SENDING] Invoice FT B 25-08-0018 to marie_borlongan@yahoo.com
[2025-08-05 11:58:46] [SUCCESS] Invoice FT B 25-08-0017 sent to ensureta2@gmail.com
[2025-08-05 11:58:41] [SENDING] Invoice FT B 25-08-0017 to ensureta2@gmail.com
[2025-08-05 11:58:41] [SUCCESS] Invoice FT B 25-08-0015 sent to rms_admin@tanholdings.com
[2025-08-05 11:58:36] [SENDING] Invoice FT B 25-08-0015 to rms_admin@tanholdings.com
[2025-08-05 11:58:36] [SUCCESS] Invoice FT B 25-08-0014 sent to brian_magboo@tanholdings.com
[2025-08-05 11:58:31] [SENDING] Invoice FT B 25-08-0014 to brian_magboo@tanholdings.com
[2025-08-05 11:58:31] [SUCCESS] Invoice FT B 25-08-0013 sent to jimmypolk37@gmail.com
[2025-08-05 11:58:26] [SENDING] Invoice FT B 25-08-0013 to jimmypolk37@gmail.com
[2025-08-05 11:58:26] [SUCCESS] Invoice FT B 25-08-0012 sent to AUGUSTOMUSCA@GMAIL.COM
[2025-08-05 11:58:21] [SENDING] Invoice FT B 25-08-0012 to AUGUSTOMUSCA@GMAIL.COM
[2025-08-05 11:58:21] [SUCCESS] Invoice FT B 25-08-0011 sent to thisissaipan@gmail.com
[2025-08-05 11:58:16] [SENDING] Invoice FT B 25-08-0011 to thisissaipan@gmail.com
[2025-08-05 11:58:15] [SUCCESS] Invoice FT B 25-08-0010 sent to junjie.lou019@gmail.com;edwardmafnas05@gmail.com
[2025-08-05 11:58:10] [SENDING] Invoice FT B 25-08-0010 to junjie.lou019@gmail.com, edwardmafnas05@gmail.com
[2025-08-05 11:58:10] [SUCCESS] Invoice FT B 25-08-0009 sent to kiefferlagnada@gmail.com
[2025-08-05 11:58:06] [SENDING] Invoice FT B 25-08-0009 to kiefferlagnada@gmail.com
[2025-08-05 11:58:06] [SUCCESS] Invoice FT B 25-08-0008 sent to Elizabeth.Tabora@aloyoga.com;dante.tabora@yahoo.com
[2025-08-05 11:58:01] [SENDING] Invoice FT B 25-08-0008 to Elizabeth.Tabora@aloyoga.com, dante.tabora@yahoo.com
[2025-08-05 11:58:01] [SUCCESS] Invoice FT B 25-08-0007 sent to rms_admin@tanholdings.com
[2025-08-05 11:57:56] [SENDING] Invoice FT B 25-08-0007 to rms_admin@tanholdings.com
[2025-08-05 11:57:56] [SUCCESS] Invoice FT B 25-08-0006 sent to rms_admin@tanholdings.com
[2025-08-05 11:57:51] [SENDING] Invoice FT B 25-08-0006 to rms_admin@tanholdings.com
[2025-08-05 11:57:51] [SUCCESS] Invoice FT B 25-08-0005 sent to SOSEANNEDALIMOCON@YAHOO.COM
[2025-08-05 11:57:45] [SENDING] Invoice FT B 25-08-0005 to SOSEANNEDALIMOCON@YAHOO.COM
[2025-08-05 11:57:45] [SUCCESS] Invoice FT B 25-08-0004 sent to kzmi-fm@pticom.com
[2025-08-05 11:57:40] [SENDING] Invoice FT B 25-08-0004 to kzmi-fm@pticom.com
[2025-08-05 11:57:40] [SUCCESS] Invoice FT B 25-08-0003 sent to tubogmarcosa@gmail.com
[2025-08-05 11:57:35] [SENDING] Invoice FT B 25-08-0003 to tubogmarcosa@gmail.com
[2025-08-05 11:57:35] [SUCCESS] Invoice FT B 25-08-0002 sent to abreu.trishamae.alegre@gmail.com
[2025-08-05 11:57:30] [SENDING] Invoice FT B 25-08-0002 to abreu.trishamae.alegre@gmail.com
[2025-08-05 11:57:30] [SUCCESS] Invoice FT B 25-08-0001 sent to rms_admin@tanholdings.com
[2025-08-05 11:57:25] [SENDING] Invoice FT B 25-08-0001 to rms_admin@tanholdings.com
[2025-08-05 11:57:24] [SUCCESS] Invoice FT A 25-08-0024 sent to kristellabarcinas@gmail.com
[2025-08-05 11:57:19] [SENDING] Invoice FT A 25-08-0024 to kristellabarcinas@gmail.com
[2025-08-05 11:57:19] [SUCCESS] Invoice FT A 25-08-0023 sent to rms_admin@tanholdings.com
[2025-08-05 11:57:15] [SENDING] Invoice FT A 25-08-0023 to rms_admin@tanholdings.com
[2025-08-05 11:57:15] [SUCCESS] Invoice FT A 25-08-0022 sent to KARENITO2011@LIVE.COM;jgpabalan@gmail.com
[2025-08-05 11:57:10] [SENDING] Invoice FT A 25-08-0022 to KARENITO2011@LIVE.COM, jgpabalan@gmail.com
[2025-08-05 11:57:10] [NOTICE] Invoice FT A 25-08-0022 Raw email partially sanitized. Original [KARENITO2011@LIVE.COM;jgpabalan@gmail.com]  Sanitized [KARENITO2011@LIVE.COM; jgpabalan@gmail.com]
[2025-08-05 11:57:10] [SUCCESS] Invoice FT A 25-08-0021 sent to MaryAnn.Manglona@aksaipan.com;madleon70@hotmail.com
[2025-08-05 11:57:05] [SENDING] Invoice FT A 25-08-0021 to MaryAnn.Manglona@aksaipan.com, madleon70@hotmail.com
[2025-08-05 11:57:05] [SUCCESS] Invoice FT A 25-08-0020 sent to remel.drilon1971@gmail.com
[2025-08-05 11:57:00] [SENDING] Invoice FT A 25-08-0020 to remel.drilon1971@gmail.com
[2025-08-05 11:56:59] [SUCCESS] Invoice FT A 25-08-0019 sent to anabetinan@gmail.com
[2025-08-05 11:56:54] [SENDING] Invoice FT A 25-08-0019 to anabetinan@gmail.com
[2025-08-05 11:56:54] [SUCCESS] Invoice FT A 25-08-0018 sent to ekpalacios24@gmail.com
[2025-08-05 11:56:50] [SENDING] Invoice FT A 25-08-0018 to ekpalacios24@gmail.com
[2025-08-05 11:56:50] [SUCCESS] Invoice FT A 25-08-0017 sent to sevrenec@gmail.com
[2025-08-05 11:56:45] [SENDING] Invoice FT A 25-08-0017 to sevrenec@gmail.com
[2025-08-05 11:56:45] [SUCCESS] Invoice FT A 25-08-0016 sent to rms_admin@tanholdings.com
[2025-08-05 11:56:40] [SENDING] Invoice FT A 25-08-0016 to rms_admin@tanholdings.com
[2025-08-05 11:56:40] [SUCCESS] Invoice FT A 25-08-0015 sent to teresita_blas@yahoo.com
[2025-08-05 11:56:35] [SENDING] Invoice FT A 25-08-0015 to teresita_blas@yahoo.com
[2025-08-05 11:56:34] [SUCCESS] Invoice FT A 25-08-0014 sent to oding970@gmail.com
[2025-08-05 11:56:29] [SENDING] Invoice FT A 25-08-0014 to oding970@gmail.com
[2025-08-05 11:56:29] [SUCCESS] Invoice FT A 25-08-0013 sent to sirrobs69@gmail.com
[2025-08-05 11:56:23] [SENDING] Invoice FT A 25-08-0013 to sirrobs69@gmail.com
[2025-08-05 11:56:23] [SUCCESS] Invoice FT A 25-08-0012 sent to kikabasan@gmail.com
[2025-08-05 11:56:18] [SENDING] Invoice FT A 25-08-0012 to kikabasan@gmail.com
[2025-08-05 11:56:18] [SUCCESS] Invoice FT A 25-08-0011 sent to rms_admin@tanholdings.com
[2025-08-05 11:56:12] [SENDING] Invoice FT A 25-08-0011 to rms_admin@tanholdings.com
[2025-08-05 11:56:12] [SUCCESS] Invoice FT A 25-08-0010 sent to rms_admin@tanholdings.com
[2025-08-05 11:56:07] [SENDING] Invoice FT A 25-08-0010 to rms_admin@tanholdings.com
[2025-08-05 11:56:07] [SUCCESS] Invoice FT A 25-08-0009 sent to jenniemoria@gmail.com
[2025-08-05 11:56:02] [SENDING] Invoice FT A 25-08-0009 to jenniemoria@gmail.com
[2025-08-05 11:56:02] [SUCCESS] Invoice FT A 25-08-0008 sent to saddambatua@gmail.com
[2025-08-05 11:55:57] [SENDING] Invoice FT A 25-08-0008 to saddambatua@gmail.com
[2025-08-05 11:55:57] [SUCCESS] Invoice FT A 25-08-0007 sent to rms_admin@tanholdings.com
[2025-08-05 11:55:52] [SENDING] Invoice FT A 25-08-0007 to rms_admin@tanholdings.com
[2025-08-05 11:55:52] [SUCCESS] Invoice FT A 25-08-0006 sent to markivansapio@gmail.com
[2025-08-05 11:55:47] [SENDING] Invoice FT A 25-08-0006 to markivansapio@gmail.com
[2025-08-05 11:55:47] [SUCCESS] Invoice FT A 25-08-0005 sent to aira.abreu23@gmail.com
[2025-08-05 11:55:42] [SENDING] Invoice FT A 25-08-0005 to aira.abreu23@gmail.com
[2025-08-05 11:55:41] [SUCCESS] Invoice FT A 25-08-0004 sent to evelynalibio68@gmail.com
[2025-08-05 11:55:36] [SENDING] Invoice FT A 25-08-0004 to evelynalibio68@gmail.com
[2025-08-05 11:55:36] [SUCCESS] Invoice FT A 25-08-0003 sent to malousantosbansil@gmail.com
[2025-08-05 11:55:32] [SENDING] Invoice FT A 25-08-0003 to malousantosbansil@gmail.com
[2025-08-05 11:55:32] [SUCCESS] Invoice FT A 25-08-0002 sent to lietodai@gmail.com
[2025-08-05 11:55:26] [SENDING] Invoice FT A 25-08-0002 to lietodai@gmail.com
[2025-08-05 11:55:26] [SUCCESS] Invoice FT A 25-08-0001 sent to songcoelaiza05@gmail.com
[2025-08-05 11:55:20] [SENDING] Invoice FT A 25-08-0001 to songcoelaiza05@gmail.com
[2025-08-05 11:55:20] [SUCCESS] Invoice CTOWN 25-08-0001 sent to christy_villaflor@saipansoccerschool.org
[2025-08-05 11:55:09] [SENDING] Invoice CTOWN 25-08-0001 to christy_villaflor@saipansoccerschool.org
