[2025-09-03 18:39:01] [SUCCESS] Invoice WT 25-09-0023 sent to pzne1@yahoo.com
[2025-09-03 18:38:57] [SENDING] Invoice WT 25-09-0023 to pzne1@yahoo.com
[2025-09-03 18:38:57] [NOTICE] Invoice WT 25-09-0023 Raw email partially sanitized. Original [topzne1@yahoo.com]  Sanitized [pzne1@yahoo.com]
[2025-09-03 18:38:57] [SUCCESS] Invoice WT 25-09-0022 sent to david.baker@united.com
[2025-09-03 18:38:53] [SENDING] Invoice WT 25-09-0022 to david.baker@united.com
[2025-09-03 18:38:53] [SUCCESS] Invoice WT 25-09-0021 sent to mvargas@nmifa.com
[2025-09-03 18:38:48] [SENDING] Invoice WT 25-09-0021 to mvargas@nmifa.com
[2025-09-03 18:38:48] [SUCCESS] Invoice WT 25-09-0020 sent to waki711@gmail.com
[2025-09-03 18:38:44] [SENDING] Invoice WT 25-09-0020 to waki711@gmail.com
[2025-09-03 18:38:44] [SUCCESS] Invoice WT 25-09-0019 sent to magie_chavez@saipantribune.com
[2025-09-03 18:38:39] [SENDING] Invoice WT 25-09-0019 to magie_chavez@saipantribune.com
[2025-09-03 18:38:39] [SUCCESS] Invoice WT 25-09-0018 sent to 3876@pm.me
[2025-09-03 18:38:34] [SENDING] Invoice WT 25-09-0018 to 3876@pm.me
[2025-09-03 18:38:34] [SUCCESS] Invoice WT 25-09-0017 sent to kkingnabors@gmail.com
[2025-09-03 18:38:28] [SENDING] Invoice WT 25-09-0017 to kkingnabors@gmail.com
[2025-09-03 18:38:28] [SUCCESS] Invoice WT 25-09-0016 sent to rusellezapanta@nmifa.com;ruselle.zapanta@gmail.com
[2025-09-03 18:38:24] [SENDING] Invoice WT 25-09-0016 to rusellezapanta@nmifa.com, ruselle.zapanta@gmail.com
[2025-09-03 18:38:24] [NOTICE] Invoice WT 25-09-0016 Raw email partially sanitized. Original [rusellezapanta@nmifa.com;ruselle.zapanta@gmail.com]  Sanitized [rusellezapanta@nmifa.com; ruselle.zapanta@gmail.com]
[2025-09-03 18:38:24] [SUCCESS] Invoice WT 25-09-0015 sent to raymond_zapanta@tanholdings.com
[2025-09-03 18:38:19] [SENDING] Invoice WT 25-09-0015 to raymond_zapanta@tanholdings.com
[2025-09-03 18:38:19] [SUCCESS] Invoice WT 25-09-0014 sent to jkkim2@jejuair.net
[2025-09-03 18:38:15] [SENDING] Invoice WT 25-09-0014 to jkkim2@jejuair.net
[2025-09-03 18:38:15] [SUCCESS] Invoice WT 25-09-0013 sent to roselynmonroyo@gmail.com
[2025-09-03 18:38:11] [SENDING] Invoice WT 25-09-0013 to roselynmonroyo@gmail.com
[2025-09-03 18:38:11] [SUCCESS] Invoice WT 25-09-0012 sent to wkppeter@msn.com;wkppeter@pacificgrocers.com
[2025-09-03 18:38:05] [SENDING] Invoice WT 25-09-0012 to wkppeter@msn.com, wkppeter@pacificgrocers.com
[2025-09-03 18:38:04] [SUCCESS] Invoice WT 25-09-0011 sent to mhudkins@pticom.com
[2025-09-03 18:37:58] [SENDING] Invoice WT 25-09-0011 to mhudkins@pticom.com
[2025-09-03 18:37:58] [SUCCESS] Invoice WT 25-09-0010 sent to eabuan1606@gmail.com;elisadp0502@gmail.com
[2025-09-03 18:37:54] [SENDING] Invoice WT 25-09-0010 to eabuan1606@gmail.com, elisadp0502@gmail.com
[2025-09-03 18:37:54] [SUCCESS] Invoice WT 25-09-0009 sent to rms_admin@tanholdings.com
[2025-09-03 18:37:50] [SENDING] Invoice WT 25-09-0009 to rms_admin@tanholdings.com
[2025-09-03 18:37:50] [SUCCESS] Invoice WT 25-09-0008 sent to kevinjahswit@gmail.com
[2025-09-03 18:37:46] [SENDING] Invoice WT 25-09-0008 to kevinjahswit@gmail.com
[2025-09-03 18:37:46] [SUCCESS] Invoice WT 25-09-0007 sent to geri@itecnmi.com
[2025-09-03 18:37:41] [SENDING] Invoice WT 25-09-0007 to geri@itecnmi.com
[2025-09-03 18:37:41] [SUCCESS] Invoice WT 25-09-0006 sent to msablan@triplejguam.com
[2025-09-03 18:37:37] [SENDING] Invoice WT 25-09-0006 to msablan@triplejguam.com
[2025-09-03 18:37:37] [SUCCESS] Invoice WT 25-09-0005 sent to sac4.hi2yoh3.spn@gmail.com
[2025-09-03 18:37:31] [SENDING] Invoice WT 25-09-0005 to sac4.hi2yoh3.spn@gmail.com
[2025-09-03 18:37:31] [SUCCESS] Invoice WT 25-09-0004 sent to senatorfqcruz@gmail.com
[2025-09-03 18:37:25] [SENDING] Invoice WT 25-09-0004 to senatorfqcruz@gmail.com
[2025-09-03 18:37:25] [SUCCESS] Invoice WT 25-09-0003 sent to phsannicolas.sn5@gmail.com
[2025-09-03 18:37:22] [SENDING] Invoice WT 25-09-0003 to phsannicolas.sn5@gmail.com
[2025-09-03 18:37:22] [SUCCESS] Invoice WT 25-09-0002 sent to merlie_tolentino@tanholdings.com
[2025-09-03 18:37:18] [SENDING] Invoice WT 25-09-0002 to merlie_tolentino@tanholdings.com
[2025-09-03 18:37:17] [SUCCESS] Invoice WT 25-09-0001 sent to rms_admin@tanholdings.com
[2025-09-03 18:37:13] [SENDING] Invoice WT 25-09-0001 to rms_admin@tanholdings.com
[2025-09-03 18:37:13] [SUCCESS] Invoice TSL 25-09-0010 sent to ferdinand_santos@tanholdings.com
[2025-09-03 18:37:09] [SENDING] Invoice TSL 25-09-0010 to ferdinand_santos@tanholdings.com
[2025-09-03 18:37:09] [SUCCESS] Invoice TSL 25-09-0009 sent to asm24@sbcglobal.net;nlimbo.dds@gmail.com;accounting@mdcsaipan.com
[2025-09-03 18:37:01] [SENDING] Invoice TSL 25-09-0009 to asm24@sbcglobal.net, nlimbo.dds@gmail.com, accounting@mdcsaipan.com
[2025-09-03 18:37:01] [NOTICE] Invoice TSL 25-09-0009 Raw email partially sanitized. Original [asm24@sbcglobal.net, nlimbo.dds@gmail.comCC  (accounting@mdcsaipan.com)]  Sanitized [asm24@sbcglobal.net; nlimbo.dds@gmail.com; accounting@mdcsaipan.com]
[2025-09-03 18:37:01] [SUCCESS] Invoice TSL 25-09-0008 sent to PAEinbox@am.jll.com;RealEstate@amentum.com
[2025-09-03 18:36:57] [SENDING] Invoice TSL 25-09-0008 to PAEinbox@am.jll.com, RealEstate@amentum.com
[2025-09-03 18:36:57] [SUCCESS] Invoice TSL 25-09-0007 sent to Yvonne.Pangelinan@ASCTrust.com;angelli.garcia@asctrust.com
[2025-09-03 18:36:53] [SENDING] Invoice TSL 25-09-0007 to Yvonne.Pangelinan@ASCTrust.com, angelli.garcia@asctrust.com
[2025-09-03 18:36:53] [SUCCESS] Invoice TSL 25-09-0006 sent to louie@winwinwaycnmi.com
[2025-09-03 18:36:49] [SENDING] Invoice TSL 25-09-0006 to louie@winwinwaycnmi.com
[2025-09-03 18:36:49] [SUCCESS] Invoice TSL 25-09-0005 sent to ferdinand_santos@tanholdings.com
[2025-09-03 18:36:45] [SENDING] Invoice TSL 25-09-0005 to ferdinand_santos@tanholdings.com
[2025-09-03 18:36:45] [SUCCESS] Invoice TSL 25-09-0004 sent to bbanzuela@nortonlilly.com
[2025-09-03 18:36:41] [SENDING] Invoice TSL 25-09-0004 to bbanzuela@nortonlilly.com
[2025-09-03 18:36:41] [SUCCESS] Invoice TSL 25-09-0003 sent to jlimtiaco@dlslab.com
[2025-09-03 18:36:38] [SENDING] Invoice TSL 25-09-0003 to jlimtiaco@dlslab.com
[2025-09-03 18:36:38] [SUCCESS] Invoice SVT 25-09-0023 sent to jm_lacandazo@yahoo.com
[2025-09-03 18:36:34] [SENDING] Invoice SVT 25-09-0023 to jm_lacandazo@yahoo.com
[2025-09-03 18:36:33] [SUCCESS] Invoice SVT 25-09-0022 sent to rms_admin@tanholdings.com
[2025-09-03 18:36:29] [SENDING] Invoice SVT 25-09-0022 to rms_admin@tanholdings.com
[2025-09-03 18:36:29] [SUCCESS] Invoice SVT 25-09-0021 sent to Julie.litulumar@ihg.com;julzlitulumar@gmail.com
[2025-09-03 18:36:24] [SENDING] Invoice SVT 25-09-0021 to Julie.litulumar@ihg.com, julzlitulumar@gmail.com
[2025-09-03 18:36:24] [SUCCESS] Invoice SVT 25-09-0020 sent to sespanillo@yahoo.com;celso_aguijr@yahoo.com
[2025-09-03 18:36:19] [SENDING] Invoice SVT 25-09-0020 to sespanillo@yahoo.com, celso_aguijr@yahoo.com
[2025-09-03 18:36:19] [NOTICE] Invoice SVT 25-09-0020 Raw email partially sanitized. Original [sespanillo@yahoo.com;celso_aguijr@yahoo.com]  Sanitized [sespanillo@yahoo.com; celso_aguijr@yahoo.com]
[2025-09-03 18:36:19] [SUCCESS] Invoice SVT 25-09-0019 sent to portizengi89@hotmail.com
[2025-09-03 18:36:15] [SENDING] Invoice SVT 25-09-0019 to portizengi89@hotmail.com
[2025-09-03 18:36:15] [SUCCESS] Invoice SVT 25-09-0018 sent to rms_admin@tanholdings.com
[2025-09-03 18:36:10] [SENDING] Invoice SVT 25-09-0018 to rms_admin@tanholdings.com
[2025-09-03 18:36:10] [SUCCESS] Invoice SVT 25-09-0017 sent to nites_millo@poiaviation.com
[2025-09-03 18:36:05] [SENDING] Invoice SVT 25-09-0017 to nites_millo@poiaviation.com
[2025-09-03 18:36:05] [SUCCESS] Invoice SVT 25-09-0016 sent to jujolinnea@gmail.com
[2025-09-03 18:36:01] [SENDING] Invoice SVT 25-09-0016 to jujolinnea@gmail.com
[2025-09-03 18:36:01] [SUCCESS] Invoice SVT 25-09-0015 sent to ashleytudela670@gmail.com
[2025-09-03 18:35:57] [SENDING] Invoice SVT 25-09-0015 to ashleytudela670@gmail.com
[2025-09-03 18:35:57] [SUCCESS] Invoice SVT 25-09-0014 sent to annvelasco.rn@gmail.com
[2025-09-03 18:35:53] [SENDING] Invoice SVT 25-09-0014 to annvelasco.rn@gmail.com
[2025-09-03 18:35:53] [SUCCESS] Invoice SVT 25-09-0013 sent to ronald_alcantara@ctsi-logistics.com
[2025-09-03 18:35:49] [SENDING] Invoice SVT 25-09-0013 to ronald_alcantara@ctsi-logistics.com
[2025-09-03 18:35:49] [SUCCESS] Invoice SVT 25-09-0012 sent to reloxlen@yahoo.com
[2025-09-03 18:35:45] [SENDING] Invoice SVT 25-09-0012 to reloxlen@yahoo.com
[2025-09-03 18:35:45] [SUCCESS] Invoice SVT 25-09-0011 sent to acristobalace@gmail.com;angelo_cristobal@tanholdings.com
[2025-09-03 18:35:40] [SENDING] Invoice SVT 25-09-0011 to acristobalace@gmail.com, angelo_cristobal@tanholdings.com
[2025-09-03 18:35:40] [SUCCESS] Invoice SVT 25-09-0010 sent to frozennipple.slg@gmail.com
[2025-09-03 18:35:37] [SENDING] Invoice SVT 25-09-0010 to frozennipple.slg@gmail.com
[2025-09-03 18:35:37] [SUCCESS] Invoice SVT 25-09-0009 sent to spnsza@gmail.com
[2025-09-03 18:35:32] [SENDING] Invoice SVT 25-09-0009 to spnsza@gmail.com
[2025-09-03 18:35:32] [SUCCESS] Invoice SVT 25-09-0008 sent to miles511@gmail.com;nateguerrero93@gmail.com
[2025-09-03 18:35:27] [SENDING] Invoice SVT 25-09-0008 to miles511@gmail.com, nateguerrero93@gmail.com
[2025-09-03 18:35:27] [SUCCESS] Invoice SVT 25-09-0007 sent to ednaruluked@gmail.com
[2025-09-03 18:35:22] [SENDING] Invoice SVT 25-09-0007 to ednaruluked@gmail.com
[2025-09-03 18:35:22] [SUCCESS] Invoice SVT 25-09-0006 sent to mamamoru@gmail.com
[2025-09-03 18:35:18] [SENDING] Invoice SVT 25-09-0006 to mamamoru@gmail.com
[2025-09-03 18:35:18] [SUCCESS] Invoice SVT 25-09-0005 sent to jmatias27@gmail.com
[2025-09-03 18:35:14] [SENDING] Invoice SVT 25-09-0005 to jmatias27@gmail.com
[2025-09-03 18:35:14] [SUCCESS] Invoice SVT 25-09-0004 sent to fpj@startmail.com
[2025-09-03 18:35:10] [SENDING] Invoice SVT 25-09-0004 to fpj@startmail.com
[2025-09-03 18:35:10] [SUCCESS] Invoice SVT 25-09-0003 sent to allsonpaulopepito@ymail.com;angelinevelasco06@yahoo.com
[2025-09-03 18:35:06] [SENDING] Invoice SVT 25-09-0003 to allsonpaulopepito@ymail.com, angelinevelasco06@yahoo.com
[2025-09-03 18:35:05] [SUCCESS] Invoice SVT 25-09-0002 sent to jane.venusnocentelli@yahoo.com
[2025-09-03 18:35:01] [SENDING] Invoice SVT 25-09-0002 to jane.venusnocentelli@yahoo.com
[2025-09-03 18:35:01] [SUCCESS] Invoice SVT 25-09-0001 sent to kevin.calibo94@gmail.com
[2025-09-03 18:34:58] [SENDING] Invoice SVT 25-09-0001 to kevin.calibo94@gmail.com
[2025-09-03 18:34:58] [SUCCESS] Invoice OVT 25-09-0019 sent to villaflor_chris@yahoo.com;christy_villaflor@saipansoccerschool.org
[2025-09-03 18:34:53] [SENDING] Invoice OVT 25-09-0019 to villaflor_chris@yahoo.com, christy_villaflor@saipansoccerschool.org
[2025-09-03 18:34:53] [SUCCESS] Invoice OVT 25-09-0018 sent to elna_curate@tanholdings.com
[2025-09-03 18:34:49] [SENDING] Invoice OVT 25-09-0018 to elna_curate@tanholdings.com
[2025-09-03 18:34:49] [SUCCESS] Invoice OVT 25-09-0017 sent to xinyue725@gmail.com
[2025-09-03 18:34:45] [SENDING] Invoice OVT 25-09-0017 to xinyue725@gmail.com
[2025-09-03 18:34:45] [SUCCESS] Invoice OVT 25-09-0016 sent to waltermacaranas97@gmail.com
[2025-09-03 18:34:41] [SENDING] Invoice OVT 25-09-0016 to waltermacaranas97@gmail.com
[2025-09-03 18:34:41] [SUCCESS] Invoice OVT 25-09-0015 sent to fatimavhizon17@gmail.com
[2025-09-03 18:34:36] [SENDING] Invoice OVT 25-09-0015 to fatimavhizon17@gmail.com
[2025-09-03 18:34:36] [SUCCESS] Invoice OVT 25-09-0014 sent to franco.mendoza@itehq.net
[2025-09-03 18:34:32] [SENDING] Invoice OVT 25-09-0014 to franco.mendoza@itehq.net
[2025-09-03 18:34:32] [SUCCESS] Invoice OVT 25-09-0013 sent to bouchard.brian@gmail.com
[2025-09-03 18:34:28] [SENDING] Invoice OVT 25-09-0013 to bouchard.brian@gmail.com
[2025-09-03 18:34:28] [SUCCESS] Invoice OVT 25-09-0012 sent to 2011824-fin@churchofjesuschrist.org
[2025-09-03 18:34:24] [SENDING] Invoice OVT 25-09-0012 to 2011824-fin@churchofjesuschrist.org
[2025-09-03 18:34:23] [SUCCESS] Invoice OVT 25-09-0011 sent to agila_lax@yahoo.com
[2025-09-03 18:34:19] [SENDING] Invoice OVT 25-09-0011 to agila_lax@yahoo.com
[2025-09-03 18:34:19] [SUCCESS] Invoice OVT 25-09-0010 sent to hannah_santos@tanholdings.com
[2025-09-03 18:34:15] [SENDING] Invoice OVT 25-09-0010 to hannah_santos@tanholdings.com
[2025-09-03 18:34:15] [SUCCESS] Invoice OVT 25-09-0009 sent to hongye27@hotmail.com
[2025-09-03 18:34:12] [SENDING] Invoice OVT 25-09-0009 to hongye27@hotmail.com
[2025-09-03 18:34:12] [SUCCESS] Invoice OVT 25-09-0008 sent to judy_mendieta@tanholdings.com
[2025-09-03 18:34:08] [SENDING] Invoice OVT 25-09-0008 to judy_mendieta@tanholdings.com
[2025-09-03 18:34:08] [SUCCESS] Invoice OVT 25-09-0007 sent to coalsonkodep@gmail.com
[2025-09-03 18:34:04] [SENDING] Invoice OVT 25-09-0007 to coalsonkodep@gmail.com
[2025-09-03 18:34:04] [SUCCESS] Invoice OVT 25-09-0006 sent to jvoacolo@generationrenewableinc.com;apcnmi@micronesiarenewableenergy.com
[2025-09-03 18:34:00] [SENDING] Invoice OVT 25-09-0006 to jvoacolo@generationrenewableinc.com, apcnmi@micronesiarenewableenergy.com
[2025-09-03 18:34:00] [SUCCESS] Invoice OVT 25-09-0005 sent to paulwcamacho@gmail.com
[2025-09-03 18:33:56] [SENDING] Invoice OVT 25-09-0005 to paulwcamacho@gmail.com
[2025-09-03 18:33:56] [SUCCESS] Invoice OVT 25-09-0004 sent to rms_admin@tanholdings.com
[2025-09-03 18:33:51] [SENDING] Invoice OVT 25-09-0004 to rms_admin@tanholdings.com
[2025-09-03 18:33:51] [SUCCESS] Invoice OVT 25-09-0003 sent to r.t.tanzawa@gmail.com;kenryu@pticom.com
[2025-09-03 18:33:47] [SENDING] Invoice OVT 25-09-0003 to r.t.tanzawa@gmail.com, kenryu@pticom.com
[2025-09-03 18:33:47] [SUCCESS] Invoice OVT 25-09-0002 sent to andy.qin@hotmail.com
[2025-09-03 18:33:43] [SENDING] Invoice OVT 25-09-0002 to andy.qin@hotmail.com
[2025-09-03 18:33:42] [SUCCESS] Invoice OVT 25-09-0001 sent to rbiggers@pticom.com
[2025-09-03 18:33:38] [SENDING] Invoice OVT 25-09-0001 to rbiggers@pticom.com
[2025-09-03 18:33:38] [SUCCESS] Invoice OV-GH 25-09-0001 sent to cecil.capacio@ihg.com
[2025-09-03 18:33:34] [SENDING] Invoice OV-GH 25-09-0001 to cecil.capacio@ihg.com
[2025-09-03 18:33:34] [SUCCESS] Invoice LNHSE 25-09-0001 sent to herenuisong@gmail.com
[2025-09-03 18:33:30] [SENDING] Invoice LNHSE 25-09-0001 to herenuisong@gmail.com
[2025-09-03 18:33:30] [SUCCESS] Invoice LNH 25-09-0022 sent to aldrich_delossantos@tanholdings.com
[2025-09-03 18:33:26] [SENDING] Invoice LNH 25-09-0022 to aldrich_delossantos@tanholdings.com
[2025-09-03 18:33:26] [SUCCESS] Invoice LNH 25-09-0021 sent to al_alulod@yahoo.com
[2025-09-03 18:33:19] [SENDING] Invoice LNH 25-09-0021 to al_alulod@yahoo.com
[2025-09-03 18:33:18] [SUCCESS] Invoice LNH 25-09-0020 sent to ebreocleo@gmail.com
[2025-09-03 18:33:14] [SENDING] Invoice LNH 25-09-0020 to ebreocleo@gmail.com
[2025-09-03 18:33:14] [SUCCESS] Invoice LNH 25-09-0019 sent to rinarobles18@gmail.com
[2025-09-03 18:33:11] [SENDING] Invoice LNH 25-09-0019 to rinarobles18@gmail.com
[2025-09-03 18:33:11] [SUCCESS] Invoice LNH 25-09-0018 sent to bernardolen@yahoo.com
[2025-09-03 18:33:07] [SENDING] Invoice LNH 25-09-0018 to bernardolen@yahoo.com
[2025-09-03 18:33:07] [SUCCESS] Invoice LNH 25-09-0017 sent to tinabpalacios@gmail.com
[2025-09-03 18:33:03] [SENDING] Invoice LNH 25-09-0017 to tinabpalacios@gmail.com
[2025-09-03 18:33:03] [SUCCESS] Invoice LNH 25-09-0016 sent to julietagathamendoza@yahoo.com
[2025-09-03 18:32:59] [SENDING] Invoice LNH 25-09-0016 to julietagathamendoza@yahoo.com
[2025-09-03 18:32:58] [SUCCESS] Invoice LNH 25-09-0015 sent to arboleda.arnold1970@gmail.com
[2025-09-03 18:32:54] [SENDING] Invoice LNH 25-09-0015 to arboleda.arnold1970@gmail.com
[2025-09-03 18:32:54] [SUCCESS] Invoice LNH 25-09-0014 sent to rosalie_mangulabnan@saipantribune.com
[2025-09-03 18:32:49] [SENDING] Invoice LNH 25-09-0014 to rosalie_mangulabnan@saipantribune.com
[2025-09-03 18:32:49] [SUCCESS] Invoice LNH 25-09-0013 sent to rms_admin@tanholdings.com
[2025-09-03 18:32:44] [SENDING] Invoice LNH 25-09-0013 to rms_admin@tanholdings.com
[2025-09-03 18:32:44] [SUCCESS] Invoice LNH 25-09-0012 sent to lbautista@mbinmi.com
[2025-09-03 18:32:40] [SENDING] Invoice LNH 25-09-0012 to lbautista@mbinmi.com
[2025-09-03 18:32:40] [SUCCESS] Invoice LNH 25-09-0011 sent to obriosos@aol.com
[2025-09-03 18:32:35] [SENDING] Invoice LNH 25-09-0011 to obriosos@aol.com
[2025-09-03 18:32:35] [SUCCESS] Invoice LNH 25-09-0010 sent to bea_aspe@yahoo.com
[2025-09-03 18:32:31] [SENDING] Invoice LNH 25-09-0010 to bea_aspe@yahoo.com
[2025-09-03 18:32:31] [SUCCESS] Invoice LNH 25-09-0009 sent to phadz23@yahoo.com
[2025-09-03 18:32:25] [SENDING] Invoice LNH 25-09-0009 to phadz23@yahoo.com
[2025-09-03 18:32:25] [SUCCESS] Invoice LNH 25-09-0008 sent to rms_admin@tanholdings.com
[2025-09-03 18:32:21] [SENDING] Invoice LNH 25-09-0008 to rms_admin@tanholdings.com
[2025-09-03 18:32:21] [SUCCESS] Invoice LNH 25-09-0007 sent to dqsadmin2@dandq-international.com
[2025-09-03 18:32:16] [SENDING] Invoice LNH 25-09-0007 to dqsadmin2@dandq-international.com
[2025-09-03 18:32:16] [SUCCESS] Invoice LNH 25-09-0006 sent to Mark_Rabago@saipantribune.com
[2025-09-03 18:32:12] [SENDING] Invoice LNH 25-09-0006 to Mark_Rabago@saipantribune.com
[2025-09-03 18:32:12] [SUCCESS] Invoice LNH 25-09-0005 sent to cora_samson@ctsi-logistics.com
[2025-09-03 18:32:08] [SENDING] Invoice LNH 25-09-0005 to cora_samson@ctsi-logistics.com
[2025-09-03 18:32:08] [SUCCESS] Invoice LNH 25-09-0004 sent to ariesamae@yahoo.com
[2025-09-03 18:32:04] [SENDING] Invoice LNH 25-09-0004 to ariesamae@yahoo.com
[2025-09-03 18:32:04] [SUCCESS] Invoice LNH 25-09-0003 sent to rms_admin@tanholdings.com
[2025-09-03 18:32:00] [SENDING] Invoice LNH 25-09-0003 to rms_admin@tanholdings.com
[2025-09-03 18:32:00] [SUCCESS] Invoice LNH 25-09-0002 sent to mikaaserranoo@gmail.com
[2025-09-03 18:31:57] [SENDING] Invoice LNH 25-09-0002 to mikaaserranoo@gmail.com
[2025-09-03 18:31:57] [SUCCESS] Invoice LNH 25-09-0001 sent to edgar_garcia@ctsi-logistics.com
[2025-09-03 18:31:53] [SENDING] Invoice LNH 25-09-0001 to edgar_garcia@ctsi-logistics.com
[2025-09-03 18:31:53] [SUCCESS] Invoice LB 2 25-09-0002 sent to dqsadmin2@dandq-international.com
[2025-09-03 18:31:49] [SENDING] Invoice LB 2 25-09-0002 to dqsadmin2@dandq-international.com
[2025-09-03 18:31:49] [SUCCESS] Invoice LB 2 25-09-0001 sent to cora_samson@ctsi-logistics.com
[2025-09-03 18:31:45] [SENDING] Invoice LB 2 25-09-0001 to cora_samson@ctsi-logistics.com
[2025-09-03 18:31:45] [SUCCESS] Invoice LB 1 25-09-0006 sent to cecillecamama@gmail.com;luisacdalas@gmail.com
[2025-09-03 18:31:41] [SENDING] Invoice LB 1 25-09-0006 to cecillecamama@gmail.com, luisacdalas@gmail.com
[2025-09-03 18:31:41] [SUCCESS] Invoice LB 1 25-09-0005 sent to jo_anne.hernandez@medpharmusa.net
[2025-09-03 18:31:37] [SENDING] Invoice LB 1 25-09-0005 to jo_anne.hernandez@medpharmusa.net
[2025-09-03 18:31:37] [SUCCESS] Invoice LB 1 25-09-0004 sent to mellany.regaton@saipan.travel;tyrone.villegas@saipan.travel
[2025-09-03 18:31:33] [SENDING] Invoice LB 1 25-09-0004 to mellany.regaton@saipan.travel, tyrone.villegas@saipan.travel
[2025-09-03 18:31:32] [SUCCESS] Invoice LB 1 25-09-0003 sent to dongasaipan@gmail.com
[2025-09-03 18:31:28] [SENDING] Invoice LB 1 25-09-0003 to dongasaipan@gmail.com
[2025-09-03 18:31:28] [SUCCESS] Invoice LB 1 25-09-0002 sent to tvoacolo@generationrenewableinc.com;apcnmi@micronesiarenewableenergy.com
[2025-09-03 18:31:24] [SENDING] Invoice LB 1 25-09-0002 to tvoacolo@generationrenewableinc.com, apcnmi@micronesiarenewableenergy.com
[2025-09-03 18:31:24] [SUCCESS] Invoice LB 1 25-09-0001 sent to AP@hawthornecat.com;mtutanes@hawthornecat.com
[2025-09-03 18:31:20] [SENDING] Invoice LB 1 25-09-0001 to AP@hawthornecat.com, mtutanes@hawthornecat.com
[2025-09-03 18:31:20] [SUCCESS] Invoice JPCOF 25-09-0001 sent to rene_cariazo@centuryinsurancegroup.net
[2025-09-03 18:31:15] [SENDING] Invoice JPCOF 25-09-0001 to rene_cariazo@centuryinsurancegroup.net
[2025-09-03 18:31:15] [SUCCESS] Invoice JPC 25-09-0012 sent to nimfa_tan@tanholdings.com
[2025-09-03 18:31:11] [SENDING] Invoice JPC 25-09-0012 to nimfa_tan@tanholdings.com
[2025-09-03 18:31:10] [SUCCESS] Invoice JPC 25-09-0011 sent to teddy_orbeta@centuryinsurancegroup.net
[2025-09-03 18:31:06] [SENDING] Invoice JPC 25-09-0011 to teddy_orbeta@centuryinsurancegroup.net
[2025-09-03 18:31:06] [SUCCESS] Invoice JPC 25-09-0010 sent to ross_garcia@saipantribune.com
[2025-09-03 18:31:02] [SENDING] Invoice JPC 25-09-0010 to ross_garcia@saipantribune.com
[2025-09-03 18:31:02] [SUCCESS] Invoice JPC 25-09-0009 sent to rms_admin@tanholdings.com
[2025-09-03 18:30:58] [SENDING] Invoice JPC 25-09-0009 to rms_admin@tanholdings.com
[2025-09-03 18:30:58] [SUCCESS] Invoice JPC 25-09-0008 sent to merlie_tolentino@tanholdings.com
[2025-09-03 18:30:54] [SENDING] Invoice JPC 25-09-0008 to merlie_tolentino@tanholdings.com
[2025-09-03 18:30:54] [SUCCESS] Invoice JPC 25-09-0007 sent to obet_aguilar@saipantribune.com
[2025-09-03 18:30:50] [SENDING] Invoice JPC 25-09-0007 to obet_aguilar@saipantribune.com
[2025-09-03 18:30:50] [SUCCESS] Invoice JPC 25-09-0006 sent to teddy_orbeta@centuryinsurancegroup.net
[2025-09-03 18:30:46] [SENDING] Invoice JPC 25-09-0006 to teddy_orbeta@centuryinsurancegroup.net
[2025-09-03 18:30:46] [SUCCESS] Invoice JPC 25-09-0005 sent to ariel_mariano@tanholdings.com
[2025-09-03 18:30:42] [SENDING] Invoice JPC 25-09-0005 to ariel_mariano@tanholdings.com
[2025-09-03 18:30:42] [SUCCESS] Invoice JPC 25-09-0004 sent to csr_0312@yahoo.com
[2025-09-03 18:30:39] [SENDING] Invoice JPC 25-09-0004 to csr_0312@yahoo.com
[2025-09-03 18:30:39] [SUCCESS] Invoice JPC 25-09-0003 sent to gol_corpuz@centuryinsurancegroup.net
[2025-09-03 18:30:35] [SENDING] Invoice JPC 25-09-0003 to gol_corpuz@centuryinsurancegroup.net
[2025-09-03 18:30:35] [SUCCESS] Invoice JPC 25-09-0002 sent to lunie_reliquias@centuryinsurancegroup.net
[2025-09-03 18:30:30] [SENDING] Invoice JPC 25-09-0002 to lunie_reliquias@centuryinsurancegroup.net
[2025-09-03 18:30:30] [SUCCESS] Invoice JPC 25-09-0001 sent to ms.kyraadvincula@gmail.com;just.lexie.xxii@gmail.com
[2025-09-03 18:30:26] [SENDING] Invoice JPC 25-09-0001 to ms.kyraadvincula@gmail.com, just.lexie.xxii@gmail.com
[2025-09-03 18:30:26] [SUCCESS] Invoice GL 1 25-09-0008 sent to christy_villaflor@saipansoccerschool.org
[2025-09-03 18:30:22] [SENDING] Invoice GL 1 25-09-0008 to christy_villaflor@saipansoccerschool.org
[2025-09-03 18:30:22] [SUCCESS] Invoice GL 1 25-09-0007 sent to merlie_tolentino@tanholdings.com
[2025-09-03 18:30:18] [SENDING] Invoice GL 1 25-09-0007 to merlie_tolentino@tanholdings.com
[2025-09-03 18:30:18] [SUCCESS] Invoice GL 1 25-09-0006 sent to abigailnoble21@gmail.com
[2025-09-03 18:30:13] [SENDING] Invoice GL 1 25-09-0006 to abigailnoble21@gmail.com
[2025-09-03 18:30:13] [SUCCESS] Invoice GL 1 25-09-0005 sent to jo_anne.hernandez@medpharmusa.net
[2025-09-03 18:30:09] [SENDING] Invoice GL 1 25-09-0005 to jo_anne.hernandez@medpharmusa.net
[2025-09-03 18:30:09] [SUCCESS] Invoice GL 1 25-09-0004 sent to kim.shirley1958@yahoo.com;christy_villaflor@saipansoccerschool.org
[2025-09-03 18:30:05] [SENDING] Invoice GL 1 25-09-0004 to kim.shirley1958@yahoo.com, christy_villaflor@saipansoccerschool.org
[2025-09-03 18:30:05] [NOTICE] Invoice GL 1 25-09-0004 Raw email partially sanitized. Original [kim.shirley1958@yahoo.com; christy_villaflor@saipansoccerschool.org]  Sanitized [kim.shirley1958@yahoo.com; christy_villaflor@saipansoccerschool.org]
[2025-09-03 18:30:05] [SUCCESS] Invoice GL 1 25-09-0003 sent to kesysp2022@gmail.com
[2025-09-03 18:30:00] [SENDING] Invoice GL 1 25-09-0003 to kesysp2022@gmail.com
[2025-09-03 18:30:00] [SUCCESS] Invoice GL 1 25-09-0002 sent to cg@luenfungspn.com
[2025-09-03 18:29:56] [SENDING] Invoice GL 1 25-09-0002 to cg@luenfungspn.com
[2025-09-03 18:29:56] [SUCCESS] Invoice GL 1 25-09-0001 sent to juancho_salcedo@yaongcorp.com
[2025-09-03 18:29:52] [SENDING] Invoice GL 1 25-09-0001 to juancho_salcedo@yaongcorp.com
[2025-09-03 18:29:52] [SUCCESS] Invoice GC B 25-09-0015 sent to rms_admin@tanholdings.com
[2025-09-03 18:29:47] [SENDING] Invoice GC B 25-09-0015 to rms_admin@tanholdings.com
[2025-09-03 18:29:47] [SUCCESS] Invoice GC B 25-09-0014 sent to rms_admin@tanholdings.com
[2025-09-03 18:29:43] [SENDING] Invoice GC B 25-09-0014 to rms_admin@tanholdings.com
[2025-09-03 18:29:43] [SUCCESS] Invoice GC B 25-09-0013 sent to rms_admin@tanholdings.com
[2025-09-03 18:29:38] [SENDING] Invoice GC B 25-09-0013 to rms_admin@tanholdings.com
[2025-09-03 18:29:38] [SUCCESS] Invoice GC B 25-09-0012 sent to mannycalilap@gmail.com;mannycalilap@yahoo.com
[2025-09-03 18:29:34] [SENDING] Invoice GC B 25-09-0012 to mannycalilap@gmail.com, mannycalilap@yahoo.com
[2025-09-03 18:29:34] [SUCCESS] Invoice GC B 25-09-0011 sent to ynionjeannaclaire@gmail.com
[2025-09-03 18:29:30] [SENDING] Invoice GC B 25-09-0011 to ynionjeannaclaire@gmail.com
[2025-09-03 18:29:30] [SUCCESS] Invoice GC B 25-09-0010 sent to rms_admin@tanholdings.com
[2025-09-03 18:29:26] [SENDING] Invoice GC B 25-09-0010 to rms_admin@tanholdings.com
[2025-09-03 18:29:25] [SUCCESS] Invoice GC B 25-09-0009 sent to JOSHLENE_AERIELLE08@YAHOO.COM;ANTHONYLEE.BORJA@GMAIL.COM
[2025-09-03 18:29:21] [SENDING] Invoice GC B 25-09-0009 to JOSHLENE_AERIELLE08@YAHOO.COM, ANTHONYLEE.BORJA@GMAIL.COM
[2025-09-03 18:29:21] [SUCCESS] Invoice GC B 25-09-0008 sent to rms_admin@tanholdings.com
[2025-09-03 18:29:17] [SENDING] Invoice GC B 25-09-0008 to rms_admin@tanholdings.com
[2025-09-03 18:29:17] [SUCCESS] Invoice GC B 25-09-0007 sent to haida2102@163.com
[2025-09-03 18:29:13] [SENDING] Invoice GC B 25-09-0007 to haida2102@163.com
[2025-09-03 18:29:13] [SUCCESS] Invoice GC B 25-09-0006 sent to rms_admin@tanholdings.com
[2025-09-03 18:29:09] [SENDING] Invoice GC B 25-09-0006 to rms_admin@tanholdings.com
[2025-09-03 18:29:09] [SUCCESS] Invoice GC B 25-09-0005 sent to eefraginal@gmail.com
[2025-09-03 18:29:03] [SENDING] Invoice GC B 25-09-0005 to eefraginal@gmail.com
[2025-09-03 18:29:03] [SUCCESS] Invoice GC B 25-09-0004 sent to marjuntagle@gmail.com
[2025-09-03 18:28:59] [SENDING] Invoice GC B 25-09-0004 to marjuntagle@gmail.com
[2025-09-03 18:28:59] [SUCCESS] Invoice GC B 25-09-0003 sent to cyndeegmt@gmail.com
[2025-09-03 18:28:53] [SENDING] Invoice GC B 25-09-0003 to cyndeegmt@gmail.com
[2025-09-03 18:28:53] [SUCCESS] Invoice GC B 25-09-0002 sent to rosellevanessalorejo@gmail.com
[2025-09-03 18:28:50] [SENDING] Invoice GC B 25-09-0002 to rosellevanessalorejo@gmail.com
[2025-09-03 18:28:50] [SUCCESS] Invoice GC B 25-09-0001 sent to jba_3864@yahoo.com
[2025-09-03 18:28:46] [SENDING] Invoice GC B 25-09-0001 to jba_3864@yahoo.com
[2025-09-03 18:28:46] [SUCCESS] Invoice GC A 25-09-0019 sent to villarosa.joselito1963@gmail.com
[2025-09-03 18:28:43] [SENDING] Invoice GC A 25-09-0019 to villarosa.joselito1963@gmail.com
[2025-09-03 18:28:42] [SUCCESS] Invoice GC A 25-09-0018 sent to KENNETHJBUSCAGAN@GMAIL.COM
[2025-09-03 18:28:38] [SENDING] Invoice GC A 25-09-0018 to KENNETHJBUSCAGAN@GMAIL.COM
[2025-09-03 18:28:38] [SUCCESS] Invoice GC A 25-09-0017 sent to SAYEELAYDA@GMAIL.COM
[2025-09-03 18:28:33] [SENDING] Invoice GC A 25-09-0017 to SAYEELAYDA@GMAIL.COM
[2025-09-03 18:28:33] [SUCCESS] Invoice GC A 25-09-0016 sent to azuela.diego@yahoo.com
[2025-09-03 18:28:29] [SENDING] Invoice GC A 25-09-0016 to azuela.diego@yahoo.com
[2025-09-03 18:28:29] [SUCCESS] Invoice GC A 25-09-0015 sent to rms_admin@tanholdings.com
[2025-09-03 18:28:25] [SENDING] Invoice GC A 25-09-0015 to rms_admin@tanholdings.com
[2025-09-03 18:28:25] [SUCCESS] Invoice GC A 25-09-0014 sent to ydenerazzo@gmail.com;elaydalordenale@gmail.com
[2025-09-03 18:28:21] [SENDING] Invoice GC A 25-09-0014 to ydenerazzo@gmail.com, elaydalordenale@gmail.com
[2025-09-03 18:28:21] [SUCCESS] Invoice GC A 25-09-0013 sent to rms_admin@tanholdings.com
[2025-09-03 18:28:17] [SENDING] Invoice GC A 25-09-0013 to rms_admin@tanholdings.com
[2025-09-03 18:28:17] [SUCCESS] Invoice GC A 25-09-0012 sent to ciaracamillecs@gmail.com
[2025-09-03 18:28:13] [SENDING] Invoice GC A 25-09-0012 to ciaracamillecs@gmail.com
[2025-09-03 18:28:13] [SUCCESS] Invoice GC A 25-09-0011 sent to eduardopabico@gmail.com
[2025-09-03 18:28:09] [SENDING] Invoice GC A 25-09-0011 to eduardopabico@gmail.com
[2025-09-03 18:28:09] [SUCCESS] Invoice GC A 25-09-0010 sent to bethjaneo60@gmail.com
[2025-09-03 18:28:05] [SENDING] Invoice GC A 25-09-0010 to bethjaneo60@gmail.com
[2025-09-03 18:28:05] [SUCCESS] Invoice GC A 25-09-0009 sent to jovyamita@yahoo.com;amitajovy@gmail.com
[2025-09-03 18:28:01] [SENDING] Invoice GC A 25-09-0009 to jovyamita@yahoo.com, amitajovy@gmail.com
[2025-09-03 18:28:00] [SUCCESS] Invoice GC A 25-09-0008 sent to coronejoh@yahoo.com
[2025-09-03 18:27:55] [SENDING] Invoice GC A 25-09-0008 to coronejoh@yahoo.com
[2025-09-03 18:27:55] [SUCCESS] Invoice GC A 25-09-0007 sent to rms_admin@tanholdings.com
[2025-09-03 18:27:49] [SENDING] Invoice GC A 25-09-0007 to rms_admin@tanholdings.com
[2025-09-03 18:27:49] [SUCCESS] Invoice GC A 25-09-0001 sent to rms_admin@tanholdings.com
[2025-09-03 18:27:46] [SENDING] Invoice GC A 25-09-0001 to rms_admin@tanholdings.com
[2025-09-03 18:27:46] [SUCCESS] Invoice FT D 25-09-0016 sent to rms_admin@tanholdings.com
[2025-09-03 18:27:42] [SENDING] Invoice FT D 25-09-0016 to rms_admin@tanholdings.com
[2025-09-03 18:27:42] [SUCCESS] Invoice FT D 25-09-0007 sent to rms_admin@tanholdings.com
[2025-09-03 18:27:38] [SENDING] Invoice FT D 25-09-0007 to rms_admin@tanholdings.com
[2025-09-03 18:27:38] [SUCCESS] Invoice FT D 25-09-0004 sent to rms_admin@tanholdings.com
[2025-09-03 18:27:34] [SENDING] Invoice FT D 25-09-0004 to rms_admin@tanholdings.com
[2025-09-03 18:27:34] [SUCCESS] Invoice FT D 25-09-0002 sent to rms_admin@tanholdings.com
[2025-09-03 18:27:29] [SENDING] Invoice FT D 25-09-0002 to rms_admin@tanholdings.com
[2025-09-03 18:27:29] [SUCCESS] Invoice FT D 25-09-0001 sent to rms_admin@tanholdings.com
[2025-09-03 18:27:25] [SENDING] Invoice FT D 25-09-0001 to rms_admin@tanholdings.com
[2025-09-03 18:27:25] [SUCCESS] Invoice FT C 25-09-0032 sent to rms_admin@tanholdings.com
[2025-09-03 18:27:21] [SENDING] Invoice FT C 25-09-0032 to rms_admin@tanholdings.com
[2025-09-03 18:27:21] [SUCCESS] Invoice FT C 25-09-0029 sent to rms_admin@tanholdings.com
[2025-09-03 18:27:18] [SENDING] Invoice FT C 25-09-0029 to rms_admin@tanholdings.com
[2025-09-03 18:27:17] [SUCCESS] Invoice FT C 25-09-0001 sent to rms_admin@tanholdings.com
[2025-09-03 18:27:13] [SENDING] Invoice FT C 25-09-0001 to rms_admin@tanholdings.com
[2025-09-03 18:27:13] [SUCCESS] Invoice FT B 25-09-0016 sent to rms_admin@tanholdings.com
[2025-09-03 18:27:09] [SENDING] Invoice FT B 25-09-0016 to rms_admin@tanholdings.com
[2025-09-03 18:27:09] [SUCCESS] Invoice FT B 25-09-0007 sent to rms_admin@tanholdings.com
[2025-09-03 18:27:05] [SENDING] Invoice FT B 25-09-0007 to rms_admin@tanholdings.com
[2025-09-03 18:27:05] [SUCCESS] Invoice FT B 25-09-0006 sent to rms_admin@tanholdings.com
[2025-09-03 18:27:00] [SENDING] Invoice FT B 25-09-0006 to rms_admin@tanholdings.com
[2025-09-03 18:27:00] [SUCCESS] Invoice FT B 25-09-0001 sent to rms_admin@tanholdings.com
[2025-09-03 18:26:57] [SENDING] Invoice FT B 25-09-0001 to rms_admin@tanholdings.com
[2025-09-03 18:26:56] [SUCCESS] Invoice FT A 25-09-0023 sent to rms_admin@tanholdings.com
[2025-09-03 18:26:52] [SENDING] Invoice FT A 25-09-0023 to rms_admin@tanholdings.com
[2025-09-03 18:26:52] [SUCCESS] Invoice FT A 25-09-0016 sent to rms_admin@tanholdings.com
[2025-09-03 18:26:48] [SENDING] Invoice FT A 25-09-0016 to rms_admin@tanholdings.com
[2025-09-03 18:26:48] [SUCCESS] Invoice FT A 25-09-0011 sent to rms_admin@tanholdings.com
[2025-09-03 18:26:44] [SENDING] Invoice FT A 25-09-0011 to rms_admin@tanholdings.com
[2025-09-03 18:26:44] [SUCCESS] Invoice FT A 25-09-0010 sent to rms_admin@tanholdings.com
[2025-09-03 18:26:39] [SENDING] Invoice FT A 25-09-0010 to rms_admin@tanholdings.com
[2025-09-03 18:26:39] [SUCCESS] Invoice FT A 25-09-0007 sent to rms_admin@tanholdings.com
[2025-09-03 18:26:35] [SENDING] Invoice FT A 25-09-0007 to rms_admin@tanholdings.com
[2025-09-03 16:55:48] [SUCCESS] Invoice GC A 25-09-0006 sent to tinianapatron627w@gmail.com
[2025-09-03 16:55:44] [SENDING] Invoice GC A 25-09-0006 to tinianapatron627w@gmail.com
[2025-09-03 16:55:44] [SUCCESS] Invoice GC A 25-09-0005 sent to reyeswynna63@gmail.com
[2025-09-03 16:55:40] [SENDING] Invoice GC A 25-09-0005 to reyeswynna63@gmail.com
[2025-09-03 16:55:40] [SUCCESS] Invoice GC A 25-09-0004 sent to andreskeo@hotmail.com
[2025-09-03 16:55:36] [SENDING] Invoice GC A 25-09-0004 to andreskeo@hotmail.com
[2025-09-03 16:55:36] [SUCCESS] Invoice GC A 25-09-0003 sent to tinianapatron627w@gmail.com
[2025-09-03 16:55:32] [SENDING] Invoice GC A 25-09-0003 to tinianapatron627w@gmail.com
[2025-09-03 16:55:32] [SUCCESS] Invoice GC A 25-09-0002 sent to jhoasarmiento@gmail.com
[2025-09-03 16:55:27] [SENDING] Invoice GC A 25-09-0002 to jhoasarmiento@gmail.com
[2025-09-03 16:55:26] [SUCCESS] Invoice GC A 25-09-0001 sent to rms_admin@tanholdings.com
[2025-09-03 16:55:22] [SENDING] Invoice GC A 25-09-0001 to rms_admin@tanholdings.com
[2025-09-03 16:55:22] [SUCCESS] Invoice FT D 25-09-0028 sent to redjewel0329@gmail.com
[2025-09-03 16:55:18] [SENDING] Invoice FT D 25-09-0028 to redjewel0329@gmail.com
[2025-09-03 16:55:18] [SUCCESS] Invoice FT D 25-09-0027 sent to ferdinand_santos@tanholdings.com
[2025-09-03 16:55:13] [SENDING] Invoice FT D 25-09-0027 to ferdinand_santos@tanholdings.com
[2025-09-03 16:55:13] [SUCCESS] Invoice FT D 25-09-0026 sent to paulynn_joyce@tanholdings.com
[2025-09-03 16:55:09] [SENDING] Invoice FT D 25-09-0026 to paulynn_joyce@tanholdings.com
[2025-09-03 16:55:09] [SUCCESS] Invoice FT D 25-09-0025 sent to steph.sablan@gmail.com
[2025-09-03 16:55:05] [SENDING] Invoice FT D 25-09-0025 to steph.sablan@gmail.com
[2025-09-03 16:55:04] [SUCCESS] Invoice FT D 25-09-0024 sent to lent.vergara@gmail.com
[2025-09-03 16:54:59] [SENDING] Invoice FT D 25-09-0024 to lent.vergara@gmail.com
[2025-09-03 16:54:59] [SUCCESS] Invoice FT D 25-09-0023 sent to kglspn@pticom.com
[2025-09-03 16:54:55] [SENDING] Invoice FT D 25-09-0023 to kglspn@pticom.com
[2025-09-03 16:54:55] [SUCCESS] Invoice FT D 25-09-0022 sent to jhun22ocampo@gmail.com
[2025-09-03 16:54:51] [SENDING] Invoice FT D 25-09-0022 to jhun22ocampo@gmail.com
[2025-09-03 16:54:51] [SUCCESS] Invoice FT D 25-09-0021 sent to backinthe.ussr@outlook.com
[2025-09-03 16:54:46] [SENDING] Invoice FT D 25-09-0021 to backinthe.ussr@outlook.com
[2025-09-03 16:54:46] [SUCCESS] Invoice FT D 25-09-0020 sent to Mellany.regaton@saipan.travel
[2025-09-03 16:54:42] [SENDING] Invoice FT D 25-09-0020 to Mellany.regaton@saipan.travel
[2025-09-03 16:54:40] [SUCCESS] Invoice FT D 25-09-0019 sent to saimalitinian@gmail.com;jomarspookyvibes@gmail.com
[2025-09-03 16:54:37] [SENDING] Invoice FT D 25-09-0019 to saimalitinian@gmail.com, jomarspookyvibes@gmail.com
[2025-09-03 16:54:37] [SUCCESS] Invoice FT D 25-09-0018 sent to STEPHANIETUDELA25@GMAIL.COM;ALEXANDERATUDELA@GMAIL.COM
[2025-09-03 16:54:33] [SENDING] Invoice FT D 25-09-0018 to STEPHANIETUDELA25@GMAIL.COM, ALEXANDERATUDELA@GMAIL.COM
[2025-09-03 16:54:33] [SUCCESS] Invoice FT D 25-09-0017 sent to strwbred@gmail.com
[2025-09-03 16:54:29] [SENDING] Invoice FT D 25-09-0017 to strwbred@gmail.com
[2025-09-03 16:54:29] [SUCCESS] Invoice FT D 25-09-0016 sent to rms_admin@tanholdings.com
[2025-09-03 16:54:25] [SENDING] Invoice FT D 25-09-0016 to rms_admin@tanholdings.com
[2025-09-03 16:54:25] [SUCCESS] Invoice FT D 25-09-0015 sent to lord1.go2@gmail.com
[2025-09-03 16:54:21] [SENDING] Invoice FT D 25-09-0015 to lord1.go2@gmail.com
[2025-09-03 16:54:20] [SUCCESS] Invoice FT D 25-09-0014 sent to MSDUENAS91@GMAIL.COM
[2025-09-03 16:54:16] [SENDING] Invoice FT D 25-09-0014 to MSDUENAS91@GMAIL.COM
[2025-09-03 16:54:16] [SUCCESS] Invoice FT D 25-09-0013 sent to malou_fernando@shirleyscoffeeshopsaipan.com
[2025-09-03 16:54:12] [SENDING] Invoice FT D 25-09-0013 to malou_fernando@shirleyscoffeeshopsaipan.com
[2025-09-03 16:54:12] [SUCCESS] Invoice FT D 25-09-0012 sent to garry_1205@yahoo.com
[2025-09-03 16:54:09] [SENDING] Invoice FT D 25-09-0012 to garry_1205@yahoo.com
[2025-09-03 16:54:09] [SUCCESS] Invoice FT D 25-09-0011 sent to john_canape@saipansoccerschool.org
[2025-09-03 16:54:05] [SENDING] Invoice FT D 25-09-0011 to john_canape@saipansoccerschool.org
[2025-09-03 16:54:05] [SUCCESS] Invoice FT D 25-09-0010 sent to ferdinand_santos@tanholdings.com
[2025-09-03 16:54:01] [SENDING] Invoice FT D 25-09-0010 to ferdinand_santos@tanholdings.com
[2025-09-03 16:54:00] [SUCCESS] Invoice FT D 25-09-0009 sent to chelsea.yangirelfil@gmail.com;chelsea.yangirelfil@cnmipss.org
[2025-09-03 16:53:56] [SENDING] Invoice FT D 25-09-0009 to chelsea.yangirelfil@gmail.com, chelsea.yangirelfil@cnmipss.org
[2025-09-03 16:53:56] [SUCCESS] Invoice FT D 25-09-0008 sent to aldanclarinda@gmal.com
[2025-09-03 16:53:52] [SENDING] Invoice FT D 25-09-0008 to aldanclarinda@gmal.com
[2025-09-03 16:53:52] [SUCCESS] Invoice FT D 25-09-0007 sent to rms_admin@tanholdings.com
[2025-09-03 16:53:48] [SENDING] Invoice FT D 25-09-0007 to rms_admin@tanholdings.com
[2025-09-03 16:53:48] [SUCCESS] Invoice FT D 25-09-0006 sent to ryanlizama09@gmail.com
[2025-09-03 16:53:44] [SENDING] Invoice FT D 25-09-0006 to ryanlizama09@gmail.com
[2025-09-03 16:53:44] [SUCCESS] Invoice FT D 25-09-0005 sent to matlhobet0423@yahoo.com
[2025-09-03 16:53:41] [SENDING] Invoice FT D 25-09-0005 to matlhobet0423@yahoo.com
[2025-09-03 16:53:40] [SUCCESS] Invoice FT D 25-09-0004 sent to rms_admin@tanholdings.com
[2025-09-03 16:53:35] [SENDING] Invoice FT D 25-09-0004 to rms_admin@tanholdings.com
[2025-09-03 16:53:35] [SUCCESS] Invoice FT D 25-09-0003 sent to keneth_codog@tanholdings.com
[2025-09-03 16:53:31] [SENDING] Invoice FT D 25-09-0003 to keneth_codog@tanholdings.com
[2025-09-03 16:53:31] [SUCCESS] Invoice FT D 25-09-0002 sent to rms_admin@tanholdings.com
[2025-09-03 16:53:27] [SENDING] Invoice FT D 25-09-0002 to rms_admin@tanholdings.com
[2025-09-03 16:53:27] [SUCCESS] Invoice FT D 25-09-0001 sent to rms_admin@tanholdings.com
[2025-09-03 16:53:23] [SENDING] Invoice FT D 25-09-0001 to rms_admin@tanholdings.com
[2025-09-03 16:53:23] [SUCCESS] Invoice FT C 25-09-0032 sent to rms_admin@tanholdings.com
[2025-09-03 16:53:19] [SENDING] Invoice FT C 25-09-0032 to rms_admin@tanholdings.com
[2025-09-03 16:45:24] [SUCCESS] Invoice FT D 25-09-0004 sent to rms_admin@tanholdings.com
[2025-09-03 16:45:19] [SENDING] Invoice FT D 25-09-0004 to rms_admin@tanholdings.com
[2025-09-03 16:45:19] [SUCCESS] Invoice FT D 25-09-0003 sent to keneth_codog@tanholdings.com
[2025-09-03 16:45:16] [SENDING] Invoice FT D 25-09-0003 to keneth_codog@tanholdings.com
[2025-09-03 16:45:16] [SUCCESS] Invoice FT D 25-09-0002 sent to rms_admin@tanholdings.com
[2025-09-03 16:45:11] [SENDING] Invoice FT D 25-09-0002 to rms_admin@tanholdings.com
[2025-09-03 16:45:11] [SUCCESS] Invoice FT D 25-09-0001 sent to rms_admin@tanholdings.com
[2025-09-03 16:45:06] [SENDING] Invoice FT D 25-09-0001 to rms_admin@tanholdings.com
[2025-09-03 16:45:06] [SUCCESS] Invoice FT C 25-09-0032 sent to rms_admin@tanholdings.com
[2025-09-03 16:45:02] [SENDING] Invoice FT C 25-09-0032 to rms_admin@tanholdings.com
[2025-09-03 16:45:01] [SUCCESS] Invoice FT C 25-09-0031 sent to sherrainespn@gmail.com
[2025-09-03 16:44:57] [SENDING] Invoice FT C 25-09-0031 to sherrainespn@gmail.com
[2025-09-03 16:44:57] [SUCCESS] Invoice FT C 25-09-0030 sent to CHRISTINESOFIAHAYAG23@GMAIL.COM;christine_hayag@saipantribune.com
[2025-09-03 16:44:53] [SENDING] Invoice FT C 25-09-0030 to CHRISTINESOFIAHAYAG23@GMAIL.COM, christine_hayag@saipantribune.com
[2025-09-03 16:44:53] [SUCCESS] Invoice FT C 25-09-0029 sent to rms_admin@tanholdings.com
[2025-09-03 16:44:49] [SENDING] Invoice FT C 25-09-0029 to rms_admin@tanholdings.com
[2025-09-03 16:44:49] [SUCCESS] Invoice FT C 25-09-0028 sent to maritesh98@gmail.com
[2025-09-03 16:44:45] [SENDING] Invoice FT C 25-09-0028 to maritesh98@gmail.com
[2025-09-03 16:44:45] [SUCCESS] Invoice FT C 25-09-0027 sent to donna_paleracio@yahoo.com;johnrizo0104@gmail.com
[2025-09-03 16:44:41] [SENDING] Invoice FT C 25-09-0027 to donna_paleracio@yahoo.com, johnrizo0104@gmail.com
[2025-09-03 16:44:40] [SUCCESS] Invoice FT C 25-09-0026 sent to ong.axl13@gmail.com
[2025-09-03 16:44:35] [SENDING] Invoice FT C 25-09-0026 to ong.axl13@gmail.com
[2025-09-03 16:44:35] [SUCCESS] Invoice FT C 25-09-0025 sent to JOYCESALGADO20@GMAIL.COM;MONETTE.G.RAMOS@GU.EY.COM
[2025-09-03 16:44:30] [SENDING] Invoice FT C 25-09-0025 to JOYCESALGADO20@GMAIL.COM, MONETTE.G.RAMOS@GU.EY.COM
[2025-09-03 16:44:30] [SUCCESS] Invoice FT C 25-09-0024 sent to duncan.laxa@my.marianas.edu
[2025-09-03 16:44:26] [SENDING] Invoice FT C 25-09-0024 to duncan.laxa@my.marianas.edu
[2025-09-03 16:44:26] [SUCCESS] Invoice FT C 25-09-0023 sent to ROSE_GOOGDAD@SAIPANTRIBUNE.COM;ROSEGOOGDAD@GMAIL.COM
[2025-09-03 16:44:22] [SENDING] Invoice FT C 25-09-0023 to ROSE_GOOGDAD@SAIPANTRIBUNE.COM, ROSEGOOGDAD@GMAIL.COM
[2025-09-03 16:44:22] [SUCCESS] Invoice FT C 25-09-0022 sent to leungrafaeltagle@gmail.com
[2025-09-03 16:44:18] [SENDING] Invoice FT C 25-09-0022 to leungrafaeltagle@gmail.com
[2025-09-03 16:44:16] [SUCCESS] Invoice FT C 25-09-0021 sent to rong_queen@yahoo.com
[2025-09-03 16:44:12] [SENDING] Invoice FT C 25-09-0021 to rong_queen@yahoo.com
[2025-09-03 16:44:12] [SUCCESS] Invoice FT C 25-09-0020 sent to bomaratita008@gmail.com
[2025-09-03 16:44:08] [SENDING] Invoice FT C 25-09-0020 to bomaratita008@gmail.com
[2025-09-03 16:44:08] [SUCCESS] Invoice FT C 25-09-0019 sent to yna572@yahoo.com
[2025-09-03 16:44:04] [SENDING] Invoice FT C 25-09-0019 to yna572@yahoo.com
[2025-09-03 16:44:04] [SUCCESS] Invoice FT C 25-09-0018 sent to fguchol@gmail.com
[2025-09-03 16:44:00] [SENDING] Invoice FT C 25-09-0018 to fguchol@gmail.com
[2025-09-03 16:44:00] [SUCCESS] Invoice FT C 25-09-0017 sent to grace.naputi@gmail.com
[2025-09-03 16:43:54] [SENDING] Invoice FT C 25-09-0017 to grace.naputi@gmail.com
[2025-09-03 16:43:52] [SUCCESS] Invoice FT C 25-09-0016 sent to mccord.pearl1296@gmail.com
[2025-09-03 16:43:48] [SENDING] Invoice FT C 25-09-0016 to mccord.pearl1296@gmail.com
[2025-09-03 16:43:48] [SUCCESS] Invoice FT C 25-09-0015 sent to bolivar0061@yahoo.com
[2025-09-03 16:43:44] [SENDING] Invoice FT C 25-09-0015 to bolivar0061@yahoo.com
[2025-09-03 16:43:44] [SUCCESS] Invoice FT C 25-09-0014 sent to cyndie202@yahoo.com
[2025-09-03 16:43:39] [SENDING] Invoice FT C 25-09-0014 to cyndie202@yahoo.com
[2025-09-03 16:43:39] [SUCCESS] Invoice FT C 25-09-0013 sent to annadionisio1994@gmail.com;aldzbrych@gmail.com;maryanna.dionisio@yahoo.com
[2025-09-03 16:43:35] [SENDING] Invoice FT C 25-09-0013 to annadionisio1994@gmail.com, aldzbrych@gmail.com, maryanna.dionisio@yahoo.com
[2025-09-03 16:43:35] [NOTICE] Invoice FT C 25-09-0013 Raw email partially sanitized. Original [annadionisio1994@gmail.com ; aldzbrych@gmail.com;maryanna.dionisio@yahoo.com]  Sanitized [annadionisio1994@gmail.com; aldzbrych@gmail.com; maryanna.dionisio@yahoo.com]
[2025-09-03 16:43:35] [SUCCESS] Invoice FT C 25-09-0012 sent to argie_buensalido@ctsi-logistics.com
[2025-09-03 16:43:31] [SENDING] Invoice FT C 25-09-0012 to argie_buensalido@ctsi-logistics.com
[2025-09-03 16:43:29] [SUCCESS] Invoice FT C 25-09-0011 sent to mary.hocog@gmail.com;geraldcrisostomo99@gmail.com
[2025-09-03 16:43:25] [SENDING] Invoice FT C 25-09-0011 to mary.hocog@gmail.com, geraldcrisostomo99@gmail.com
[2025-09-03 16:43:25] [SUCCESS] Invoice FT C 25-09-0010 sent to benrcruz@gmail.com
[2025-09-03 16:43:20] [SENDING] Invoice FT C 25-09-0010 to benrcruz@gmail.com
[2025-09-03 16:43:20] [SUCCESS] Invoice FT C 25-09-0009 sent to ivy.estores@gmail.com
[2025-09-03 16:43:16] [SENDING] Invoice FT C 25-09-0009 to ivy.estores@gmail.com
[2025-09-03 16:43:16] [SUCCESS] Invoice FT C 25-09-0008 sent to collin_apilado@yahoo.com
[2025-09-03 16:43:12] [SENDING] Invoice FT C 25-09-0008 to collin_apilado@yahoo.com
[2025-09-03 16:43:12] [SUCCESS] Invoice FT C 25-09-0007 sent to jhoy01301991@gmail.com
[2025-09-03 16:43:08] [SENDING] Invoice FT C 25-09-0007 to jhoy01301991@gmail.com
[2025-09-03 16:43:07] [SUCCESS] Invoice FT C 25-09-0006 sent to mamauagnida@gmail.com
[2025-09-03 16:43:03] [SENDING] Invoice FT C 25-09-0006 to mamauagnida@gmail.com
[2025-09-03 16:43:03] [SUCCESS] Invoice FT C 25-09-0005 sent to mjeury@yahoo.com
[2025-09-03 16:42:59] [SENDING] Invoice FT C 25-09-0005 to mjeury@yahoo.com
[2025-09-03 16:42:59] [SUCCESS] Invoice FT C 25-09-0004 sent to tenomary.jane@gmail.com;tenoriokorey@gmail.com
[2025-09-03 16:42:54] [SENDING] Invoice FT C 25-09-0004 to tenomary.jane@gmail.com, tenoriokorey@gmail.com
[2025-09-03 16:42:54] [SUCCESS] Invoice FT C 25-09-0003 sent to redjewel0329@gmail.com
[2025-09-03 16:42:50] [SENDING] Invoice FT C 25-09-0003 to redjewel0329@gmail.com
[2025-09-03 16:42:50] [SUCCESS] Invoice FT C 25-09-0002 sent to jmarieflores97@gmail.com
[2025-09-03 16:42:46] [SENDING] Invoice FT C 25-09-0002 to jmarieflores97@gmail.com
[2025-09-03 16:42:45] [SUCCESS] Invoice FT C 25-09-0001 sent to rms_admin@tanholdings.com
[2025-09-03 16:42:41] [SENDING] Invoice FT C 25-09-0001 to rms_admin@tanholdings.com
[2025-09-03 16:42:41] [SUCCESS] Invoice FT B 25-09-0020 sent to exqdingle@gmail.com
[2025-09-03 16:42:36] [SENDING] Invoice FT B 25-09-0020 to exqdingle@gmail.com
[2025-09-03 16:42:36] [SUCCESS] Invoice FT B 25-09-0019 sent to jeremiahf92300@gmail.com
[2025-09-03 16:42:32] [SENDING] Invoice FT B 25-09-0019 to jeremiahf92300@gmail.com
[2025-09-03 16:42:32] [SUCCESS] Invoice FT B 25-09-0018 sent to marie_borlongan@yahoo.com
[2025-09-03 16:42:29] [SENDING] Invoice FT B 25-09-0018 to marie_borlongan@yahoo.com
[2025-09-03 16:42:29] [SUCCESS] Invoice FT B 25-09-0017 sent to ensureta2@gmail.com
[2025-09-03 16:42:23] [SENDING] Invoice FT B 25-09-0017 to ensureta2@gmail.com
[2025-09-03 16:42:22] [SUCCESS] Invoice FT B 25-09-0016 sent to rms_admin@tanholdings.com
[2025-09-03 16:42:18] [SENDING] Invoice FT B 25-09-0016 to rms_admin@tanholdings.com
[2025-09-03 16:42:18] [SUCCESS] Invoice FT B 25-09-0015 sent to brian_magboo@tanholdings.com
[2025-09-03 16:42:14] [SENDING] Invoice FT B 25-09-0015 to brian_magboo@tanholdings.com
[2025-09-03 16:42:14] [SUCCESS] Invoice FT B 25-09-0014 sent to jimmypolk37@gmail.com
[2025-09-03 16:42:09] [SENDING] Invoice FT B 25-09-0014 to jimmypolk37@gmail.com
[2025-09-03 16:42:09] [SUCCESS] Invoice FT B 25-09-0013 sent to AUGUSTOMUSCA@GMAIL.COM
[2025-09-03 16:42:05] [SENDING] Invoice FT B 25-09-0013 to AUGUSTOMUSCA@GMAIL.COM
[2025-09-03 16:42:05] [SUCCESS] Invoice FT B 25-09-0012 sent to thisissaipan@gmail.com
[2025-09-03 16:42:01] [SENDING] Invoice FT B 25-09-0012 to thisissaipan@gmail.com
[2025-09-03 16:42:00] [SUCCESS] Invoice FT B 25-09-0011 sent to rdlagunay@gmail.com;rchiemaelagunay@gmail.com
[2025-09-03 16:41:56] [SENDING] Invoice FT B 25-09-0011 to rdlagunay@gmail.com, rchiemaelagunay@gmail.com
[2025-09-03 16:41:56] [SUCCESS] Invoice FT B 25-09-0010 sent to junjie.lou019@gmail.com;edwardmafnas05@gmail.com
[2025-09-03 16:41:52] [SENDING] Invoice FT B 25-09-0010 to junjie.lou019@gmail.com, edwardmafnas05@gmail.com
[2025-09-03 16:41:52] [SUCCESS] Invoice FT B 25-09-0009 sent to kiefferlagnada@gmail.com
[2025-09-03 16:41:48] [SENDING] Invoice FT B 25-09-0009 to kiefferlagnada@gmail.com
[2025-09-03 16:41:48] [SUCCESS] Invoice FT B 25-09-0008 sent to Elizabeth.Tabora@aloyoga.com;dante.tabora@yahoo.com
[2025-09-03 16:41:44] [SENDING] Invoice FT B 25-09-0008 to Elizabeth.Tabora@aloyoga.com, dante.tabora@yahoo.com
[2025-09-03 16:41:44] [SUCCESS] Invoice FT B 25-09-0007 sent to rms_admin@tanholdings.com
[2025-09-03 16:41:40] [SENDING] Invoice FT B 25-09-0007 to rms_admin@tanholdings.com
[2025-09-03 16:41:39] [SUCCESS] Invoice FT B 25-09-0006 sent to rms_admin@tanholdings.com
[2025-09-03 16:41:34] [SENDING] Invoice FT B 25-09-0006 to rms_admin@tanholdings.com
[2025-09-03 16:41:34] [SUCCESS] Invoice FT B 25-09-0005 sent to SOSEANNEDALIMOCON@YAHOO.COM
[2025-09-03 16:41:27] [SENDING] Invoice FT B 25-09-0005 to SOSEANNEDALIMOCON@YAHOO.COM
[2025-09-03 16:41:27] [SUCCESS] Invoice FT B 25-09-0004 sent to kzmi-fm@pticom.com
[2025-09-03 16:41:23] [SENDING] Invoice FT B 25-09-0004 to kzmi-fm@pticom.com
[2025-09-03 16:41:23] [SUCCESS] Invoice FT B 25-09-0003 sent to tubogmarcosa@gmail.com
[2025-09-03 16:41:20] [SENDING] Invoice FT B 25-09-0003 to tubogmarcosa@gmail.com
[2025-09-03 16:41:20] [SUCCESS] Invoice FT B 25-09-0002 sent to abreu.trishamae.alegre@gmail.com
[2025-09-03 16:41:16] [SENDING] Invoice FT B 25-09-0002 to abreu.trishamae.alegre@gmail.com
[2025-09-03 16:41:15] [SUCCESS] Invoice FT B 25-09-0001 sent to rms_admin@tanholdings.com
[2025-09-03 16:41:10] [SENDING] Invoice FT B 25-09-0001 to rms_admin@tanholdings.com
[2025-09-03 16:41:10] [SUCCESS] Invoice FT A 25-09-0023 sent to rms_admin@tanholdings.com
[2025-09-03 16:41:07] [SENDING] Invoice FT A 25-09-0023 to rms_admin@tanholdings.com
[2025-09-03 16:41:07] [SUCCESS] Invoice FT A 25-09-0022 sent to KARENITO2011@LIVE.COM;jgpabalan@gmail.com
[2025-09-03 16:41:02] [SENDING] Invoice FT A 25-09-0022 to KARENITO2011@LIVE.COM, jgpabalan@gmail.com
[2025-09-03 16:41:02] [NOTICE] Invoice FT A 25-09-0022 Raw email partially sanitized. Original [KARENITO2011@LIVE.COM;jgpabalan@gmail.com]  Sanitized [KARENITO2011@LIVE.COM; jgpabalan@gmail.com]
[2025-09-03 16:41:02] [SUCCESS] Invoice FT A 25-09-0021 sent to MaryAnn.Manglona@aksaipan.com;madleon70@hotmail.com
[2025-09-03 16:40:58] [SENDING] Invoice FT A 25-09-0021 to MaryAnn.Manglona@aksaipan.com, madleon70@hotmail.com
[2025-09-03 16:40:58] [SUCCESS] Invoice FT A 25-09-0020 sent to remel.drilon1971@gmail.com
[2025-09-03 16:40:54] [SENDING] Invoice FT A 25-09-0020 to remel.drilon1971@gmail.com
[2025-09-03 16:40:52] [SUCCESS] Invoice FT A 25-09-0019 sent to anabetinan@gmail.com
[2025-09-03 16:40:49] [SENDING] Invoice FT A 25-09-0019 to anabetinan@gmail.com
[2025-09-03 16:40:49] [SUCCESS] Invoice FT A 25-09-0018 sent to ekpalacios24@gmail.com
[2025-09-03 16:40:45] [SENDING] Invoice FT A 25-09-0018 to ekpalacios24@gmail.com
[2025-09-03 16:40:45] [SUCCESS] Invoice FT A 25-09-0017 sent to sevrenec@gmail.com
[2025-09-03 16:40:42] [SENDING] Invoice FT A 25-09-0017 to sevrenec@gmail.com
[2025-09-03 16:40:42] [SUCCESS] Invoice FT A 25-09-0016 sent to rms_admin@tanholdings.com
[2025-09-03 16:40:38] [SENDING] Invoice FT A 25-09-0016 to rms_admin@tanholdings.com
[2025-09-03 16:40:38] [SUCCESS] Invoice FT A 25-09-0015 sent to teresita_blas@yahoo.com
[2025-09-03 16:40:33] [SENDING] Invoice FT A 25-09-0015 to teresita_blas@yahoo.com
[2025-09-03 16:40:32] [SUCCESS] Invoice FT A 25-09-0014 sent to oding970@gmail.com
[2025-09-03 16:40:28] [SENDING] Invoice FT A 25-09-0014 to oding970@gmail.com
[2025-09-03 16:40:28] [SUCCESS] Invoice FT A 25-09-0013 sent to sirrobs69@gmail.com
[2025-09-03 16:40:23] [SENDING] Invoice FT A 25-09-0013 to sirrobs69@gmail.com
[2025-09-03 16:40:23] [SUCCESS] Invoice FT A 25-09-0012 sent to kikabasan@gmail.com
[2025-09-03 16:40:17] [SENDING] Invoice FT A 25-09-0012 to kikabasan@gmail.com
[2025-09-03 16:40:17] [SUCCESS] Invoice FT A 25-09-0011 sent to rms_admin@tanholdings.com
[2025-09-03 16:40:13] [SENDING] Invoice FT A 25-09-0011 to rms_admin@tanholdings.com
[2025-09-03 16:40:13] [SUCCESS] Invoice FT A 25-09-0010 sent to rms_admin@tanholdings.com
[2025-09-03 16:40:09] [SENDING] Invoice FT A 25-09-0010 to rms_admin@tanholdings.com
[2025-09-03 16:40:08] [SUCCESS] Invoice FT A 25-09-0009 sent to jenniemoria@gmail.com
[2025-09-03 16:40:04] [SENDING] Invoice FT A 25-09-0009 to jenniemoria@gmail.com
[2025-09-03 16:40:04] [SUCCESS] Invoice FT A 25-09-0008 sent to saddambatua@gmail.com
[2025-09-03 16:40:00] [SENDING] Invoice FT A 25-09-0008 to saddambatua@gmail.com
[2025-09-03 16:40:00] [SUCCESS] Invoice FT A 25-09-0007 sent to rms_admin@tanholdings.com
[2025-09-03 16:39:56] [SENDING] Invoice FT A 25-09-0007 to rms_admin@tanholdings.com
[2025-09-03 16:39:56] [SUCCESS] Invoice FT A 25-09-0006 sent to markivansapio@gmail.com
[2025-09-03 16:39:52] [SENDING] Invoice FT A 25-09-0006 to markivansapio@gmail.com
[2025-09-03 16:39:52] [SUCCESS] Invoice FT A 25-09-0005 sent to aira.abreu23@gmail.com
[2025-09-03 16:39:48] [SENDING] Invoice FT A 25-09-0005 to aira.abreu23@gmail.com
[2025-09-03 16:39:47] [SUCCESS] Invoice FT A 25-09-0004 sent to evelynalibio68@gmail.com
[2025-09-03 16:39:42] [SENDING] Invoice FT A 25-09-0004 to evelynalibio68@gmail.com
[2025-09-03 16:39:42] [SUCCESS] Invoice FT A 25-09-0003 sent to malousantosbansil@gmail.com
[2025-09-03 16:39:37] [SENDING] Invoice FT A 25-09-0003 to malousantosbansil@gmail.com
[2025-09-03 16:39:37] [SUCCESS] Invoice FT A 25-09-0002 sent to lietodai@gmail.com
[2025-09-03 16:39:34] [SENDING] Invoice FT A 25-09-0002 to lietodai@gmail.com
[2025-09-03 16:39:34] [SUCCESS] Invoice FT A 25-09-0001 sent to songcoelaiza05@gmail.com
[2025-09-03 16:39:29] [SENDING] Invoice FT A 25-09-0001 to songcoelaiza05@gmail.com
[2025-09-03 16:39:29] [SUCCESS] Invoice CTOWN 25-09-0001 sent to christy_villaflor@saipansoccerschool.org
[2025-09-03 16:39:25] [SENDING] Invoice CTOWN 25-09-0001 to christy_villaflor@saipansoccerschool.org
